<?xml version="1.0" encoding="UTF-8"?>
<coverage generated="1776632576642" clover="3.2.0">
  <project timestamp="1776632576642" name="All files">
    <metrics statements="1663" coveredstatements="1377" conditionals="305" coveredconditionals="262" methods="86" coveredmethods="75" elements="2054" coveredelements="1714" complexity="0" loc="1663" ncloc="1663" packages="20" files="38" classes="38"/>
    <package name="src">
      <metrics statements="8" coveredstatements="0" conditionals="1" coveredconditionals="0" methods="1" coveredmethods="0"/>
      <file name="main.tsx" path="/Users/yuanye/myWork/voice-room/app/web/src/main.tsx">
        <metrics statements="8" coveredstatements="0" conditionals="1" coveredconditionals="0" methods="1" coveredmethods="0"/>
        <line num="1" count="0" type="cond" truecount="0" falsecount="1"/>
        <line num="2" count="0" type="stmt"/>
        <line num="4" count="0" type="stmt"/>
        <line num="6" count="0" type="stmt"/>
        <line num="7" count="0" type="stmt"/>
        <line num="8" count="0" type="stmt"/>
        <line num="9" count="0" type="stmt"/>
        <line num="10" count="0" type="stmt"/>
      </file>
    </package>
    <package name="src.api">
      <metrics statements="4" coveredstatements="0" conditionals="1" coveredconditionals="0" methods="1" coveredmethods="0"/>
      <file name="client.ts" path="/Users/yuanye/myWork/voice-room/app/web/src/api/client.ts">
        <metrics statements="4" coveredstatements="0" conditionals="1" coveredconditionals="0" methods="1" coveredmethods="0"/>
        <line num="1" count="0" type="cond" truecount="0" falsecount="1"/>
        <line num="4" count="0" type="stmt"/>
        <line num="5" count="0" type="stmt"/>
        <line num="6" count="0" type="stmt"/>
      </file>
    </package>
    <package name="src.app">
      <metrics statements="7" coveredstatements="0" conditionals="1" coveredconditionals="0" methods="1" coveredmethods="0"/>
      <file name="App.tsx" path="/Users/yuanye/myWork/voice-room/app/web/src/app/App.tsx">
        <metrics statements="7" coveredstatements="0" conditionals="1" coveredconditionals="0" methods="1" coveredmethods="0"/>
        <line num="1" count="0" type="cond" truecount="0" falsecount="1"/>
        <line num="10" count="0" type="stmt"/>
        <line num="11" count="0" type="stmt"/>
        <line num="12" count="0" type="stmt"/>
        <line num="13" count="0" type="stmt"/>
        <line num="14" count="0" type="stmt"/>
        <line num="16" count="0" type="stmt"/>
      </file>
    </package>
    <package name="src.components">
      <metrics statements="8" coveredstatements="8" conditionals="3" coveredconditionals="3" methods="1" coveredmethods="1"/>
      <file name="AuthGuard.tsx" path="/Users/yuanye/myWork/voice-room/app/web/src/components/AuthGuard.tsx">
        <metrics statements="8" coveredstatements="8" conditionals="3" coveredconditionals="3" methods="1" coveredmethods="1"/>
        <line num="1" count="1" type="stmt"/>
        <line num="18" count="1" type="cond" truecount="1" falsecount="0"/>
        <line num="19" count="10" type="cond" truecount="1" falsecount="0"/>
        <line num="21" count="10" type="cond" truecount="1" falsecount="0"/>
        <line num="22" count="5" type="stmt"/>
        <line num="23" count="5" type="stmt"/>
        <line num="25" count="5" type="stmt"/>
        <line num="26" count="5" type="stmt"/>
      </file>
    </package>
    <package name="src.core.config">
      <metrics statements="5" coveredstatements="5" conditionals="0" coveredconditionals="0" methods="0" coveredmethods="0"/>
      <file name="env.ts" path="/Users/yuanye/myWork/voice-room/app/web/src/core/config/env.ts">
        <metrics statements="5" coveredstatements="5" conditionals="0" coveredconditionals="0" methods="0" coveredmethods="0"/>
        <line num="1" count="1" type="stmt"/>
        <line num="2" count="1" type="stmt"/>
        <line num="3" count="1" type="stmt"/>
        <line num="4" count="1" type="stmt"/>
        <line num="5" count="1" type="stmt"/>
      </file>
    </package>
    <package name="src.core.network">
      <metrics statements="116" coveredstatements="95" conditionals="38" coveredconditionals="34" methods="10" coveredmethods="8"/>
      <file name="apiClient.ts" path="/Users/yuanye/myWork/voice-room/app/web/src/core/network/apiClient.ts">
        <metrics statements="115" coveredstatements="95" conditionals="37" coveredconditionals="34" methods="9" coveredmethods="8"/>
        <line num="1" count="1" type="stmt"/>
        <line num="48" count="27" type="cond" truecount="1" falsecount="0"/>
        <line num="49" count="27" type="stmt"/>
        <line num="50" count="27" type="stmt"/>
        <line num="51" count="27" type="stmt"/>
        <line num="53" count="27" type="stmt"/>
        <line num="55" count="27" type="cond" truecount="1" falsecount="0"/>
        <line num="56" count="27" type="stmt"/>
        <line num="57" count="27" type="stmt"/>
        <line num="58" count="27" type="stmt"/>
        <line num="59" count="27" type="stmt"/>
        <line num="60" count="27" type="stmt"/>
        <line num="62" count="27" type="stmt"/>
        <line num="63" count="27" type="stmt"/>
        <line num="64" count="27" type="stmt"/>
        <line num="65" count="27" type="cond" truecount="2" falsecount="0"/>
        <line num="66" count="27" type="cond" truecount="1" falsecount="0"/>
        <line num="67" count="27" type="stmt"/>
        <line num="70" count="27" type="stmt"/>
        <line num="71" count="27" type="cond" truecount="1" falsecount="0"/>
        <line num="75" count="27" type="cond" truecount="3" falsecount="0"/>
        <line num="76" count="1" type="cond" truecount="0" falsecount="1"/>
        <line num="77" count="0" type="stmt"/>
        <line num="78" count="0" type="stmt"/>
        <line num="79" count="1" type="stmt"/>
        <line num="80" count="1" type="cond" truecount="1" falsecount="0"/>
        <line num="81" count="1" type="stmt"/>
        <line num="82" count="1" type="stmt"/>
        <line num="83" count="1" type="stmt"/>
        <line num="84" count="1" type="stmt"/>
        <line num="86" count="24" type="stmt"/>
        <line num="87" count="24" type="cond" truecount="1" falsecount="0"/>
        <line num="90" count="24" type="cond" truecount="1" falsecount="0"/>
        <line num="93" count="13" type="cond" truecount="2" falsecount="0"/>
        <line num="94" count="3" type="stmt"/>
        <line num="95" count="3" type="stmt"/>
        <line num="96" count="3" type="stmt"/>
        <line num="97" count="3" type="cond" truecount="1" falsecount="0"/>
        <line num="99" count="10" type="stmt"/>
        <line num="100" count="10" type="stmt"/>
        <line num="101" count="10" type="cond" truecount="1" falsecount="0"/>
        <line num="102" count="13" type="cond" truecount="1" falsecount="0"/>
        <line num="103" count="13" type="cond" truecount="1" falsecount="0"/>
        <line num="105" count="1" type="cond" truecount="1" falsecount="0"/>
        <line num="106" count="10" type="stmt"/>
        <line num="107" count="10" type="cond" truecount="1" falsecount="0"/>
        <line num="109" count="9" type="stmt"/>
        <line num="111" count="24" type="cond" truecount="1" falsecount="0"/>
        <line num="112" count="1" type="stmt"/>
        <line num="113" count="1" type="cond" truecount="1" falsecount="0"/>
        <line num="115" count="8" type="stmt"/>
        <line num="116" count="24" type="stmt"/>
        <line num="117" count="24" type="stmt"/>
        <line num="118" count="24" type="stmt"/>
        <line num="119" count="27" type="stmt"/>
        <line num="124" count="13" type="cond" truecount="1" falsecount="0"/>
        <line num="125" count="13" type="stmt"/>
        <line num="126" count="13" type="stmt"/>
        <line num="127" count="13" type="stmt"/>
        <line num="128" count="13" type="stmt"/>
        <line num="129" count="13" type="stmt"/>
        <line num="130" count="13" type="cond" truecount="1" falsecount="0"/>
        <line num="131" count="4" type="stmt"/>
        <line num="132" count="4" type="stmt"/>
        <line num="172" count="2" type="cond" truecount="1" falsecount="0"/>
        <line num="173" count="2" type="stmt"/>
        <line num="174" count="2" type="stmt"/>
        <line num="175" count="2" type="stmt"/>
        <line num="176" count="2" type="cond" truecount="1" falsecount="0"/>
        <line num="177" count="1" type="stmt"/>
        <line num="178" count="1" type="stmt"/>
        <line num="179" count="1" type="cond" truecount="1" falsecount="0"/>
        <line num="180" count="1" type="cond" truecount="1" falsecount="0"/>
        <line num="181" count="1" type="cond" truecount="1" falsecount="0"/>
        <line num="182" count="1" type="stmt"/>
        <line num="183" count="2" type="cond" truecount="0" falsecount="1"/>
        <line num="184" count="0" type="stmt"/>
        <line num="185" count="0" type="stmt"/>
        <line num="190" count="5" type="cond" truecount="1" falsecount="0"/>
        <line num="191" count="5" type="stmt"/>
        <line num="192" count="5" type="stmt"/>
        <line num="193" count="5" type="cond" truecount="1" falsecount="0"/>
        <line num="194" count="2" type="stmt"/>
        <line num="225" count="6" type="cond" truecount="1" falsecount="0"/>
        <line num="226" count="6" type="stmt"/>
        <line num="227" count="6" type="stmt"/>
        <line num="228" count="6" type="stmt"/>
        <line num="229" count="6" type="stmt"/>
        <line num="230" count="6" type="stmt"/>
        <line num="231" count="6" type="stmt"/>
        <line num="232" count="6" type="cond" truecount="1" falsecount="0"/>
        <line num="233" count="2" type="stmt"/>
        <line num="234" count="2" type="stmt"/>
        <line num="297" count="0" type="stmt"/>
        <line num="298" count="0" type="stmt"/>
        <line num="299" count="0" type="stmt"/>
        <line num="300" count="0" type="stmt"/>
        <line num="301" count="0" type="stmt"/>
        <line num="302" count="0" type="stmt"/>
        <line num="303" count="0" type="stmt"/>
        <line num="304" count="0" type="stmt"/>
        <line num="305" count="0" type="stmt"/>
        <line num="306" count="0" type="stmt"/>
        <line num="307" count="0" type="stmt"/>
        <line num="308" count="0" type="stmt"/>
        <line num="309" count="0" type="stmt"/>
        <line num="310" count="0" type="stmt"/>
        <line num="316" count="1" type="cond" truecount="1" falsecount="0"/>
        <line num="317" count="1" type="stmt"/>
        <line num="318" count="1" type="stmt"/>
        <line num="319" count="1" type="stmt"/>
        <line num="320" count="1" type="stmt"/>
        <line num="321" count="1" type="cond" truecount="0" falsecount="1"/>
        <line num="322" count="0" type="stmt"/>
        <line num="323" count="0" type="stmt"/>
      </file>
      <file name="index.ts" path="/Users/yuanye/myWork/voice-room/app/web/src/core/network/index.ts">
        <metrics statements="1" coveredstatements="0" conditionals="1" coveredconditionals="0" methods="1" coveredmethods="0"/>
        <line num="1" count="0" type="cond" truecount="0" falsecount="1"/>
      </file>
    </package>
    <package name="src.core.telemetry">
      <metrics statements="97" coveredstatements="82" conditionals="29" coveredconditionals="12" methods="11" coveredmethods="10"/>
      <file name="IAnalyticsService.ts" path="/Users/yuanye/myWork/voice-room/app/web/src/core/telemetry/IAnalyticsService.ts">
        <metrics statements="0" coveredstatements="0" conditionals="1" coveredconditionals="1" methods="1" coveredmethods="1"/>
      </file>
      <file name="ICrashReporter.ts" path="/Users/yuanye/myWork/voice-room/app/web/src/core/telemetry/ICrashReporter.ts">
        <metrics statements="0" coveredstatements="0" conditionals="1" coveredconditionals="1" methods="1" coveredmethods="1"/>
      </file>
      <file name="MockAnalyticsService.ts" path="/Users/yuanye/myWork/voice-room/app/web/src/core/telemetry/MockAnalyticsService.ts">
        <metrics statements="28" coveredstatements="28" conditionals="6" coveredconditionals="4" methods="5" coveredmethods="4"/>
        <line num="1" count="1" type="stmt"/>
        <line num="17" count="1" type="cond" truecount="1" falsecount="0"/>
        <line num="18" count="3" type="stmt"/>
        <line num="19" count="3" type="stmt"/>
        <line num="21" count="3" type="cond" truecount="1" falsecount="0"/>
        <line num="22" count="3" type="stmt"/>
        <line num="23" count="3" type="cond" truecount="0" falsecount="1"/>
        <line num="24" count="3" type="cond" truecount="0" falsecount="1"/>
        <line num="25" count="3" type="stmt"/>
        <line num="27" count="3" type="cond" truecount="1" falsecount="0"/>
        <line num="28" count="2" type="stmt"/>
        <line num="29" count="2" type="stmt"/>
        <line num="30" count="2" type="stmt"/>
        <line num="31" count="2" type="stmt"/>
        <line num="32" count="2" type="stmt"/>
        <line num="33" count="2" type="stmt"/>
        <line num="34" count="2" type="stmt"/>
        <line num="35" count="2" type="stmt"/>
        <line num="37" count="3" type="cond" truecount="1" falsecount="0"/>
        <line num="38" count="1" type="stmt"/>
        <line num="39" count="1" type="stmt"/>
        <line num="40" count="1" type="stmt"/>
        <line num="41" count="1" type="stmt"/>
        <line num="42" count="1" type="stmt"/>
        <line num="43" count="1" type="stmt"/>
        <line num="44" count="1" type="stmt"/>
        <line num="45" count="1" type="stmt"/>
        <line num="46" count="3" type="stmt"/>
      </file>
      <file name="telemetryContext.ts" path="/Users/yuanye/myWork/voice-room/app/web/src/core/telemetry/telemetryContext.ts">
        <metrics statements="69" coveredstatements="54" conditionals="21" coveredconditionals="6" methods="4" coveredmethods="4"/>
        <line num="1" count="1" type="stmt"/>
        <line num="15" count="1" type="stmt"/>
        <line num="17" count="1" type="cond" truecount="1" falsecount="0"/>
        <line num="18" count="3" type="cond" truecount="0" falsecount="1"/>
        <line num="19" count="3" type="cond" truecount="0" falsecount="1"/>
        <line num="20" count="3" type="cond" truecount="0" falsecount="1"/>
        <line num="21" count="3" type="cond" truecount="0" falsecount="1"/>
        <line num="22" count="3" type="stmt"/>
        <line num="23" count="3" type="cond" truecount="0" falsecount="1"/>
        <line num="24" count="0" type="cond" truecount="0" falsecount="1"/>
        <line num="25" count="0" type="cond" truecount="0" falsecount="1"/>
        <line num="26" count="0" type="cond" truecount="0" falsecount="1"/>
        <line num="27" count="0" type="stmt"/>
        <line num="28" count="3" type="stmt"/>
        <line num="30" count="3" type="stmt"/>
        <line num="31" count="3" type="stmt"/>
        <line num="32" count="3" type="stmt"/>
        <line num="33" count="3" type="stmt"/>
        <line num="34" count="3" type="stmt"/>
        <line num="35" count="3" type="stmt"/>
        <line num="36" count="3" type="stmt"/>
        <line num="37" count="3" type="stmt"/>
        <line num="38" count="3" type="stmt"/>
        <line num="39" count="3" type="stmt"/>
        <line num="41" count="3" type="cond" truecount="1" falsecount="0"/>
        <line num="42" count="3" type="cond" truecount="1" falsecount="0"/>
        <line num="43" count="2" type="stmt"/>
        <line num="44" count="2" type="cond" truecount="1" falsecount="0"/>
        <line num="46" count="1" type="stmt"/>
        <line num="48" count="1" type="stmt"/>
        <line num="49" count="1" type="stmt"/>
        <line num="50" count="1" type="stmt"/>
        <line num="52" count="1" type="cond" truecount="0" falsecount="1"/>
        <line num="53" count="0" type="stmt"/>
        <line num="54" count="0" type="stmt"/>
        <line num="55" count="0" type="stmt"/>
        <line num="56" count="1" type="cond" truecount="0" falsecount="1"/>
        <line num="58" count="0" type="stmt"/>
        <line num="59" count="1" type="stmt"/>
        <line num="61" count="1" type="stmt"/>
        <line num="62" count="1" type="stmt"/>
        <line num="64" count="1" type="stmt"/>
        <line num="65" count="1" type="stmt"/>
        <line num="66" count="1" type="stmt"/>
        <line num="67" count="1" type="cond" truecount="0" falsecount="1"/>
        <line num="69" count="0" type="stmt"/>
        <line num="70" count="1" type="stmt"/>
        <line num="72" count="1" type="stmt"/>
        <line num="73" count="1" type="stmt"/>
        <line num="75" count="3" type="cond" truecount="1" falsecount="0"/>
        <line num="76" count="3" type="cond" truecount="0" falsecount="1"/>
        <line num="77" count="0" type="stmt"/>
        <line num="78" count="0" type="stmt"/>
        <line num="80" count="3" type="stmt"/>
        <line num="87" count="3" type="cond" truecount="0" falsecount="1"/>
        <line num="88" count="3" type="cond" truecount="0" falsecount="1"/>
        <line num="90" count="3" type="stmt"/>
        <line num="91" count="3" type="stmt"/>
        <line num="93" count="1" type="cond" truecount="1" falsecount="0"/>
        <line num="94" count="1" type="stmt"/>
        <line num="95" count="1" type="stmt"/>
        <line num="96" count="1" type="stmt"/>
        <line num="97" count="1" type="stmt"/>
        <line num="98" count="1" type="stmt"/>
        <line num="99" count="1" type="cond" truecount="0" falsecount="1"/>
        <line num="101" count="0" type="stmt"/>
        <line num="102" count="0" type="stmt"/>
        <line num="103" count="0" type="stmt"/>
        <line num="104" count="0" type="stmt"/>
      </file>
    </package>
    <package name="src.core.ws">
      <metrics statements="4" coveredstatements="0" conditionals="1" coveredconditionals="0" methods="1" coveredmethods="0"/>
      <file name="index.ts" path="/Users/yuanye/myWork/voice-room/app/web/src/core/ws/index.ts">
        <metrics statements="4" coveredstatements="0" conditionals="1" coveredconditionals="0" methods="1" coveredmethods="0"/>
        <line num="1" count="0" type="cond" truecount="0" falsecount="1"/>
        <line num="4" count="0" type="stmt"/>
        <line num="5" count="0" type="stmt"/>
        <line num="6" count="0" type="stmt"/>
      </file>
    </package>
    <package name="src.features">
      <metrics statements="7" coveredstatements="0" conditionals="1" coveredconditionals="0" methods="1" coveredmethods="0"/>
      <file name="TelemetryFeature.tsx" path="/Users/yuanye/myWork/voice-room/app/web/src/features/TelemetryFeature.tsx">
        <metrics statements="7" coveredstatements="0" conditionals="1" coveredconditionals="0" methods="1" coveredmethods="0"/>
        <line num="1" count="0" type="cond" truecount="0" falsecount="1"/>
        <line num="2" count="0" type="stmt"/>
        <line num="3" count="0" type="stmt"/>
        <line num="4" count="0" type="stmt"/>
        <line num="5" count="0" type="stmt"/>
        <line num="6" count="0" type="stmt"/>
        <line num="8" count="0" type="stmt"/>
      </file>
    </package>
    <package name="src.i18n">
      <metrics statements="17" coveredstatements="0" conditionals="1" coveredconditionals="0" methods="1" coveredmethods="0"/>
      <file name="index.ts" path="/Users/yuanye/myWork/voice-room/app/web/src/i18n/index.ts">
        <metrics statements="17" coveredstatements="0" conditionals="1" coveredconditionals="0" methods="1" coveredmethods="0"/>
        <line num="1" count="0" type="cond" truecount="0" falsecount="1"/>
        <line num="10" count="0" type="stmt"/>
        <line num="11" count="0" type="stmt"/>
        <line num="12" count="0" type="stmt"/>
        <line num="13" count="0" type="stmt"/>
        <line num="15" count="0" type="stmt"/>
        <line num="16" count="0" type="stmt"/>
        <line num="17" count="0" type="stmt"/>
        <line num="18" count="0" type="stmt"/>
        <line num="19" count="0" type="stmt"/>
        <line num="20" count="0" type="stmt"/>
        <line num="21" count="0" type="stmt"/>
        <line num="22" count="0" type="stmt"/>
        <line num="23" count="0" type="stmt"/>
        <line num="24" count="0" type="stmt"/>
        <line num="25" count="0" type="stmt"/>
        <line num="27" count="0" type="stmt"/>
      </file>
    </package>
    <package name="src.i18n.locales">
      <metrics statements="196" coveredstatements="0" conditionals="2" coveredconditionals="2" methods="2" coveredmethods="2"/>
      <file name="en.ts" path="/Users/yuanye/myWork/voice-room/app/web/src/i18n/locales/en.ts">
        <metrics statements="98" coveredstatements="0" conditionals="1" coveredconditionals="1" methods="1" coveredmethods="1"/>
        <line num="5" count="0" type="stmt"/>
        <line num="6" count="0" type="stmt"/>
        <line num="7" count="0" type="stmt"/>
        <line num="8" count="0" type="stmt"/>
        <line num="9" count="0" type="stmt"/>
        <line num="10" count="0" type="stmt"/>
        <line num="11" count="0" type="stmt"/>
        <line num="12" count="0" type="stmt"/>
        <line num="13" count="0" type="stmt"/>
        <line num="14" count="0" type="stmt"/>
        <line num="15" count="0" type="stmt"/>
        <line num="16" count="0" type="stmt"/>
        <line num="17" count="0" type="stmt"/>
        <line num="18" count="0" type="stmt"/>
        <line num="19" count="0" type="stmt"/>
        <line num="20" count="0" type="stmt"/>
        <line num="21" count="0" type="stmt"/>
        <line num="22" count="0" type="stmt"/>
        <line num="23" count="0" type="stmt"/>
        <line num="24" count="0" type="stmt"/>
        <line num="25" count="0" type="stmt"/>
        <line num="26" count="0" type="stmt"/>
        <line num="27" count="0" type="stmt"/>
        <line num="28" count="0" type="stmt"/>
        <line num="29" count="0" type="stmt"/>
        <line num="30" count="0" type="stmt"/>
        <line num="31" count="0" type="stmt"/>
        <line num="32" count="0" type="stmt"/>
        <line num="33" count="0" type="stmt"/>
        <line num="34" count="0" type="stmt"/>
        <line num="35" count="0" type="stmt"/>
        <line num="36" count="0" type="stmt"/>
        <line num="37" count="0" type="stmt"/>
        <line num="38" count="0" type="stmt"/>
        <line num="39" count="0" type="stmt"/>
        <line num="40" count="0" type="stmt"/>
        <line num="41" count="0" type="stmt"/>
        <line num="42" count="0" type="stmt"/>
        <line num="43" count="0" type="stmt"/>
        <line num="44" count="0" type="stmt"/>
        <line num="45" count="0" type="stmt"/>
        <line num="46" count="0" type="stmt"/>
        <line num="47" count="0" type="stmt"/>
        <line num="48" count="0" type="stmt"/>
        <line num="49" count="0" type="stmt"/>
        <line num="50" count="0" type="stmt"/>
        <line num="51" count="0" type="stmt"/>
        <line num="52" count="0" type="stmt"/>
        <line num="53" count="0" type="stmt"/>
        <line num="54" count="0" type="stmt"/>
        <line num="55" count="0" type="stmt"/>
        <line num="56" count="0" type="stmt"/>
        <line num="57" count="0" type="stmt"/>
        <line num="58" count="0" type="stmt"/>
        <line num="59" count="0" type="stmt"/>
        <line num="60" count="0" type="stmt"/>
        <line num="61" count="0" type="stmt"/>
        <line num="62" count="0" type="stmt"/>
        <line num="63" count="0" type="stmt"/>
        <line num="64" count="0" type="stmt"/>
        <line num="65" count="0" type="stmt"/>
        <line num="66" count="0" type="stmt"/>
        <line num="67" count="0" type="stmt"/>
        <line num="68" count="0" type="stmt"/>
        <line num="69" count="0" type="stmt"/>
        <line num="70" count="0" type="stmt"/>
        <line num="71" count="0" type="stmt"/>
        <line num="72" count="0" type="stmt"/>
        <line num="73" count="0" type="stmt"/>
        <line num="74" count="0" type="stmt"/>
        <line num="75" count="0" type="stmt"/>
        <line num="76" count="0" type="stmt"/>
        <line num="77" count="0" type="stmt"/>
        <line num="78" count="0" type="stmt"/>
        <line num="79" count="0" type="stmt"/>
        <line num="80" count="0" type="stmt"/>
        <line num="81" count="0" type="stmt"/>
        <line num="82" count="0" type="stmt"/>
        <line num="83" count="0" type="stmt"/>
        <line num="84" count="0" type="stmt"/>
        <line num="85" count="0" type="stmt"/>
        <line num="86" count="0" type="stmt"/>
        <line num="87" count="0" type="stmt"/>
        <line num="88" count="0" type="stmt"/>
        <line num="89" count="0" type="stmt"/>
        <line num="90" count="0" type="stmt"/>
        <line num="91" count="0" type="stmt"/>
        <line num="92" count="0" type="stmt"/>
        <line num="93" count="0" type="stmt"/>
        <line num="94" count="0" type="stmt"/>
        <line num="95" count="0" type="stmt"/>
        <line num="96" count="0" type="stmt"/>
        <line num="97" count="0" type="stmt"/>
        <line num="98" count="0" type="stmt"/>
        <line num="99" count="0" type="stmt"/>
        <line num="100" count="0" type="stmt"/>
        <line num="101" count="0" type="stmt"/>
        <line num="103" count="0" type="stmt"/>
      </file>
      <file name="zh.ts" path="/Users/yuanye/myWork/voice-room/app/web/src/i18n/locales/zh.ts">
        <metrics statements="98" coveredstatements="0" conditionals="1" coveredconditionals="1" methods="1" coveredmethods="1"/>
        <line num="5" count="0" type="stmt"/>
        <line num="6" count="0" type="stmt"/>
        <line num="7" count="0" type="stmt"/>
        <line num="8" count="0" type="stmt"/>
        <line num="9" count="0" type="stmt"/>
        <line num="10" count="0" type="stmt"/>
        <line num="11" count="0" type="stmt"/>
        <line num="12" count="0" type="stmt"/>
        <line num="13" count="0" type="stmt"/>
        <line num="14" count="0" type="stmt"/>
        <line num="15" count="0" type="stmt"/>
        <line num="16" count="0" type="stmt"/>
        <line num="17" count="0" type="stmt"/>
        <line num="18" count="0" type="stmt"/>
        <line num="19" count="0" type="stmt"/>
        <line num="20" count="0" type="stmt"/>
        <line num="21" count="0" type="stmt"/>
        <line num="22" count="0" type="stmt"/>
        <line num="23" count="0" type="stmt"/>
        <line num="24" count="0" type="stmt"/>
        <line num="25" count="0" type="stmt"/>
        <line num="26" count="0" type="stmt"/>
        <line num="27" count="0" type="stmt"/>
        <line num="28" count="0" type="stmt"/>
        <line num="29" count="0" type="stmt"/>
        <line num="30" count="0" type="stmt"/>
        <line num="31" count="0" type="stmt"/>
        <line num="32" count="0" type="stmt"/>
        <line num="33" count="0" type="stmt"/>
        <line num="34" count="0" type="stmt"/>
        <line num="35" count="0" type="stmt"/>
        <line num="36" count="0" type="stmt"/>
        <line num="37" count="0" type="stmt"/>
        <line num="38" count="0" type="stmt"/>
        <line num="39" count="0" type="stmt"/>
        <line num="40" count="0" type="stmt"/>
        <line num="41" count="0" type="stmt"/>
        <line num="42" count="0" type="stmt"/>
        <line num="43" count="0" type="stmt"/>
        <line num="44" count="0" type="stmt"/>
        <line num="45" count="0" type="stmt"/>
        <line num="46" count="0" type="stmt"/>
        <line num="47" count="0" type="stmt"/>
        <line num="48" count="0" type="stmt"/>
        <line num="49" count="0" type="stmt"/>
        <line num="50" count="0" type="stmt"/>
        <line num="51" count="0" type="stmt"/>
        <line num="52" count="0" type="stmt"/>
        <line num="53" count="0" type="stmt"/>
        <line num="54" count="0" type="stmt"/>
        <line num="55" count="0" type="stmt"/>
        <line num="56" count="0" type="stmt"/>
        <line num="57" count="0" type="stmt"/>
        <line num="58" count="0" type="stmt"/>
        <line num="59" count="0" type="stmt"/>
        <line num="60" count="0" type="stmt"/>
        <line num="61" count="0" type="stmt"/>
        <line num="62" count="0" type="stmt"/>
        <line num="63" count="0" type="stmt"/>
        <line num="64" count="0" type="stmt"/>
        <line num="65" count="0" type="stmt"/>
        <line num="66" count="0" type="stmt"/>
        <line num="67" count="0" type="stmt"/>
        <line num="68" count="0" type="stmt"/>
        <line num="69" count="0" type="stmt"/>
        <line num="70" count="0" type="stmt"/>
        <line num="71" count="0" type="stmt"/>
        <line num="72" count="0" type="stmt"/>
        <line num="73" count="0" type="stmt"/>
        <line num="74" count="0" type="stmt"/>
        <line num="75" count="0" type="stmt"/>
        <line num="76" count="0" type="stmt"/>
        <line num="77" count="0" type="stmt"/>
        <line num="78" count="0" type="stmt"/>
        <line num="79" count="0" type="stmt"/>
        <line num="80" count="0" type="stmt"/>
        <line num="81" count="0" type="stmt"/>
        <line num="82" count="0" type="stmt"/>
        <line num="83" count="0" type="stmt"/>
        <line num="84" count="0" type="stmt"/>
        <line num="85" count="0" type="stmt"/>
        <line num="86" count="0" type="stmt"/>
        <line num="87" count="0" type="stmt"/>
        <line num="88" count="0" type="stmt"/>
        <line num="89" count="0" type="stmt"/>
        <line num="90" count="0" type="stmt"/>
        <line num="91" count="0" type="stmt"/>
        <line num="92" count="0" type="stmt"/>
        <line num="93" count="0" type="stmt"/>
        <line num="94" count="0" type="stmt"/>
        <line num="95" count="0" type="stmt"/>
        <line num="96" count="0" type="stmt"/>
        <line num="97" count="0" type="stmt"/>
        <line num="98" count="0" type="stmt"/>
        <line num="99" count="0" type="stmt"/>
        <line num="100" count="0" type="stmt"/>
        <line num="101" count="0" type="stmt"/>
        <line num="103" count="0" type="stmt"/>
      </file>
    </package>
    <package name="src.lib">
      <metrics statements="22" coveredstatements="21" conditionals="12" coveredconditionals="10" methods="1" coveredmethods="1"/>
      <file name="url.ts" path="/Users/yuanye/myWork/voice-room/app/web/src/lib/url.ts">
        <metrics statements="22" coveredstatements="21" conditionals="12" coveredconditionals="10" methods="1" coveredmethods="1"/>
        <line num="1" count="1" type="cond" truecount="1" falsecount="0"/>
        <line num="2" count="6" type="stmt"/>
        <line num="4" count="6" type="cond" truecount="1" falsecount="0"/>
        <line num="5" count="2" type="stmt"/>
        <line num="6" count="2" type="cond" truecount="1" falsecount="0"/>
        <line num="8" count="6" type="cond" truecount="1" falsecount="0"/>
        <line num="9" count="1" type="stmt"/>
        <line num="10" count="1" type="cond" truecount="1" falsecount="0"/>
        <line num="12" count="6" type="cond" truecount="1" falsecount="1"/>
        <line num="13" count="6" type="cond" truecount="1" falsecount="0"/>
        <line num="14" count="3" type="cond" truecount="0" falsecount="1"/>
        <line num="15" count="0" type="stmt"/>
        <line num="16" count="6" type="stmt"/>
        <line num="17" count="6" type="stmt"/>
        <line num="19" count="6" type="stmt"/>
        <line num="20" count="6" type="cond" truecount="1" falsecount="0"/>
        <line num="21" count="3" type="stmt"/>
        <line num="22" count="6" type="cond" truecount="1" falsecount="0"/>
        <line num="23" count="1" type="stmt"/>
        <line num="24" count="1" type="cond" truecount="1" falsecount="0"/>
        <line num="26" count="2" type="stmt"/>
        <line num="27" count="2" type="stmt"/>
      </file>
    </package>
    <package name="src.pages">
      <metrics statements="4" coveredstatements="0" conditionals="1" coveredconditionals="0" methods="1" coveredmethods="0"/>
      <file name="HomePage.tsx" path="/Users/yuanye/myWork/voice-room/app/web/src/pages/HomePage.tsx">
        <metrics statements="4" coveredstatements="0" conditionals="1" coveredconditionals="0" methods="1" coveredmethods="0"/>
        <line num="1" count="0" type="cond" truecount="0" falsecount="1"/>
        <line num="3" count="0" type="stmt"/>
        <line num="4" count="0" type="stmt"/>
        <line num="5" count="0" type="stmt"/>
      </file>
    </package>
    <package name="src.pages.dashboard">
      <metrics statements="221" coveredstatements="220" conditionals="43" coveredconditionals="40" methods="5" coveredmethods="5"/>
      <file name="StatCards.tsx" path="/Users/yuanye/myWork/voice-room/app/web/src/pages/dashboard/StatCards.tsx">
        <metrics statements="58" coveredstatements="58" conditionals="8" coveredconditionals="8" methods="2" coveredmethods="2"/>
        <line num="1" count="1" type="stmt"/>
        <line num="21" count="44" type="cond" truecount="1" falsecount="0"/>
        <line num="23" count="44" type="cond" truecount="2" falsecount="0"/>
        <line num="24" count="44" type="stmt"/>
        <line num="26" count="1" type="cond" truecount="1" falsecount="0"/>
        <line num="27" count="19" type="stmt"/>
        <line num="29" count="19" type="cond" truecount="2" falsecount="0"/>
        <line num="30" count="8" type="stmt"/>
        <line num="31" count="8" type="stmt"/>
        <line num="32" count="8" type="cond" truecount="1" falsecount="0"/>
        <line num="33" count="32" type="stmt"/>
        <line num="34" count="32" type="stmt"/>
        <line num="35" count="32" type="stmt"/>
        <line num="36" count="32" type="stmt"/>
        <line num="37" count="32" type="stmt"/>
        <line num="38" count="8" type="stmt"/>
        <line num="39" count="8" type="stmt"/>
        <line num="41" count="8" type="cond" truecount="1" falsecount="0"/>
        <line num="43" count="11" type="stmt"/>
        <line num="44" count="11" type="stmt"/>
        <line num="45" count="11" type="stmt"/>
        <line num="46" count="11" type="stmt"/>
        <line num="47" count="11" type="stmt"/>
        <line num="48" count="11" type="stmt"/>
        <line num="49" count="11" type="stmt"/>
        <line num="50" count="11" type="stmt"/>
        <line num="51" count="11" type="stmt"/>
        <line num="52" count="11" type="stmt"/>
        <line num="53" count="11" type="stmt"/>
        <line num="55" count="11" type="stmt"/>
        <line num="56" count="11" type="stmt"/>
        <line num="57" count="11" type="stmt"/>
        <line num="58" count="11" type="stmt"/>
        <line num="59" count="11" type="stmt"/>
        <line num="60" count="11" type="stmt"/>
        <line num="61" count="11" type="stmt"/>
        <line num="62" count="11" type="stmt"/>
        <line num="63" count="11" type="stmt"/>
        <line num="65" count="11" type="stmt"/>
        <line num="66" count="11" type="stmt"/>
        <line num="67" count="11" type="stmt"/>
        <line num="68" count="11" type="stmt"/>
        <line num="69" count="11" type="stmt"/>
        <line num="70" count="11" type="stmt"/>
        <line num="71" count="11" type="stmt"/>
        <line num="72" count="11" type="stmt"/>
        <line num="73" count="11" type="stmt"/>
        <line num="75" count="11" type="stmt"/>
        <line num="76" count="11" type="stmt"/>
        <line num="77" count="11" type="stmt"/>
        <line num="78" count="11" type="stmt"/>
        <line num="79" count="11" type="stmt"/>
        <line num="80" count="11" type="stmt"/>
        <line num="81" count="11" type="stmt"/>
        <line num="82" count="11" type="stmt"/>
        <line num="83" count="11" type="stmt"/>
        <line num="84" count="11" type="stmt"/>
        <line num="86" count="11" type="stmt"/>
      </file>
      <file name="TrendChart.tsx" path="/Users/yuanye/myWork/voice-room/app/web/src/pages/dashboard/TrendChart.tsx">
        <metrics statements="47" coveredstatements="47" conditionals="11" coveredconditionals="11" methods="1" coveredmethods="1"/>
        <line num="1" count="1" type="stmt"/>
        <line num="24" count="1" type="stmt"/>
        <line num="26" count="1" type="cond" truecount="1" falsecount="0"/>
        <line num="27" count="21" type="stmt"/>
        <line num="30" count="21" type="stmt"/>
        <line num="31" count="21" type="cond" truecount="1" falsecount="0"/>
        <line num="32" count="20" type="stmt"/>
        <line num="33" count="20" type="stmt"/>
        <line num="34" count="20" type="stmt"/>
        <line num="35" count="20" type="stmt"/>
        <line num="36" count="20" type="cond" truecount="1" falsecount="0"/>
        <line num="37" count="20" type="stmt"/>
        <line num="38" count="20" type="stmt"/>
        <line num="39" count="20" type="stmt"/>
        <line num="40" count="20" type="stmt"/>
        <line num="41" count="20" type="stmt"/>
        <line num="42" count="20" type="stmt"/>
        <line num="43" count="20" type="stmt"/>
        <line num="44" count="20" type="cond" truecount="1" falsecount="0"/>
        <line num="45" count="20" type="stmt"/>
        <line num="46" count="20" type="stmt"/>
        <line num="47" count="20" type="stmt"/>
        <line num="48" count="20" type="stmt"/>
        <line num="49" count="20" type="stmt"/>
        <line num="50" count="20" type="cond" truecount="1" falsecount="0"/>
        <line num="51" count="20" type="stmt"/>
        <line num="52" count="20" type="stmt"/>
        <line num="53" count="20" type="stmt"/>
        <line num="54" count="21" type="stmt"/>
        <line num="55" count="21" type="stmt"/>
        <line num="57" count="21" type="cond" truecount="2" falsecount="0"/>
        <line num="58" count="8" type="stmt"/>
        <line num="59" count="8" type="cond" truecount="1" falsecount="0"/>
        <line num="61" count="21" type="cond" truecount="2" falsecount="0"/>
        <line num="62" count="3" type="stmt"/>
        <line num="63" count="3" type="stmt"/>
        <line num="64" count="3" type="stmt"/>
        <line num="65" count="3" type="stmt"/>
        <line num="66" count="3" type="stmt"/>
        <line num="68" count="3" type="cond" truecount="1" falsecount="0"/>
        <line num="70" count="10" type="stmt"/>
        <line num="71" count="10" type="stmt"/>
        <line num="72" count="10" type="stmt"/>
        <line num="73" count="10" type="stmt"/>
        <line num="74" count="10" type="stmt"/>
        <line num="75" count="10" type="stmt"/>
        <line num="77" count="10" type="stmt"/>
      </file>
      <file name="index.tsx" path="/Users/yuanye/myWork/voice-room/app/web/src/pages/dashboard/index.tsx">
        <metrics statements="43" coveredstatements="43" conditionals="3" coveredconditionals="3" methods="1" coveredmethods="1"/>
        <line num="1" count="1" type="stmt"/>
        <line num="15" count="1" type="stmt"/>
        <line num="17" count="1" type="cond" truecount="1" falsecount="0"/>
        <line num="18" count="12" type="stmt"/>
        <line num="19" count="12" type="stmt"/>
        <line num="21" count="12" type="stmt"/>
        <line num="22" count="12" type="stmt"/>
        <line num="24" count="12" type="stmt"/>
        <line num="25" count="12" type="stmt"/>
        <line num="26" count="12" type="stmt"/>
        <line num="27" count="12" type="stmt"/>
        <line num="28" count="12" type="stmt"/>
        <line num="29" count="12" type="cond" truecount="1" falsecount="0"/>
        <line num="30" count="5" type="stmt"/>
        <line num="31" count="5" type="stmt"/>
        <line num="32" count="5" type="stmt"/>
        <line num="34" count="12" type="stmt"/>
        <line num="35" count="12" type="stmt"/>
        <line num="36" count="12" type="stmt"/>
        <line num="37" count="12" type="stmt"/>
        <line num="38" count="12" type="stmt"/>
        <line num="40" count="12" type="stmt"/>
        <line num="41" count="12" type="stmt"/>
        <line num="42" count="12" type="stmt"/>
        <line num="43" count="12" type="stmt"/>
        <line num="46" count="12" type="cond" truecount="1" falsecount="0"/>
        <line num="47" count="1" type="stmt"/>
        <line num="48" count="1" type="stmt"/>
        <line num="49" count="1" type="stmt"/>
        <line num="50" count="1" type="stmt"/>
        <line num="51" count="1" type="stmt"/>
        <line num="52" count="1" type="stmt"/>
        <line num="53" count="1" type="stmt"/>
        <line num="54" count="1" type="stmt"/>
        <line num="58" count="12" type="stmt"/>
        <line num="61" count="12" type="stmt"/>
        <line num="62" count="12" type="stmt"/>
        <line num="63" count="12" type="stmt"/>
        <line num="64" count="12" type="stmt"/>
        <line num="65" count="12" type="stmt"/>
        <line num="66" count="12" type="stmt"/>
        <line num="67" count="12" type="stmt"/>
        <line num="69" count="12" type="stmt"/>
      </file>
      <file name="useDashboardStats.ts" path="/Users/yuanye/myWork/voice-room/app/web/src/pages/dashboard/useDashboardStats.ts">
        <metrics statements="73" coveredstatements="72" conditionals="21" coveredconditionals="18" methods="1" coveredmethods="1"/>
        <line num="1" count="1" type="stmt"/>
        <line num="36" count="1" type="stmt"/>
        <line num="37" count="1" type="stmt"/>
        <line num="38" count="1" type="stmt"/>
        <line num="39" count="1" type="stmt"/>
        <line num="40" count="1" type="stmt"/>
        <line num="41" count="1" type="stmt"/>
        <line num="42" count="1" type="stmt"/>
        <line num="43" count="1" type="stmt"/>
        <line num="45" count="1" type="stmt"/>
        <line num="55" count="1" type="cond" truecount="1" falsecount="0"/>
        <line num="56" count="29" type="stmt"/>
        <line num="57" count="29" type="stmt"/>
        <line num="58" count="29" type="stmt"/>
        <line num="59" count="29" type="stmt"/>
        <line num="62" count="29" type="cond" truecount="1" falsecount="0"/>
        <line num="63" count="15" type="stmt"/>
        <line num="65" count="15" type="stmt"/>
        <line num="66" count="15" type="stmt"/>
        <line num="67" count="15" type="stmt"/>
        <line num="68" count="15" type="stmt"/>
        <line num="69" count="15" type="stmt"/>
        <line num="72" count="15" type="stmt"/>
        <line num="73" count="15" type="cond" truecount="1" falsecount="0"/>
        <line num="74" count="3" type="cond" truecount="1" falsecount="0"/>
        <line num="75" count="3" type="stmt"/>
        <line num="77" count="15" type="cond" truecount="1" falsecount="0"/>
        <line num="78" count="3" type="stmt"/>
        <line num="79" count="3" type="stmt"/>
        <line num="80" count="3" type="cond" truecount="0" falsecount="1"/>
        <line num="81" count="0" type="stmt"/>
        <line num="82" count="3" type="stmt"/>
        <line num="83" count="3" type="stmt"/>
        <line num="84" count="15" type="cond" truecount="1" falsecount="0"/>
        <line num="85" count="12" type="stmt"/>
        <line num="86" count="12" type="stmt"/>
        <line num="87" count="12" type="stmt"/>
        <line num="88" count="12" type="cond" truecount="0" falsecount="1"/>
        <line num="89" count="12" type="stmt"/>
        <line num="90" count="12" type="cond" truecount="0" falsecount="1"/>
        <line num="91" count="12" type="stmt"/>
        <line num="92" count="12" type="cond" truecount="1" falsecount="0"/>
        <line num="93" count="11" type="cond" truecount="1" falsecount="0"/>
        <line num="94" count="1" type="stmt"/>
        <line num="95" count="12" type="stmt"/>
        <line num="96" count="12" type="cond" truecount="2" falsecount="0"/>
        <line num="97" count="12" type="stmt"/>
        <line num="98" count="12" type="cond" truecount="1" falsecount="0"/>
        <line num="99" count="11" type="cond" truecount="1" falsecount="0"/>
        <line num="100" count="1" type="stmt"/>
        <line num="101" count="12" type="stmt"/>
        <line num="102" count="12" type="cond" truecount="2" falsecount="0"/>
        <line num="103" count="12" type="stmt"/>
        <line num="104" count="12" type="stmt"/>
        <line num="105" count="12" type="stmt"/>
        <line num="107" count="15" type="stmt"/>
        <line num="108" count="29" type="stmt"/>
        <line num="112" count="29" type="cond" truecount="1" falsecount="0"/>
        <line num="113" count="12" type="stmt"/>
        <line num="115" count="12" type="stmt"/>
        <line num="117" count="12" type="cond" truecount="1" falsecount="0"/>
        <line num="118" count="1" type="stmt"/>
        <line num="119" count="12" type="stmt"/>
        <line num="121" count="12" type="cond" truecount="1" falsecount="0"/>
        <line num="122" count="12" type="stmt"/>
        <line num="123" count="12" type="stmt"/>
        <line num="124" count="12" type="stmt"/>
        <line num="125" count="29" type="stmt"/>
        <line num="127" count="29" type="cond" truecount="1" falsecount="0"/>
        <line num="128" count="2" type="stmt"/>
        <line num="129" count="29" type="stmt"/>
        <line num="131" count="29" type="stmt"/>
        <line num="132" count="29" type="stmt"/>
      </file>
    </package>
    <package name="src.pages.login">
      <metrics statements="124" coveredstatements="124" conditionals="18" coveredconditionals="18" methods="4" coveredmethods="4"/>
      <file name="LoginForm.tsx" path="/Users/yuanye/myWork/voice-room/app/web/src/pages/login/LoginForm.tsx">
        <metrics statements="93" coveredstatements="93" conditionals="11" coveredconditionals="11" methods="2" coveredmethods="2"/>
        <line num="1" count="1" type="stmt"/>
        <line num="17" count="1" type="stmt"/>
        <line num="30" count="1" type="cond" truecount="1" falsecount="0"/>
        <line num="31" count="48" type="stmt"/>
        <line num="32" count="48" type="stmt"/>
        <line num="34" count="48" type="stmt"/>
        <line num="35" count="48" type="stmt"/>
        <line num="38" count="48" type="cond" truecount="1" falsecount="0"/>
        <line num="39" count="25" type="stmt"/>
        <line num="40" count="25" type="cond" truecount="1" falsecount="0"/>
        <line num="41" count="48" type="stmt"/>
        <line num="43" count="48" type="cond" truecount="1" falsecount="0"/>
        <line num="44" count="11" type="stmt"/>
        <line num="45" count="11" type="stmt"/>
        <line num="47" count="11" type="stmt"/>
        <line num="48" count="11" type="cond" truecount="1" falsecount="0"/>
        <line num="50" count="11" type="cond" truecount="1" falsecount="0"/>
        <line num="51" count="1" type="stmt"/>
        <line num="52" count="11" type="cond" truecount="1" falsecount="0"/>
        <line num="53" count="6" type="stmt"/>
        <line num="54" count="6" type="stmt"/>
        <line num="55" count="11" type="cond" truecount="1" falsecount="0"/>
        <line num="56" count="4" type="stmt"/>
        <line num="57" count="4" type="cond" truecount="2" falsecount="0"/>
        <line num="58" count="4" type="stmt"/>
        <line num="59" count="11" type="stmt"/>
        <line num="60" count="11" type="stmt"/>
        <line num="61" count="11" type="stmt"/>
        <line num="62" count="11" type="stmt"/>
        <line num="64" count="48" type="stmt"/>
        <line num="65" count="48" type="stmt"/>
        <line num="66" count="48" type="cond" truecount="1" falsecount="0"/>
        <line num="67" count="4" type="stmt"/>
        <line num="68" count="4" type="stmt"/>
        <line num="69" count="4" type="stmt"/>
        <line num="70" count="4" type="stmt"/>
        <line num="71" count="4" type="stmt"/>
        <line num="72" count="4" type="stmt"/>
        <line num="73" count="4" type="stmt"/>
        <line num="76" count="48" type="stmt"/>
        <line num="77" count="48" type="stmt"/>
        <line num="78" count="48" type="stmt"/>
        <line num="79" count="48" type="stmt"/>
        <line num="80" count="48" type="stmt"/>
        <line num="81" count="48" type="stmt"/>
        <line num="82" count="48" type="stmt"/>
        <line num="85" count="48" type="stmt"/>
        <line num="86" count="48" type="stmt"/>
        <line num="87" count="48" type="stmt"/>
        <line num="88" count="48" type="stmt"/>
        <line num="89" count="48" type="stmt"/>
        <line num="90" count="48" type="stmt"/>
        <line num="91" count="48" type="stmt"/>
        <line num="92" count="48" type="stmt"/>
        <line num="93" count="48" type="stmt"/>
        <line num="95" count="48" type="stmt"/>
        <line num="96" count="48" type="stmt"/>
        <line num="97" count="48" type="stmt"/>
        <line num="98" count="48" type="stmt"/>
        <line num="99" count="48" type="stmt"/>
        <line num="100" count="48" type="stmt"/>
        <line num="103" count="48" type="stmt"/>
        <line num="104" count="48" type="stmt"/>
        <line num="105" count="48" type="stmt"/>
        <line num="106" count="48" type="stmt"/>
        <line num="107" count="48" type="stmt"/>
        <line num="108" count="48" type="stmt"/>
        <line num="109" count="48" type="stmt"/>
        <line num="110" count="48" type="stmt"/>
        <line num="111" count="48" type="stmt"/>
        <line num="113" count="48" type="stmt"/>
        <line num="114" count="48" type="stmt"/>
        <line num="115" count="48" type="stmt"/>
        <line num="116" count="48" type="stmt"/>
        <line num="117" count="48" type="stmt"/>
        <line num="118" count="48" type="stmt"/>
        <line num="121" count="48" type="stmt"/>
        <line num="122" count="48" type="stmt"/>
        <line num="123" count="48" type="stmt"/>
        <line num="126" count="48" type="stmt"/>
        <line num="127" count="48" type="stmt"/>
        <line num="128" count="48" type="stmt"/>
        <line num="129" count="48" type="stmt"/>
        <line num="130" count="48" type="stmt"/>
        <line num="131" count="48" type="stmt"/>
        <line num="132" count="48" type="stmt"/>
        <line num="133" count="48" type="stmt"/>
        <line num="135" count="48" type="stmt"/>
        <line num="136" count="48" type="stmt"/>
        <line num="137" count="48" type="stmt"/>
        <line num="138" count="48" type="stmt"/>
        <line num="139" count="48" type="stmt"/>
        <line num="141" count="48" type="stmt"/>
      </file>
      <file name="index.tsx" path="/Users/yuanye/myWork/voice-room/app/web/src/pages/login/index.tsx">
        <metrics statements="31" coveredstatements="31" conditionals="7" coveredconditionals="7" methods="2" coveredmethods="2"/>
        <line num="1" count="1" type="stmt"/>
        <line num="18" count="1" type="stmt"/>
        <line num="20" count="1" type="cond" truecount="1" falsecount="0"/>
        <line num="21" count="7" type="stmt"/>
        <line num="22" count="7" type="cond" truecount="1" falsecount="0"/>
        <line num="23" count="7" type="cond" truecount="1" falsecount="0"/>
        <line num="24" count="7" type="stmt"/>
        <line num="27" count="7" type="cond" truecount="1" falsecount="0"/>
        <line num="28" count="1" type="stmt"/>
        <line num="29" count="1" type="cond" truecount="1" falsecount="0"/>
        <line num="35" count="6" type="cond" truecount="1" falsecount="0"/>
        <line num="36" count="3" type="cond" truecount="1" falsecount="0"/>
        <line num="37" count="2" type="stmt"/>
        <line num="38" count="3" type="stmt"/>
        <line num="40" count="6" type="stmt"/>
        <line num="41" count="6" type="stmt"/>
        <line num="42" count="6" type="stmt"/>
        <line num="44" count="6" type="stmt"/>
        <line num="46" count="6" type="stmt"/>
        <line num="48" count="6" type="stmt"/>
        <line num="49" count="6" type="stmt"/>
        <line num="50" count="6" type="stmt"/>
        <line num="51" count="6" type="stmt"/>
        <line num="52" count="6" type="stmt"/>
        <line num="53" count="6" type="stmt"/>
        <line num="54" count="6" type="stmt"/>
        <line num="55" count="6" type="stmt"/>
        <line num="57" count="6" type="stmt"/>
        <line num="58" count="6" type="stmt"/>
        <line num="59" count="6" type="stmt"/>
        <line num="61" count="6" type="stmt"/>
      </file>
    </package>
    <package name="src.pages.rooms">
      <metrics statements="434" coveredstatements="434" conditionals="77" coveredconditionals="72" methods="25" coveredmethods="25"/>
      <file name="RoomDetailModal.tsx" path="/Users/yuanye/myWork/voice-room/app/web/src/pages/rooms/RoomDetailModal.tsx">
        <metrics statements="85" coveredstatements="85" conditionals="13" coveredconditionals="12" methods="4" coveredmethods="4"/>
        <line num="1" count="1" type="stmt"/>
        <line num="33" count="25" type="cond" truecount="1" falsecount="0"/>
        <line num="34" count="25" type="stmt"/>
        <line num="35" count="25" type="stmt"/>
        <line num="37" count="1" type="cond" truecount="1" falsecount="0"/>
        <line num="38" count="92" type="stmt"/>
        <line num="39" count="92" type="stmt"/>
        <line num="40" count="92" type="stmt"/>
        <line num="41" count="92" type="stmt"/>
        <line num="42" count="92" type="stmt"/>
        <line num="43" count="92" type="stmt"/>
        <line num="44" count="92" type="stmt"/>
        <line num="46" count="92" type="cond" truecount="1" falsecount="0"/>
        <line num="47" count="5" type="cond" truecount="0" falsecount="1"/>
        <line num="49" count="5" type="stmt"/>
        <line num="50" count="5" type="stmt"/>
        <line num="51" count="5" type="stmt"/>
        <line num="52" count="5" type="cond" truecount="1" falsecount="0"/>
        <line num="54" count="3" type="cond" truecount="1" falsecount="0"/>
        <line num="56" count="2" type="stmt"/>
        <line num="57" count="3" type="stmt"/>
        <line num="58" count="5" type="stmt"/>
        <line num="59" count="5" type="stmt"/>
        <line num="61" count="92" type="cond" truecount="2" falsecount="0"/>
        <line num="62" count="92" type="stmt"/>
        <line num="64" count="92" type="stmt"/>
        <line num="65" count="92" type="stmt"/>
        <line num="66" count="92" type="stmt"/>
        <line num="67" count="92" type="stmt"/>
        <line num="68" count="92" type="stmt"/>
        <line num="69" count="92" type="stmt"/>
        <line num="70" count="92" type="stmt"/>
        <line num="71" count="92" type="stmt"/>
        <line num="72" count="92" type="stmt"/>
        <line num="73" count="92" type="stmt"/>
        <line num="74" count="92" type="stmt"/>
        <line num="75" count="92" type="stmt"/>
        <line num="76" count="92" type="stmt"/>
        <line num="78" count="92" type="stmt"/>
        <line num="79" count="92" type="stmt"/>
        <line num="83" count="92" type="cond" truecount="1" falsecount="0"/>
        <line num="84" count="10" type="stmt"/>
        <line num="85" count="10" type="stmt"/>
        <line num="86" count="10" type="stmt"/>
        <line num="90" count="92" type="cond" truecount="2" falsecount="0"/>
        <line num="91" count="1" type="stmt"/>
        <line num="92" count="1" type="stmt"/>
        <line num="93" count="1" type="stmt"/>
        <line num="94" count="1" type="stmt"/>
        <line num="95" count="1" type="stmt"/>
        <line num="96" count="1" type="stmt"/>
        <line num="97" count="1" type="stmt"/>
        <line num="101" count="92" type="cond" truecount="2" falsecount="0"/>
        <line num="102" count="25" type="stmt"/>
        <line num="103" count="25" type="stmt"/>
        <line num="104" count="25" type="stmt"/>
        <line num="105" count="25" type="stmt"/>
        <line num="106" count="25" type="stmt"/>
        <line num="107" count="25" type="stmt"/>
        <line num="108" count="25" type="stmt"/>
        <line num="109" count="25" type="stmt"/>
        <line num="110" count="25" type="stmt"/>
        <line num="111" count="25" type="stmt"/>
        <line num="112" count="25" type="stmt"/>
        <line num="113" count="25" type="stmt"/>
        <line num="114" count="25" type="stmt"/>
        <line num="115" count="25" type="stmt"/>
        <line num="116" count="25" type="stmt"/>
        <line num="117" count="25" type="stmt"/>
        <line num="118" count="25" type="stmt"/>
        <line num="119" count="25" type="stmt"/>
        <line num="120" count="25" type="stmt"/>
        <line num="121" count="25" type="stmt"/>
        <line num="122" count="25" type="stmt"/>
        <line num="123" count="25" type="stmt"/>
        <line num="127" count="92" type="stmt"/>
        <line num="128" count="92" type="stmt"/>
        <line num="129" count="92" type="stmt"/>
        <line num="130" count="92" type="stmt"/>
        <line num="133" count="92" type="stmt"/>
        <line num="134" count="92" type="stmt"/>
        <line num="135" count="92" type="stmt"/>
        <line num="136" count="92" type="stmt"/>
        <line num="137" count="92" type="stmt"/>
        <line num="139" count="92" type="stmt"/>
      </file>
      <file name="RoomStatusTag.tsx" path="/Users/yuanye/myWork/voice-room/app/web/src/pages/rooms/RoomStatusTag.tsx">
        <metrics statements="14" coveredstatements="14" conditionals="3" coveredconditionals="3" methods="1" coveredmethods="1"/>
        <line num="1" count="1" type="stmt"/>
        <line num="15" count="1" type="cond" truecount="1" falsecount="0"/>
        <line num="16" count="169" type="stmt"/>
        <line num="17" count="169" type="cond" truecount="1" falsecount="0"/>
        <line num="18" count="154" type="stmt"/>
        <line num="19" count="154" type="stmt"/>
        <line num="20" count="154" type="stmt"/>
        <line num="21" count="154" type="stmt"/>
        <line num="23" count="154" type="cond" truecount="1" falsecount="0"/>
        <line num="24" count="15" type="stmt"/>
        <line num="25" count="15" type="stmt"/>
        <line num="26" count="15" type="stmt"/>
        <line num="27" count="15" type="stmt"/>
        <line num="29" count="15" type="stmt"/>
      </file>
      <file name="RoomsTable.tsx" path="/Users/yuanye/myWork/voice-room/app/web/src/pages/rooms/RoomsTable.tsx">
        <metrics statements="140" coveredstatements="140" conditionals="18" coveredconditionals="15" methods="13" coveredmethods="13"/>
        <line num="1" count="1" type="stmt"/>
        <line num="33" count="1" type="cond" truecount="1" falsecount="0"/>
        <line num="34" count="65" type="stmt"/>
        <line num="35" count="65" type="stmt"/>
        <line num="36" count="65" type="stmt"/>
        <line num="37" count="65" type="stmt"/>
        <line num="38" count="65" type="stmt"/>
        <line num="39" count="65" type="stmt"/>
        <line num="40" count="65" type="stmt"/>
        <line num="41" count="65" type="stmt"/>
        <line num="42" count="65" type="stmt"/>
        <line num="43" count="65" type="stmt"/>
        <line num="44" count="65" type="stmt"/>
        <line num="45" count="65" type="stmt"/>
        <line num="46" count="65" type="stmt"/>
        <line num="47" count="65" type="stmt"/>
        <line num="49" count="65" type="stmt"/>
        <line num="50" count="65" type="stmt"/>
        <line num="51" count="65" type="stmt"/>
        <line num="52" count="65" type="stmt"/>
        <line num="53" count="65" type="stmt"/>
        <line num="55" count="65" type="cond" truecount="1" falsecount="0"/>
        <line num="56" count="147" type="stmt"/>
        <line num="57" count="147" type="stmt"/>
        <line num="58" count="147" type="stmt"/>
        <line num="59" count="147" type="stmt"/>
        <line num="60" count="147" type="stmt"/>
        <line num="61" count="147" type="cond" truecount="0" falsecount="1"/>
        <line num="62" count="147" type="stmt"/>
        <line num="64" count="65" type="stmt"/>
        <line num="65" count="65" type="stmt"/>
        <line num="66" count="65" type="stmt"/>
        <line num="67" count="65" type="stmt"/>
        <line num="68" count="65" type="stmt"/>
        <line num="69" count="65" type="stmt"/>
        <line num="70" count="65" type="stmt"/>
        <line num="71" count="65" type="stmt"/>
        <line num="72" count="65" type="stmt"/>
        <line num="73" count="65" type="stmt"/>
        <line num="74" count="65" type="stmt"/>
        <line num="75" count="65" type="stmt"/>
        <line num="76" count="65" type="stmt"/>
        <line num="77" count="65" type="stmt"/>
        <line num="78" count="65" type="stmt"/>
        <line num="79" count="65" type="stmt"/>
        <line num="80" count="65" type="stmt"/>
        <line num="81" count="65" type="cond" truecount="1" falsecount="0"/>
        <line num="82" count="65" type="stmt"/>
        <line num="83" count="65" type="stmt"/>
        <line num="84" count="65" type="stmt"/>
        <line num="85" count="65" type="stmt"/>
        <line num="86" count="65" type="stmt"/>
        <line num="87" count="65" type="cond" truecount="1" falsecount="0"/>
        <line num="88" count="65" type="stmt"/>
        <line num="89" count="65" type="stmt"/>
        <line num="90" count="65" type="stmt"/>
        <line num="91" count="65" type="stmt"/>
        <line num="92" count="65" type="cond" truecount="1" falsecount="0"/>
        <line num="93" count="147" type="stmt"/>
        <line num="94" count="65" type="stmt"/>
        <line num="95" count="65" type="stmt"/>
        <line num="96" count="65" type="stmt"/>
        <line num="97" count="65" type="stmt"/>
        <line num="98" count="65" type="stmt"/>
        <line num="99" count="65" type="stmt"/>
        <line num="100" count="65" type="stmt"/>
        <line num="101" count="65" type="stmt"/>
        <line num="102" count="65" type="stmt"/>
        <line num="103" count="65" type="stmt"/>
        <line num="104" count="65" type="cond" truecount="1" falsecount="0"/>
        <line num="105" count="65" type="stmt"/>
        <line num="106" count="65" type="stmt"/>
        <line num="107" count="65" type="stmt"/>
        <line num="108" count="65" type="stmt"/>
        <line num="109" count="65" type="cond" truecount="1" falsecount="0"/>
        <line num="111" count="147" type="cond" truecount="1" falsecount="0"/>
        <line num="112" count="147" type="stmt"/>
        <line num="113" count="147" type="stmt"/>
        <line num="114" count="147" type="stmt"/>
        <line num="115" count="147" type="stmt"/>
        <line num="116" count="147" type="cond" truecount="1" falsecount="0"/>
        <line num="117" count="147" type="stmt"/>
        <line num="119" count="147" type="stmt"/>
        <line num="120" count="147" type="stmt"/>
        <line num="121" count="147" type="stmt"/>
        <line num="122" count="147" type="stmt"/>
        <line num="123" count="147" type="stmt"/>
        <line num="124" count="147" type="stmt"/>
        <line num="126" count="147" type="stmt"/>
        <line num="127" count="147" type="stmt"/>
        <line num="128" count="147" type="stmt"/>
        <line num="129" count="147" type="stmt"/>
        <line num="131" count="65" type="stmt"/>
        <line num="132" count="65" type="stmt"/>
        <line num="134" count="65" type="stmt"/>
        <line num="135" count="65" type="stmt"/>
        <line num="137" count="65" type="stmt"/>
        <line num="138" count="65" type="stmt"/>
        <line num="139" count="65" type="stmt"/>
        <line num="140" count="65" type="stmt"/>
        <line num="141" count="65" type="cond" truecount="1" falsecount="0"/>
        <line num="142" count="65" type="cond" truecount="1" falsecount="0"/>
        <line num="143" count="2" type="cond" truecount="0" falsecount="1"/>
        <line num="145" count="65" type="stmt"/>
        <line num="146" count="65" type="stmt"/>
        <line num="147" count="65" type="stmt"/>
        <line num="148" count="65" type="stmt"/>
        <line num="149" count="65" type="stmt"/>
        <line num="150" count="65" type="cond" truecount="1" falsecount="0"/>
        <line num="151" count="65" type="cond" truecount="1" falsecount="0"/>
        <line num="152" count="1" type="cond" truecount="0" falsecount="1"/>
        <line num="154" count="65" type="stmt"/>
        <line num="155" count="65" type="stmt"/>
        <line num="156" count="65" type="stmt"/>
        <line num="157" count="65" type="stmt"/>
        <line num="158" count="65" type="stmt"/>
        <line num="159" count="65" type="stmt"/>
        <line num="160" count="65" type="stmt"/>
        <line num="161" count="65" type="stmt"/>
        <line num="162" count="65" type="stmt"/>
        <line num="165" count="65" type="stmt"/>
        <line num="166" count="65" type="stmt"/>
        <line num="167" count="65" type="stmt"/>
        <line num="168" count="65" type="stmt"/>
        <line num="169" count="65" type="stmt"/>
        <line num="170" count="65" type="stmt"/>
        <line num="171" count="65" type="stmt"/>
        <line num="172" count="65" type="stmt"/>
        <line num="173" count="65" type="stmt"/>
        <line num="174" count="65" type="stmt"/>
        <line num="175" count="65" type="stmt"/>
        <line num="176" count="65" type="stmt"/>
        <line num="177" count="65" type="stmt"/>
        <line num="178" count="65" type="cond" truecount="1" falsecount="0"/>
        <line num="179" count="147" type="cond" truecount="1" falsecount="0"/>
        <line num="180" count="147" type="stmt"/>
        <line num="181" count="147" type="stmt"/>
        <line num="182" count="65" type="stmt"/>
        <line num="183" count="65" type="stmt"/>
        <line num="185" count="65" type="stmt"/>
      </file>
      <file name="index.tsx" path="/Users/yuanye/myWork/voice-room/app/web/src/pages/rooms/index.tsx">
        <metrics statements="58" coveredstatements="58" conditionals="6" coveredconditionals="6" methods="3" coveredmethods="3"/>
        <line num="1" count="1" type="stmt"/>
        <line num="13" count="1" type="cond" truecount="1" falsecount="0"/>
        <line num="14" count="65" type="stmt"/>
        <line num="15" count="65" type="stmt"/>
        <line num="16" count="65" type="stmt"/>
        <line num="17" count="65" type="stmt"/>
        <line num="18" count="65" type="stmt"/>
        <line num="19" count="65" type="stmt"/>
        <line num="20" count="65" type="stmt"/>
        <line num="21" count="65" type="stmt"/>
        <line num="22" count="65" type="stmt"/>
        <line num="23" count="65" type="stmt"/>
        <line num="24" count="65" type="stmt"/>
        <line num="25" count="65" type="stmt"/>
        <line num="26" count="65" type="stmt"/>
        <line num="27" count="65" type="stmt"/>
        <line num="28" count="65" type="stmt"/>
        <line num="29" count="65" type="stmt"/>
        <line num="30" count="65" type="stmt"/>
        <line num="32" count="65" type="stmt"/>
        <line num="33" count="65" type="stmt"/>
        <line num="34" count="65" type="stmt"/>
        <line num="35" count="65" type="stmt"/>
        <line num="36" count="65" type="stmt"/>
        <line num="39" count="65" type="cond" truecount="1" falsecount="0"/>
        <line num="40" count="3" type="stmt"/>
        <line num="41" count="3" type="stmt"/>
        <line num="42" count="3" type="stmt"/>
        <line num="43" count="3" type="stmt"/>
        <line num="44" count="3" type="stmt"/>
        <line num="45" count="3" type="stmt"/>
        <line num="46" count="3" type="stmt"/>
        <line num="49" count="65" type="stmt"/>
        <line num="50" count="65" type="stmt"/>
        <line num="51" count="65" type="stmt"/>
        <line num="52" count="65" type="stmt"/>
        <line num="53" count="65" type="stmt"/>
        <line num="54" count="65" type="stmt"/>
        <line num="55" count="65" type="stmt"/>
        <line num="56" count="65" type="stmt"/>
        <line num="57" count="65" type="stmt"/>
        <line num="58" count="65" type="stmt"/>
        <line num="59" count="65" type="cond" truecount="2" falsecount="0"/>
        <line num="60" count="65" type="stmt"/>
        <line num="61" count="65" type="stmt"/>
        <line num="62" count="65" type="stmt"/>
        <line num="65" count="65" type="stmt"/>
        <line num="66" count="65" type="stmt"/>
        <line num="67" count="65" type="cond" truecount="1" falsecount="0"/>
        <line num="68" count="65" type="stmt"/>
        <line num="69" count="65" type="stmt"/>
        <line num="70" count="65" type="stmt"/>
        <line num="73" count="65" type="cond" truecount="1" falsecount="0"/>
        <line num="74" count="12" type="stmt"/>
        <line num="75" count="12" type="stmt"/>
        <line num="76" count="12" type="stmt"/>
        <line num="78" count="65" type="stmt"/>
        <line num="80" count="65" type="stmt"/>
      </file>
      <file name="useRoomDetail.ts" path="/Users/yuanye/myWork/voice-room/app/web/src/pages/rooms/useRoomDetail.ts">
        <metrics statements="39" coveredstatements="39" conditionals="11" coveredconditionals="10" methods="2" coveredmethods="2"/>
        <line num="1" count="1" type="stmt"/>
        <line num="17" count="1" type="cond" truecount="1" falsecount="0"/>
        <line num="21" count="89" type="stmt"/>
        <line num="22" count="89" type="stmt"/>
        <line num="23" count="89" type="stmt"/>
        <line num="24" count="89" type="stmt"/>
        <line num="26" count="89" type="cond" truecount="1" falsecount="0"/>
        <line num="28" count="30" type="cond" truecount="1" falsecount="0"/>
        <line num="29" count="16" type="stmt"/>
        <line num="30" count="16" type="stmt"/>
        <line num="31" count="16" type="stmt"/>
        <line num="32" count="16" type="stmt"/>
        <line num="33" count="16" type="cond" truecount="1" falsecount="0"/>
        <line num="35" count="14" type="stmt"/>
        <line num="38" count="14" type="stmt"/>
        <line num="39" count="14" type="stmt"/>
        <line num="40" count="14" type="stmt"/>
        <line num="42" count="14" type="cond" truecount="1" falsecount="0"/>
        <line num="43" count="14" type="stmt"/>
        <line num="44" count="14" type="cond" truecount="2" falsecount="0"/>
        <line num="45" count="8" type="stmt"/>
        <line num="46" count="8" type="stmt"/>
        <line num="47" count="10" type="cond" truecount="1" falsecount="0"/>
        <line num="50" count="2" type="stmt"/>
        <line num="51" count="2" type="cond" truecount="1" falsecount="0"/>
        <line num="52" count="1" type="stmt"/>
        <line num="53" count="1" type="stmt"/>
        <line num="54" count="2" type="cond" truecount="0" falsecount="1"/>
        <line num="55" count="2" type="stmt"/>
        <line num="56" count="2" type="stmt"/>
        <line num="57" count="2" type="stmt"/>
        <line num="58" count="14" type="stmt"/>
        <line num="60" count="14" type="stmt"/>
        <line num="63" count="14" type="cond" truecount="1" falsecount="0"/>
        <line num="64" count="14" type="stmt"/>
        <line num="65" count="14" type="stmt"/>
        <line num="66" count="89" type="stmt"/>
        <line num="68" count="89" type="stmt"/>
        <line num="69" count="89" type="stmt"/>
      </file>
      <file name="useRoomsPage.ts" path="/Users/yuanye/myWork/voice-room/app/web/src/pages/rooms/useRoomsPage.ts">
        <metrics statements="98" coveredstatements="98" conditionals="26" coveredconditionals="26" methods="2" coveredmethods="2"/>
        <line num="1" count="1" type="stmt"/>
        <line num="42" count="1" type="cond" truecount="1" falsecount="0"/>
        <line num="43" count="129" type="stmt"/>
        <line num="44" count="129" type="stmt"/>
        <line num="45" count="129" type="stmt"/>
        <line num="46" count="129" type="stmt"/>
        <line num="47" count="129" type="stmt"/>
        <line num="48" count="129" type="stmt"/>
        <line num="49" count="129" type="stmt"/>
        <line num="50" count="129" type="stmt"/>
        <line num="51" count="129" type="stmt"/>
        <line num="52" count="129" type="stmt"/>
        <line num="53" count="129" type="stmt"/>
        <line num="56" count="129" type="cond" truecount="1" falsecount="0"/>
        <line num="57" count="33" type="cond" truecount="1" falsecount="0"/>
        <line num="58" count="19" type="stmt"/>
        <line num="59" count="19" type="stmt"/>
        <line num="60" count="33" type="stmt"/>
        <line num="61" count="33" type="cond" truecount="1" falsecount="0"/>
        <line num="62" count="129" type="stmt"/>
        <line num="65" count="129" type="cond" truecount="1" falsecount="0"/>
        <line num="66" count="41" type="stmt"/>
        <line num="68" count="41" type="cond" truecount="1" falsecount="0"/>
        <line num="69" count="41" type="stmt"/>
        <line num="70" count="41" type="stmt"/>
        <line num="71" count="41" type="stmt"/>
        <line num="72" count="41" type="stmt"/>
        <line num="73" count="41" type="stmt"/>
        <line num="74" count="41" type="stmt"/>
        <line num="75" count="41" type="stmt"/>
        <line num="76" count="41" type="cond" truecount="1" falsecount="0"/>
        <line num="77" count="41" type="cond" truecount="1" falsecount="0"/>
        <line num="78" count="41" type="stmt"/>
        <line num="79" count="41" type="stmt"/>
        <line num="80" count="41" type="cond" truecount="1" falsecount="0"/>
        <line num="81" count="38" type="stmt"/>
        <line num="82" count="38" type="stmt"/>
        <line num="83" count="41" type="cond" truecount="1" falsecount="0"/>
        <line num="84" count="3" type="cond" truecount="2" falsecount="0"/>
        <line num="85" count="3" type="stmt"/>
        <line num="86" count="3" type="stmt"/>
        <line num="87" count="3" type="stmt"/>
        <line num="88" count="3" type="stmt"/>
        <line num="89" count="41" type="stmt"/>
        <line num="90" count="41" type="stmt"/>
        <line num="91" count="41" type="stmt"/>
        <line num="92" count="41" type="stmt"/>
        <line num="94" count="41" type="stmt"/>
        <line num="96" count="41" type="cond" truecount="1" falsecount="0"/>
        <line num="97" count="41" type="stmt"/>
        <line num="98" count="41" type="stmt"/>
        <line num="102" count="129" type="stmt"/>
        <line num="105" count="129" type="cond" truecount="1" falsecount="0"/>
        <line num="106" count="10" type="cond" truecount="1" falsecount="0"/>
        <line num="107" count="10" type="cond" truecount="1" falsecount="0"/>
        <line num="108" count="4" type="stmt"/>
        <line num="109" count="4" type="stmt"/>
        <line num="110" count="129" type="stmt"/>
        <line num="113" count="129" type="cond" truecount="1" falsecount="0"/>
        <line num="114" count="2" type="stmt"/>
        <line num="115" count="2" type="stmt"/>
        <line num="116" count="129" type="stmt"/>
        <line num="119" count="129" type="cond" truecount="1" falsecount="0"/>
        <line num="120" count="3" type="cond" truecount="1" falsecount="0"/>
        <line num="121" count="129" type="stmt"/>
        <line num="124" count="129" type="stmt"/>
        <line num="125" count="129" type="cond" truecount="1" falsecount="0"/>
        <line num="126" count="7" type="stmt"/>
        <line num="127" count="7" type="stmt"/>
        <line num="128" count="7" type="cond" truecount="2" falsecount="0"/>
        <line num="129" count="3" type="stmt"/>
        <line num="130" count="5" type="cond" truecount="1" falsecount="0"/>
        <line num="131" count="4" type="cond" truecount="2" falsecount="0"/>
        <line num="132" count="4" type="stmt"/>
        <line num="133" count="4" type="stmt"/>
        <line num="134" count="7" type="cond" truecount="1" falsecount="0"/>
        <line num="135" count="7" type="stmt"/>
        <line num="136" count="7" type="stmt"/>
        <line num="137" count="7" type="stmt"/>
        <line num="138" count="129" type="stmt"/>
        <line num="139" count="129" type="stmt"/>
        <line num="141" count="129" type="stmt"/>
        <line num="142" count="129" type="stmt"/>
        <line num="143" count="129" type="stmt"/>
        <line num="144" count="129" type="stmt"/>
        <line num="145" count="129" type="stmt"/>
        <line num="146" count="129" type="stmt"/>
        <line num="147" count="129" type="stmt"/>
        <line num="148" count="129" type="stmt"/>
        <line num="149" count="129" type="stmt"/>
        <line num="150" count="129" type="stmt"/>
        <line num="151" count="129" type="stmt"/>
        <line num="152" count="129" type="stmt"/>
        <line num="153" count="129" type="stmt"/>
        <line num="154" count="129" type="stmt"/>
        <line num="155" count="129" type="stmt"/>
        <line num="156" count="129" type="stmt"/>
        <line num="157" count="129" type="stmt"/>
      </file>
    </package>
    <package name="src.pages.users">
      <metrics statements="326" coveredstatements="326" conditionals="54" coveredconditionals="50" methods="13" coveredmethods="13"/>
      <file name="UserSearchForm.tsx" path="/Users/yuanye/myWork/voice-room/app/web/src/pages/users/UserSearchForm.tsx">
        <metrics statements="76" coveredstatements="76" conditionals="12" coveredconditionals="12" methods="3" coveredmethods="3"/>
        <line num="1" count="1" type="stmt"/>
        <line num="20" count="1" type="cond" truecount="1" falsecount="0"/>
        <line num="21" count="48" type="stmt"/>
        <line num="22" count="48" type="stmt"/>
        <line num="27" count="48" type="stmt"/>
        <line num="30" count="48" type="cond" truecount="1" falsecount="0"/>
        <line num="31" count="22" type="stmt"/>
        <line num="32" count="22" type="cond" truecount="2" falsecount="0"/>
        <line num="33" count="22" type="cond" truecount="1" falsecount="0"/>
        <line num="34" count="22" type="cond" truecount="1" falsecount="0"/>
        <line num="35" count="22" type="cond" truecount="1" falsecount="0"/>
        <line num="36" count="22" type="stmt"/>
        <line num="37" count="48" type="stmt"/>
        <line num="39" count="48" type="cond" truecount="1" falsecount="0"/>
        <line num="40" count="6" type="stmt"/>
        <line num="41" count="6" type="stmt"/>
        <line num="42" count="6" type="cond" truecount="1" falsecount="0"/>
        <line num="43" count="6" type="stmt"/>
        <line num="44" count="6" type="cond" truecount="1" falsecount="0"/>
        <line num="45" count="6" type="cond" truecount="1" falsecount="0"/>
        <line num="46" count="6" type="stmt"/>
        <line num="47" count="6" type="stmt"/>
        <line num="49" count="48" type="cond" truecount="1" falsecount="0"/>
        <line num="50" count="4" type="stmt"/>
        <line num="51" count="4" type="stmt"/>
        <line num="52" count="4" type="stmt"/>
        <line num="54" count="48" type="stmt"/>
        <line num="55" count="48" type="stmt"/>
        <line num="56" count="48" type="stmt"/>
        <line num="57" count="48" type="stmt"/>
        <line num="58" count="48" type="stmt"/>
        <line num="60" count="48" type="stmt"/>
        <line num="61" count="48" type="stmt"/>
        <line num="62" count="48" type="stmt"/>
[...]
        <line num="89" count="48" type="stmt"/>
        <line num="90" count="48" type="stmt"/>
        <line num="91" count="48" type="stmt"/>
        <line num="92" count="48" type="stmt"/>
        <line num="93" count="48" type="stmt"/>
        <line num="94" count="48" type="stmt"/>
        <line num="95" count="48" type="stmt"/>
        <line num="96" count="48" type="stmt"/>
        <line num="98" count="48" type="stmt"/>
        <line num="99" count="48" type="stmt"/>
        <line num="100" count="48" type="stmt"/>
        <line num="101" count="48" type="stmt"/>
        <line num="102" count="48" type="stmt"/>
        <line num="103" count="48" type="stmt"/>
        <line num="104" count="48" type="stmt"/>
        <line num="105" count="48" type="stmt"/>
        <line num="106" count="48" type="stmt"/>
        <line num="107" count="48" type="stmt"/>
        <line num="108" count="48" type="stmt"/>
        <line num="110" count="48" type="stmt"/>
      </file>
      <file name="UserStatusTag.tsx" path="/Users/yuanye/myWork/voice-room/app/web/src/pages/users/UserStatusTag.tsx">
        <metrics statements="14" coveredstatements="14" conditionals="3" coveredconditionals="3" methods="1" coveredmethods="1"/>
        <line num="1" count="1" type="stmt"/>
        <line num="15" count="1" type="cond" truecount="1" falsecount="0"/>
        <line num="16" count="99" type="stmt"/>
        <line num="18" count="99" type="cond" truecount="1" falsecount="0"/>
        <line num="19" count="88" type="stmt"/>
        <line num="20" count="88" type="stmt"/>
        <line num="21" count="88" type="stmt"/>
        <line num="22" count="88" type="stmt"/>
        <line num="24" count="88" type="cond" truecount="1" falsecount="0"/>
        <line num="26" count="11" type="stmt"/>
        <line num="27" count="11" type="stmt"/>
        <line num="28" count="11" type="stmt"/>
        <line num="29" count="11" type="stmt"/>
        <line num="31" count="11" type="stmt"/>
      </file>
      <file name="UsersTable.tsx" path="/Users/yuanye/myWork/voice-room/app/web/src/pages/users/UsersTable.tsx">
        <metrics statements="99" coveredstatements="99" conditionals="5" coveredconditionals="5" methods="5" coveredmethods="5"/>
        <line num="1" count="1" type="stmt"/>
        <line num="27" count="1" type="cond" truecount="1" falsecount="0"/>
        <line num="28" count="49" type="stmt"/>
        <line num="29" count="49" type="stmt"/>
        <line num="30" count="49" type="stmt"/>
        <line num="31" count="49" type="stmt"/>
        <line num="32" count="49" type="stmt"/>
        <line num="33" count="49" type="stmt"/>
        <line num="34" count="49" type="stmt"/>
        <line num="35" count="49" type="stmt"/>
        <line num="36" count="49" type="stmt"/>
        <line num="38" count="49" type="stmt"/>
        <line num="39" count="49" type="stmt"/>
        <line num="40" count="49" type="stmt"/>
        <line num="41" count="49" type="stmt"/>
        <line num="42" count="49" type="stmt"/>
        <line num="43" count="49" type="stmt"/>
        <line num="44" count="49" type="stmt"/>
        <line num="45" count="49" type="stmt"/>
        <line num="46" count="49" type="stmt"/>
        <line num="47" count="49" type="stmt"/>
        <line num="48" count="49" type="stmt"/>
        <line num="49" count="49" type="stmt"/>
        <line num="50" count="49" type="stmt"/>
        <line num="51" count="49" type="stmt"/>
        <line num="52" count="49" type="stmt"/>
        <line num="53" count="49" type="stmt"/>
        <line num="54" count="49" type="stmt"/>
        <line num="55" count="49" type="stmt"/>
        <line num="56" count="49" type="stmt"/>
        <line num="57" count="49" type="stmt"/>
        <line num="58" count="49" type="stmt"/>
        <line num="59" count="49" type="stmt"/>
        <line num="60" count="49" type="stmt"/>
        <line num="61" count="49" type="cond" truecount="1" falsecount="0"/>
        <line num="62" count="99" type="stmt"/>
        <line num="64" count="49" type="stmt"/>
        <line num="65" count="49" type="stmt"/>
        <line num="66" count="49" type="stmt"/>
        <line num="67" count="49" type="stmt"/>
        <line num="68" count="49" type="stmt"/>
        <line num="69" count="49" type="stmt"/>
        <line num="70" count="49" type="stmt"/>
        <line num="71" count="49" type="stmt"/>
        <line num="72" count="49" type="stmt"/>
        <line num="73" count="49" type="stmt"/>
        <line num="74" count="49" type="stmt"/>
        <line num="75" count="49" type="stmt"/>
        <line num="76" count="49" type="stmt"/>
        <line num="77" count="49" type="stmt"/>
        <line num="78" count="49" type="stmt"/>
        <line num="79" count="49" type="stmt"/>
        <line num="80" count="49" type="cond" truecount="1" falsecount="0"/>
        <line num="81" count="49" type="stmt"/>
        <line num="82" count="49" type="stmt"/>
        <line num="83" count="49" type="stmt"/>
        <line num="84" count="49" type="stmt"/>
        <line num="85" count="49" type="stmt"/>
        <line num="86" count="49" type="cond" truecount="1" falsecount="0"/>
        <line num="87" count="49" type="stmt"/>
        <line num="88" count="49" type="stmt"/>
        <line num="89" count="49" type="stmt"/>
        <line num="90" count="49" type="stmt"/>
        <line num="91" count="49" type="cond" truecount="1" falsecount="0"/>
        <line num="93" count="99" type="stmt"/>
        <line num="94" count="99" type="stmt"/>
        <line num="95" count="99" type="stmt"/>
        <line num="96" count="99" type="stmt"/>
        <line num="98" count="99" type="stmt"/>
        <line num="99" count="99" type="stmt"/>
        <line num="101" count="49" type="stmt"/>
        <line num="102" count="49" type="stmt"/>
        <line num="104" count="49" type="stmt"/>
        <line num="105" count="49" type="stmt"/>
        <line num="107" count="49" type="stmt"/>
        <line num="108" count="49" type="stmt"/>
        <line num="109" count="49" type="stmt"/>
        <line num="110" count="49" type="stmt"/>
        <line num="111" count="49" type="stmt"/>
        <line num="112" count="49" type="stmt"/>
        <line num="114" count="49" type="stmt"/>
        <line num="115" count="49" type="stmt"/>
        <line num="116" count="49" type="stmt"/>
        <line num="119" count="49" type="stmt"/>
        <line num="120" count="49" type="stmt"/>
        <line num="121" count="49" type="stmt"/>
        <line num="122" count="49" type="stmt"/>
        <line num="123" count="49" type="stmt"/>
        <line num="124" count="49" type="stmt"/>
        <line num="125" count="49" type="stmt"/>
        <line num="126" count="49" type="stmt"/>
        <line num="127" count="49" type="stmt"/>
        <line num="128" count="49" type="stmt"/>
        <line num="129" count="49" type="stmt"/>
        <line num="130" count="49" type="stmt"/>
        <line num="131" count="49" type="stmt"/>
        <line num="132" count="49" type="stmt"/>
        <line num="133" count="49" type="stmt"/>
        <line num="135" count="49" type="stmt"/>
      </file>
      <file name="index.tsx" path="/Users/yuanye/myWork/voice-room/app/web/src/pages/users/index.tsx">
        <metrics statements="47" coveredstatements="47" conditionals="3" coveredconditionals="3" methods="2" coveredmethods="2"/>
        <line num="1" count="1" type="stmt"/>
        <line num="13" count="1" type="cond" truecount="1" falsecount="0"/>
        <line num="14" count="44" type="stmt"/>
        <line num="15" count="44" type="stmt"/>
        <line num="16" count="44" type="stmt"/>
        <line num="17" count="44" type="stmt"/>
        <line num="18" count="44" type="stmt"/>
        <line num="19" count="44" type="stmt"/>
        <line num="20" count="44" type="stmt"/>
        <line num="21" count="44" type="stmt"/>
        <line num="22" count="44" type="stmt"/>
        <line num="23" count="44" type="stmt"/>
        <line num="24" count="44" type="stmt"/>
        <line num="25" count="44" type="stmt"/>
        <line num="26" count="44" type="stmt"/>
        <line num="28" count="44" type="cond" truecount="1" falsecount="0"/>
        <line num="29" count="1" type="stmt"/>
        <line num="30" count="1" type="stmt"/>
        <line num="32" count="44" type="stmt"/>
        <line num="33" count="44" type="stmt"/>
        <line num="34" count="44" type="stmt"/>
        <line num="35" count="44" type="stmt"/>
        <line num="36" count="44" type="stmt"/>
        <line num="39" count="44" type="cond" truecount="1" falsecount="0"/>
        <line num="40" count="1" type="stmt"/>
        <line num="41" count="1" type="stmt"/>
        <line num="42" count="1" type="stmt"/>
        <line num="43" count="1" type="stmt"/>
        <line num="44" count="1" type="stmt"/>
        <line num="45" count="1" type="stmt"/>
        <line num="46" count="1" type="stmt"/>
        <line num="50" count="44" type="stmt"/>
        <line num="51" count="44" type="stmt"/>
        <line num="52" count="44" type="stmt"/>
        <line num="53" count="44" type="stmt"/>
        <line num="54" count="44" type="stmt"/>
        <line num="57" count="44" type="stmt"/>
        <line num="58" count="44" type="stmt"/>
        <line num="59" count="44" type="stmt"/>
        <line num="60" count="44" type="stmt"/>
        <line num="61" count="44" type="stmt"/>
        <line num="62" count="44" type="stmt"/>
        <line num="63" count="44" type="stmt"/>
        <line num="64" count="44" type="stmt"/>
        <line num="65" count="44" type="stmt"/>
        <line num="66" count="44" type="stmt"/>
        <line num="68" count="44" type="stmt"/>
      </file>
      <file name="useUsersPage.ts" path="/Users/yuanye/myWork/voice-room/app/web/src/pages/users/useUsersPage.ts">
        <metrics statements="90" coveredstatements="90" conditionals="31" coveredconditionals="27" methods="2" coveredmethods="2"/>
        <line num="1" count="1" type="stmt"/>
        <line num="40" count="1" type="cond" truecount="1" falsecount="0"/>
        <line num="41" count="84" type="stmt"/>
        <line num="44" count="84" type="cond" truecount="1" falsecount="0"/>
        <line num="45" count="17" type="cond" truecount="1" falsecount="0"/>
        <line num="46" count="17" type="stmt"/>
        <line num="47" count="17" type="stmt"/>
        <line num="48" count="17" type="cond" truecount="1" falsecount="0"/>
        <line num="49" count="84" type="stmt"/>
        <line num="51" count="84" type="cond" truecount="1" falsecount="0"/>
        <line num="52" count="17" type="stmt"/>
        <line num="53" count="17" type="cond" truecount="2" falsecount="0"/>
        <line num="54" count="84" type="stmt"/>
        <line num="56" count="84" type="cond" truecount="1" falsecount="0"/>
        <line num="57" count="17" type="stmt"/>
        <line num="58" count="17" type="cond" truecount="0" falsecount="1"/>
        <line num="59" count="84" type="stmt"/>
        <line num="61" count="84" type="stmt"/>
        <line num="62" count="84" type="stmt"/>
        <line num="63" count="84" type="stmt"/>
        <line num="64" count="84" type="stmt"/>
        <line num="65" count="84" type="stmt"/>
        <line num="68" count="84" type="cond" truecount="1" falsecount="0"/>
        <line num="69" count="27" type="stmt"/>
        <line num="70" count="27" type="cond" truecount="1" falsecount="0"/>
        <line num="71" count="27" type="cond" truecount="1" falsecount="0"/>
        <line num="72" count="27" type="cond" truecount="0" falsecount="1"/>
        <line num="73" count="27" type="cond" truecount="1" falsecount="0"/>
        <line num="74" count="27" type="cond" truecount="1" falsecount="0"/>
        <line num="75" count="27" type="cond" truecount="0" falsecount="1"/>
        <line num="76" count="27" type="stmt"/>
        <line num="78" count="84" type="stmt"/>
        <line num="81" count="84" type="cond" truecount="1" falsecount="0"/>
        <line num="82" count="28" type="stmt"/>
        <line num="84" count="28" type="cond" truecount="1" falsecount="0"/>
        <line num="85" count="28" type="stmt"/>
        <line num="86" count="28" type="stmt"/>
        <line num="87" count="28" type="stmt"/>
        <line num="88" count="28" type="stmt"/>
        <line num="89" count="28" type="stmt"/>
        <line num="90" count="28" type="stmt"/>
        <line num="91" count="28" type="stmt"/>
        <line num="92" count="28" type="cond" truecount="1" falsecount="0"/>
        <line num="93" count="28" type="cond" truecount="1" falsecount="0"/>
        <line num="94" count="28" type="cond" truecount="0" falsecount="1"/>
        <line num="95" count="28" type="cond" truecount="1" falsecount="0"/>
        <line num="96" count="28" type="stmt"/>
        <line num="97" count="28" type="stmt"/>
        <line num="98" count="28" type="cond" truecount="1" falsecount="0"/>
        <line num="99" count="25" type="stmt"/>
        <line num="100" count="25" type="stmt"/>
        <line num="101" count="28" type="cond" truecount="1" falsecount="0"/>
        <line num="102" count="3" type="cond" truecount="2" falsecount="0"/>
        <line num="103" count="3" type="stmt"/>
        <line num="104" count="3" type="stmt"/>
        <line num="105" count="3" type="stmt"/>
        <line num="106" count="3" type="stmt"/>
        <line num="107" count="28" type="stmt"/>
        <line num="108" count="28" type="stmt"/>
        <line num="109" count="28" type="stmt"/>
        <line num="110" count="28" type="stmt"/>
        <line num="112" count="28" type="stmt"/>
        <line num="114" count="28" type="cond" truecount="1" falsecount="0"/>
        <line num="115" count="28" type="stmt"/>
        <line num="116" count="28" type="stmt"/>
        <line num="119" count="84" type="stmt"/>
        <line num="122" count="84" type="cond" truecount="1" falsecount="0"/>
        <line num="123" count="7" type="stmt"/>
        <line num="124" count="7" type="stmt"/>
        <line num="125" count="84" type="stmt"/>
        <line num="128" count="84" type="cond" truecount="1" falsecount="0"/>
        <line num="129" count="3" type="stmt"/>
        <line num="130" count="3" type="stmt"/>
        <line num="131" count="84" type="stmt"/>
        <line num="134" count="84" type="cond" truecount="1" falsecount="0"/>
        <line num="135" count="1" type="cond" truecount="1" falsecount="0"/>
        <line num="136" count="84" type="stmt"/>
        <line num="138" count="84" type="stmt"/>
        <line num="139" count="84" type="stmt"/>
        <line num="140" count="84" type="stmt"/>
        <line num="141" count="84" type="stmt"/>
        <line num="142" count="84" type="stmt"/>
        <line num="143" count="84" type="stmt"/>
        <line num="144" count="84" type="stmt"/>
        <line num="145" count="84" type="stmt"/>
        <line num="146" count="84" type="stmt"/>
        <line num="147" count="84" type="stmt"/>
        <line num="148" count="84" type="stmt"/>
        <line num="149" count="84" type="stmt"/>
        <line num="150" count="84" type="stmt"/>
      </file>
    </package>
    <package name="src.router">
      <metrics statements="13" coveredstatements="13" conditionals="1" coveredconditionals="1" methods="1" coveredmethods="1"/>
      <file name="index.tsx" path="/Users/yuanye/myWork/voice-room/app/web/src/router/index.tsx">
        <metrics statements="13" coveredstatements="13" conditionals="1" coveredconditionals="1" methods="1" coveredmethods="1"/>
        <line num="1" count="1" type="stmt"/>
        <line num="19" count="1" type="cond" truecount="1" falsecount="0"/>
        <line num="20" count="5" type="stmt"/>
        <line num="21" count="5" type="stmt"/>
        <line num="23" count="5" type="stmt"/>
        <line num="26" count="5" type="stmt"/>
        <line num="29" count="5" type="stmt"/>
        <line num="30" count="5" type="stmt"/>
        <line num="31" count="5" type="stmt"/>
        <line num="32" count="5" type="stmt"/>
        <line num="33" count="5" type="stmt"/>
        <line num="34" count="5" type="stmt"/>
        <line num="36" count="5" type="stmt"/>
      </file>
    </package>
    <package name="src.services">
      <metrics statements="1" coveredstatements="0" conditionals="1" coveredconditionals="0" methods="1" coveredmethods="0"/>
      <file name="index.ts" path="/Users/yuanye/myWork/voice-room/app/web/src/services/index.ts">
        <metrics statements="1" coveredstatements="0" conditionals="1" coveredconditionals="0" methods="1" coveredmethods="0"/>
        <line num="1" count="0" type="cond" truecount="0" falsecount="1"/>
      </file>
    </package>
    <package name="src.stores">
      <metrics statements="49" coveredstatements="49" conditionals="20" coveredconditionals="20" methods="5" coveredmethods="5"/>
      <file name="useAuthStore.ts" path="/Users/yuanye/myWork/voice-room/app/web/src/stores/useAuthStore.ts">
        <metrics statements="49" coveredstatements="49" conditionals="20" coveredconditionals="20" methods="5" coveredmethods="5"/>
        <line num="1" count="1" type="stmt"/>
        <line num="24" count="1" type="stmt"/>
        <line num="39" count="21" type="cond" truecount="1" falsecount="0"/>
        <line num="40" count="21" type="stmt"/>
        <line num="41" count="21" type="stmt"/>
        <line num="42" count="21" type="cond" truecount="2" falsecount="0"/>
        <line num="44" count="19" type="stmt"/>
        <line num="45" count="19" type="stmt"/>
        <line num="46" count="19" type="stmt"/>
        <line num="47" count="19" type="stmt"/>
        <line num="48" count="21" type="cond" truecount="1" falsecount="0"/>
        <line num="49" count="2" type="stmt"/>
        <line num="50" count="2" type="stmt"/>
        <line num="51" count="21" type="stmt"/>
        <line num="56" count="28" type="cond" truecount="1" falsecount="0"/>
        <line num="57" count="28" type="cond" truecount="2" falsecount="0"/>
        <line num="58" count="21" type="stmt"/>
        <line num="59" count="28" type="cond" truecount="2" falsecount="0"/>
        <line num="60" count="17" type="stmt"/>
        <line num="61" count="28" type="cond" truecount="2" falsecount="0"/>
        <line num="62" count="15" type="stmt"/>
        <line num="63" count="15" type="stmt"/>
        <line num="66" count="1" type="stmt"/>
        <line num="68" count="1" type="cond" truecount="1" falsecount="0"/>
        <line num="69" count="17" type="stmt"/>
        <line num="70" count="17" type="stmt"/>
        <line num="71" count="17" type="stmt"/>
        <line num="73" count="17" type="cond" truecount="1" falsecount="0"/>
        <line num="74" count="4" type="cond" truecount="1" falsecount="0"/>
        <line num="75" count="3" type="stmt"/>
        <line num="76" count="3" type="stmt"/>
        <line num="77" count="3" type="stmt"/>
        <line num="78" count="3" type="stmt"/>
        <line num="79" count="3" type="stmt"/>
        <line num="80" count="3" type="stmt"/>
        <line num="81" count="4" type="stmt"/>
        <line num="83" count="17" type="cond" truecount="1" falsecount="0"/>
        <line num="84" count="7" type="stmt"/>
        <line num="85" count="7" type="stmt"/>
        <line num="86" count="7" type="stmt"/>
        <line num="88" count="17" type="cond" truecount="1" falsecount="0"/>
        <line num="89" count="8" type="stmt"/>
        <line num="90" count="8" type="cond" truecount="2" falsecount="0"/>
        <line num="92" count="8" type="cond" truecount="1" falsecount="0"/>
        <line num="93" count="5" type="stmt"/>
        <line num="94" count="5" type="cond" truecount="1" falsecount="0"/>
        <line num="95" count="6" type="stmt"/>
        <line num="96" count="8" type="stmt"/>
        <line num="97" count="1" type="stmt"/>
      </file>
    </package>
  </project>
</coverage>
