{"/Users/yuanye/myWork/voice-room/app/web/src/main.tsx": {"path":"/Users/yuanye/myWork/voice-room/app/web/src/main.tsx","all":true,"statementMap":{"0":{"start":{"line":1,"column":0},"end":{"line":1,"column":26}},"1":{"start":{"line":2,"column":0},"end":{"line":2,"column":40}},"3":{"start":{"line":4,"column":0},"end":{"line":4,"column":32}},"5":{"start":{"line":6,"column":0},"end":{"line":6,"column":61}},"6":{"start":{"line":7,"column":0},"end":{"line":7,"column":20}},"7":{"start":{"line":8,"column":0},"end":{"line":8,"column":11}},"8":{"start":{"line":9,"column":0},"end":{"line":9,"column":22}},"9":{"start":{"line":10,"column":0},"end":{"line":10,"column":2}}},"s":{"0":0,"1":0,"3":0,"5":0,"6":0,"7":0,"8":0,"9":0},"branchMap":{"0":{"type":"branch","line":1,"loc":{"start":{"line":1,"column":223},"end":{"line":10,"column":2}},"locations":[{"start":{"line":1,"column":223},"end":{"line":10,"column":2}}]}},"b":{"0":[0]},"fnMap":{"0":{"name":"(empty-report)","decl":{"start":{"line":1,"column":223},"end":{"line":10,"column":2}},"loc":{"start":{"line":1,"column":223},"end":{"line":10,"column":2}},"line":1}},"f":{"0":0}}
,"/Users/yuanye/myWork/voice-room/app/web/src/api/client.ts": {"path":"/Users/yuanye/myWork/voice-room/app/web/src/api/client.ts","all":true,"statementMap":{"0":{"start":{"line":1,"column":0},"end":{"line":1,"column":44}},"3":{"start":{"line":4,"column":0},"end":{"line":4,"column":67}},"4":{"start":{"line":5,"column":0},"end":{"line":5,"column":65}},"5":{"start":{"line":6,"column":0},"end":{"line":6,"column":1}}},"s":{"0":0,"3":0,"4":0,"5":0},"branchMap":{"0":{"type":"branch","line":1,"loc":{"start":{"line":1,"column":229},"end":{"line":6,"column":1}},"locations":[{"start":{"line":1,"column":229},"end":{"line":6,"column":1}}]}},"b":{"0":[0]},"fnMap":{"0":{"name":"(empty-report)","decl":{"start":{"line":1,"column":229},"end":{"line":6,"column":1}},"loc":{"start":{"line":1,"column":229},"end":{"line":6,"column":1}},"line":1}},"f":{"0":0}}
,"/Users/yuanye/myWork/voice-room/app/web/src/app/App.tsx": {"path":"/Users/yuanye/myWork/voice-room/app/web/src/app/App.tsx","all":true,"statementMap":{"0":{"start":{"line":1,"column":0},"end":{"line":1,"column":3}},"9":{"start":{"line":10,"column":0},"end":{"line":10,"column":23}},"10":{"start":{"line":11,"column":0},"end":{"line":11,"column":10}},"11":{"start":{"line":12,"column":0},"end":{"line":12,"column":19}},"12":{"start":{"line":13,"column":0},"end":{"line":13,"column":19}},"13":{"start":{"line":14,"column":0},"end":{"line":14,"column":20}},"15":{"start":{"line":16,"column":0},"end":{"line":16,"column":1}}},"s":{"0":0,"9":0,"10":0,"11":0,"12":0,"13":0,"15":0},"branchMap":{"0":{"type":"branch","line":1,"loc":{"start":{"line":1,"column":302},"end":{"line":16,"column":1}},"locations":[{"start":{"line":1,"column":302},"end":{"line":16,"column":1}}]}},"b":{"0":[0]},"fnMap":{"0":{"name":"(empty-report)","decl":{"start":{"line":1,"column":302},"end":{"line":16,"column":1}},"loc":{"start":{"line":1,"column":302},"end":{"line":16,"column":1}},"line":1}},"f":{"0":0}}
,"/Users/yuanye/myWork/voice-room/app/web/src/components/AuthGuard.tsx": {"path":"/Users/yuanye/myWork/voice-room/app/web/src/components/AuthGuard.tsx","all":false,"statementMap":{"0":{"start":{"line":1,"column":0},"end":{"line":1,"column":3}},"17":{"start":{"line":18,"column":0},"end":{"line":18,"column":29}},"18":{"start":{"line":19,"column":0},"end":{"line":19,"column":53}},"20":{"start":{"line":21,"column":0},"end":{"line":21,"column":21}},"21":{"start":{"line":22,"column":0},"end":{"line":22,"column":44}},"22":{"start":{"line":23,"column":0},"end":{"line":23,"column":3}},"24":{"start":{"line":25,"column":0},"end":{"line":25,"column":20}},"25":{"start":{"line":26,"column":0},"end":{"line":26,"column":1}}},"s":{"0":1,"17":1,"18":10,"20":10,"21":5,"22":5,"24":5,"25":5},"branchMap":{"0":{"type":"branch","line":18,"loc":{"start":{"line":18,"column":7},"end":{"line":26,"column":1}},"locations":[{"start":{"line":18,"column":7},"end":{"line":26,"column":1}}]},"1":{"type":"branch","line":21,"loc":{"start":{"line":21,"column":20},"end":{"line":26,"column":1}},"locations":[{"start":{"line":21,"column":20},"end":{"line":26,"column":1}}]},"2":{"type":"branch","line":19,"loc":{"start":{"line":19,"column":33},"end":{"line":19,"column":51}},"locations":[{"start":{"line":19,"column":33},"end":{"line":19,"column":51}}]}},"b":{"0":[10],"1":[5],"2":[10]},"fnMap":{"0":{"name":"AuthGuard","decl":{"start":{"line":18,"column":7},"end":{"line":26,"column":1}},"loc":{"start":{"line":18,"column":7},"end":{"line":26,"column":1}},"line":18}},"f":{"0":10}}
,"/Users/yuanye/myWork/voice-room/app/web/src/core/config/env.ts": {"path":"/Users/yuanye/myWork/voice-room/app/web/src/core/config/env.ts","all":false,"statementMap":{"0":{"start":{"line":1,"column":0},"end":{"line":1,"column":23}},"1":{"start":{"line":2,"column":0},"end":{"line":2,"column":48}},"2":{"start":{"line":3,"column":0},"end":{"line":3,"column":37}},"3":{"start":{"line":4,"column":0},"end":{"line":4,"column":61}},"4":{"start":{"line":5,"column":0},"end":{"line":5,"column":11}}},"s":{"0":1,"1":1,"2":1,"3":1,"4":1},"branchMap":{},"b":{},"fnMap":{},"f":{}}
,"/Users/yuanye/myWork/voice-room/app/web/src/core/network/apiClient.ts": {"path":"/Users/yuanye/myWork/voice-room/app/web/src/core/network/apiClient.ts","all":false,"statementMap":{"0":{"start":{"line":1,"column":0},"end":{"line":1,"column":3}},"47":{"start":{"line":48,"column":0},"end":{"line":48,"column":39}},"48":{"start":{"line":49,"column":0},"end":{"line":49,"column":10}},"49":{"start":{"line":50,"column":0},"end":{"line":50,"column":70}},"50":{"start":{"line":51,"column":0},"end":{"line":51,"column":40}},"52":{"start":{"line":53,"column":0},"end":{"line":53,"column":1}},"54":{"start":{"line":55,"column":0},"end":{"line":55,"column":29}},"55":{"start":{"line":56,"column":0},"end":{"line":56,"column":15}},"56":{"start":{"line":57,"column":0},"end":{"line":57,"column":21}},"57":{"start":{"line":58,"column":0},"end":{"line":58,"column":28}},"58":{"start":{"line":59,"column":0},"end":{"line":59,"column":55}},"59":{"start":{"line":60,"column":0},"end":{"line":60,"column":31}},"61":{"start":{"line":62,"column":0},"end":{"line":62,"column":54}},"62":{"start":{"line":63,"column":0},"end":{"line":63,"column":43}},"63":{"start":{"line":64,"column":0},"end":{"line":64,"column":39}},"64":{"start":{"line":65,"column":0},"end":{"line":65,"column":59}},"65":{"start":{"line":66,"column":0},"end":{"line":66,"column":61}},"66":{"start":{"line":67,"column":0},"end":{"line":67,"column":4}},"69":{"start":{"line":70,"column":0},"end":{"line":70,"column":43}},"70":{"start":{"line":71,"column":0},"end":{"line":71,"column":61}},"74":{"start":{"line":75,"column":0},"end":{"line":75,"column":21}},"75":{"start":{"line":76,"column":0},"end":{"line":76,"column":30}},"76":{"start":{"line":77,"column":0},"end":{"line":77,"column":26}},"77":{"start":{"line":78,"column":0},"end":{"line":78,"column":25}},"78":{"start":{"line":79,"column":0},"end":{"line":79,"column":12}},"79":{"start":{"line":80,"column":0},"end":{"line":80,"column":71}},"80":{"start":{"line":81,"column":0},"end":{"line":81,"column":19}},"81":{"start":{"line":82,"column":0},"end":{"line":82,"column":9}},"82":{"start":{"line":83,"column":0},"end":{"line":83,"column":5}},"83":{"start":{"line":84,"column":0},"end":{"line":84,"column":3}},"85":{"start":{"line":86,"column":0},"end":{"line":86,"column":7}},"86":{"start":{"line":87,"column":0},"end":{"line":87,"column":87}},"89":{"start":{"line":90,"column":0},"end":{"line":90,"column":23}},"92":{"start":{"line":93,"column":0},"end":{"line":93,"column":45}},"93":{"start":{"line":94,"column":0},"end":{"line":94,"column":41}},"94":{"start":{"line":95,"column":0},"end":{"line":95,"column":40}},"95":{"start":{"line":96,"column":0},"end":{"line":96,"column":40}},"96":{"start":{"line":97,"column":0},"end":{"line":97,"column":7}},"98":{"start":{"line":99,"column":0},"end":{"line":99,"column":52}},"99":{"start":{"line":100,"column":0},"end":{"line":100,"column":11}},"100":{"start":{"line":101,"column":0},"end":{"line":101,"column":46}},"101":{"start":{"line":102,"column":0},"end":{"line":102,"column":71}},"102":{"start":{"line":103,"column":0},"end":{"line":103,"column":15}},"104":{"start":{"line":105,"column":0},"end":{"line":105,"column":7}},"105":{"start":{"line":106,"column":0},"end":{"line":106,"column":31}},"106":{"start":{"line":107,"column":0},"end":{"line":107,"column":5}},"108":{"start":{"line":109,"column":0},"end":{"line":109,"column":59}},"110":{"start":{"line":111,"column":0},"end":{"line":111,"column":26}},"111":{"start":{"line":112,"column":0},"end":{"line":112,"column":36}},"112":{"start":{"line":113,"column":0},"end":{"line":113,"column":5}},"114":{"start":{"line":115,"column":0},"end":{"line":115,"column":16}},"115":{"start":{"line":116,"column":0},"end":{"line":116,"column":13}},"116":{"start":{"line":117,"column":0},"end":{"line":117,"column":24}},"117":{"start":{"line":118,"column":0},"end":{"line":118,"column":3}},"118":{"start":{"line":119,"column":0},"end":{"line":119,"column":1}},"123":{"start":{"line":124,"column":0},"end":{"line":124,"column":33}},"124":{"start":{"line":125,"column":0},"end":{"line":125,"column":25}},"125":{"start":{"line":126,"column":0},"end":{"line":126,"column":28}},"126":{"start":{"line":127,"column":0},"end":{"line":127,"column":58}},"127":{"start":{"line":128,"column":0},"end":{"line":128,"column":19}},"128":{"start":{"line":129,"column":0},"end":{"line":129,"column":30}},"129":{"start":{"line":130,"column":0},"end":{"line":130,"column":5}},"130":{"start":{"line":131,"column":0},"end":{"line":131,"column":18}},"131":{"start":{"line":132,"column":0},"end":{"line":132,"column":1}},"171":{"start":{"line":172,"column":0},"end":{"line":172,"column":36}},"172":{"start":{"line":173,"column":0},"end":{"line":173,"column":31}},"173":{"start":{"line":174,"column":0},"end":{"line":174,"column":23}},"174":{"start":{"line":175,"column":0},"end":{"line":175,"column":28}},"175":{"start":{"line":176,"column":0},"end":{"line":176,"column":22}},"176":{"start":{"line":177,"column":0},"end":{"line":177,"column":32}},"177":{"start":{"line":178,"column":0},"end":{"line":178,"column":30}},"178":{"start":{"line":179,"column":0},"end":{"line":179,"column":45}},"179":{"start":{"line":180,"column":0},"end":{"line":180,"column":43}},"180":{"start":{"line":181,"column":0},"end":{"line":181,"column":18}},"181":{"start":{"line":182,"column":0},"end":{"line":182,"column":9}},"182":{"start":{"line":183,"column":0},"end":{"line":183,"column":77}},"183":{"start":{"line":184,"column":0},"end":{"line":184,"column":18}},"184":{"start":{"line":185,"column":0},"end":{"line":185,"column":1}},"189":{"start":{"line":190,"column":0},"end":{"line":190,"column":69}},"190":{"start":{"line":191,"column":0},"end":{"line":191,"column":66}},"191":{"start":{"line":192,"column":0},"end":{"line":192,"column":21}},"192":{"start":{"line":193,"column":0},"end":{"line":193,"column":5}},"193":{"start":{"line":194,"column":0},"end":{"line":194,"column":1}},"224":{"start":{"line":225,"column":0},"end":{"line":225,"column":41}},"225":{"start":{"line":226,"column":0},"end":{"line":226,"column":17}},"226":{"start":{"line":227,"column":0},"end":{"line":227,"column":23}},"227":{"start":{"line":228,"column":0},"end":{"line":228,"column":29}},"228":{"start":{"line":229,"column":0},"end":{"line":229,"column":48}},"229":{"start":{"line":230,"column":0},"end":{"line":230,"column":43}},"230":{"start":{"line":231,"column":0},"end":{"line":231,"column":15}},"231":{"start":{"line":232,"column":0},"end":{"line":232,"column":4}},"232":{"start":{"line":233,"column":0},"end":{"line":233,"column":18}},"233":{"start":{"line":234,"column":0},"end":{"line":234,"column":1}},"296":{"start":{"line":297,"column":0},"end":{"line":297,"column":36}},"297":{"start":{"line":298,"column":0},"end":{"line":298,"column":31}},"298":{"start":{"line":299,"column":0},"end":{"line":299,"column":23}},"299":{"start":{"line":300,"column":0},"end":{"line":300,"column":28}},"300":{"start":{"line":301,"column":0},"end":{"line":301,"column":22}},"301":{"start":{"line":302,"column":0},"end":{"line":302,"column":32}},"302":{"start":{"line":303,"column":0},"end":{"line":303,"column":30}},"303":{"start":{"line":304,"column":0},"end":{"line":304,"column":45}},"304":{"start":{"line":305,"column":0},"end":{"line":305,"column":43}},"305":{"start":{"line":306,"column":0},"end":{"line":306,"column":18}},"306":{"start":{"line":307,"column":0},"end":{"line":307,"column":9}},"307":{"start":{"line":308,"column":0},"end":{"line":308,"column":77}},"308":{"start":{"line":309,"column":0},"end":{"line":309,"column":18}},"309":{"start":{"line":310,"column":0},"end":{"line":310,"column":1}},"315":{"start":{"line":316,"column":0},"end":{"line":316,"column":44}},"316":{"start":{"line":317,"column":0},"end":{"line":317,"column":23}},"317":{"start":{"line":318,"column":0},"end":{"line":318,"column":36}},"318":{"start":{"line":319,"column":0},"end":{"line":319,"column":75}},"319":{"start":{"line":320,"column":0},"end":{"line":320,"column":11}},"320":{"start":{"line":321,"column":0},"end":{"line":321,"column":5}},"321":{"start":{"line":322,"column":0},"end":{"line":322,"column":18}},"322":{"start":{"line":323,"column":0},"end":{"line":323,"column":1}}},"s":{"0":1,"47":27,"48":27,"49":27,"50":27,"52":27,"54":27,"55":27,"56":27,"57":27,"58":27,"59":27,"61":27,"62":27,"63":27,"64":27,"65":27,"66":27,"69":27,"70":27,"74":27,"75":1,"76":0,"77":0,"78":1,"79":1,"80":1,"81":1,"82":1,"83":1,"85":24,"86":24,"89":24,"92":13,"93":3,"94":3,"95":3,"96":3,"98":10,"99":10,"100":10,"101":13,"102":13,"104":1,"105":10,"106":10,"108":9,"110":24,"111":1,"112":1,"114":8,"115":24,"116":24,"117":24,"118":27,"123":13,"124":13,"125":13,"126":13,"127":13,"128":13,"129":13,"130":4,"131":4,"171":2,"172":2,"173":2,"174":2,"175":2,"176":1,"177":1,"178":1,"179":1,"180":1,"181":1,"182":2,"183":0,"184":0,"189":5,"190":5,"191":5,"192":5,"193":2,"224":6,"225":6,"226":6,"227":6,"228":6,"229":6,"230":6,"231":6,"232":2,"233":2,"296":0,"297":0,"298":0,"299":0,"300":0,"301":0,"302":0,"303":0,"304":0,"305":0,"306":0,"307":0,"308":0,"309":0,"315":1,"316":1,"317":1,"318":1,"319":1,"320":1,"321":0,"322":0},"branchMap":{"0":{"type":"branch","line":48,"loc":{"start":{"line":48,"column":0},"end":{"line":53,"column":1}},"locations":[{"start":{"line":48,"column":0},"end":{"line":53,"column":1}}]},"1":{"type":"branch","line":55,"loc":{"start":{"line":55,"column":0},"end":{"line":119,"column":1}},"locations":[{"start":{"line":55,"column":0},"end":{"line":119,"column":1}}]},"2":{"type":"branch","line":65,"loc":{"start":{"line":65,"column":8},"end":{"line":65,"column":55}},"locations":[{"start":{"line":65,"column":8},"end":{"line":65,"column":55}}]},"3":{"type":"branch","line":65,"loc":{"start":{"line":65,"column":51},"end":{"line":65,"column":59}},"locations":[{"start":{"line":65,"column":51},"end":{"line":65,"column":59}}]},"4":{"type":"branch","line":66,"loc":{"start":{"line":66,"column":8},"end":{"line":66,"column":61}},"locations":[{"start":{"line":66,"column":8},"end":{"line":66,"column":61}}]},"5":{"type":"branch","line":75,"loc":{"start":{"line":75,"column":6},"end":{"line":75,"column":20}},"locations":[{"start":{"line":75,"column":6},"end":{"line":75,"column":20}}]},"6":{"type":"branch","line":75,"loc":{"start":{"line":75,"column":20},"end":{"line":118,"column":3}},"locations":[{"start":{"line":75,"column":20},"end":{"line":118,"column":3}}]},"7":{"type":"branch","line":75,"loc":{"start":{"line":75,"column":20},"end":{"line":84,"column":3}},"locations":[{"start":{"line":75,"column":20},"end":{"line":84,"column":3}}]},"8":{"type":"branch","line":76,"loc":{"start":{"line":76,"column":29},"end":{"line":79,"column":11}},"locations":[{"start":{"line":76,"column":29},"end":{"line":79,"column":11}}]},"9":{"type":"branch","line":87,"loc":{"start":{"line":87,"column":85},"end":{"line":90,"column":22}},"locations":[{"start":{"line":87,"column":85},"end":{"line":90,"column":22}}]},"10":{"type":"branch","line":90,"loc":{"start":{"line":90,"column":22},"end":{"line":107,"column":5}},"locations":[{"start":{"line":90,"column":22},"end":{"line":107,"column":5}}]},"11":{"type":"branch","line":93,"loc":{"start":{"line":93,"column":30},"end":{"line":93,"column":44}},"locations":[{"start":{"line":93,"column":30},"end":{"line":93,"column":44}}]},"12":{"type":"branch","line":93,"loc":{"start":{"line":93,"column":44},"end":{"line":97,"column":7}},"locations":[{"start":{"line":93,"column":44},"end":{"line":97,"column":7}}]},"13":{"type":"branch","line":97,"loc":{"start":{"line":97,"column":6},"end":{"line":101,"column":46}},"locations":[{"start":{"line":97,"column":6},"end":{"line":101,"column":46}}]},"14":{"type":"branch","line":101,"loc":{"start":{"line":101,"column":44},"end":{"line":102,"column":63}},"locations":[{"start":{"line":101,"column":44},"end":{"line":102,"column":63}}]},"15":{"type":"branch","line":102,"loc":{"start":{"line":102,"column":52},"end":{"line":102,"column":71}},"locations":[{"start":{"line":102,"column":52},"end":{"line":102,"column":71}}]},"16":{"type":"branch","line":103,"loc":{"start":{"line":103,"column":6},"end":{"line":105,"column":7}},"locations":[{"start":{"line":103,"column":6},"end":{"line":105,"column":7}}]},"17":{"type":"branch","line":105,"loc":{"start":{"line":105,"column":6},"end":{"line":107,"column":5}},"locations":[{"start":{"line":105,"column":6},"end":{"line":107,"column":5}}]},"18":{"type":"branch","line":107,"loc":{"start":{"line":107,"column":4},"end":{"line":111,"column":25}},"locations":[{"start":{"line":107,"column":4},"end":{"line":111,"column":25}}]},"19":{"type":"branch","line":111,"loc":{"start":{"line":111,"column":25},"end":{"line":113,"column":5}},"locations":[{"start":{"line":111,"column":25},"end":{"line":113,"column":5}}]},"20":{"type":"branch","line":113,"loc":{"start":{"line":113,"column":4},"end":{"line":116,"column":4}},"locations":[{"start":{"line":113,"column":4},"end":{"line":116,"column":4}}]},"21":{"type":"branch","line":71,"loc":{"start":{"line":71,"column":27},"end":{"line":71,"column":53}},"locations":[{"start":{"line":71,"column":27},"end":{"line":71,"column":53}}]},"22":{"type":"branch","line":80,"loc":{"start":{"line":80,"column":44},"end":{"line":80,"column":70}},"locations":[{"start":{"line":80,"column":44},"end":{"line":80,"column":70}}]},"23":{"type":"branch","line":124,"loc":{"start":{"line":124,"column":0},"end":{"line":132,"column":1}},"locations":[{"start":{"line":124,"column":0},"end":{"line":132,"column":1}}]},"24":{"type":"branch","line":130,"loc":{"start":{"line":130,"column":3},"end":{"line":132,"column":1}},"locations":[{"start":{"line":130,"column":3},"end":{"line":132,"column":1}}]},"25":{"type":"branch","line":172,"loc":{"start":{"line":172,"column":0},"end":{"line":185,"column":1}},"locations":[{"start":{"line":172,"column":0},"end":{"line":185,"column":1}}]},"26":{"type":"branch","line":176,"loc":{"start":{"line":176,"column":16},"end":{"line":181,"column":18}},"locations":[{"start":{"line":176,"column":16},"end":{"line":181,"column":18}}]},"27":{"type":"branch","line":181,"loc":{"start":{"line":181,"column":17},"end":{"line":182,"column":9}},"locations":[{"start":{"line":181,"column":17},"end":{"line":182,"column":9}}]},"28":{"type":"branch","line":183,"loc":{"start":{"line":183,"column":75},"end":{"line":185,"column":1}},"locations":[{"start":{"line":183,"column":75},"end":{"line":185,"column":1}}]},"29":{"type":"branch","line":179,"loc":{"start":{"line":179,"column":18},"end":{"line":179,"column":44}},"locations":[{"start":{"line":179,"column":18},"end":{"line":179,"column":44}}]},"30":{"type":"branch","line":180,"loc":{"start":{"line":180,"column":15},"end":{"line":180,"column":41}},"locations":[{"start":{"line":180,"column":15},"end":{"line":180,"column":41}}]},"31":{"type":"branch","line":190,"loc":{"start":{"line":190,"column":0},"end":{"line":194,"column":1}},"locations":[{"start":{"line":190,"column":0},"end":{"line":194,"column":1}}]},"32":{"type":"branch","line":193,"loc":{"start":{"line":193,"column":3},"end":{"line":194,"column":1}},"locations":[{"start":{"line":193,"column":3},"end":{"line":194,"column":1}}]},"33":{"type":"branch","line":225,"loc":{"start":{"line":225,"column":0},"end":{"line":234,"column":1}},"locations":[{"start":{"line":225,"column":0},"end":{"line":234,"column":1}}]},"34":{"type":"branch","line":232,"loc":{"start":{"line":232,"column":2},"end":{"line":234,"column":1}},"locations":[{"start":{"line":232,"column":2},"end":{"line":234,"column":1}}]},"35":{"type":"branch","line":316,"loc":{"start":{"line":316,"column":0},"end":{"line":323,"column":1}},"locations":[{"start":{"line":316,"column":0},"end":{"line":323,"column":1}}]},"36":{"type":"branch","line":321,"loc":{"start":{"line":321,"column":3},"end":{"line":323,"column":1}},"locations":[{"start":{"line":321,"column":3},"end":{"line":323,"column":1}}]}},"b":{"0":[27],"1":[27],"2":[4],"3":[20],"4":[24],"5":[24],"6":[24],"7":[1],"8":[0],"9":[22],"10":[13],"11":[5],"12":[3],"13":[10],"14":[9],"15":[1],"16":[1],"17":[10],"18":[9],"19":[1],"20":[8],"21":[1],"22":[1],"23":[13],"24":[4],"25":[2],"26":[1],"27":[1],"28":[0],"29":[1],"30":[1],"31":[5],"32":[2],"33":[6],"34":[2],"35":[1],"36":[0]},"fnMap":{"0":{"name":"getAdminApiBaseUrl","decl":{"start":{"line":48,"column":0},"end":{"line":53,"column":1}},"loc":{"start":{"line":48,"column":0},"end":{"line":53,"column":1}},"line":48},"1":{"name":"adminFetch","decl":{"start":{"line":55,"column":0},"end":{"line":119,"column":1}},"loc":{"start":{"line":55,"column":0},"end":{"line":119,"column":1}},"line":55},"2":{"name":"init.signal.addEventListener.once","decl":{"start":{"line":80,"column":44},"end":{"line":80,"column":70}},"loc":{"start":{"line":80,"column":44},"end":{"line":80,"column":70}},"line":80},"3":{"name":"adminLogin","decl":{"start":{"line":124,"column":0},"end":{"line":132,"column":1}},"loc":{"start":{"line":124,"column":0},"end":{"line":132,"column":1}},"line":124},"4":{"name":"adminGetRooms","decl":{"start":{"line":172,"column":0},"end":{"line":185,"column":1}},"loc":{"start":{"line":172,"column":0},"end":{"line":185,"column":1}},"line":172},"5":{"name":"adminCloseRoom","decl":{"start":{"line":190,"column":0},"end":{"line":194,"column":1}},"loc":{"start":{"line":190,"column":0},"end":{"line":194,"column":1}},"line":190},"6":{"name":"adminGetRoomDetail","decl":{"start":{"line":225,"column":0},"end":{"line":234,"column":1}},"loc":{"start":{"line":225,"column":0},"end":{"line":234,"column":1}},"line":225},"7":{"name":"adminGetUsers","decl":{"start":{"line":297,"column":0},"end":{"line":310,"column":1}},"loc":{"start":{"line":297,"column":0},"end":{"line":310,"column":1}},"line":297},"8":{"name":"adminGetStatsOverview","decl":{"start":{"line":316,"column":0},"end":{"line":323,"column":1}},"loc":{"start":{"line":316,"column":0},"end":{"line":323,"column":1}},"line":316}},"f":{"0":27,"1":27,"2":1,"3":13,"4":2,"5":5,"6":6,"7":0,"8":1}}
,"/Users/yuanye/myWork/voice-room/app/web/src/core/network/index.ts": {"path":"/Users/yuanye/myWork/voice-room/app/web/src/core/network/index.ts","all":true,"statementMap":{"0":{"start":{"line":1,"column":0},"end":{"line":1,"column":45}}},"s":{"0":0},"branchMap":{"0":{"type":"branch","line":1,"loc":{"start":{"line":1,"column":0},"end":{"line":1,"column":45}},"locations":[{"start":{"line":1,"column":0},"end":{"line":1,"column":45}}]}},"b":{"0":[0]},"fnMap":{"0":{"name":"(empty-report)","decl":{"start":{"line":1,"column":0},"end":{"line":1,"column":45}},"loc":{"start":{"line":1,"column":0},"end":{"line":1,"column":45}},"line":1}},"f":{"0":0}}
,"/Users/yuanye/myWork/voice-room/app/web/src/core/telemetry/IAnalyticsService.ts": {"path":"/Users/yuanye/myWork/voice-room/app/web/src/core/telemetry/IAnalyticsService.ts","all":true,"statementMap":{},"s":{},"branchMap":{"0":{"type":"branch","line":1,"loc":{"start":{"line":1,"column":213},"end":{"line":6,"column":1}},"locations":[{"start":{"line":1,"column":213},"end":{"line":6,"column":1}}]}},"b":{"0":[1]},"fnMap":{"0":{"name":"(empty-report)","decl":{"start":{"line":1,"column":213},"end":{"line":6,"column":1}},"loc":{"start":{"line":1,"column":213},"end":{"line":6,"column":1}},"line":1}},"f":{"0":1}}
,"/Users/yuanye/myWork/voice-room/app/web/src/core/telemetry/ICrashReporter.ts": {"path":"/Users/yuanye/myWork/voice-room/app/web/src/core/telemetry/ICrashReporter.ts","all":true,"statementMap":{},"s":{},"branchMap":{"0":{"type":"branch","line":1,"loc":{"start":{"line":1,"column":145},"end":{"line":4,"column":1}},"locations":[{"start":{"line":1,"column":145},"end":{"line":4,"column":1}}]}},"b":{"0":[1]},"fnMap":{"0":{"name":"(empty-report)","decl":{"start":{"line":1,"column":145},"end":{"line":4,"column":1}},"loc":{"start":{"line":1,"column":145},"end":{"line":4,"column":1}},"line":1}},"f":{"0":1}}
,"/Users/yuanye/myWork/voice-room/app/web/src/core/telemetry/MockAnalyticsService.ts": {"path":"/Users/yuanye/myWork/voice-room/app/web/src/core/telemetry/MockAnalyticsService.ts","all":false,"statementMap":{"0":{"start":{"line":1,"column":0},"end":{"line":1,"column":79}},"16":{"start":{"line":17,"column":0},"end":{"line":17,"column":64}},"17":{"start":{"line":18,"column":0},"end":{"line":18,"column":60}},"18":{"start":{"line":19,"column":0},"end":{"line":19,"column":62}},"20":{"start":{"line":21,"column":0},"end":{"line":21,"column":58}},"21":{"start":{"line":22,"column":0},"end":{"line":22,"column":15}},"22":{"start":{"line":23,"column":0},"end":{"line":23,"column":75}},"23":{"start":{"line":24,"column":0},"end":{"line":24,"column":79}},"24":{"start":{"line":25,"column":0},"end":{"line":25,"column":3}},"26":{"start":{"line":27,"column":0},"end":{"line":27,"column":66}},"27":{"start":{"line":28,"column":0},"end":{"line":28,"column":15}},"28":{"start":{"line":29,"column":0},"end":{"line":29,"column":16}},"29":{"start":{"line":30,"column":0},"end":{"line":30,"column":16}},"30":{"start":{"line":31,"column":0},"end":{"line":31,"column":19}},"31":{"start":{"line":32,"column":0},"end":{"line":32,"column":33}},"32":{"start":{"line":33,"column":0},"end":{"line":33,"column":8}},"33":{"start":{"line":34,"column":0},"end":{"line":34,"column":7}},"34":{"start":{"line":35,"column":0},"end":{"line":35,"column":3}},"36":{"start":{"line":37,"column":0},"end":{"line":37,"column":52}},"37":{"start":{"line":38,"column":0},"end":{"line":38,"column":15}},"38":{"start":{"line":39,"column":0},"end":{"line":39,"column":43}},"39":{"start":{"line":40,"column":0},"end":{"line":40,"column":16}},"40":{"start":{"line":41,"column":0},"end":{"line":41,"column":17}},"41":{"start":{"line":42,"column":0},"end":{"line":42,"column":33}},"42":{"start":{"line":43,"column":0},"end":{"line":43,"column":8}},"43":{"start":{"line":44,"column":0},"end":{"line":44,"column":7}},"44":{"start":{"line":45,"column":0},"end":{"line":45,"column":3}},"45":{"start":{"line":46,"column":0},"end":{"line":46,"column":1}}},"s":{"0":1,"16":1,"17":3,"18":3,"20":3,"21":3,"22":3,"23":3,"24":3,"26":3,"27":2,"28":2,"29":2,"30":2,"31":2,"32":2,"33":2,"34":2,"36":3,"37":1,"38":1,"39":1,"40":1,"41":1,"42":1,"43":1,"44":1,"45":3},"branchMap":{"0":{"type":"branch","line":17,"loc":{"start":{"line":17,"column":63},"end":{"line":46,"column":1}},"locations":[{"start":{"line":17,"column":63},"end":{"line":46,"column":1}}]},"1":{"type":"branch","line":21,"loc":{"start":{"line":21,"column":2},"end":{"line":25,"column":3}},"locations":[{"start":{"line":21,"column":2},"end":{"line":25,"column":3}}]},"2":{"type":"branch","line":23,"loc":{"start":{"line":23,"column":14},"end":{"line":23,"column":75}},"locations":[{"start":{"line":23,"column":14},"end":{"line":23,"column":75}}]},"3":{"type":"branch","line":24,"loc":{"start":{"line":24,"column":34},"end":{"line":24,"column":79}},"locations":[{"start":{"line":24,"column":34},"end":{"line":24,"column":79}}]},"4":{"type":"branch","line":27,"loc":{"start":{"line":27,"column":2},"end":{"line":35,"column":3}},"locations":[{"start":{"line":27,"column":2},"end":{"line":35,"column":3}}]},"5":{"type":"branch","line":37,"loc":{"start":{"line":37,"column":2},"end":{"line":45,"column":3}},"locations":[{"start":{"line":37,"column":2},"end":{"line":45,"column":3}}]}},"b":{"0":[3],"1":[3],"2":[0],"3":[0],"4":[2],"5":[1]},"fnMap":{"0":{"name":"<instance_members_initializer>","decl":{"start":{"line":17,"column":63},"end":{"line":46,"column":1}},"loc":{"start":{"line":17,"column":63},"end":{"line":46,"column":1}},"line":17},"1":{"name":"MockAnalyticsService","decl":{"start":{"line":21,"column":2},"end":{"line":25,"column":3}},"loc":{"start":{"line":21,"column":2},"end":{"line":25,"column":3}},"line":21},"2":{"name":"MockAnalyticsService.sink","decl":{"start":{"line":23,"column":23},"end":{"line":23,"column":75}},"loc":{"start":{"line":23,"column":23},"end":{"line":23,"column":75}},"line":23},"3":{"name":"trackEvent","decl":{"start":{"line":27,"column":2},"end":{"line":35,"column":3}},"loc":{"start":{"line":27,"column":2},"end":{"line":35,"column":3}},"line":27},"4":{"name":"setUserProperties","decl":{"start":{"line":37,"column":2},"end":{"line":45,"column":3}},"loc":{"start":{"line":37,"column":2},"end":{"line":45,"column":3}},"line":37}},"f":{"0":3,"1":3,"2":0,"3":2,"4":1}}
,"/Users/yuanye/myWork/voice-room/app/web/src/core/telemetry/telemetryContext.ts": {"path":"/Users/yuanye/myWork/voice-room/app/web/src/core/telemetry/telemetryContext.ts","all":false,"statementMap":{"0":{"start":{"line":1,"column":0},"end":{"line":1,"column":39}},"14":{"start":{"line":15,"column":0},"end":{"line":15,"column":39}},"16":{"start":{"line":17,"column":0},"end":{"line":17,"column":68}},"17":{"start":{"line":18,"column":0},"end":{"line":18,"column":71}},"18":{"start":{"line":19,"column":0},"end":{"line":19,"column":42}},"19":{"start":{"line":20,"column":0},"end":{"line":20,"column":77}},"20":{"start":{"line":21,"column":0},"end":{"line":21,"column":77}},"21":{"start":{"line":22,"column":0},"end":{"line":22,"column":21}},"22":{"start":{"line":23,"column":0},"end":{"line":23,"column":37}},"23":{"start":{"line":24,"column":0},"end":{"line":24,"column":26}},"24":{"start":{"line":25,"column":0},"end":{"line":25,"column":36}},"25":{"start":{"line":26,"column":0},"end":{"line":26,"column":48}},"26":{"start":{"line":27,"column":0},"end":{"line":27,"column":32}},"27":{"start":{"line":28,"column":0},"end":{"line":28,"column":18}},"29":{"start":{"line":30,"column":0},"end":{"line":30,"column":10}},"30":{"start":{"line":31,"column":0},"end":{"line":31,"column":33}},"31":{"start":{"line":32,"column":0},"end":{"line":32,"column":38}},"32":{"start":{"line":33,"column":0},"end":{"line":33,"column":30}},"33":{"start":{"line":34,"column":0},"end":{"line":34,"column":11}},"34":{"start":{"line":35,"column":0},"end":{"line":35,"column":13}},"35":{"start":{"line":36,"column":0},"end":{"line":36,"column":38}},"36":{"start":{"line":37,"column":0},"end":{"line":37,"column":49}},"37":{"start":{"line":38,"column":0},"end":{"line":38,"column":4}},"38":{"start":{"line":39,"column":0},"end":{"line":39,"column":1}},"40":{"start":{"line":41,"column":0},"end":{"line":41,"column":28}},"41":{"start":{"line":42,"column":0},"end":{"line":42,"column":23}},"42":{"start":{"line":43,"column":0},"end":{"line":43,"column":26}},"43":{"start":{"line":44,"column":0},"end":{"line":44,"column":3}},"45":{"start":{"line":46,"column":0},"end":{"line":46,"column":44}},"47":{"start":{"line":48,"column":0},"end":{"line":48,"column":44}},"48":{"start":{"line":49,"column":0},"end":{"line":49,"column":9}},"49":{"start":{"line":50,"column":0},"end":{"line":50,"column":62}},"51":{"start":{"line":52,"column":0},"end":{"line":52,"column":27}},"52":{"start":{"line":53,"column":0},"end":{"line":53,"column":40}},"53":{"start":{"line":54,"column":0},"end":{"line":54,"column":30}},"54":{"start":{"line":55,"column":0},"end":{"line":55,"column":7}},"55":{"start":{"line":56,"column":0},"end":{"line":56,"column":13}},"57":{"start":{"line":58,"column":0},"end":{"line":58,"column":5}},"58":{"start":{"line":59,"column":0},"end":{"line":59,"column":3}},"60":{"start":{"line":61,"column":0},"end":{"line":61,"column":38}},"61":{"start":{"line":62,"column":0},"end":{"line":62,"column":28}},"63":{"start":{"line":64,"column":0},"end":{"line":64,"column":44}},"64":{"start":{"line":65,"column":0},"end":{"line":65,"column":9}},"65":{"start":{"line":66,"column":0},"end":{"line":66,"column":49}},"66":{"start":{"line":67,"column":0},"end":{"line":67,"column":13}},"68":{"start":{"line":69,"column":0},"end":{"line":69,"column":5}},"69":{"start":{"line":70,"column":0},"end":{"line":70,"column":3}},"71":{"start":{"line":72,"column":0},"end":{"line":72,"column":18}},"72":{"start":{"line":73,"column":0},"end":{"line":73,"column":1}},"74":{"start":{"line":75,"column":0},"end":{"line":75,"column":55}},"75":{"start":{"line":76,"column":0},"end":{"line":76,"column":13}},"76":{"start":{"line":77,"column":0},"end":{"line":77,"column":21}},"77":{"start":{"line":78,"column":0},"end":{"line":78,"column":3}},"79":{"start":{"line":80,"column":0},"end":{"line":80,"column":51}},"86":{"start":{"line":87,"column":0},"end":{"line":87,"column":80}},"87":{"start":{"line":88,"column":0},"end":{"line":88,"column":78}},"89":{"start":{"line":90,"column":0},"end":{"line":90,"column":76}},"90":{"start":{"line":91,"column":0},"end":{"line":91,"column":1}},"92":{"start":{"line":93,"column":0},"end":{"line":93,"column":29}},"93":{"start":{"line":94,"column":0},"end":{"line":94,"column":6}},"94":{"start":{"line":95,"column":0},"end":{"line":95,"column":36}},"95":{"start":{"line":96,"column":0},"end":{"line":96,"column":43}},"96":{"start":{"line":97,"column":0},"end":{"line":97,"column":5}},"97":{"start":{"line":98,"column":0},"end":{"line":98,"column":31}},"98":{"start":{"line":99,"column":0},"end":{"line":99,"column":3}},"100":{"start":{"line":101,"column":0},"end":{"line":101,"column":63}},"101":{"start":{"line":102,"column":0},"end":{"line":102,"column":17}},"102":{"start":{"line":103,"column":0},"end":{"line":103,"column":20}},"103":{"start":{"line":104,"column":0},"end":{"line":104,"column":1}}},"s":{"0":1,"14":1,"16":1,"17":3,"18":3,"19":3,"20":3,"21":3,"22":3,"23":0,"24":0,"25":0,"26":0,"27":3,"29":3,"30":3,"31":3,"32":3,"33":3,"34":3,"35":3,"36":3,"37":3,"38":3,"40":3,"41":3,"42":2,"43":2,"45":1,"47":1,"48":1,"49":1,"51":1,"52":0,"53":0,"54":0,"55":1,"57":0,"58":1,"60":1,"61":1,"63":1,"64":1,"65":1,"66":1,"68":0,"69":1,"71":1,"72":1,"74":3,"75":3,"76":0,"77":0,"79":3,"86":3,"87":3,"89":3,"90":3,"92":1,"93":1,"94":1,"95":1,"96":1,"97":1,"98":1,"100":0,"101":0,"102":0,"103":0},"branchMap":{"0":{"type":"branch","line":17,"loc":{"start":{"line":17,"column":7},"end":{"line":39,"column":1}},"locations":[{"start":{"line":17,"column":7},"end":{"line":39,"column":1}}]},"1":{"type":"branch","line":18,"loc":{"start":{"line":18,"column":35},"end":{"line":18,"column":61}},"locations":[{"start":{"line":18,"column":35},"end":{"line":18,"column":61}}]},"2":{"type":"branch","line":19,"loc":{"start":{"line":19,"column":22},"end":{"line":19,"column":42}},"locations":[{"start":{"line":19,"column":22},"end":{"line":19,"column":42}}]},"3":{"type":"branch","line":20,"loc":{"start":{"line":20,"column":59},"end":{"line":20,"column":77}},"locations":[{"start":{"line":20,"column":59},"end":{"line":20,"column":77}}]},"4":{"type":"branch","line":21,"loc":{"start":{"line":21,"column":44},"end":{"line":21,"column":67}},"locations":[{"start":{"line":21,"column":44},"end":{"line":21,"column":67}}]},"5":{"type":"branch","line":23,"loc":{"start":{"line":23,"column":26},"end":{"line":24,"column":26}},"locations":[{"start":{"line":23,"column":26},"end":{"line":24,"column":26}}]},"6":{"type":"branch","line":24,"loc":{"start":{"line":24,"column":19},"end":{"line":25,"column":36}},"locations":[{"start":{"line":24,"column":19},"end":{"line":25,"column":36}}]},"7":{"type":"branch","line":25,"loc":{"start":{"line":25,"column":23},"end":{"line":26,"column":48}},"locations":[{"start":{"line":25,"column":23},"end":{"line":26,"column":48}}]},"8":{"type":"branch","line":26,"loc":{"start":{"line":26,"column":40},"end":{"line":27,"column":32}},"locations":[{"start":{"line":26,"column":40},"end":{"line":27,"column":32}}]},"9":{"type":"branch","line":41,"loc":{"start":{"line":41,"column":0},"end":{"line":73,"column":1}},"locations":[{"start":{"line":41,"column":0},"end":{"line":73,"column":1}}]},"10":{"type":"branch","line":42,"loc":{"start":{"line":42,"column":22},"end":{"line":44,"column":3}},"locations":[{"start":{"line":42,"column":22},"end":{"line":44,"column":3}}]},"11":{"type":"branch","line":44,"loc":{"start":{"line":44,"column":2},"end":{"line":73,"column":1}},"locations":[{"start":{"line":44,"column":2},"end":{"line":73,"column":1}}]},"12":{"type":"branch","line":52,"loc":{"start":{"line":52,"column":26},"end":{"line":55,"column":7}},"locations":[{"start":{"line":52,"column":26},"end":{"line":55,"column":7}}]},"13":{"type":"branch","line":56,"loc":{"start":{"line":56,"column":4},"end":{"line":58,"column":5}},"locations":[{"start":{"line":56,"column":4},"end":{"line":58,"column":5}}]},"14":{"type":"branch","line":67,"loc":{"start":{"line":67,"column":4},"end":{"line":69,"column":5}},"locations":[{"start":{"line":67,"column":4},"end":{"line":69,"column":5}}]},"15":{"type":"branch","line":75,"loc":{"start":{"line":75,"column":0},"end":{"line":91,"column":1}},"locations":[{"start":{"line":75,"column":0},"end":{"line":91,"column":1}}]},"16":{"type":"branch","line":76,"loc":{"start":{"line":76,"column":12},"end":{"line":78,"column":3}},"locations":[{"start":{"line":76,"column":12},"end":{"line":78,"column":3}}]},"17":{"type":"branch","line":87,"loc":{"start":{"line":87,"column":40},"end":{"line":87,"column":67}},"locations":[{"start":{"line":87,"column":40},"end":{"line":87,"column":67}}]},"18":{"type":"branch","line":88,"loc":{"start":{"line":88,"column":47},"end":{"line":88,"column":78}},"locations":[{"start":{"line":88,"column":47},"end":{"line":88,"column":78}}]},"19":{"type":"branch","line":93,"loc":{"start":{"line":93,"column":0},"end":{"line":104,"column":1}},"locations":[{"start":{"line":93,"column":0},"end":{"line":104,"column":1}}]},"20":{"type":"branch","line":99,"loc":{"start":{"line":99,"column":2},"end":{"line":104,"column":1}},"locations":[{"start":{"line":99,"column":2},"end":{"line":104,"column":1}}]}},"b":{"0":[3],"1":[0],"2":[0],"3":[0],"4":[0],"5":[0],"6":[0],"7":[0],"8":[0],"9":[3],"10":[2],"11":[1],"12":[0],"13":[0],"14":[0],"15":[3],"16":[0],"17":[0],"18":[0],"19":[1],"20":[0]},"fnMap":{"0":{"name":"createTelemetryBaseContext","decl":{"start":{"line":17,"column":7},"end":{"line":39,"column":1}},"loc":{"start":{"line":17,"column":7},"end":{"line":39,"column":1}},"line":17},"1":{"name":"resolveDeviceId","decl":{"start":{"line":41,"column":0},"end":{"line":73,"column":1}},"loc":{"start":{"line":41,"column":0},"end":{"line":73,"column":1}},"line":41},"2":{"name":"resolveOsVersion","decl":{"start":{"line":75,"column":0},"end":{"line":91,"column":1}},"loc":{"start":{"line":75,"column":0},"end":{"line":91,"column":1}},"line":75},"3":{"name":"generateDeviceId","decl":{"start":{"line":93,"column":0},"end":{"line":104,"column":1}},"loc":{"start":{"line":93,"column":0},"end":{"line":104,"column":1}},"line":93}},"f":{"0":3,"1":3,"2":3,"3":1}}
,"/Users/yuanye/myWork/voice-room/app/web/src/core/ws/index.ts": {"path":"/Users/yuanye/myWork/voice-room/app/web/src/core/ws/index.ts","all":true,"statementMap":{"0":{"start":{"line":1,"column":0},"end":{"line":1,"column":39}},"3":{"start":{"line":4,"column":0},"end":{"line":4,"column":50}},"4":{"start":{"line":5,"column":0},"end":{"line":5,"column":62}},"5":{"start":{"line":6,"column":0},"end":{"line":6,"column":1}}},"s":{"0":0,"3":0,"4":0,"5":0},"branchMap":{"0":{"type":"branch","line":1,"loc":{"start":{"line":1,"column":207},"end":{"line":6,"column":1}},"locations":[{"start":{"line":1,"column":207},"end":{"line":6,"column":1}}]}},"b":{"0":[0]},"fnMap":{"0":{"name":"(empty-report)","decl":{"start":{"line":1,"column":207},"end":{"line":6,"column":1}},"loc":{"start":{"line":1,"column":207},"end":{"line":6,"column":1}},"line":1}},"f":{"0":0}}
,"/Users/yuanye/myWork/voice-room/app/web/src/features/TelemetryFeature.tsx": {"path":"/Users/yuanye/myWork/voice-room/app/web/src/features/TelemetryFeature.tsx","all":true,"statementMap":{"0":{"start":{"line":1,"column":0},"end":{"line":1,"column":36}},"1":{"start":{"line":2,"column":0},"end":{"line":2,"column":10}},"2":{"start":{"line":3,"column":0},"end":{"line":3,"column":13}},"3":{"start":{"line":4,"column":0},"end":{"line":4,"column":29}},"4":{"start":{"line":5,"column":0},"end":{"line":5,"column":44}},"5":{"start":{"line":6,"column":0},"end":{"line":6,"column":14}},"7":{"start":{"line":8,"column":0},"end":{"line":8,"column":1}}},"s":{"0":0,"1":0,"2":0,"3":0,"4":0,"5":0,"7":0},"branchMap":{"0":{"type":"branch","line":1,"loc":{"start":{"line":1,"column":0},"end":{"line":8,"column":-104}},"locations":[{"start":{"line":1,"column":0},"end":{"line":8,"column":-104}}]}},"b":{"0":[0]},"fnMap":{"0":{"name":"(empty-report)","decl":{"start":{"line":1,"column":0},"end":{"line":8,"column":-104}},"loc":{"start":{"line":1,"column":0},"end":{"line":8,"column":-104}},"line":1}},"f":{"0":0}}
,"/Users/yuanye/myWork/voice-room/app/web/src/i18n/index.ts": {"path":"/Users/yuanye/myWork/voice-room/app/web/src/i18n/index.ts","all":true,"statementMap":{"0":{"start":{"line":1,"column":0},"end":{"line":1,"column":3}},"9":{"start":{"line":10,"column":0},"end":{"line":10,"column":27}},"10":{"start":{"line":11,"column":0},"end":{"line":11,"column":49}},"11":{"start":{"line":12,"column":0},"end":{"line":12,"column":30}},"12":{"start":{"line":13,"column":0},"end":{"line":13,"column":30}},"14":{"start":{"line":15,"column":0},"end":{"line":15,"column":33}},"15":{"start":{"line":16,"column":0},"end":{"line":16,"column":14}},"16":{"start":{"line":17,"column":0},"end":{"line":17,"column":28}},"17":{"start":{"line":18,"column":0},"end":{"line":18,"column":28}},"18":{"start":{"line":19,"column":0},"end":{"line":19,"column":4}},"19":{"start":{"line":20,"column":0},"end":{"line":20,"column":12}},"20":{"start":{"line":21,"column":0},"end":{"line":21,"column":20}},"21":{"start":{"line":22,"column":0},"end":{"line":22,"column":18}},"22":{"start":{"line":23,"column":0},"end":{"line":23,"column":42}},"23":{"start":{"line":24,"column":0},"end":{"line":24,"column":4}},"24":{"start":{"line":25,"column":0},"end":{"line":25,"column":3}},"26":{"start":{"line":27,"column":0},"end":{"line":27,"column":20}}},"s":{"0":0,"9":0,"10":0,"11":0,"12":0,"14":0,"15":0,"16":0,"17":0,"18":0,"19":0,"20":0,"21":0,"22":0,"23":0,"24":0,"26":0},"branchMap":{"0":{"type":"branch","line":1,"loc":{"start":{"line":1,"column":0},"end":{"line":27,"column":-171}},"locations":[{"start":{"line":1,"column":0},"end":{"line":27,"column":-171}}]}},"b":{"0":[0]},"fnMap":{"0":{"name":"(empty-report)","decl":{"start":{"line":1,"column":0},"end":{"line":27,"column":-171}},"loc":{"start":{"line":1,"column":0},"end":{"line":27,"column":-171}},"line":1}},"f":{"0":0}}
,"/Users/yuanye/myWork/voice-room/app/web/src/i18n/locales/en.ts": {"path":"/Users/yuanye/myWork/voice-room/app/web/src/i18n/locales/en.ts","all":true,"statementMap":{"4":{"start":{"line":5,"column":0},"end":{"line":5,"column":12}},"5":{"start":{"line":6,"column":0},"end":{"line":6,"column":10}},"6":{"start":{"line":7,"column":0},"end":{"line":7,"column":25}},"7":{"start":{"line":8,"column":0},"end":{"line":8,"column":38}},"8":{"start":{"line":9,"column":0},"end":{"line":9,"column":25}},"9":{"start":{"line":10,"column":0},"end":{"line":10,"column":42}},"10":{"start":{"line":11,"column":0},"end":{"line":11,"column":25}},"11":{"start":{"line":12,"column":0},"end":{"line":12,"column":42}},"12":{"start":{"line":13,"column":0},"end":{"line":13,"column":30}},"13":{"start":{"line":14,"column":0},"end":{"line":14,"column":20}},"14":{"start":{"line":15,"column":0},"end":{"line":15,"column":17}},"15":{"start":{"line":16,"column":0},"end":{"line":16,"column":53}},"16":{"start":{"line":17,"column":0},"end":{"line":17,"column":53}},"17":{"start":{"line":18,"column":0},"end":{"line":18,"column":6}},"18":{"start":{"line":19,"column":0},"end":{"line":19,"column":12}},"19":{"start":{"line":20,"column":0},"end":{"line":20,"column":62}},"20":{"start":{"line":21,"column":0},"end":{"line":21,"column":6}},"21":{"start":{"line":22,"column":0},"end":{"line":22,"column":4}},"22":{"start":{"line":23,"column":0},"end":{"line":23,"column":14}},"23":{"start":{"line":24,"column":0},"end":{"line":24,"column":23}},"24":{"start":{"line":25,"column":0},"end":{"line":25,"column":23}},"25":{"start":{"line":26,"column":0},"end":{"line":26,"column":32}},"26":{"start":{"line":27,"column":0},"end":{"line":27,"column":38}},"27":{"start":{"line":28,"column":0},"end":{"line":28,"column":24}},"28":{"start":{"line":29,"column":0},"end":{"line":29,"column":43}},"29":{"start":{"line":30,"column":0},"end":{"line":30,"column":32}},"30":{"start":{"line":31,"column":0},"end":{"line":31,"column":32}},"31":{"start":{"line":32,"column":0},"end":{"line":32,"column":21}},"32":{"start":{"line":33,"column":0},"end":{"line":33,"column":37}},"33":{"start":{"line":34,"column":0},"end":{"line":34,"column":4}},"34":{"start":{"line":35,"column":0},"end":{"line":35,"column":10}},"35":{"start":{"line":36,"column":0},"end":{"line":36,"column":29}},"36":{"start":{"line":37,"column":0},"end":{"line":37,"column":37}},"37":{"start":{"line":38,"column":0},"end":{"line":38,"column":23}},"38":{"start":{"line":39,"column":0},"end":{"line":39,"column":21}},"39":{"start":{"line":40,"column":0},"end":{"line":40,"column":27}},"40":{"start":{"line":41,"column":0},"end":{"line":41,"column":27}},"41":{"start":{"line":42,"column":0},"end":{"line":42,"column":25}},"42":{"start":{"line":43,"column":0},"end":{"line":43,"column":21}},"43":{"start":{"line":44,"column":0},"end":{"line":44,"column":20}},"44":{"start":{"line":45,"column":0},"end":{"line":45,"column":24}},"45":{"start":{"line":46,"column":0},"end":{"line":46,"column":26}},"46":{"start":{"line":47,"column":0},"end":{"line":47,"column":22}},"47":{"start":{"line":48,"column":0},"end":{"line":48,"column":31}},"48":{"start":{"line":49,"column":0},"end":{"line":49,"column":26}},"49":{"start":{"line":50,"column":0},"end":{"line":50,"column":28}},"50":{"start":{"line":51,"column":0},"end":{"line":51,"column":51}},"51":{"start":{"line":52,"column":0},"end":{"line":52,"column":30}},"52":{"start":{"line":53,"column":0},"end":{"line":53,"column":33}},"53":{"start":{"line":54,"column":0},"end":{"line":54,"column":25}},"54":{"start":{"line":55,"column":0},"end":{"line":55,"column":29}},"55":{"start":{"line":56,"column":0},"end":{"line":56,"column":21}},"56":{"start":{"line":57,"column":0},"end":{"line":57,"column":38}},"57":{"start":{"line":58,"column":0},"end":{"line":58,"column":36}},"58":{"start":{"line":59,"column":0},"end":{"line":59,"column":13}},"59":{"start":{"line":60,"column":0},"end":{"line":60,"column":27}},"60":{"start":{"line":61,"column":0},"end":{"line":61,"column":28}},"61":{"start":{"line":62,"column":0},"end":{"line":62,"column":36}},"62":{"start":{"line":63,"column":0},"end":{"line":63,"column":40}},"63":{"start":{"line":64,"column":0},"end":{"line":64,"column":32}},"64":{"start":{"line":65,"column":0},"end":{"line":65,"column":21}},"65":{"start":{"line":66,"column":0},"end":{"line":66,"column":29}},"66":{"start":{"line":67,"column":0},"end":{"line":67,"column":30}},"67":{"start":{"line":68,"column":0},"end":{"line":68,"column":30}},"68":{"start":{"line":69,"column":0},"end":{"line":69,"column":36}},"69":{"start":{"line":70,"column":0},"end":{"line":70,"column":71}},"70":{"start":{"line":71,"column":0},"end":{"line":71,"column":34}},"71":{"start":{"line":72,"column":0},"end":{"line":72,"column":70}},"72":{"start":{"line":73,"column":0},"end":{"line":73,"column":32}},"73":{"start":{"line":74,"column":0},"end":{"line":74,"column":53}},"74":{"start":{"line":75,"column":0},"end":{"line":75,"column":93}},"75":{"start":{"line":76,"column":0},"end":{"line":76,"column":46}},"76":{"start":{"line":77,"column":0},"end":{"line":77,"column":6}},"77":{"start":{"line":78,"column":0},"end":{"line":78,"column":4}},"78":{"start":{"line":79,"column":0},"end":{"line":79,"column":10}},"79":{"start":{"line":80,"column":0},"end":{"line":80,"column":29}},"80":{"start":{"line":81,"column":0},"end":{"line":81,"column":21}},"81":{"start":{"line":82,"column":0},"end":{"line":82,"column":19}},"82":{"start":{"line":83,"column":0},"end":{"line":83,"column":23}},"83":{"start":{"line":84,"column":0},"end":{"line":84,"column":30}},"84":{"start":{"line":85,"column":0},"end":{"line":85,"column":33}},"85":{"start":{"line":86,"column":0},"end":{"line":86,"column":36}},"86":{"start":{"line":87,"column":0},"end":{"line":87,"column":28}},"87":{"start":{"line":88,"column":0},"end":{"line":88,"column":27}},"88":{"start":{"line":89,"column":0},"end":{"line":89,"column":27}},"89":{"start":{"line":90,"column":0},"end":{"line":90,"column":21}},"90":{"start":{"line":91,"column":0},"end":{"line":91,"column":22}},"91":{"start":{"line":92,"column":0},"end":{"line":92,"column":28}},"92":{"start":{"line":93,"column":0},"end":{"line":93,"column":24}},"93":{"start":{"line":94,"column":0},"end":{"line":94,"column":35}},"94":{"start":{"line":95,"column":0},"end":{"line":95,"column":29}},"95":{"start":{"line":96,"column":0},"end":{"line":96,"column":24}},"96":{"start":{"line":97,"column":0},"end":{"line":97,"column":34}},"97":{"start":{"line":98,"column":0},"end":{"line":98,"column":26}},"98":{"start":{"line":99,"column":0},"end":{"line":99,"column":30}},"99":{"start":{"line":100,"column":0},"end":{"line":100,"column":4}},"100":{"start":{"line":101,"column":0},"end":{"line":101,"column":11}},"102":{"start":{"line":103,"column":0},"end":{"line":103,"column":18}}},"s":{"4":0,"5":0,"6":0,"7":0,"8":0,"9":0,"10":0,"11":0,"12":0,"13":0,"14":0,"15":0,"16":0,"17":0,"18":0,"19":0,"20":0,"21":0,"22":0,"23":0,"24":0,"25":0,"26":0,"27":0,"28":0,"29":0,"30":0,"31":0,"32":0,"33":0,"34":0,"35":0,"36":0,"37":0,"38":0,"39":0,"40":0,"41":0,"42":0,"43":0,"44":0,"45":0,"46":0,"47":0,"48":0,"49":0,"50":0,"51":0,"52":0,"53":0,"54":0,"55":0,"56":0,"57":0,"58":0,"59":0,"60":0,"61":0,"62":0,"63":0,"64":0,"65":0,"66":0,"67":0,"68":0,"69":0,"70":0,"71":0,"72":0,"73":0,"74":0,"75":0,"76":0,"77":0,"78":0,"79":0,"80":0,"81":0,"82":0,"83":0,"84":0,"85":0,"86":0,"87":0,"88":0,"89":0,"90":0,"91":0,"92":0,"93":0,"94":0,"95":0,"96":0,"97":0,"98":0,"99":0,"100":0,"102":0},"branchMap":{"0":{"type":"branch","line":1,"loc":{"start":{"line":1,"column":2966},"end":{"line":104,"column":40}},"locations":[{"start":{"line":1,"column":2966},"end":{"line":104,"column":40}}]}},"b":{"0":[1]},"fnMap":{"0":{"name":"(empty-report)","decl":{"start":{"line":1,"column":2966},"end":{"line":104,"column":40}},"loc":{"start":{"line":1,"column":2966},"end":{"line":104,"column":40}},"line":1}},"f":{"0":1}}
,"/Users/yuanye/myWork/voice-room/app/web/src/i18n/locales/zh.ts": {"path":"/Users/yuanye/myWork/voice-room/app/web/src/i18n/locales/zh.ts","all":true,"statementMap":{"4":{"start":{"line":5,"column":0},"end":{"line":5,"column":12}},"5":{"start":{"line":6,"column":0},"end":{"line":6,"column":10}},"6":{"start":{"line":7,"column":0},"end":{"line":7,"column":19}},"7":{"start":{"line":8,"column":0},"end":{"line":8,"column":32}},"8":{"start":{"line":9,"column":0},"end":{"line":9,"column":20}},"9":{"start":{"line":10,"column":0},"end":{"line":10,"column":34}},"10":{"start":{"line":11,"column":0},"end":{"line":11,"column":19}},"11":{"start":{"line":12,"column":0},"end":{"line":12,"column":33}},"12":{"start":{"line":13,"column":0},"end":{"line":13,"column":23}},"13":{"start":{"line":14,"column":0},"end":{"line":14,"column":17}},"14":{"start":{"line":15,"column":0},"end":{"line":15,"column":17}},"15":{"start":{"line":16,"column":0},"end":{"line":16,"column":33}},"16":{"start":{"line":17,"column":0},"end":{"line":17,"column":32}},"17":{"start":{"line":18,"column":0},"end":{"line":18,"column":6}},"18":{"start":{"line":19,"column":0},"end":{"line":19,"column":12}},"19":{"start":{"line":20,"column":0},"end":{"line":20,"column":29}},"20":{"start":{"line":21,"column":0},"end":{"line":21,"column":6}},"21":{"start":{"line":22,"column":0},"end":{"line":22,"column":4}},"22":{"start":{"line":23,"column":0},"end":{"line":23,"column":14}},"23":{"start":{"line":24,"column":0},"end":{"line":24,"column":18}},"24":{"start":{"line":25,"column":0},"end":{"line":25,"column":18}},"25":{"start":{"line":26,"column":0},"end":{"line":26,"column":24}},"26":{"start":{"line":27,"column":0},"end":{"line":27,"column":25}},"27":{"start":{"line":28,"column":0},"end":{"line":28,"column":22}},"28":{"start":{"line":29,"column":0},"end":{"line":29,"column":26}},"29":{"start":{"line":30,"column":0},"end":{"line":30,"column":24}},"30":{"start":{"line":31,"column":0},"end":{"line":31,"column":24}},"31":{"start":{"line":32,"column":0},"end":{"line":32,"column":18}},"32":{"start":{"line":33,"column":0},"end":{"line":33,"column":28}},"33":{"start":{"line":34,"column":0},"end":{"line":34,"column":4}},"34":{"start":{"line":35,"column":0},"end":{"line":35,"column":10}},"35":{"start":{"line":36,"column":0},"end":{"line":36,"column":18}},"36":{"start":{"line":37,"column":0},"end":{"line":37,"column":25}},"37":{"start":{"line":38,"column":0},"end":{"line":38,"column":18}},"38":{"start":{"line":39,"column":0},"end":{"line":39,"column":20}},"39":{"start":{"line":40,"column":0},"end":{"line":40,"column":23}},"40":{"start":{"line":41,"column":0},"end":{"line":41,"column":24}},"41":{"start":{"line":42,"column":0},"end":{"line":42,"column":23}},"42":{"start":{"line":43,"column":0},"end":{"line":43,"column":19}},"43":{"start":{"line":44,"column":0},"end":{"line":44,"column":18}},"44":{"start":{"line":45,"column":0},"end":{"line":45,"column":20}},"45":{"start":{"line":46,"column":0},"end":{"line":46,"column":22}},"46":{"start":{"line":47,"column":0},"end":{"line":47,"column":19}},"47":{"start":{"line":48,"column":0},"end":{"line":48,"column":25}},"48":{"start":{"line":49,"column":0},"end":{"line":49,"column":21}},"49":{"start":{"line":50,"column":0},"end":{"line":50,"column":22}},"50":{"start":{"line":51,"column":0},"end":{"line":51,"column":31}},"51":{"start":{"line":52,"column":0},"end":{"line":52,"column":25}},"52":{"start":{"line":53,"column":0},"end":{"line":53,"column":29}},"53":{"start":{"line":54,"column":0},"end":{"line":54,"column":21}},"54":{"start":{"line":55,"column":0},"end":{"line":55,"column":23}},"55":{"start":{"line":56,"column":0},"end":{"line":56,"column":19}},"56":{"start":{"line":57,"column":0},"end":{"line":57,"column":25}},"57":{"start":{"line":58,"column":0},"end":{"line":58,"column":28}},"58":{"start":{"line":59,"column":0},"end":{"line":59,"column":13}},"59":{"start":{"line":60,"column":0},"end":{"line":60,"column":20}},"60":{"start":{"line":61,"column":0},"end":{"line":61,"column":23}},"61":{"start":{"line":62,"column":0},"end":{"line":62,"column":29}},"62":{"start":{"line":63,"column":0},"end":{"line":63,"column":31}},"63":{"start":{"line":64,"column":0},"end":{"line":64,"column":27}},"64":{"start":{"line":65,"column":0},"end":{"line":65,"column":18}},"65":{"start":{"line":66,"column":0},"end":{"line":66,"column":25}},"66":{"start":{"line":67,"column":0},"end":{"line":67,"column":24}},"67":{"start":{"line":68,"column":0},"end":{"line":68,"column":24}},"68":{"start":{"line":69,"column":0},"end":{"line":69,"column":29}},"69":{"start":{"line":70,"column":0},"end":{"line":70,"column":46}},"70":{"start":{"line":71,"column":0},"end":{"line":71,"column":28}},"71":{"start":{"line":72,"column":0},"end":{"line":72,"column":44}},"72":{"start":{"line":73,"column":0},"end":{"line":73,"column":25}},"73":{"start":{"line":74,"column":0},"end":{"line":74,"column":40}},"74":{"start":{"line":75,"column":0},"end":{"line":75,"column":51}},"75":{"start":{"line":76,"column":0},"end":{"line":76,"column":28}},"76":{"start":{"line":77,"column":0},"end":{"line":77,"column":6}},"77":{"start":{"line":78,"column":0},"end":{"line":78,"column":4}},"78":{"start":{"line":79,"column":0},"end":{"line":79,"column":10}},"79":{"start":{"line":80,"column":0},"end":{"line":80,"column":18}},"80":{"start":{"line":81,"column":0},"end":{"line":81,"column":17}},"81":{"start":{"line":82,"column":0},"end":{"line":82,"column":16}},"82":{"start":{"line":83,"column":0},"end":{"line":83,"column":18}},"83":{"start":{"line":84,"column":0},"end":{"line":84,"column":28}},"84":{"start":{"line":85,"column":0},"end":{"line":85,"column":31}},"85":{"start":{"line":86,"column":0},"end":{"line":86,"column":30}},"86":{"start":{"line":87,"column":0},"end":{"line":87,"column":22}},"87":{"start":{"line":88,"column":0},"end":{"line":88,"column":23}},"88":{"start":{"line":89,"column":0},"end":{"line":89,"column":23}},"89":{"start":{"line":90,"column":0},"end":{"line":90,"column":19}},"90":{"start":{"line":91,"column":0},"end":{"line":91,"column":20}},"91":{"start":{"line":92,"column":0},"end":{"line":92,"column":22}},"92":{"start":{"line":93,"column":0},"end":{"line":93,"column":20}},"93":{"start":{"line":94,"column":0},"end":{"line":94,"column":27}},"94":{"start":{"line":95,"column":0},"end":{"line":95,"column":26}},"95":{"start":{"line":96,"column":0},"end":{"line":96,"column":20}},"96":{"start":{"line":97,"column":0},"end":{"line":97,"column":25}},"97":{"start":{"line":98,"column":0},"end":{"line":98,"column":21}},"98":{"start":{"line":99,"column":0},"end":{"line":99,"column":23}},"99":{"start":{"line":100,"column":0},"end":{"line":100,"column":4}},"100":{"start":{"line":101,"column":0},"end":{"line":101,"column":11}},"102":{"start":{"line":103,"column":0},"end":{"line":103,"column":18}}},"s":{"4":0,"5":0,"6":0,"7":0,"8":0,"9":0,"10":0,"11":0,"12":0,"13":0,"14":0,"15":0,"16":0,"17":0,"18":0,"19":0,"20":0,"21":0,"22":0,"23":0,"24":0,"25":0,"26":0,"27":0,"28":0,"29":0,"30":0,"31":0,"32":0,"33":0,"34":0,"35":0,"36":0,"37":0,"38":0,"39":0,"40":0,"41":0,"42":0,"43":0,"44":0,"45":0,"46":0,"47":0,"48":0,"49":0,"50":0,"51":0,"52":0,"53":0,"54":0,"55":0,"56":0,"57":0,"58":0,"59":0,"60":0,"61":0,"62":0,"63":0,"64":0,"65":0,"66":0,"67":0,"68":0,"69":0,"70":0,"71":0,"72":0,"73":0,"74":0,"75":0,"76":0,"77":0,"78":0,"79":0,"80":0,"81":0,"82":0,"83":0,"84":0,"85":0,"86":0,"87":0,"88":0,"89":0,"90":0,"91":0,"92":0,"93":0,"94":0,"95":0,"96":0,"97":0,"98":0,"99":0,"100":0,"102":0},"branchMap":{"0":{"type":"branch","line":1,"loc":{"start":{"line":1,"column":2298},"end":{"line":103,"column":18}},"locations":[{"start":{"line":1,"column":2298},"end":{"line":103,"column":18}}]}},"b":{"0":[1]},"fnMap":{"0":{"name":"(empty-report)","decl":{"start":{"line":1,"column":2298},"end":{"line":103,"column":18}},"loc":{"start":{"line":1,"column":2298},"end":{"line":103,"column":18}},"line":1}},"f":{"0":1}}
,"/Users/yuanye/myWork/voice-room/app/web/src/lib/url.ts": {"path":"/Users/yuanye/myWork/voice-room/app/web/src/lib/url.ts","all":false,"statementMap":{"0":{"start":{"line":1,"column":0},"end":{"line":1,"column":63}},"1":{"start":{"line":2,"column":0},"end":{"line":2,"column":34}},"3":{"start":{"line":4,"column":0},"end":{"line":4,"column":54}},"4":{"start":{"line":5,"column":0},"end":{"line":5,"column":73}},"5":{"start":{"line":6,"column":0},"end":{"line":6,"column":3}},"7":{"start":{"line":8,"column":0},"end":{"line":8,"column":46}},"8":{"start":{"line":9,"column":0},"end":{"line":9,"column":59}},"9":{"start":{"line":10,"column":0},"end":{"line":10,"column":3}},"11":{"start":{"line":12,"column":0},"end":{"line":12,"column":76}},"12":{"start":{"line":13,"column":0},"end":{"line":13,"column":69}},"13":{"start":{"line":14,"column":0},"end":{"line":14,"column":32}},"14":{"start":{"line":15,"column":0},"end":{"line":15,"column":39}},"15":{"start":{"line":16,"column":0},"end":{"line":16,"column":57}},"16":{"start":{"line":17,"column":0},"end":{"line":17,"column":65}},"18":{"start":{"line":19,"column":0},"end":{"line":19,"column":6}},"19":{"start":{"line":20,"column":0},"end":{"line":20,"column":54}},"20":{"start":{"line":21,"column":0},"end":{"line":21,"column":56}},"21":{"start":{"line":22,"column":0},"end":{"line":22,"column":5}},"22":{"start":{"line":23,"column":0},"end":{"line":23,"column":78}},"23":{"start":{"line":24,"column":0},"end":{"line":24,"column":3}},"25":{"start":{"line":26,"column":0},"end":{"line":26,"column":32}},"26":{"start":{"line":27,"column":0},"end":{"line":27,"column":1}}},"s":{"0":1,"1":6,"3":6,"4":2,"5":2,"7":6,"8":1,"9":1,"11":6,"12":6,"13":3,"14":0,"15":6,"16":6,"18":6,"19":6,"20":3,"21":6,"22":1,"23":1,"25":2,"26":2},"branchMap":{"0":{"type":"branch","line":1,"loc":{"start":{"line":1,"column":7},"end":{"line":27,"column":1}},"locations":[{"start":{"line":1,"column":7},"end":{"line":27,"column":1}}]},"1":{"type":"branch","line":4,"loc":{"start":{"line":4,"column":53},"end":{"line":6,"column":3}},"locations":[{"start":{"line":4,"column":53},"end":{"line":6,"column":3}}]},"2":{"type":"branch","line":6,"loc":{"start":{"line":6,"column":2},"end":{"line":8,"column":45}},"locations":[{"start":{"line":6,"column":2},"end":{"line":8,"column":45}}]},"3":{"type":"branch","line":8,"loc":{"start":{"line":8,"column":45},"end":{"line":10,"column":3}},"locations":[{"start":{"line":8,"column":45},"end":{"line":10,"column":3}}]},"4":{"type":"branch","line":10,"loc":{"start":{"line":10,"column":2},"end":{"line":12,"column":57}},"locations":[{"start":{"line":10,"column":2},"end":{"line":12,"column":57}}]},"5":{"type":"branch","line":12,"loc":{"start":{"line":12,"column":53},"end":{"line":12,"column":64}},"locations":[{"start":{"line":12,"column":53},"end":{"line":12,"column":64}}]},"6":{"type":"branch","line":12,"loc":{"start":{"line":12,"column":57},"end":{"line":12,"column":74}},"locations":[{"start":{"line":12,"column":57},"end":{"line":12,"column":74}}]},"7":{"type":"branch","line":13,"loc":{"start":{"line":13,"column":68},"end":{"line":14,"column":32}},"locations":[{"start":{"line":13,"column":68},"end":{"line":14,"column":32}}]},"8":{"type":"branch","line":14,"loc":{"start":{"line":14,"column":24},"end":{"line":15,"column":39}},"locations":[{"start":{"line":14,"column":24},"end":{"line":15,"column":39}}]},"9":{"type":"branch","line":20,"loc":{"start":{"line":20,"column":45},"end":{"line":21,"column":56}},"locations":[{"start":{"line":20,"column":45},"end":{"line":21,"column":56}}]},"10":{"type":"branch","line":22,"loc":{"start":{"line":22,"column":4},"end":{"line":24,"column":3}},"locations":[{"start":{"line":22,"column":4},"end":{"line":24,"column":3}}]},"11":{"type":"branch","line":24,"loc":{"start":{"line":24,"column":2},"end":{"line":27,"column":1}},"locations":[{"start":{"line":24,"column":2},"end":{"line":27,"column":1}}]}},"b":{"0":[6],"1":[2],"2":[4],"3":[1],"4":[3],"5":[0],"6":[3],"7":[3],"8":[0],"9":[3],"10":[1],"11":[2]},"fnMap":{"0":{"name":"joinConfiguredUrl","decl":{"start":{"line":1,"column":7},"end":{"line":27,"column":1}},"loc":{"start":{"line":1,"column":7},"end":{"line":27,"column":1}},"line":1}},"f":{"0":6}}
,"/Users/yuanye/myWork/voice-room/app/web/src/pages/HomePage.tsx": {"path":"/Users/yuanye/myWork/voice-room/app/web/src/pages/HomePage.tsx","all":true,"statementMap":{"0":{"start":{"line":1,"column":0},"end":{"line":1,"column":64}},"2":{"start":{"line":3,"column":0},"end":{"line":3,"column":28}},"3":{"start":{"line":4,"column":0},"end":{"line":4,"column":30}},"4":{"start":{"line":5,"column":0},"end":{"line":5,"column":1}}},"s":{"0":0,"2":0,"3":0,"4":0},"branchMap":{"0":{"type":"branch","line":1,"loc":{"start":{"line":1,"column":127},"end":{"line":5,"column":1}},"locations":[{"start":{"line":1,"column":127},"end":{"line":5,"column":1}}]}},"b":{"0":[0]},"fnMap":{"0":{"name":"(empty-report)","decl":{"start":{"line":1,"column":127},"end":{"line":5,"column":1}},"loc":{"start":{"line":1,"column":127},"end":{"line":5,"column":1}},"line":1}},"f":{"0":0}}
,"/Users/yuanye/myWork/voice-room/app/web/src/pages/dashboard/StatCards.tsx": {"path":"/Users/yuanye/myWork/voice-room/app/web/src/pages/dashboard/StatCards.tsx","all":false,"statementMap":{"0":{"start":{"line":1,"column":0},"end":{"line":1,"column":3}},"20":{"start":{"line":21,"column":0},"end":{"line":21,"column":52}},"22":{"start":{"line":23,"column":0},"end":{"line":23,"column":47}},"23":{"start":{"line":24,"column":0},"end":{"line":24,"column":1}},"25":{"start":{"line":26,"column":0},"end":{"line":26,"column":63}},"26":{"start":{"line":27,"column":0},"end":{"line":27,"column":33}},"28":{"start":{"line":29,"column":0},"end":{"line":29,"column":16}},"29":{"start":{"line":30,"column":0},"end":{"line":30,"column":12}},"30":{"start":{"line":31,"column":0},"end":{"line":31,"column":29}},"31":{"start":{"line":32,"column":0},"end":{"line":32,"column":34}},"32":{"start":{"line":33,"column":0},"end":{"line":33,"column":46}},"33":{"start":{"line":34,"column":0},"end":{"line":34,"column":18}},"34":{"start":{"line":35,"column":0},"end":{"line":35,"column":57}},"35":{"start":{"line":36,"column":0},"end":{"line":36,"column":19}},"36":{"start":{"line":37,"column":0},"end":{"line":37,"column":16}},"37":{"start":{"line":38,"column":0},"end":{"line":38,"column":11}},"38":{"start":{"line":39,"column":0},"end":{"line":39,"column":12}},"40":{"start":{"line":41,"column":0},"end":{"line":41,"column":3}},"42":{"start":{"line":43,"column":0},"end":{"line":43,"column":10}},"43":{"start":{"line":44,"column":0},"end":{"line":44,"column":27}},"44":{"start":{"line":45,"column":0},"end":{"line":45,"column":34}},"45":{"start":{"line":46,"column":0},"end":{"line":46,"column":46}},"46":{"start":{"line":47,"column":0},"end":{"line":47,"column":20}},"47":{"start":{"line":48,"column":0},"end":{"line":48,"column":46}},"48":{"start":{"line":49,"column":0},"end":{"line":49,"column":50}},"49":{"start":{"line":50,"column":0},"end":{"line":50,"column":29}},"50":{"start":{"line":51,"column":0},"end":{"line":51,"column":12}},"51":{"start":{"line":52,"column":0},"end":{"line":52,"column":15}},"52":{"start":{"line":53,"column":0},"end":{"line":53,"column":12}},"54":{"start":{"line":55,"column":0},"end":{"line":55,"column":34}},"55":{"start":{"line":56,"column":0},"end":{"line":56,"column":46}},"56":{"start":{"line":57,"column":0},"end":{"line":57,"column":20}},"57":{"start":{"line":58,"column":0},"end":{"line":58,"column":46}},"58":{"start":{"line":59,"column":0},"end":{"line":59,"column":50}},"59":{"start":{"line":60,"column":0},"end":{"line":60,"column":29}},"60":{"start":{"line":61,"column":0},"end":{"line":61,"column":12}},"61":{"start":{"line":62,"column":0},"end":{"line":62,"column":15}},"62":{"start":{"line":63,"column":0},"end":{"line":63,"column":12}},"64":{"start":{"line":65,"column":0},"end":{"line":65,"column":34}},"65":{"start":{"line":66,"column":0},"end":{"line":66,"column":37}},"66":{"start":{"line":67,"column":0},"end":{"line":67,"column":20}},"67":{"start":{"line":68,"column":0},"end":{"line":68,"column":38}},"68":{"start":{"line":69,"column":0},"end":{"line":69,"column":42}},"69":{"start":{"line":70,"column":0},"end":{"line":70,"column":29}},"70":{"start":{"line":71,"column":0},"end":{"line":71,"column":12}},"71":{"start":{"line":72,"column":0},"end":{"line":72,"column":15}},"72":{"start":{"line":73,"column":0},"end":{"line":73,"column":12}},"74":{"start":{"line":75,"column":0},"end":{"line":75,"column":34}},"75":{"start":{"line":76,"column":0},"end":{"line":76,"column":43}},"76":{"start":{"line":77,"column":0},"end":{"line":77,"column":20}},"77":{"start":{"line":78,"column":0},"end":{"line":78,"column":48}},"78":{"start":{"line":79,"column":0},"end":{"line":79,"column":52}},"79":{"start":{"line":80,"column":0},"end":{"line":80,"column":29}},"80":{"start":{"line":81,"column":0},"end":{"line":81,"column":12}},"81":{"start":{"line":82,"column":0},"end":{"line":82,"column":15}},"82":{"start":{"line":83,"column":0},"end":{"line":83,"column":12}},"83":{"start":{"line":84,"column":0},"end":{"line":84,"column":10}},"85":{"start":{"line":86,"column":0},"end":{"line":86,"column":1}}},"s":{"0":1,"20":44,"22":44,"23":44,"25":1,"26":19,"28":19,"29":8,"30":8,"31":8,"32":32,"33":32,"34":32,"35":32,"36":32,"37":8,"38":8,"40":8,"42":11,"43":11,"44":11,"45":11,"46":11,"47":11,"48":11,"49":11,"50":11,"51":11,"52":11,"54":11,"55":11,"56":11,"57":11,"58":11,"59":11,"60":11,"61":11,"62":11,"64":11,"65":11,"66":11,"67":11,"68":11,"69":11,"70":11,"71":11,"72":11,"74":11,"75":11,"76":11,"77":11,"78":11,"79":11,"80":11,"81":11,"82":11,"83":11,"85":11},"branchMap":{"0":{"type":"branch","line":21,"loc":{"start":{"line":21,"column":0},"end":{"line":24,"column":1}},"locations":[{"start":{"line":21,"column":0},"end":{"line":24,"column":1}}]},"1":{"type":"branch","line":23,"loc":{"start":{"line":23,"column":19},"end":{"line":23,"column":33}},"locations":[{"start":{"line":23,"column":19},"end":{"line":23,"column":33}}]},"2":{"type":"branch","line":23,"loc":{"start":{"line":23,"column":26},"end":{"line":23,"column":47}},"locations":[{"start":{"line":23,"column":26},"end":{"line":23,"column":47}}]},"3":{"type":"branch","line":26,"loc":{"start":{"line":26,"column":7},"end":{"line":86,"column":1}},"locations":[{"start":{"line":26,"column":7},"end":{"line":86,"column":1}}]},"4":{"type":"branch","line":29,"loc":{"start":{"line":29,"column":15},"end":{"line":86,"column":1}},"locations":[{"start":{"line":29,"column":15},"end":{"line":86,"column":1}}]},"5":{"type":"branch","line":29,"loc":{"start":{"line":29,"column":15},"end":{"line":41,"column":3}},"locations":[{"start":{"line":29,"column":15},"end":{"line":41,"column":3}}]},"6":{"type":"branch","line":41,"loc":{"start":{"line":41,"column":2},"end":{"line":86,"column":1}},"locations":[{"start":{"line":41,"column":2},"end":{"line":86,"column":1}}]},"7":{"type":"branch","line":32,"loc":{"start":{"line":32,"column":26},"end":{"line":37,"column":16}},"locations":[{"start":{"line":32,"column":26},"end":{"line":37,"column":16}}]}},"b":{"0":[44],"1":[6],"2":[38],"3":[19],"4":[14],"5":[8],"6":[11],"7":[32]},"fnMap":{"0":{"name":"formatValue","decl":{"start":{"line":21,"column":0},"end":{"line":24,"column":1}},"loc":{"start":{"line":21,"column":0},"end":{"line":24,"column":1}},"line":21},"1":{"name":"StatCards","decl":{"start":{"line":26,"column":7},"end":{"line":86,"column":1}},"loc":{"start":{"line":26,"column":7},"end":{"line":86,"column":1}},"line":26}},"f":{"0":44,"1":19}}
,"/Users/yuanye/myWork/voice-room/app/web/src/pages/dashboard/TrendChart.tsx": {"path":"/Users/yuanye/myWork/voice-room/app/web/src/pages/dashboard/TrendChart.tsx","all":false,"statementMap":{"0":{"start":{"line":1,"column":0},"end":{"line":1,"column":3}},"23":{"start":{"line":24,"column":0},"end":{"line":24,"column":28}},"25":{"start":{"line":26,"column":0},"end":{"line":26,"column":65}},"26":{"start":{"line":27,"column":0},"end":{"line":27,"column":33}},"29":{"start":{"line":30,"column":0},"end":{"line":30,"column":25}},"30":{"start":{"line":31,"column":0},"end":{"line":31,"column":12}},"31":{"start":{"line":32,"column":0},"end":{"line":32,"column":35}},"32":{"start":{"line":33,"column":0},"end":{"line":33,"column":75}},"33":{"start":{"line":34,"column":0},"end":{"line":34,"column":14}},"34":{"start":{"line":35,"column":0},"end":{"line":35,"column":25}},"35":{"start":{"line":36,"column":0},"end":{"line":36,"column":39}},"36":{"start":{"line":37,"column":0},"end":{"line":37,"column":8}},"37":{"start":{"line":38,"column":0},"end":{"line":38,"column":31}},"38":{"start":{"line":39,"column":0},"end":{"line":39,"column":15}},"39":{"start":{"line":40,"column":0},"end":{"line":40,"column":9}},"40":{"start":{"line":41,"column":0},"end":{"line":41,"column":35}},"41":{"start":{"line":42,"column":0},"end":{"line":42,"column":23}},"42":{"start":{"line":43,"column":0},"end":{"line":43,"column":23}},"43":{"start":{"line":44,"column":0},"end":{"line":44,"column":40}},"44":{"start":{"line":45,"column":0},"end":{"line":45,"column":10}},"45":{"start":{"line":46,"column":0},"end":{"line":46,"column":9}},"46":{"start":{"line":47,"column":0},"end":{"line":47,"column":45}},"47":{"start":{"line":48,"column":0},"end":{"line":48,"column":23}},"48":{"start":{"line":49,"column":0},"end":{"line":49,"column":23}},"49":{"start":{"line":50,"column":0},"end":{"line":50,"column":46}},"50":{"start":{"line":51,"column":0},"end":{"line":51,"column":10}},"51":{"start":{"line":52,"column":0},"end":{"line":52,"column":8}},"52":{"start":{"line":53,"column":0},"end":{"line":53,"column":7}},"53":{"start":{"line":54,"column":0},"end":{"line":54,"column":15}},"54":{"start":{"line":55,"column":0},"end":{"line":55,"column":4}},"56":{"start":{"line":57,"column":0},"end":{"line":57,"column":16}},"57":{"start":{"line":58,"column":0},"end":{"line":58,"column":55}},"58":{"start":{"line":59,"column":0},"end":{"line":59,"column":3}},"60":{"start":{"line":61,"column":0},"end":{"line":61,"column":27}},"61":{"start":{"line":62,"column":0},"end":{"line":62,"column":12}},"62":{"start":{"line":63,"column":0},"end":{"line":63,"column":12}},"63":{"start":{"line":64,"column":0},"end":{"line":64,"column":33}},"64":{"start":{"line":65,"column":0},"end":{"line":65,"column":48}},"65":{"start":{"line":66,"column":0},"end":{"line":66,"column":8}},"67":{"start":{"line":68,"column":0},"end":{"line":68,"column":3}},"69":{"start":{"line":70,"column":0},"end":{"line":70,"column":10}},"70":{"start":{"line":71,"column":0},"end":{"line":71,"column":17}},"71":{"start":{"line":72,"column":0},"end":{"line":72,"column":31}},"72":{"start":{"line":73,"column":0},"end":{"line":73,"column":21}},"73":{"start":{"line":74,"column":0},"end":{"line":74,"column":41}},"74":{"start":{"line":75,"column":0},"end":{"line":75,"column":6}},"76":{"start":{"line":77,"column":0},"end":{"line":77,"column":1}}},"s":{"0":1,"23":1,"25":1,"26":21,"29":21,"30":21,"31":20,"32":20,"33":20,"34":20,"35":20,"36":20,"37":20,"38":20,"39":20,"40":20,"41":20,"42":20,"43":20,"44":20,"45":20,"46":20,"47":20,"48":20,"49":20,"50":20,"51":20,"52":20,"53":21,"54":21,"56":21,"57":8,"58":8,"60":21,"61":3,"62":3,"63":3,"64":3,"65":3,"67":3,"69":10,"70":10,"71":10,"72":10,"73":10,"74":10,"76":10},"branchMap":{"0":{"type":"branch","line":26,"loc":{"start":{"line":26,"column":7},"end":{"line":77,"column":1}},"locations":[{"start":{"line":26,"column":7},"end":{"line":77,"column":1}}]},"1":{"type":"branch","line":57,"loc":{"start":{"line":57,"column":15},"end":{"line":61,"column":26}},"locations":[{"start":{"line":57,"column":15},"end":{"line":61,"column":26}}]},"2":{"type":"branch","line":57,"loc":{"start":{"line":57,"column":15},"end":{"line":59,"column":3}},"locations":[{"start":{"line":57,"column":15},"end":{"line":59,"column":3}}]},"3":{"type":"branch","line":59,"loc":{"start":{"line":59,"column":2},"end":{"line":61,"column":26}},"locations":[{"start":{"line":59,"column":2},"end":{"line":61,"column":26}}]},"4":{"type":"branch","line":61,"loc":{"start":{"line":61,"column":26},"end":{"line":77,"column":1}},"locations":[{"start":{"line":61,"column":26},"end":{"line":77,"column":1}}]},"5":{"type":"branch","line":61,"loc":{"start":{"line":61,"column":26},"end":{"line":68,"column":3}},"locations":[{"start":{"line":61,"column":26},"end":{"line":68,"column":3}}]},"6":{"type":"branch","line":68,"loc":{"start":{"line":68,"column":2},"end":{"line":77,"column":1}},"locations":[{"start":{"line":68,"column":2},"end":{"line":77,"column":1}}]},"7":{"type":"branch","line":31,"loc":{"start":{"line":31,"column":4},"end":{"line":53,"column":7}},"locations":[{"start":{"line":31,"column":4},"end":{"line":53,"column":7}}]},"8":{"type":"branch","line":36,"loc":{"start":{"line":36,"column":24},"end":{"line":36,"column":37}},"locations":[{"start":{"line":36,"column":24},"end":{"line":36,"column":37}}]},"9":{"type":"branch","line":44,"loc":{"start":{"line":44,"column":26},"end":{"line":44,"column":38}},"locations":[{"start":{"line":44,"column":26},"end":{"line":44,"column":38}}]},"10":{"type":"branch","line":50,"loc":{"start":{"line":50,"column":26},"end":{"line":50,"column":44}},"locations":[{"start":{"line":50,"column":26},"end":{"line":50,"column":44}}]}},"b":{"0":[21],"1":[16],"2":[8],"3":[13],"4":[20],"5":[3],"6":[10],"7":[20],"8":[16],"9":[16],"10":[16]},"fnMap":{"0":{"name":"TrendChart","decl":{"start":{"line":26,"column":7},"end":{"line":77,"column":1}},"loc":{"start":{"line":26,"column":7},"end":{"line":77,"column":1}},"line":26}},"f":{"0":21}}
,"/Users/yuanye/myWork/voice-room/app/web/src/pages/dashboard/index.tsx": {"path":"/Users/yuanye/myWork/voice-room/app/web/src/pages/dashboard/index.tsx","all":false,"statementMap":{"0":{"start":{"line":1,"column":0},"end":{"line":1,"column":3}},"14":{"start":{"line":15,"column":0},"end":{"line":15,"column":29}},"16":{"start":{"line":17,"column":0},"end":{"line":17,"column":33}},"17":{"start":{"line":18,"column":0},"end":{"line":18,"column":33}},"18":{"start":{"line":19,"column":0},"end":{"line":19,"column":80}},"20":{"start":{"line":21,"column":0},"end":{"line":21,"column":10}},"21":{"start":{"line":22,"column":0},"end":{"line":22,"column":66}},"23":{"start":{"line":24,"column":0},"end":{"line":24,"column":90}},"24":{"start":{"line":25,"column":0},"end":{"line":25,"column":47}},"25":{"start":{"line":26,"column":0},"end":{"line":26,"column":32}},"26":{"start":{"line":27,"column":0},"end":{"line":27,"column":16}},"27":{"start":{"line":28,"column":0},"end":{"line":28,"column":15}},"28":{"start":{"line":29,"column":0},"end":{"line":29,"column":29}},"29":{"start":{"line":30,"column":0},"end":{"line":30,"column":61}},"30":{"start":{"line":31,"column":0},"end":{"line":31,"column":80}},"31":{"start":{"line":32,"column":0},"end":{"line":32,"column":19}},"33":{"start":{"line":34,"column":0},"end":{"line":34,"column":17}},"34":{"start":{"line":35,"column":0},"end":{"line":35,"column":37}},"35":{"start":{"line":36,"column":0},"end":{"line":36,"column":37}},"36":{"start":{"line":37,"column":0},"end":{"line":37,"column":29}},"37":{"start":{"line":38,"column":0},"end":{"line":38,"column":29}},"39":{"start":{"line":40,"column":0},"end":{"line":40,"column":36}},"40":{"start":{"line":41,"column":0},"end":{"line":41,"column":19}},"41":{"start":{"line":42,"column":0},"end":{"line":42,"column":16}},"42":{"start":{"line":43,"column":0},"end":{"line":43,"column":14}},"45":{"start":{"line":46,"column":0},"end":{"line":46,"column":17}},"46":{"start":{"line":47,"column":0},"end":{"line":47,"column":14}},"47":{"start":{"line":48,"column":0},"end":{"line":48,"column":39}},"48":{"start":{"line":49,"column":0},"end":{"line":49,"column":22}},"49":{"start":{"line":50,"column":0},"end":{"line":50,"column":43}},"50":{"start":{"line":51,"column":0},"end":{"line":51,"column":37}},"51":{"start":{"line":52,"column":0},"end":{"line":52,"column":18}},"52":{"start":{"line":53,"column":0},"end":{"line":53,"column":38}},"53":{"start":{"line":54,"column":0},"end":{"line":54,"column":10}},"57":{"start":{"line":58,"column":0},"end":{"line":58,"column":51}},"60":{"start":{"line":61,"column":0},"end":{"line":61,"column":87}},"61":{"start":{"line":62,"column":0},"end":{"line":62,"column":54}},"62":{"start":{"line":63,"column":0},"end":{"line":63,"column":37}},"63":{"start":{"line":64,"column":0},"end":{"line":64,"column":16}},"64":{"start":{"line":65,"column":0},"end":{"line":65,"column":60}},"65":{"start":{"line":66,"column":0},"end":{"line":66,"column":12}},"66":{"start":{"line":67,"column":0},"end":{"line":67,"column":10}},"68":{"start":{"line":69,"column":0},"end":{"line":69,"column":1}}},"s":{"0":1,"14":1,"16":1,"17":12,"18":12,"20":12,"21":12,"23":12,"24":12,"25":12,"26":12,"27":12,"28":12,"29":5,"30":5,"31":5,"33":12,"34":12,"35":12,"36":12,"37":12,"39":12,"40":12,"41":1
[...]
6}},"108":{"start":{"line":109,"column":0},"end":{"line":109,"column":7}},"109":{"start":{"line":110,"column":0},"end":{"line":110,"column":6}},"111":{"start":{"line":112,"column":0},"end":{"line":112,"column":22}},"113":{"start":{"line":114,"column":0},"end":{"line":114,"column":18}},"114":{"start":{"line":115,"column":0},"end":{"line":115,"column":25}},"115":{"start":{"line":116,"column":0},"end":{"line":116,"column":6}},"118":{"start":{"line":119,"column":0},"end":{"line":119,"column":100}},"121":{"start":{"line":122,"column":0},"end":{"line":122,"column":68}},"122":{"start":{"line":123,"column":0},"end":{"line":123,"column":32}},"123":{"start":{"line":124,"column":0},"end":{"line":124,"column":20}},"124":{"start":{"line":125,"column":0},"end":{"line":125,"column":9}},"127":{"start":{"line":128,"column":0},"end":{"line":128,"column":73}},"128":{"start":{"line":129,"column":0},"end":{"line":129,"column":26}},"129":{"start":{"line":130,"column":0},"end":{"line":130,"column":34}},"130":{"start":{"line":131,"column":0},"end":{"line":131,"column":9}},"133":{"start":{"line":134,"column":0},"end":{"line":134,"column":37}},"134":{"start":{"line":135,"column":0},"end":{"line":135,"column":38}},"135":{"start":{"line":136,"column":0},"end":{"line":136,"column":9}},"137":{"start":{"line":138,"column":0},"end":{"line":138,"column":10}},"138":{"start":{"line":139,"column":0},"end":{"line":139,"column":10}},"139":{"start":{"line":140,"column":0},"end":{"line":140,"column":10}},"140":{"start":{"line":141,"column":0},"end":{"line":141,"column":12}},"141":{"start":{"line":142,"column":0},"end":{"line":142,"column":10}},"142":{"start":{"line":143,"column":0},"end":{"line":143,"column":9}},"143":{"start":{"line":144,"column":0},"end":{"line":144,"column":13}},"144":{"start":{"line":145,"column":0},"end":{"line":145,"column":12}},"145":{"start":{"line":146,"column":0},"end":{"line":146,"column":12}},"146":{"start":{"line":147,"column":0},"end":{"line":147,"column":15}},"147":{"start":{"line":148,"column":0},"end":{"line":148,"column":12}},"148":{"start":{"line":149,"column":0},"end":{"line":149,"column":4}},"149":{"start":{"line":150,"column":0},"end":{"line":150,"column":1}}},"s":{"0":1,"39":1,"40":84,"43":84,"44":17,"45":17,"46":17,"47":17,"48":84,"50":84,"51":17,"52":17,"53":84,"55":84,"56":17,"57":17,"58":84,"60":84,"61":84,"62":84,"63":84,"64":84,"67":84,"68":27,"69":27,"70":27,"71":27,"72":27,"73":27,"74":27,"75":27,"77":84,"80":84,"81":28,"83":28,"84":28,"85":28,"86":28,"87":28,"88":28,"89":28,"90":28,"91":28,"92":28,"93":28,"94":28,"95":28,"96":28,"97":28,"98":25,"99":25,"100":28,"101":3,"102":3,"103":3,"104":3,"105":3,"106":28,"107":28,"108":28,"109":28,"111":28,"113":28,"114":28,"115":28,"118":84,"121":84,"122":7,"123":7,"124":84,"127":84,"128":3,"129":3,"130":84,"133":84,"134":1,"135":84,"137":84,"138":84,"139":84,"140":84,"141":84,"142":84,"143":84,"144":84,"145":84,"146":84,"147":84,"148":84,"149":84},"branchMap":{"0":{"type":"branch","line":40,"loc":{"start":{"line":40,"column":7},"end":{"line":150,"column":1}},"locations":[{"start":{"line":40,"column":7},"end":{"line":150,"column":1}}]},"1":{"type":"branch","line":44,"loc":{"start":{"line":44,"column":64},"end":{"line":49,"column":4}},"locations":[{"start":{"line":44,"column":64},"end":{"line":49,"column":4}}]},"2":{"type":"branch","line":45,"loc":{"start":{"line":45,"column":38},"end":{"line":45,"column":56}},"locations":[{"start":{"line":45,"column":38},"end":{"line":45,"column":56}}]},"3":{"type":"branch","line":48,"loc":{"start":{"line":48,"column":40},"end":{"line":48,"column":79}},"locations":[{"start":{"line":48,"column":40},"end":{"line":48,"column":79}}]},"4":{"type":"branch","line":51,"loc":{"start":{"line":51,"column":48},"end":{"line":54,"column":3}},"locations":[{"start":{"line":51,"column":48},"end":{"line":54,"column":3}}]},"5":{"type":"branch","line":53,"loc":{"start":{"line":53,"column":15},"end":{"line":53,"column":23}},"locations":[{"start":{"line":53,"column":15},"end":{"line":53,"column":23}}]},"6":{"type":"branch","line":53,"loc":{"start":{"line":53,"column":19},"end":{"line":53,"column":25}},"locations":[{"start":{"line":53,"column":19},"end":{"line":53,"column":25}}]},"7":{"type":"branch","line":56,"loc":{"start":{"line":56,"column":56},"end":{"line":59,"column":3}},"locations":[{"start":{"line":56,"column":56},"end":{"line":59,"column":3}}]},"8":{"type":"branch","line":58,"loc":{"start":{"line":58,"column":15},"end":{"line":58,"column":23}},"locations":[{"start":{"line":58,"column":15},"end":{"line":58,"column":23}}]},"9":{"type":"branch","line":68,"loc":{"start":{"line":68,"column":12},"end":{"line":78,"column":5}},"locations":[{"start":{"line":68,"column":12},"end":{"line":78,"column":5}}]},"10":{"type":"branch","line":70,"loc":{"start":{"line":70,"column":26},"end":{"line":70,"column":58}},"locations":[{"start":{"line":70,"column":26},"end":{"line":70,"column":58}}]},"11":{"type":"branch","line":71,"loc":{"start":{"line":71,"column":26},"end":{"line":71,"column":61}},"locations":[{"start":{"line":71,"column":26},"end":{"line":71,"column":61}}]},"12":{"type":"branch","line":72,"loc":{"start":{"line":72,"column":26},"end":{"line":72,"column":59}},"locations":[{"start":{"line":72,"column":26},"end":{"line":72,"column":59}}]},"13":{"type":"branch","line":73,"loc":{"start":{"line":73,"column":26},"end":{"line":73,"column":59}},"locations":[{"start":{"line":73,"column":26},"end":{"line":73,"column":59}}]},"14":{"type":"branch","line":74,"loc":{"start":{"line":74,"column":26},"end":{"line":74,"column":57}},"locations":[{"start":{"line":74,"column":26},"end":{"line":74,"column":57}}]},"15":{"type":"branch","line":75,"loc":{"start":{"line":75,"column":26},"end":{"line":75,"column":61}},"locations":[{"start":{"line":75,"column":26},"end":{"line":75,"column":61}}]},"16":{"type":"branch","line":81,"loc":{"start":{"line":81,"column":12},"end":{"line":119,"column":5}},"locations":[{"start":{"line":81,"column":12},"end":{"line":119,"column":5}}]},"17":{"type":"branch","line":84,"loc":{"start":{"line":84,"column":23},"end":{"line":110,"column":6}},"locations":[{"start":{"line":84,"column":23},"end":{"line":110,"column":6}}]},"18":{"type":"branch","line":92,"loc":{"start":{"line":92,"column":24},"end":{"line":92,"column":65}},"locations":[{"start":{"line":92,"column":24},"end":{"line":92,"column":65}}]},"19":{"type":"branch","line":93,"loc":{"start":{"line":93,"column":24},"end":{"line":93,"column":68}},"locations":[{"start":{"line":93,"column":24},"end":{"line":93,"column":68}}]},"20":{"type":"branch","line":94,"loc":{"start":{"line":94,"column":24},"end":{"line":94,"column":66}},"locations":[{"start":{"line":94,"column":24},"end":{"line":94,"column":66}}]},"21":{"type":"branch","line":95,"loc":{"start":{"line":95,"column":24},"end":{"line":95,"column":66}},"locations":[{"start":{"line":95,"column":24},"end":{"line":95,"column":66}}]},"22":{"type":"branch","line":98,"loc":{"start":{"line":98,"column":8},"end":{"line":101,"column":15}},"locations":[{"start":{"line":98,"column":8},"end":{"line":101,"column":15}}]},"23":{"type":"branch","line":101,"loc":{"start":{"line":101,"column":6},"end":{"line":107,"column":8}},"locations":[{"start":{"line":101,"column":6},"end":{"line":107,"column":8}}]},"24":{"type":"branch","line":102,"loc":{"start":{"line":102,"column":33},"end":{"line":102,"column":47}},"locations":[{"start":{"line":102,"column":33},"end":{"line":102,"column":47}}]},"25":{"type":"branch","line":102,"loc":{"start":{"line":102,"column":41},"end":{"line":102,"column":70}},"locations":[{"start":{"line":102,"column":41},"end":{"line":102,"column":70}}]},"26":{"type":"branch","line":114,"loc":{"start":{"line":114,"column":11},"end":{"line":116,"column":6}},"locations":[{"start":{"line":114,"column":11},"end":{"line":116,"column":6}}]},"27":{"type":"branch","line":122,"loc":{"start":{"line":122,"column":33},"end":{"line":125,"column":5}},"locations":[{"start":{"line":122,"column":33},"end":{"line":125,"column":5}}]},"28":{"type":"branch","line":128,"loc":{"start":{"line":128,"column":30},"end":{"line":131,"column":5}},"locations":[{"start":{"line":128,"column":30},"end":{"line":131,"column":5}}]},"29":{"type":"branch","line":134,"loc":{"start":{"line":134,"column":30},"end":{"line":136,"column":5}},"locations":[{"start":{"line":134,"column":30},"end":{"line":136,"column":5}}]},"30":{"type":"branch","line":135,"loc":{"start":{"line":135,"column":18},"end":{"line":135,"column":36}},"locations":[{"start":{"line":135,"column":18},"end":{"line":135,"column":36}}]}},"b":{"0":[84],"1":[17],"2":[15],"3":[15],"4":[17],"5":[1],"6":[16],"7":[17],"8":[0],"9":[27],"10":[5],"11":[1],"12":[0],"13":[4],"14":[4],"15":[0],"16":[28],"17":[28],"18":[5],"19":[1],"20":[0],"21":[4],"22":[25],"23":[3],"24":[2],"25":[1],"26":[28],"27":[7],"28":[3],"29":[1],"30":[1]},"fnMap":{"0":{"name":"useUsersPage","decl":{"start":{"line":40,"column":7},"end":{"line":150,"column":1}},"loc":{"start":{"line":40,"column":7},"end":{"line":150,"column":1}},"line":40},"1":{"name":"fetchUsers","decl":{"start":{"line":84,"column":23},"end":{"line":110,"column":6}},"loc":{"start":{"line":84,"column":23},"end":{"line":110,"column":6}},"line":84}},"f":{"0":84,"1":28}}
,"/Users/yuanye/myWork/voice-room/app/web/src/router/index.tsx": {"path":"/Users/yuanye/myWork/voice-room/app/web/src/router/index.tsx","all":false,"statementMap":{"0":{"start":{"line":1,"column":0},"end":{"line":1,"column":3}},"18":{"start":{"line":19,"column":0},"end":{"line":19,"column":29}},"19":{"start":{"line":20,"column":0},"end":{"line":20,"column":10}},"20":{"start":{"line":21,"column":0},"end":{"line":21,"column":12}},"22":{"start":{"line":23,"column":0},"end":{"line":23,"column":71}},"25":{"start":{"line":26,"column":0},"end":{"line":26,"column":53}},"28":{"start":{"line":29,"column":0},"end":{"line":29,"column":37}},"29":{"start":{"line":30,"column":0},"end":{"line":30,"column":63}},"30":{"start":{"line":31,"column":0},"end":{"line":31,"column":55}},"31":{"start":{"line":32,"column":0},"end":{"line":32,"column":55}},"32":{"start":{"line":33,"column":0},"end":{"line":33,"column":14}},"33":{"start":{"line":34,"column":0},"end":{"line":34,"column":13}},"35":{"start":{"line":36,"column":0},"end":{"line":36,"column":1}}},"s":{"0":1,"18":1,"19":5,"20":5,"22":5,"25":5,"28":5,"29":5,"30":5,"31":5,"32":5,"33":5,"35":5},"branchMap":{"0":{"type":"branch","line":19,"loc":{"start":{"line":19,"column":7},"end":{"line":36,"column":1}},"locations":[{"start":{"line":19,"column":7},"end":{"line":36,"column":1}}]}},"b":{"0":[5]},"fnMap":{"0":{"name":"AppRoutes","decl":{"start":{"line":19,"column":7},"end":{"line":36,"column":1}},"loc":{"start":{"line":19,"column":7},"end":{"line":36,"column":1}},"line":19}},"f":{"0":5}}
,"/Users/yuanye/myWork/voice-room/app/web/src/services/index.ts": {"path":"/Users/yuanye/myWork/voice-room/app/web/src/services/index.ts","all":true,"statementMap":{"0":{"start":{"line":1,"column":0},"end":{"line":1,"column":10}}},"s":{"0":0},"branchMap":{"0":{"type":"branch","line":1,"loc":{"start":{"line":1,"column":10},"end":{"line":1,"column":10}},"locations":[{"start":{"line":1,"column":10},"end":{"line":1,"column":10}}]}},"b":{"0":[0]},"fnMap":{"0":{"name":"(empty-report)","decl":{"start":{"line":1,"column":10},"end":{"line":1,"column":10}},"loc":{"start":{"line":1,"column":10},"end":{"line":1,"column":10}},"line":1}},"f":{"0":0}}
,"/Users/yuanye/myWork/voice-room/app/web/src/stores/useAuthStore.ts": {"path":"/Users/yuanye/myWork/voice-room/app/web/src/stores/useAuthStore.ts","all":false,"statementMap":{"0":{"start":{"line":1,"column":0},"end":{"line":1,"column":3}},"23":{"start":{"line":24,"column":0},"end":{"line":24,"column":44}},"38":{"start":{"line":39,"column":0},"end":{"line":39,"column":74}},"39":{"start":{"line":40,"column":0},"end":{"line":40,"column":7}},"40":{"start":{"line":41,"column":0},"end":{"line":41,"column":35}},"41":{"start":{"line":42,"column":0},"end":{"line":42,"column":40}},"43":{"start":{"line":44,"column":0},"end":{"line":44,"column":66}},"44":{"start":{"line":45,"column":0},"end":{"line":45,"column":85}},"45":{"start":{"line":46,"column":0},"end":{"line":46,"column":30}},"46":{"start":{"line":47,"column":0},"end":{"line":47,"column":55}},"47":{"start":{"line":48,"column":0},"end":{"line":48,"column":11}},"48":{"start":{"line":49,"column":0},"end":{"line":49,"column":16}},"49":{"start":{"line":50,"column":0},"end":{"line":50,"column":3}},"50":{"start":{"line":51,"column":0},"end":{"line":51,"column":1}},"55":{"start":{"line":56,"column":0},"end":{"line":56,"column":54}},"56":{"start":{"line":57,"column":0},"end":{"line":57,"column":27}},"57":{"start":{"line":58,"column":0},"end":{"line":58,"column":42}},"58":{"start":{"line":59,"column":0},"end":{"line":59,"column":29}},"59":{"start":{"line":60,"column":0},"end":{"line":60,"column":29}},"60":{"start":{"line":61,"column":0},"end":{"line":61,"column":44}},"61":{"start":{"line":62,"column":0},"end":{"line":62,"column":45}},"62":{"start":{"line":63,"column":0},"end":{"line":63,"column":1}},"65":{"start":{"line":66,"column":0},"end":{"line":66,"column":59}},"67":{"start":{"line":68,"column":0},"end":{"line":68,"column":62}},"68":{"start":{"line":69,"column":0},"end":{"line":69,"column":22}},"69":{"start":{"line":70,"column":0},"end":{"line":70,"column":14}},"70":{"start":{"line":71,"column":0},"end":{"line":71,"column":46}},"72":{"start":{"line":73,"column":0},"end":{"line":73,"column":56}},"73":{"start":{"line":74,"column":0},"end":{"line":74,"column":58}},"74":{"start":{"line":75,"column":0},"end":{"line":75,"column":54}},"75":{"start":{"line":76,"column":0},"end":{"line":76,"column":9}},"76":{"start":{"line":77,"column":0},"end":{"line":77,"column":24}},"77":{"start":{"line":78,"column":0},"end":{"line":78,"column":24}},"78":{"start":{"line":79,"column":0},"end":{"line":79,"column":48}},"79":{"start":{"line":80,"column":0},"end":{"line":80,"column":7}},"80":{"start":{"line":81,"column":0},"end":{"line":81,"column":4}},"82":{"start":{"line":83,"column":0},"end":{"line":83,"column":17}},"83":{"start":{"line":84,"column":0},"end":{"line":84,"column":45}},"84":{"start":{"line":85,"column":0},"end":{"line":85,"column":62}},"85":{"start":{"line":86,"column":0},"end":{"line":86,"column":4}},"87":{"start":{"line":88,"column":0},"end":{"line":88,"column":20}},"88":{"start":{"line":89,"column":0},"end":{"line":89,"column":28}},"89":{"start":{"line":90,"column":0},"end":{"line":90,"column":41}},"91":{"start":{"line":92,"column":0},"end":{"line":92,"column":25}},"92":{"start":{"line":93,"column":0},"end":{"line":93,"column":21}},"93":{"start":{"line":94,"column":0},"end":{"line":94,"column":5}},"94":{"start":{"line":95,"column":0},"end":{"line":95,"column":17}},"95":{"start":{"line":96,"column":0},"end":{"line":96,"column":4}},"96":{"start":{"line":97,"column":0},"end":{"line":97,"column":4}}},"s":{"0":1,"23":1,"38":21,"39":21,"40":21,"41":21,"43":19,"44":19,"45":19,"46":19,"47":21,"48":2,"49":2,"50":21,"55":28,"56":28,"57":21,"58":28,"59":17,"60":28,"61":15,"62":15,"65":1,"67":1,"68":17,"69":17,"70":17,"72":17,"73":4,"74":3,"75":3,"76":3,"77":3,"78":3,"79":3,"80":4,"82":17,"83":7,"84":7,"85":7,"87":17,"88":8,"89":8,"91":8,"92":5,"93":5,"94":6,"95":8,"96":1},"branchMap":{"0":{"type":"branch","line":39,"loc":{"start":{"line":39,"column":0},"end":{"line":51,"column":1}},"locations":[{"start":{"line":39,"column":0},"end":{"line":51,"column":1}}]},"1":{"type":"branch","line":42,"loc":{"start":{"line":42,"column":28},"end":{"line":42,"column":40}},"locations":[{"start":{"line":42,"column":28},"end":{"line":42,"column":40}}]},"2":{"type":"branch","line":42,"loc":{"start":{"line":42,"column":35},"end":{"line":48,"column":10}},"locations":[{"start":{"line":42,"column":35},"end":{"line":48,"column":10}}]},"3":{"type":"branch","line":48,"loc":{"start":{"line":48,"column":2},"end":{"line":50,"column":3}},"locations":[{"start":{"line":48,"column":2},"end":{"line":50,"column":3}}]},"4":{"type":"branch","line":56,"loc":{"start":{"line":56,"column":0},"end":{"line":63,"column":1}},"locations":[{"start":{"line":56,"column":0},"end":{"line":63,"column":1}}]},"5":{"type":"branch","line":57,"loc":{"start":{"line":57,"column":14},"end":{"line":57,"column":27}},"locations":[{"start":{"line":57,"column":14},"end":{"line":57,"column":27}}]},"6":{"type":"branch","line":57,"loc":{"start":{"line":57,"column":21},"end":{"line":59,"column":23}},"locations":[{"start":{"line":57,"column":21},"end":{"line":59,"column":23}}]},"7":{"type":"branch","line":59,"loc":{"start":{"line":59,"column":16},"end":{"line":59,"column":29}},"locations":[{"start":{"line":59,"column":16},"end":{"line":59,"column":29}}]},"8":{"type":"branch","line":59,"loc":{"start":{"line":59,"column":23},"end":{"line":61,"column":38}},"locations":[{"start":{"line":59,"column":23},"end":{"line":61,"column":38}}]},"9":{"type":"branch","line":61,"loc":{"start":{"line":61,"column":31},"end":{"line":61,"column":44}},"locations":[{"start":{"line":61,"column":31},"end":{"line":61,"column":44}}]},"10":{"type":"branch","line":61,"loc":{"start":{"line":61,"column":38},"end":{"line":63,"column":1}},"locations":[{"start":{"line":61,"column":38},"end":{"line":63,"column":1}}]},"11":{"type":"branch","line":68,"loc":{"start":{"line":68,"column":46},"end":{"line":97,"column":2}},"locations":[{"start":{"line":68,"column":46},"end":{"line":97,"column":2}}]},"12":{"type":"branch","line":73,"loc":{"start":{"line":73,"column":9},"end":{"line":81,"column":4}},"locations":[{"start":{"line":73,"column":9},"end":{"line":81,"column":4}}]},"13":{"type":"branch","line":74,"loc":{"start":{"line":74,"column":56},"end":{"line":80,"column":7}},"locations":[{"start":{"line":74,"column":56},"end":{"line":80,"column":7}}]},"14":{"type":"branch","line":83,"loc":{"start":{"line":83,"column":10},"end":{"line":86,"column":4}},"locations":[{"start":{"line":83,"column":10},"end":{"line":86,"column":4}}]},"15":{"type":"branch","line":88,"loc":{"start":{"line":88,"column":13},"end":{"line":96,"column":4}},"locations":[{"start":{"line":88,"column":13},"end":{"line":96,"column":4}}]},"16":{"type":"branch","line":90,"loc":{"start":{"line":90,"column":29},"end":{"line":90,"column":41}},"locations":[{"start":{"line":90,"column":29},"end":{"line":90,"column":41}}]},"17":{"type":"branch","line":90,"loc":{"start":{"line":90,"column":36},"end":{"line":92,"column":24}},"locations":[{"start":{"line":90,"column":36},"end":{"line":92,"column":24}}]},"18":{"type":"branch","line":92,"loc":{"start":{"line":92,"column":24},"end":{"line":94,"column":5}},"locations":[{"start":{"line":92,"column":24},"end":{"line":94,"column":5}}]},"19":{"type":"branch","line":94,"loc":{"start":{"line":94,"column":4},"end":{"line":95,"column":17}},"locations":[{"start":{"line":94,"column":4},"end":{"line":95,"column":17}}]}},"b":{"0":[21],"1":[2],"2":[19],"3":[2],"4":[28],"5":[7],"6":[21],"7":[4],"8":[17],"9":[2],"10":[15],"11":[17],"12":[4],"13":[3],"14":[7],"15":[8],"16":[2],"17":[6],"18":[5],"19":[6]},"fnMap":{"0":{"name":"decodeJwtPayload","decl":{"start":{"line":39,"column":0},"end":{"line":51,"column":1}},"loc":{"start":{"line":39,"column":0},"end":{"line":51,"column":1}},"line":39},"1":{"name":"isTokenValid","decl":{"start":{"line":56,"column":0},"end":{"line":63,"column":1}},"loc":{"start":{"line":56,"column":0},"end":{"line":63,"column":1}},"line":56},"2":{"name":"login","decl":{"start":{"line":73,"column":9},"end":{"line":81,"column":4}},"loc":{"start":{"line":73,"column":9},"end":{"line":81,"column":4}},"line":73},"3":{"name":"logout","decl":{"start":{"line":83,"column":10},"end":{"line":86,"column":4}},"loc":{"start":{"line":83,"column":10},"end":{"line":86,"column":4}},"line":83},"4":{"name":"checkAuth","decl":{"start":{"line":88,"column":13},"end":{"line":96,"column":4}},"loc":{"start":{"line":88,"column":13},"end":{"line":96,"column":4}},"line":88}},"f":{"0":21,"1":28,"2":4,"3":7,"4":8}}
}
