{"/Users/yuanye/myWork/voice-room/app/web/src/main.tsx": {"path":"/Users/yuanye/myWork/voice-room/app/web/src/main.tsx","all":true,"statementMap":{"0":{"start":{"line":1,"column":0},"end":{"line":1,"column":26}},"1":{"start":{"line":2,"column":0},"end":{"line":2,"column":40}},"3":{"start":{"line":4,"column":0},"end":{"line":4,"column":32}},"5":{"start":{"line":6,"column":0},"end":{"line":6,"column":61}},"6":{"start":{"line":7,"column":0},"end":{"line":7,"column":20}},"7":{"start":{"line":8,"column":0},"end":{"line":8,"column":11}},"8":{"start":{"line":9,"column":0},"end":{"line":9,"column":22}},"9":{"start":{"line":10,"column":0},"end":{"line":10,"column":2}}},"s":{"0":0,"1":0,"3":0,"5":0,"6":0,"7":0,"8":0,"9":0},"branchMap":{"0":{"type":"branch","line":1,"loc":{"start":{"line":1,"column":223},"end":{"line":10,"column":2}},"locations":[{"start":{"line":1,"column":223},"end":{"line":10,"column":2}}]}},"b":{"0":[0]},"fnMap":{"0":{"name":"(empty-report)","decl":{"start":{"line":1,"column":223},"end":{"line":10,"column":2}},"loc":{"start":{"line":1,"column":223},"end":{"line":10,"column":2}},"line":1}},"f":{"0":0}}
,"/Users/yuanye/myWork/voice-room/app/web/src/api/client.ts": {"path":"/Users/yuanye/myWork/voice-room/app/web/src/api/client.ts","all":true,"statementMap":{"0":{"start":{"line":1,"column":0},"end":{"line":1,"column":44}},"3":{"start":{"line":4,"column":0},"end":{"line":4,"column":67}},"4":{"start":{"line":5,"column":0},"end":{"line":5,"column":65}},"5":{"start":{"line":6,"column":0},"end":{"line":6,"column":1}}},"s":{"0":0,"3":0,"4":0,"5":0},"branchMap":{"0":{"type":"branch","line":1,"loc":{"start":{"line":1,"column":229},"end":{"line":6,"column":1}},"locations":[{"start":{"line":1,"column":229},"end":{"line":6,"column":1}}]}},"b":{"0":[0]},"fnMap":{"0":{"name":"(empty-report)","decl":{"start":{"line":1,"column":229},"end":{"line":6,"column":1}},"loc":{"start":{"line":1,"column":229},"end":{"line":6,"column":1}},"line":1}},"f":{"0":0}}
,"/Users/yuanye/myWork/voice-room/app/web/src/app/App.tsx": {"path":"/Users/yuanye/myWork/voice-room/app/web/src/app/App.tsx","all":true,"statementMap":{"0":{"start":{"line":1,"column":0},"end":{"line":1,"column":3}},"9":{"start":{"line":10,"column":0},"end":{"line":10,"column":23}},"10":{"start":{"line":11,"column":0},"end":{"line":11,"column":10}},"11":{"start":{"line":12,"column":0},"end":{"line":12,"column":19}},"12":{"start":{"line":13,"column":0},"end":{"line":13,"column":19}},"13":{"start":{"line":14,"column":0},"end":{"line":14,"column":20}},"15":{"start":{"line":16,"column":0},"end":{"line":16,"column":1}}},"s":{"0":0,"9":0,"10":0,"11":0,"12":0,"13":0,"15":0},"branchMap":{"0":{"type":"branch","line":1,"loc":{"start":{"line":1,"column":302},"end":{"line":16,"column":1}},"locations":[{"start":{"line":1,"column":302},"end":{"line":16,"column":1}}]}},"b":{"0":[0]},"fnMap":{"0":{"name":"(empty-report)","decl":{"start":{"line":1,"column":302},"end":{"line":16,"column":1}},"loc":{"start":{"line":1,"column":302},"end":{"line":16,"column":1}},"line":1}},"f":{"0":0}}
,"/Users/yuanye/myWork/voice-room/app/web/src/app/AppLayout.tsx": {"path":"/Users/yuanye/myWork/voice-room/app/web/src/app/AppLayout.tsx","all":false,"statementMap":{"0":{"start":{"line":1,"column":0},"end":{"line":1,"column":3}},"31":{"start":{"line":32,"column":0},"end":{"line":32,"column":34}},"34":{"start":{"line":35,"column":0},"end":{"line":35,"column":52}},"36":{"start":{"line":37,"column":0},"end":{"line":37,"column":29}},"37":{"start":{"line":38,"column":0},"end":{"line":38,"column":33}},"38":{"start":{"line":39,"column":0},"end":{"line":39,"column":33}},"39":{"start":{"line":40,"column":0},"end":{"line":40,"column":33}},"40":{"start":{"line":41,"column":0},"end":{"line":41,"column":52}},"42":{"start":{"line":43,"column":0},"end":{"line":43,"column":45}},"43":{"start":{"line":44,"column":0},"end":{"line":44,"column":33}},"45":{"start":{"line":46,"column":0},"end":{"line":46,"column":56}},"48":{"start":{"line":49,"column":0},"end":{"line":49,"column":21}},"49":{"start":{"line":50,"column":0},"end":{"line":50,"column":5}},"50":{"start":{"line":51,"column":0},"end":{"line":51,"column":24}},"51":{"start":{"line":52,"column":0},"end":{"line":52,"column":34}},"52":{"start":{"line":53,"column":0},"end":{"line":53,"column":34}},"53":{"start":{"line":54,"column":0},"end":{"line":54,"column":43}},"54":{"start":{"line":55,"column":0},"end":{"line":55,"column":6}},"55":{"start":{"line":56,"column":0},"end":{"line":56,"column":5}},"56":{"start":{"line":57,"column":0},"end":{"line":57,"column":20}},"57":{"start":{"line":58,"column":0},"end":{"line":58,"column":29}},"58":{"start":{"line":59,"column":0},"end":{"line":59,"column":30}},"59":{"start":{"line":60,"column":0},"end":{"line":60,"column":39}},"60":{"start":{"line":61,"column":0},"end":{"line":61,"column":6}},"61":{"start":{"line":62,"column":0},"end":{"line":62,"column":5}},"62":{"start":{"line":63,"column":0},"end":{"line":63,"column":20}},"63":{"start":{"line":64,"column":0},"end":{"line":64,"column":29}},"64":{"start":{"line":65,"column":0},"end":{"line":65,"column":30}},"65":{"start":{"line":66,"column":0},"end":{"line":66,"column":39}},"66":{"start":{"line":67,"column":0},"end":{"line":67,"column":6}},"67":{"start":{"line":68,"column":0},"end":{"line":68,"column":5}},"68":{"start":{"line":69,"column":0},"end":{"line":69,"column":19}},"69":{"start":{"line":70,"column":0},"end":{"line":70,"column":33}},"70":{"start":{"line":71,"column":0},"end":{"line":71,"column":29}},"71":{"start":{"line":72,"column":0},"end":{"line":72,"column":38}},"72":{"start":{"line":73,"column":0},"end":{"line":73,"column":6}},"74":{"start":{"line":75,"column":0},"end":{"line":75,"column":22}},"75":{"start":{"line":76,"column":0},"end":{"line":76,"column":9}},"76":{"start":{"line":77,"column":0},"end":{"line":77,"column":11}},"77":{"start":{"line":78,"column":0},"end":{"line":78,"column":26}},"78":{"start":{"line":79,"column":0},"end":{"line":79,"column":35}},"79":{"start":{"line":80,"column":0},"end":{"line":80,"column":40}},"80":{"start":{"line":81,"column":0},"end":{"line":81,"column":45}},"81":{"start":{"line":82,"column":0},"end":{"line":82,"column":12}},"82":{"start":{"line":83,"column":0},"end":{"line":83,"column":9}},"83":{"start":{"line":84,"column":0},"end":{"line":84,"column":12}},"84":{"start":{"line":85,"column":0},"end":{"line":85,"column":4}},"87":{"start":{"line":88,"column":0},"end":{"line":88,"column":46}},"88":{"start":{"line":89,"column":0},"end":{"line":89,"column":43}},"89":{"start":{"line":90,"column":0},"end":{"line":90,"column":25}},"91":{"start":{"line":92,"column":0},"end":{"line":92,"column":10}},"92":{"start":{"line":93,"column":0},"end":{"line":93,"column":43}},"93":{"start":{"line":94,"column":0},"end":{"line":94,"column":12}},"94":{"start":{"line":95,"column":0},"end":{"line":95,"column":19}},"95":{"start":{"line":96,"column":0},"end":{"line":96,"column":29}},"96":{"start":{"line":97,"column":0},"end":{"line":97,"column":33}},"97":{"start":{"line":98,"column":0},"end":{"line":98,"column":20}},"98":{"start":{"line":99,"column":0},"end":{"line":99,"column":31}},"101":{"start":{"line":102,"column":0},"end":{"line":102,"column":12}},"102":{"start":{"line":103,"column":0},"end":{"line":103,"column":18}},"103":{"start":{"line":104,"column":0},"end":{"line":104,"column":23}},"104":{"start":{"line":105,"column":0},"end":{"line":105,"column":23}},"105":{"start":{"line":106,"column":0},"end":{"line":106,"column":48}},"106":{"start":{"line":107,"column":0},"end":{"line":107,"column":28}},"107":{"start":{"line":108,"column":0},"end":{"line":108,"column":28}},"108":{"start":{"line":109,"column":0},"end":{"line":109,"column":33}},"109":{"start":{"line":110,"column":0},"end":{"line":110,"column":37}},"110":{"start":{"line":111,"column":0},"end":{"line":111,"column":26}},"111":{"start":{"line":112,"column":0},"end":{"line":112,"column":25}},"112":{"start":{"line":113,"column":0},"end":{"line":113,"column":12}},"114":{"start":{"line":115,"column":0},"end":{"line":115,"column":49}},"115":{"start":{"line":116,"column":0},"end":{"line":116,"column":14}},"117":{"start":{"line":118,"column":0},"end":{"line":118,"column":13}},"118":{"start":{"line":119,"column":0},"end":{"line":119,"column":22}},"119":{"start":{"line":120,"column":0},"end":{"line":120,"column":23}},"120":{"start":{"line":121,"column":0},"end":{"line":121,"column":38}},"121":{"start":{"line":122,"column":0},"end":{"line":122,"column":51}},"122":{"start":{"line":123,"column":0},"end":{"line":123,"column":73}},"123":{"start":{"line":124,"column":0},"end":{"line":124,"column":20}},"125":{"start":{"line":126,"column":0},"end":{"line":126,"column":20}},"126":{"start":{"line":127,"column":0},"end":{"line":127,"column":41}},"127":{"start":{"line":128,"column":0},"end":{"line":128,"column":28}},"128":{"start":{"line":129,"column":0},"end":{"line":129,"column":21}},"130":{"start":{"line":131,"column":0},"end":{"line":131,"column":14}},"131":{"start":{"line":132,"column":0},"end":{"line":132,"column":10}},"132":{"start":{"line":133,"column":0},"end":{"line":133,"column":14}},"134":{"start":{"line":135,"column":0},"end":{"line":135,"column":14}},"135":{"start":{"line":136,"column":0},"end":{"line":136,"column":61}},"136":{"start":{"line":137,"column":0},"end":{"line":137,"column":20}},"137":{"start":{"line":138,"column":0},"end":{"line":138,"column":18}},"138":{"start":{"line":139,"column":0},"end":{"line":139,"column":15}},"139":{"start":{"line":140,"column":0},"end":{"line":140,"column":13}},"141":{"start":{"line":142,"column":0},"end":{"line":142,"column":1}}},"s":{"0":1,"31":1,"34":1,"36":1,"37":5,"38":5,"39":5,"40":5,"42":5,"43":5,"45":5,"48":5,"49":5,"50":5,"51":5,"52":5,"53":5,"54":5,"55":5,"56":5,"57":5,"58":5,"59":5,"60":5,"61":5,"62":5,"63":5,"64":5,"65":5,"66":5,"67":5,"68":5,"69":5,"70":5,"71":5,"72":5,"74":5,"75":2,"76":2,"77":2,"78":2,"79":2,"80":2,"81":2,"82":2,"83":2,"84":5,"87":5,"88":4,"89":5,"91":5,"92":5,"93":5,"94":5,"95":5,"96":5,"97":5,"98":5,"101":5,"102":5,"103":5,"104":5,"105":5,"106":5,"107":5,"108":5,"109":5,"110":5,"111":5,"112":5,"114":5,"115":5,"117":5,"118":5,"119":5,"120":5,"121":5,"122":5,"123":18,"125":18,"126":18,"127":18,"128":18,"130":5,"131":5,"132":5,"134":5,"135":5,"136":5,"137":5,"138":5,"139":5,"141":5},"branchMap":{"0":{"type":"branch","line":37,"loc":{"start":{"line":37,"column":7},"end":{"line":142,"column":1}},"locations":[{"start":{"line":37,"column":7},"end":{"line":142,"column":1}}]},"1":{"type":"branch","line":44,"loc":{"start":{"line":44,"column":15},"end":{"line":44,"column":30}},"locations":[{"start":{"line":44,"column":15},"end":{"line":44,"column":30}}]},"2":{"type":"branch","line":44,"loc":{"start":{"line":44,"column":22},"end":{"line":44,"column":33}},"locations":[{"start":{"line":44,"column":22},"end":{"line":44,"column":33}}]},"3":{"type":"branch","line":75,"loc":{"start":{"line":75,"column":8},"end":{"line":83,"column":9}},"locations":[{"start":{"line":75,"column":8},"end":{"line":83,"column":9}}]},"4":{"type":"branch","line":83,"loc":{"start":{"line":83,"column":8},"end":{"line":84,"column":12}},"locations":[{"start":{"line":83,"column":8},"end":{"line":84,"column":12}}]},"5":{"type":"branch","line":90,"loc":{"start":{"line":90,"column":2},"end":{"line":90,"column":12}},"locations":[{"start":{"line":90,"column":2},"end":{"line":90,"column":12}}]},"6":{"type":"branch","line":90,"loc":{"start":{"line":90,"column":5},"end":{"line":90,"column":25}},"locations":[{"start":{"line":90,"column":5},"end":{"line":90,"column":25}}]},"7":{"type":"branch","line":115,"loc":{"start":{"line":115,"column":11},"end":{"line":115,"column":30}},"locations":[{"start":{"line":115,"column":11},"end":{"line":115,"column":30}}]},"8":{"type":"branch","line":115,"loc":{"start":{"line":115,"column":23},"end":{"line":115,"column":49}},"locations":[{"start":{"line":115,"column":23},"end":{"line":115,"column":49}}]},"9":{"type":"branch","line":43,"loc":{"start":{"line":43,"column":29},"end":{"line":43,"column":43}},"locations":[{"start":{"line":43,"column":29},"end":{"line":43,"column":43}}]},"10":{"type":"branch","line":88,"loc":{"start":{"line":88,"column":37},"end":{"line":89,"column":43}},"locations":[{"start":{"line":88,"column":37},"end":{"line":89,"column":43}}]},"11":{"type":"branch","line":123,"loc":{"start":{"line":123,"column":31},"end":{"line":131,"column":12}},"locations":[{"start":{"line":123,"column":31},"end":{"line":131,"column":12}}]}},"b":{"0":[5],"1":[4],"2":[0],"3":[2],"4":[2],"5":[4],"6":[0],"7":[0],"8":[4],"9":[4],"10":[4],"11":[18]},"fnMap":{"0":{"name":"AppLayout","decl":{"start":{"line":37,"column":7},"end":{"line":142,"column":1}},"loc":{"start":{"line":37,"column":7},"end":{"line":142,"column":1}},"line":37},"1":{"name":"onClick","decl":{"start":{"line":122,"column":19},"end":{"line":122,"column":51}},"loc":{"start":{"line":122,"column":19},"end":{"line":122,"column":51}},"line":122}},"f":{"0":5,"1":0}}
,"/Users/yuanye/myWork/voice-room/app/web/src/components/AuthGuard.tsx": {"path":"/Users/yuanye/myWork/voice-room/app/web/src/components/AuthGuard.tsx","all":true,"statementMap":{"0":{"start":{"line":1,"column":0},"end":{"line":1,"column":3}},"17":{"start":{"line":18,"column":0},"end":{"line":18,"column":29}},"18":{"start":{"line":19,"column":0},"end":{"line":19,"column":53}},"20":{"start":{"line":21,"column":0},"end":{"line":21,"column":21}},"21":{"start":{"line":22,"column":0},"end":{"line":22,"column":44}},"22":{"start":{"line":23,"column":0},"end":{"line":23,"column":3}},"24":{"start":{"line":25,"column":0},"end":{"line":25,"column":20}},"25":{"start":{"line":26,"column":0},"end":{"line":26,"column":1}}},"s":{"0":0,"17":0,"18":0,"20":0,"21":0,"22":0,"24":0,"25":0},"branchMap":{"0":{"type":"branch","line":1,"loc":{"start":{"line":1,"column":0},"end":{"line":26,"column":-59}},"locations":[{"start":{"line":1,"column":0},"end":{"line":26,"column":-59}}]}},"b":{"0":[0]},"fnMap":{"0":{"name":"(empty-report)","decl":{"start":{"line":1,"column":0},"end":{"line":26,"column":-59}},"loc":{"start":{"line":1,"column":0},"end":{"line":26,"column":-59}},"line":1}},"f":{"0":0}}
,"/Users/yuanye/myWork/voice-room/app/web/src/core/config/env.ts": {"path":"/Users/yuanye/myWork/voice-room/app/web/src/core/config/env.ts","all":true,"statementMap":{"0":{"start":{"line":1,"column":0},"end":{"line":1,"column":23}},"1":{"start":{"line":2,"column":0},"end":{"line":2,"column":48}},"2":{"start":{"line":3,"column":0},"end":{"line":3,"column":37}},"3":{"start":{"line":4,"column":0},"end":{"line":4,"column":61}},"4":{"start":{"line":5,"column":0},"end":{"line":5,"column":11}}},"s":{"0":0,"1":0,"2":0,"3":0,"4":0},"branchMap":{"0":{"type":"branch","line":1,"loc":{"start":{"line":1,"column":7},"end":{"line":5,"column":-1}},"locations":[{"start":{"line":1,"column":7},"end":{"line":5,"column":-1}}]}},"b":{"0":[0]},"fnMap":{"0":{"name":"(empty-report)","decl":{"start":{"line":1,"column":7},"end":{"line":5,"column":-1}},"loc":{"start":{"line":1,"column":7},"end":{"line":5,"column":-1}},"line":1}},"f":{"0":0}}
,"/Users/yuanye/myWork/voice-room/app/web/src/core/network/apiClient.ts": {"path":"/Users/yuanye/myWork/voice-room/app/web/src/core/network/apiClient.ts","all":false,"statementMap":{"0":{"start":{"line":1,"column":0},"end":{"line":1,"column":3}},"47":{"start":{"line":48,"column":0},"end":{"line":48,"column":39}},"48":{"start":{"line":49,"column":0},"end":{"line":49,"column":10}},"49":{"start":{"line":50,"column":0},"end":{"line":50,"column":70}},"50":{"start":{"line":51,"column":0},"end":{"line":51,"column":40}},"52":{"start":{"line":53,"column":0},"end":{"line":53,"column":1}},"54":{"start":{"line":55,"column":0},"end":{"line":55,"column":29}},"55":{"start":{"line":56,"column":0},"end":{"line":56,"column":15}},"56":{"start":{"line":57,"column":0},"end":{"line":57,"column":21}},"57":{"start":{"line":58,"column":0},"end":{"line":58,"column":28}},"58":{"start":{"line":59,"column":0},"end":{"line":59,"column":55}},"59":{"start":{"line":60,"column":0},"end":{"line":60,"column":31}},"61":{"start":{"line":62,"column":0},"end":{"line":62,"column":54}},"62":{"start":{"line":63,"column":0},"end":{"line":63,"column":43}},"63":{"start":{"line":64,"column":0},"end":{"line":64,"column":39}},"64":{"start":{"line":65,"column":0},"end":{"line":65,"column":59}},"65":{"start":{"line":66,"column":0},"end":{"line":66,"column":61}},"66":{"start":{"line":67,"column":0},"end":{"line":67,"column":4}},"69":{"start":{"line":70,"column":0},"end":{"line":70,"column":43}},"70":{"start":{"line":71,"column":0},"end":{"line":71,"column":61}},"74":{"start":{"line":75,"column":0},"end":{"line":75,"column":21}},"75":{"start":{"line":76,"column":0},"end":{"line":76,"column":30}},"76":{"start":{"line":77,"column":0},"end":{"line":77,"column":26}},"77":{"start":{"line":78,"column":0},"end":{"line":78,"column":25}},"78":{"start":{"line":79,"column":0},"end":{"line":79,"column":12}},"79":{"start":{"line":80,"column":0},"end":{"line":80,"column":71}},"80":{"start":{"line":81,"column":0},"end":{"line":81,"column":19}},"81":{"start":{"line":82,"column":0},"end":{"line":82,"column":9}},"82":{"start":{"line":83,"column":0},"end":{"line":83,"column":5}},"83":{"start":{"line":84,"column":0},"end":{"line":84,"column":3}},"85":{"start":{"line":86,"column":0},"end":{"line":86,"column":7}},"86":{"start":{"line":87,"column":0},"end":{"line":87,"column":87}},"89":{"start":{"line":90,"column":0},"end":{"line":90,"column":23}},"92":{"start":{"line":93,"column":0},"end":{"line":93,"column":45}},"93":{"start":{"line":94,"column":0},"end":{"line":94,"column":41}},"94":{"start":{"line":95,"column":0},"end":{"line":95,"column":40}},"95":{"start":{"line":96,"column":0},"end":{"line":96,"column":40}},"96":{"start":{"line":97,"column":0},"end":{"line":97,"column":7}},"98":{"start":{"line":99,"column":0},"end":{"line":99,"column":52}},"99":{"start":{"line":100,"column":0},"end":{"line":100,"column":11}},"100":{"start":{"line":101,"column":0},"end":{"line":101,"column":46}},"101":{"start":{"line":102,"column":0},"end":{"line":102,"column":71}},"102":{"start":{"line":103,"column":0},"end":{"line":103,"column":15}},"104":{"start":{"line":105,"column":0},"end":{"line":105,"column":7}},"105":{"start":{"line":106,"column":0},"end":{"line":106,"column":31}},"106":{"start":{"line":107,"column":0},"end":{"line":107,"column":5}},"108":{"start":{"line":109,"column":0},"end":{"line":109,"column":59}},"110":{"start":{"line":111,"column":0},"end":{"line":111,"column":26}},"111":{"start":{"line":112,"column":0},"end":{"line":112,"column":36}},"112":{"start":{"line":113,"column":0},"end":{"line":113,"column":5}},"114":{"start":{"line":115,"column":0},"end":{"line":115,"column":16}},"115":{"start":{"line":116,"column":0},"end":{"line":116,"column":13}},"116":{"start":{"line":117,"column":0},"end":{"line":117,"column":24}},"117":{"start":{"line":118,"column":0},"end":{"line":118,"column":3}},"118":{"start":{"line":119,"column":0},"end":{"line":119,"column":1}},"123":{"start":{"line":124,"column":0},"end":{"line":124,"column":33}},"124":{"start":{"line":125,"column":0},"end":{"line":125,"column":25}},"125":{"start":{"line":126,"column":0},"end":{"line":126,"column":28}},"126":{"start":{"line":127,"column":0},"end":{"line":127,"column":58}},"127":{"start":{"line":128,"column":0},"end":{"line":128,"column":19}},"128":{"start":{"line":129,"column":0},"end":{"line":129,"column":30}},"129":{"start":{"line":130,"column":0},"end":{"line":130,"column":5}},"130":{"start":{"line":131,"column":0},"end":{"line":131,"column":18}},"131":{"start":{"line":132,"column":0},"end":{"line":132,"column":1}},"171":{"start":{"line":172,"column":0},"end":{"line":172,"column":36}},"172":{"start":{"line":173,"column":0},"end":{"line":173,"column":31}},"173":{"start":{"line":174,"column":0},"end":{"line":174,"column":23}},"174":{"start":{"line":175,"column":0},"end":{"line":175,"column":28}},"175":{"start":{"line":176,"column":0},"end":{"line":176,"column":22}},"176":{"start":{"line":177,"column":0},"end":{"line":177,"column":32}},"177":{"start":{"line":178,"column":0},"end":{"line":178,"column":30}},"178":{"start":{"line":179,"column":0},"end":{"line":179,"column":45}},"179":{"start":{"line":180,"column":0},"end":{"line":180,"column":43}},"180":{"start":{"line":181,"column":0},"end":{"line":181,"column":18}},"181":{"start":{"line":182,"column":0},"end":{"line":182,"column":9}},"182":{"start":{"line":183,"column":0},"end":{"line":183,"column":77}},"183":{"start":{"line":184,"column":0},"end":{"line":184,"column":18}},"184":{"start":{"line":185,"column":0},"end":{"line":185,"column":1}},"189":{"start":{"line":190,"column":0},"end":{"line":190,"column":69}},"190":{"start":{"line":191,"column":0},"end":{"line":191,"column":66}},"191":{"start":{"line":192,"column":0},"end":{"line":192,"column":21}},"192":{"start":{"line":193,"column":0},"end":{"line":193,"column":5}},"193":{"start":{"line":194,"column":0},"end":{"line":194,"column":1}},"224":{"start":{"line":225,"column":0},"end":{"line":225,"column":41}},"225":{"start":{"line":226,"column":0},"end":{"line":226,"column":17}},"226":{"start":{"line":227,"column":0},"end":{"line":227,"column":23}},"227":{"start":{"line":228,"column":0},"end":{"line":228,"column":29}},"228":{"start":{"line":229,"column":0},"end":{"line":229,"column":48}},"229":{"start":{"line":230,"column":0},"end":{"line":230,"column":43}},"230":{"start":{"line":231,"column":0},"end":{"line":231,"column":15}},"231":{"start":{"line":232,"column":0},"end":{"line":232,"column":4}},"232":{"start":{"line":233,"column":0},"end":{"line":233,"column":18}},"233":{"start":{"line":234,"column":0},"end":{"line":234,"column":1}},"296":{"start":{"line":297,"column":0},"end":{"line":297,"column":36}},"297":{"start":{"line":298,"column":0},"end":{"line":298,"column":31}},"298":{"start":{"line":299,"column":0},"end":{"line":299,"column":23}},"299":{"start":{"line":300,"column":0},"end":{"line":300,"column":28}},"300":{"start":{"line":301,"column":0},"end":{"line":301,"column":22}},"301":{"start":{"line":302,"column":0},"end":{"line":302,"column":32}},"302":{"start":{"line":303,"column":0},"end":{"line":303,"column":30}},"303":{"start":{"line":304,"column":0},"end":{"line":304,"column":45}},"304":{"start":{"line":305,"column":0},"end":{"line":305,"column":43}},"305":{"start":{"line":306,"column":0},"end":{"line":306,"column":18}},"306":{"start":{"line":307,"column":0},"end":{"line":307,"column":9}},"307":{"start":{"line":308,"column":0},"end":{"line":308,"column":77}},"308":{"start":{"line":309,"column":0},"end":{"line":309,"column":18}},"309":{"start":{"line":310,"column":0},"end":{"line":310,"column":1}},"334":{"start":{"line":335,"column":0},"end":{"line":335,"column":41}},"335":{"start":{"line":336,"column":0},"end":{"line":336,"column":17}},"336":{"start":{"line":337,"column":0},"end":{"line":337,"column":23}},"337":{"start":{"line":338,"column":0},"end":{"line":338,"column":37}},"338":{"start":{"line":339,"column":0},"end":{"line":339,"column":56}},"339":{"start":{"line":340,"column":0},"end":{"line":340,"column":43}},"340":{"start":{"line":341,"column":0},"end":{"line":341,"column":15}},"341":{"start":{"line":342,"column":0},"end":{"line":342,"column":4}},"342":{"start":{"line":343,"column":0},"end":{"line":343,"column":18}},"343":{"start":{"line":344,"column":0},"end":{"line":344,"column":1}},"362":{"start":{"line":363,"column":0},"end":{"line":363,"column":35}},"363":{"start":{"line":364,"column":0},"end":{"line":364,"column":17}},"364":{"start":{"line":365,"column":0},"end":{"line":365,"column":27}},"365":{"start":{"line":366,"column":0},"end":{"line":366,"column":23}},"366":{"start":{"line":367,"column":0},"end":{"line":367,"column":18}},"367":{"start":{"line":368,"column":0},"end":{"line":368,"column":70}},"368":{"start":{"line":369,"column":0},"end":{"line":369,"column":19}},"369":{"start":{"line":370,"column":0},"end":{"line":370,"column":52}},"370":{"start":{"line":371,"column":0},"end":{"line":371,"column":30}},"371":{"start":{"line":372,"column":0},"end":{"line":372,"column":11}},"372":{"start":{"line":373,"column":0},"end":{"line":373,"column":5}},"373":{"start":{"line":374,"column":0},"end":{"line":374,"column":1}},"413":{"start":{"line":414,"column":0},"end":{"line":414,"column":35}},"414":{"start":{"line":415,"column":0},"end":{"line":415,"column":30}},"415":{"start":{"line":416,"column":0},"end":{"line":416,"column":23}},"416":{"start":{"line":417,"column":0},"end":{"line":417,"column":27}},"417":{"start":{"line":418,"column":0},"end":{"line":418,"column":22}},"418":{"start":{"line":419,"column":0},"end":{"line":419,"column":32}},"419":{"start":{"line":420,"column":0},"end":{"line":420,"column":30}},"420":{"start":{"line":421,"column":0},"end":{"line":421,"column":45}},"421":{"start":{"line":422,"column":0},"end":{"line":422,"column":43}},"422":{"start":{"line":423,"column":0},"end":{"line":423,"column":18}},"423":{"start":{"line":424,"column":0},"end":{"line":424,"column":9}},"424":{"start":{"line":425,"column":0},"end":{"line":425,"column":75}},"425":{"start":{"line":426,"column":0},"end":{"line":426,"column":18}},"426":{"start":{"line":427,"column":0},"end":{"line":427,"column":1}},"432":{"start":{"line":433,"column":0},"end":{"line":433,"column":44}},"433":{"start":{"line":434,"column":0},"end":{"line":434,"column":23}},"434":{"start":{"line":435,"column":0},"end":{"line":435,"column":36}},"435":{"start":{"line":436,"column":0},"end":{"line":436,"column":75}},"436":{"start":{"line":437,"column":0},"end":{"line":437,"column":11}},"437":{"start":{"line":438,"column":0},"end":{"line":438,"column":5}},"438":{"start":{"line":439,"column":0},"end":{"line":439,"column":18}},"439":{"start":{"line":440,"column":0},"end":{"line":440,"column":1}},"456":{"start":{"line":457,"column":0},"end":{"line":457,"column":37}},"457":{"start":{"line":458,"column":0},"end":{"line":458,"column":17}},"458":{"start":{"line":459,"column":0},"end":{"line":459,"column":29}},"459":{"start":{"line":460,"column":0},"end":{"line":460,"column":23}},"460":{"start":{"line":461,"column":0},"end":{"line":461,"column":18}},"461":{"start":{"line":462,"column":0},"end":{"line":462,"column":72}},"462":{"start":{"line":463,"column":0},"end":{"line":463,"column":18}},"463":{"start":{"line":464,"column":0},"end":{"line":464,"column":52}},"464":{"start":{"line":465,"column":0},"end":{"line":465,"column":30}},"465":{"start":{"line":466,"column":0},"end":{"line":466,"column":11}},"466":{"start":{"line":467,"column":0},"end":{"line":467,"column":5}},"467":{"start":{"line":468,"column":0},"end":{"line":468,"column":1}},"488":{"start":{"line":489,"column":0},"end":{"line":489,"column":41}},"489":{"start":{"line":490,"column":0},"end":{"line":490,"column":17}},"490":{"start":{"line":491,"column":0},"end":{"line":491,"column":33}},"491":{"start":{"line":492,"column":0},"end":{"line":492,"column":40}},"492":{"start":{"line":493,"column":0},"end":{"line":493,"column":59}},"493":{"start":{"line":494,"column":0},"end":{"line":494,"column":57}},"494":{"start":{"line":495,"column":0},"end":{"line":495,"column":5}},"495":{"start":{"line":496,"column":0},"end":{"line":496,"column":21}},"496":{"start":{"line":497,"column":0},"end":{"line":497,"column":32}},"497":{"start":{"line":498,"column":0},"end":{"line":498,"column":6}},"498":{"start":{"line":499,"column":0},"end":{"line":499,"column":4}},"499":{"start":{"line":500,"column":0},"end":{"line":500,"column":18}},"500":{"start":{"line":501,"column":0},"end":{"line":501,"column":1}},"566":{"start":{"line":567,"column":0},"end":{"line":567,"column":37}},"567":{"start":{"line":568,"column":0},"end":{"line":568,"column":32}},"568":{"start":{"line":569,"column":0},"end":{"line":569,"column":23}},"569":{"start":{"line":570,"column":0},"end":{"line":570,"column":28}},"570":{"start":{"line":571,"column":0},"end":{"line":571,"column":22}},"571":{"start":{"line":572,"column":0},"end":{"line":572,"column":32}},"572":{"start":{"line":573,"column":0},"end":{"line":573,"column":30}},"573":{"start":{"line":574,"column":0},"end":{"line":574,"column":45}},"574":{"start":{"line":575,"column":0},"end":{"line":575,"column":43}},"575":{"start":{"line":576,"column":0},"end":{"line":576,"column":18}},"576":{"start":{"line":577,"column":0},"end":{"line":577,"column":9}},"577":{"start":{"line":578,"column":0},"end":{"line":578,"column":77}},"578":{"start":{"line":579,"column":0},"end":{"line":579,"column":18}},"579":{"start":{"line":580,"column":0},"end":{"line":580,"column":1}},"584":{"start":{"line":585,"column":0},"end":{"line":585,"column":38}},"585":{"start":{"line":586,"column":0},"end":{"line":586,"column":30}},"586":{"start":{"line":587,"column":0},"end":{"line":587,"column":23}},"587":{"start":{"line":588,"column":0},"end":{"line":588,"column":27}},"588":{"start":{"line":589,"column":0},"end":{"line":589,"column":57}},"589":{"start":{"line":590,"column":0},"end":{"line":590,"column":19}},"590":{"start":{"line":591,"column":0},"end":{"line":591,"column":30}},"591":{"start":{"line":592,"column":0},"end":{"line":592,"column":11}},"592":{"start":{"line":593,"column":0},"end":{"line":593,"column":5}},"593":{"start":{"line":594,"column":0},"end":{"line":594,"column":18}},"594":{"start":{"line":595,"column":0},"end":{"line":595,"column":1}},"599":{"start":{"line":600,"column":0},"end":{"line":600,"column":38}},"600":{"start":{"line":601,"column":0},"end":{"line":601,"column":13}},"601":{"start":{"line":602,"column":0},"end":{"line":602,"column":30}},"602":{"start":{"line":603,"column":0},"end":{"line":603,"column":23}},"603":{"start":{"line":604,"column":0},"end":{"line":604,"column":27}},"604":{"start":{"line":605,"column":0},"end":{"line":605,"column":46}},"605":{"start":{"line":606,"column":0},"end":{"line":606,"column":39}},"606":{"start":{"line":607,"column":0},"end":{"line":607,"column":5}},"607":{"start":{"line":608,"column":0},"end":{"line":608,"column":20}},"608":{"start":{"line":609,"column":0},"end":{"line":609,"column":32}},"609":{"start":{"line":610,"column":0},"end":{"line":610,"column":13}},"610":{"start":{"line":611,"column":0},"end":{"line":611,"column":6}},"611":{"start":{"line":612,"column":0},"end":{"line":612,"column":4}},"612":{"start":{"line":613,"column":0},"end":{"line":613,"column":18}},"613":{"start":{"line":614,"column":0},"end":{"line":614,"column":1}},"618":{"start":{"line":619,"column":0},"end":{"line":619,"column":88}},"619":{"start":{"line":620,"column":0},"end":{"line":620,"column":62}},"620":{"start":{"line":621,"column":0},"end":{"line":621,"column":21}},"621":{"start":{"line":622,"column":0},"end":{"line":622,"column":11}},"622":{"start":{"line":623,"column":0},"end":{"line":623,"column":5}},"623":{"start":{"line":624,"column":0},"end":{"line":624,"column":1}},"630":{"start":{"line":631,"column":0},"end":{"line":631,"column":43}},"631":{"start":{"line":632,"column":0},"end":{"line":632,"column":13}},"632":{"start":{"line":633,"column":0},"end":{"line":633,"column":29}},"633":{"start":{"line":634,"column":0},"end":{"line":634,"column":42}},"634":{"start":{"line":635,"column":0},"end":{"line":635,"column":55}},"635":{"start":{"line":636,"column":0},"end":{"line":636,"column":37}},"637":{"start":{"line":638,"column":0},"end":{"line":638,"column":54}},"638":{"start":{"line":639,"column":0},"end":{"line":639,"column":47}},"639":{"start":{"line":640,"column":0},"end":{"line":640,"column":42}},"640":{"start":{"line":641,"column":0},"end":{"line":641,"column":9}},"642":{"start":{"line":643,"column":0},"end":{"line":643,"column":34}},"643":{"start":{"line":644,"column":0},"end":{"line":644,"column":32}},"644":{"start":{"line":645,"column":0},"end":{"line":645,"column":32}},"646":{"start":{"line":647,"column":0},"end":{"line":647,"column":37}},"647":{"start":{"line":648,"column":0},"end":{"line":648,"column":19}},"648":{"start":{"line":649,"column":0},"end":{"line":649,"column":12}},"649":{"start":{"line":650,"column":0},"end":{"line":650,"column":19}},"650":{"start":{"line":651,"column":0},"end":{"line":651,"column":5}},"652":{"start":{"line":653,"column":0},"end":{"line":653,"column":21}},"653":{"start":{"line":654,"column":0},"end":{"line":654,"column":50}},"654":{"start":{"line":655,"column":0},"end":{"line":655,"column":9}},"655":{"start":{"line":656,"column":0},"end":{"line":656,"column":44}},"656":{"start":{"line":657,"column":0},"end":{"line":657,"column":69}},"657":{"start":{"line":658,"column":0},"end":{"line":658,"column":13}},"659":{"start":{"line":660,"column":0},"end":{"line":660,"column":5}},"660":{"start":{"line":661,"column":0},"end":{"line":661,"column":29}},"661":{"start":{"line":662,"column":0},"end":{"line":662,"column":3}},"663":{"start":{"line":664,"column":0},"end":{"line":664,"column":84}},"664":{"start":{"line":665,"column":0},"end":{"line":665,"column":53}},"665":{"start":{"line":666,"column":0},"end":{"line":666,"column":19}},"666":{"start":{"line":667,"column":0},"end":{"line":667,"column":1}}},"s":{"0":1,"47":32,"48":32,"49":32,"50":32,"52":32,"54":32,"55":32,"56":32,"57":32,"58":32,"59":32,"61":32,"62":32,"63":32,"64":32,"65":32,"66":32,"69":32,"70":32,"74":32,"75":5,"76":4,"77":4,"78":5,"79":1,"80":1,"81":1,"82":1,"83":5,"85":32,"86":32,"89":32,"92":13,"93":3,"94":3,"95":3,"96":3,"98":10,"99":10,"100":10,"101":13,"102":13,"104":1,"105":10,"106":10,"108":13,"110":32,"111":1,"112":1,"114":12,"115":32,"116":32,"117":32,"118":32,"123":13,"124":13,"125":13,"126":13,"127":13,"128":13,"129":13,"130":4,"131":4,"171":0,"172":0,"173":0,"174":0,"175":0,"176":0,"177":0,"178":0,"179":0,"180":0,"181":0,"182":0,"183":0,"184":0,"189":5,"190":5,"191":5,"192":5,"193":2,"224":6,"225":6,"226":6,"227":6,"228":6,"229":6,"230":6,"231":6,"232":2,"233":2,"296":0,"297":0,"298":0,"299":0,"300":0,"301":0,"302":0,"303":0,"304":0,"305":0,"306":0,"307":0,"308":0,"309":0,"334":0,"335":0,"336":0,"337":0,"338":0,"339":0,"340":0,"341":0,"342":0,"343":0,"362":0,"363":0,"364":0,"365":0,"366":0,"367":0,"368":0,"369":0,"370":0,"371":0,"372":0,"373":0,"413":0,"414":0,"415":0,"416":0,"417":0,"418":0,"419":0,"420":0,"421":0,"422":0,"423":0,"424":0,"425":0,"426":0,"432":0,"433":0,"434":0,"435":0,"436":0,"437":0,"438":0,"439":0,"456":0,"457":0,"458":0,"459":0,"460":0,"461":0,"462":0,"463":0,"464":0,"465":0,"466":0,"467":0,"488":0,"489":0,"490":0,"491":0,"492":0,"493":0,"494":0,"495":0,"496":0,"497":0,"498":0,"499":0,"500":0,"566":2,"567":2,"568":2,"569":2,"570":2,"571":0,"572":0,"573":0,"574":0,"575":0,"576":2,"577":2,"578":1,"579":1,"584":2,"585":2,"586":2,"587":2,"588":2,"589":2,"590":2,"591":2,"592":2,"593":1,"594":1,"599":2,"600":2,"601":2,"602":2,"603":2,"604":2,"605":2,"606":2,"607":2,"608":2,"609":2,"610":2,"611":2,"612":1,"613":1,"618":2,"619":2,"620":2,"621":2,"622":2,"623":1,"630":0,"631":0,"632":0,"633":0,"634":0,"635":0,"637":0,"638":0,"639":0,"640":0,"642":0,"643":0,"644":0,"646":0,"647":0,"648":0,"649":0,"650":0,"652":0,"653":0,"654":0,"655":0,"656":0,"657":0,"659":0,"660":0,"661":0,"663":0,"664":0,"665":0,"666":0},"branchMap":{"0":{"type":"branch","line":48,"loc":{"start":{"line":48,"column":0},"end":{"line":53,"column":1}},"locations":[{"start":{"line":48,"column":0},"end":{"line":53,"column":1}}]},"1":{"type":"branch","line":55,"loc":{"start":{"line":55,"column":0},"end":{"line":119,"column":1}},"locations":[{"start":{"line":55,"column":0},"end":{"line":119,"column":1}}]},"2":{"type":"branch","line":65,"loc":{"start":{"line":65,"column":8},"end":{"line":65,"column":55}},"locations":[{"start":{"line":65,"column":8},"end":{"line":65,"column":55}}]},"3":{"type":"branch","line":65,"loc":{"start":{"line":65,"column":51},"end":{"line":65,"column":59}},"locations":[{"start":{"line":65,"column":51},"end":{"line":65,"column":59}}]},"4":{"type":"branch","line":75,"loc":{"start":{"line":75,"column":20},"end":{"line":84,"column":3}},"locations":[{"start":{"line":75,"column":20},"end":{"line":84,"column":3}}]},"5":{"type":"branch","line":76,"loc":{"start":{"line":76,"column":29},"end":{"line":79,"column":11}},"locations":[{"start":{"line":76,"column":29},"end":{"line":79,"column":11}}]},"6":{"type":"branch","line":79,"loc":{"start":{"line":79,"column":4},"end":{"line":83,"column":5}},"locations":[{"start":{"line":79,"column":4},"end":{"line":83,"column":5}}]},"7":{"type":"branch","line":87,"loc":{"start":{"line":87,"column":85},"end":{"line":90,"column":22}},"locations":[{"start":{"line":87,"column":85},"end":{"line":90,"column":22}}]},"8":{"type":"branch","line":90,"loc":{"start":{"line":90,"column":22},"end":{"line":111,"column":25}},"locations":[{"start":{"line":90,"column":22},"end":{"line":111,"column":25}}]},"9":{"type":"branch","line":93,"loc":{"start":{"line":93,"column":30},"end":{"line":93,"column":44}},"locations":[{"start":{"line":93,"column":30},"end":{"line":93,"column":44}}]},"10":{"type":"branch","line":93,"loc":{"start":{"line":93,"column":44},"end":{"line":97,"column":7}},"locations":[{"start":{"line":93,"column":44},"end":{"line":97,"column":7}}]},"11":{"type":"branch","line":97,"loc":{"start":{"line":97,"column":6},"end":{"line":101,"column":46}},"locations":[{"start":{"line":97,"column":6},"end":{"line":101,"column":46}}]},"12":{"type":"branch","line":101,"loc":{"start":{"line":101,"column":44},"end":{"line":102,"column":63}},"locations":[{"start":{"line":101,"column":44},"end":{"line":102,"column":63}}]},"13":{"type":"branch","line":102,"loc":{"start":{"line":102,"column":52},"end":{"line":102,"column":71}},"locations":[{"start":{"line":102,"column":52},"end":{"line":102,"column":71}}]},"14":{"type":"branch","line":103,"loc":{"start":{"line":103,"column":6},"end":{"line":105,"column":7}},"locations":[{"start":{"line":103,"column":6},"end":{"line":105,"column":7}}]},"15":{"type":"branch","line":105,"loc":{"start":{"line":105,"column":6},"end":{"line":107,"column":5}},"locations":[{"start":{"line":105,"column":6},"end":{"line":107,"column":5}}]},"16":{"type":"branch","line":111,"loc":{"start":{"line":111,"column":25},"end":{"line":113,"column":5}},"locations":[{"start":{"line":111,"column":25},"end":{"line":113,"column":5}}]},"17":{"type":"branch","line":113,"loc":{"start":{"line":113,"column":4},"end":{"line":116,"column":4}},"locations":[{"start":{"line":113,"column":4},"end":{"line":116,"column":4}}]},"18":{"type":"branch","line":71,"loc":{"start":{"line":71,"column":27},"end":{"line":71,"column":53}},"locations":[{"start":{"line":71,"column":27},"end":{"line":71,"column":53}}]},"19":{"type":"branch","line":80,"loc":{"start":{"line":80,"column":44},"end":{"line":80,"column":70}},"locations":[{"start":{"line":80,"column":44},"end":{"line":80,"column":70}}]},"20":{"type":"branch","line":124,"loc":{"start":{"line":124,"column":0},"end":{"line":132,"column":1}},"locations":[{"start":{"line":124,"column":0},"end":{"line":132,"column":1}}]},"21":{"type":"branch","line":130,"loc":{"start":{"line":130,"column":3},"end":{"line":132,"column":1}},"locations":[{"start":{"line":130,"column":3},"end":{"line":132,"column":1}}]},"22":{"type":"branch","line":190,"loc":{"start":{"line":190,"column":0},"end":{"line":194,"column":1}},"locations":[{"start":{"line":190,"column":0},"end":{"line":194,"column":1}}]},"23":{"type":"branch","line":193,"loc":{"start":{"line":193,"column":3},"end":{"line":194,"column":1}},"locations":[{"start":{"line":193,"column":3},"end":{"line":194,"column":1}}]},"24":{"type":"branch","line":225,"loc":{"start":{"line":225,"column":0},"end":{"line":234,"column":1}},"locations":[{"start":{"line":225,"column":0},"end":{"line":234,"column":1}}]},"25":{"type":"branch","line":232,"loc":{"start":{"line":232,"column":2},"end":{"line":234,"column":1}},"locations":[{"start":{"line":232,"column":2},"end":{"line":234,"column":1}}]},"26":{"type":"branch","line":567,"loc":{"start":{"line":567,"column":0},"end":{"line":580,"column":1}},"locations":[{"start":{"line":567,"column":0},"end":{"line":580,"column":1}}]},"27":{"type":"branch","line":571,"loc":{"start":{"line":571,"column":16},"end":{"line":576,"column":18}},"locations":[{"start":{"line":571,"column":16},"end":{"line":576,"column":18}}]},"28":{"type":"branch","line":578,"loc":{"start":{"line":578,"column":75},"end":{"line":580,"column":1}},"locations":[{"start":{"line":578,"column":75},"end":{"line":580,"column":1}}]},"29":{"type":"branch","line":585,"loc":{"start":{"line":585,"column":0},"end":{"line":595,"column":1}},"locations":[{"start":{"line":585,"column":0},"end":{"line":595,"column":1}}]},"30":{"type":"branch","line":593,"loc":{"start":{"line":593,"column":3},"end":{"line":595,"column":1}},"locations":[{"start":{"line":593,"column":3},"end":{"line":595,"column":1}}]},"31":{"type":"branch","line":600,"loc":{"start":{"line":600,"column":0},"end":{"line":614,"column":1}},"locations":[{"start":{"line":600,"column":0},"end":{"line":614,"column":1}}]},"32":{"type":"branch","line":612,"loc":{"start":{"line":612,"column":2},"end":{"line":614,"column":1}},"locations":[{"start":{"line":612,"column":2},"end":{"line":614,"column":1}}]},"33":{"type":"branch","line":619,"loc":{"start":{"line":619,"column":0},"end":{"line":624,"column":1}},"locations":[{"start":{"line":619,"column":0},"end":{"line":624,"column":1}}]},"34":{"type":"branch","line":623,"loc":{"start":{"line":623,"column":3},"end":{"line":624,"column":1}},"locations":[{"start":{"line":623,"column":3},"end":{"line":624,"column":1}}]}},"b":{"0":[32],"1":[32],"2":[4],"3":[28],"4":[5],"5":[4],"6":[1],"7":[26],"8":[13],"9":[5],"10":[3],"11":[10],"12":[9],"13":[1],"14":[1],"15":[10],"16":[1],"17":[12],"18":[1],"19":[1],"20":[13],"21":[4],"22":[5],"23":[2],"24":[6],"25":[2],"26":[2],"27":[0],"28":[1],"29":[2],"30":[1],"31":[2],"32":[1],"33":[2],"34":[1]},"fnMap":{"0":{"name":"getAdminApiBaseUrl","decl":{"start":{"line":48,"column":0},"end":{"line":53,"column":1}},"loc":{"start":{"line":48,"column":0},"end":{"line":53,"column":1}},"line":48},"1":{"name":"adminFetch","decl":{"start":{"line":55,"column":0},"end":{"line":119,"column":1}},"loc":{"start":{"line":55,"column":0},"end":{"line":119,"column":1}},"line":55},"2":{"name":"init.signal.addEventListener.once","decl":{"start":{"line":80,"column":44},"end":{"line":80,"column":70}},"loc":{"start":{"line":80,"column":44},"end":{"line":80,"column":70}},"line":80},"3":{"name":"adminLogin","decl":{"start":{"line":124,"column":0},"end":{"line":132,"column":1}},"loc":{"start":{"line":124,"column":0},"end":{"line":132,"column":1}},"line":124},"4":{"name":"adminGetRooms","decl":{"start":{"line":172,"column":0},"end":{"line":185,"column":1}},"loc":{"start":{"line":172,"column":0},"end":{"line":185,"column":1}},"line":172},"5":{"name":"adminCloseRoom","decl":{"start":{"line":190,"column":0},"end":{"line":194,"column":1}},"loc":{"start":{"line":190,"column":0},"end":{"line":194,"column":1}},"line":190},"6":{"name":"adminGetRoomDetail","decl":{"start":{"line":225,"column":0},"end":{"line":234,"column":1}},"loc":{"start":{"line":225,"column":0},"end":{"line":234,"column":1}},"line":225},"7":{"name":"adminGetUsers","decl":{"start":{"line":297,"column":0},"end":{"line":310,"column":1}},"loc":{"start":{"line":297,"column":0},"end":{"line":310,"column":1}},"line":297},"8":{"name":"adminGetUserDetail","decl":{"start":{"line":335,"column":0},"end":{"line":344,"column":1}},"loc":{"start":{"line":335,"column":0},"end":{"line":344,"column":1}},"line":335},"9":{"name":"adminBanUser","decl":{"start":{"line":363,"column":0},"end":{"line":374,"column":1}},"loc":{"start":{"line":363,"column":0},"end":{"line":374,"column":1}},"line":363},"10":{"name":"adminGetLogs","decl":{"start":{"line":414,"column":0},"end":{"line":427,"column":1}},"loc":{"start":{"line":414,"column":0},"end":{"line":427,"column":1}},"line":414},"11":{"name":"adminGetStatsOverview","decl":{"start":{"line":433,"column":0},"end":{"line":440,"column":1}},"loc":{"start":{"line":433,"column":0},"end":{"line":440,"column":1}},"line":433},"12":{"name":"adminUnbanUser","decl":{"start":{"line":457,"column":0},"end":{"line":468,"column":1}},"loc":{"start":{"line":457,"column":0},"end":{"line":468,"column":1}},"line":457},"13":{"name":"adminAdjustBalance","decl":{"start":{"line":489,"column":0},"end":{"line":501,"column":1}},"loc":{"start":{"line":489,"column":0},"end":{"line":501,"column":1}},"line":489},"14":{"name":"adminListGifts","decl":{"start":{"line":567,"column":0},"end":{"line":580,"column":1}},"loc":{"start":{"line":567,"column":0},"end":{"line":580,"column":1}},"line":567},"15":{"name":"adminCreateGift","decl":{"start":{"line":585,"column":0},"end":{"line":595,"column":1}},"loc":{"start":{"line":585,"column":0},"end":{"line":595,"column":1}},"line":585},"16":{"name":"adminUpdateGift","decl":{"start":{"line":600,"column":0},"end":{"line":614,"column":1}},"loc":{"start":{"line":600,"column":0},"end":{"line":614,"column":1}},"line":600},"17":{"name":"adminDeleteGift","decl":{"start":{"line":619,"column":0},"end":{"line":624,"column":1}},"loc":{"start":{"line":619,"column":0},"end":{"line":624,"column":1}},"line":619},"18":{"name":"adminUploadGiftAsset","decl":{"start":{"line":631,"column":0},"end":{"line":667,"column":1}},"loc":{"start":{"line":631,"column":0},"end":{"line":667,"column":1}},"line":631}},"f":{"0":32,"1":32,"2":1,"3":13,"4":0,"5":5,"6":6,"7":0,"8":0,"9":0,"10":0,"11":0,"12":0,"13":0,"14":2,"15":2,"16":2,"17":2,"18":0}}
,"/Users/yuanye/myWork/voice-room/app/web/src/core/network/index.ts": {"path":"/Users/yuanye/myWork/voice-room/app/web/src/core/network/index.ts","all":true,"statementMap":{"0":{"start":{"line":1,"column":0},"end":{"line":1,"column":45}}},"s":{"0":0},"branchMap":{"0":{"type":"branch","line":1,"loc":{"start":{"line":1,"column":0},"end":{"line":1,"column":45}},"locations":[{"start":{"line":1,"column":0},"end":{"line":1,"column":45}}]}},"b":{"0":[0]},"fnMap":{"0":{"name":"(empty-report)","decl":{"start":{"line":1,"column":0},"end":{"line":1,"column":45}},"loc":{"start":{"line":1,"column":0},"end":{"line":1,"column":45}},"line":1}},"f":{"0":0}}
,"/Users/yuanye/myWork/voice-room/app/web/src/core/telemetry/IAnalyticsService.ts": {"path":"/Users/yuanye/myWork/voice-room/app/web/src/core/telemetry/IAnalyticsService.ts","all":true,"statementMap":{},"s":{},"branchMap":{"0":{"type":"branch","line":1,"loc":{"start":{"line":1,"column":213},"end":{"line":6,"column":1}},"locations":[{"start":{"line":1,"column":213},"end":{"line":6,"column":1}}]}},"b":{"0":[1]},"fnMap":{"0":{"name":"(empty-report)","decl":{"start":{"line":1,"column":213},"end":{"line":6,"column":1}},"loc":{"start":{"line":1,"column":213},"end":{"line":6,"column":1}},"line":1}},"f":{"0":1}}
,"/Users/yuanye/myWork/voice-room/app/web/src/core/telemetry/ICrashReporter.ts": {"path":"/Users/yuanye/myWork/voice-room/app/web/src/core/telemetry/ICrashReporter.ts","all":true,"statementMap":{},"s":{},"branchMap":{"0":{"type":"branch","line":1,"loc":{"start":{"line":1,"column":145},"end":{"line":4,"column":1}},"locations":[{"start":{"line":1,"column":145},"end":{"line":4,"column":1}}]}},"b":{"0":[1]},"fnMap":{"0":{"name":"(empty-report)","decl":{"start":{"line":1,"column":145},"end":{"line":4,"column":1}},"loc":{"start":{"line":1,"column":145},"end":{"line":4,"column":1}},"line":1}},"f":{"0":1}}
,"/Users/yuanye/myWork/voice-room/app/web/src/core/telemetry/MockAnalyticsService.ts": {"path":"/Users/yuanye/myWork/voice-room/app/web/src/core/telemetry/MockAnalyticsService.ts","all":true,"statementMap":{"0":{"start":{"line":1,"column":0},"end":{"line":1,"column":79}},"16":{"start":{"line":17,"column":0},"end":{"line":17,"column":64}},"17":{"start":{"line":18,"column":0},"end":{"line":18,"column":60}},"18":{"start":{"line":19,"column":0},"end":{"line":19,"column":62}},"20":{"start":{"line":21,"column":0},"end":{"line":21,"column":58}},"21":{"start":{"line":22,"column":0},"end":{"line":22,"column":15}},"22":{"start":{"line":23,"column":0},"end":{"line":23,"column":75}},"23":{"start":{"line":24,"column":0},"end":{"line":24,"column":79}},"24":{"start":{"line":25,"column":0},"end":{"line":25,"column":3}},"26":{"start":{"line":27,"column":0},"end":{"line":27,"column":66}},"27":{"start":{"line":28,"column":0},"end":{"line":28,"column":15}},"28":{"start":{"line":29,"column":0},"end":{"line":29,"column":16}},"29":{"start":{"line":30,"column":0},"end":{"line":30,"column":16}},"30":{"start":{"line":31,"column":0},"end":{"line":31,"column":19}},"31":{"start":{"line":32,"column":0},"end":{"line":32,"column":33}},"32":{"start":{"line":33,"column":0},"end":{"line":33,"column":8}},"33":{"start":{"line":34,"column":0},"end":{"line":34,"column":7}},"34":{"start":{"line":35,"column":0},"end":{"line":35,"column":3}},"36":{"start":{"line":37,"column":0},"end":{"line":37,"column":52}},"37":{"start":{"line":38,"column":0},"end":{"line":38,"column":15}},"38":{"start":{"line":39,"column":0},"end":{"line":39,"column":43}},"39":{"start":{"line":40,"column":0},"end":{"line":40,"column":16}},"40":{"start":{"line":41,"column":0},"end":{"line":41,"column":17}},"41":{"start":{"line":42,"column":0},"end":{"line":42,"column":33}},"42":{"start":{"line":43,"column":0},"end":{"line":43,"column":8}},"43":{"start":{"line":44,"column":0},"end":{"line":44,"column":7}},"44":{"start":{"line":45,"column":0},"end":{"line":45,"column":3}},"45":{"start":{"line":46,"column":0},"end":{"line":46,"column":1}}},"s":{"0":0,"16":0,"17":0,"18":0,"20":0,"21":0,"22":0,"23":0,"24":0,"26":0,"27":0,"28":0,"29":0,"30":0,"31":0,"32":0,"33":0,"34":0,"36":0,"37":0,"38":0,"39":0,"40":0,"41":0,"42":0,"43":0,"44":0,"45":0},"branchMap":{"0":{"type":"branch","line":1,"loc":{"start":{"line":1,"column":1226},"end":{"line":46,"column":1}},"locations":[{"start":{"line":1,"column":1226},"end":{"line":46,"column":1}}]}},"b":{"0":[0]},"fnMap":{"0":{"name":"(empty-report)","decl":{"start":{"line":1,"column":1226},"end":{"line":46,"column":1}},"loc":{"start":{"line":1,"column":1226},"end":{"line":46,"column":1}},"line":1}},"f":{"0":0}}
,"/Users/yuanye/myWork/voice-room/app/web/src/core/telemetry/telemetryContext.ts": {"path":"/Users/yuanye/myWork/voice-room/app/web/src/core/telemetry/telemetryContext.ts","all":true,"statementMap":{"0":{"start":{"line":1,"column":0},"end":{"line":1,"column":39}},"14":{"start":{"line":15,"column":0},"end":{"line":15,"column":39}},"16":{"start":{"line":17,"column":0},"end":{"line":17,"column":68}},"17":{"start":{"line":18,"column":0},"end":{"line":18,"column":71}},"18":{"start":{"line":19,"column":0},"end":{"line":19,"column":42}},"19":{"start":{"line":20,"column":0},"end":{"line":20,"column":77}},"20":{"start":{"line":21,"column":0},"end":{"line":21,"column":77}},"21":{"start":{"line":22,"column":0},"end":{"line":22,"column":21}},"22":{"start":{"line":23,"column":0},"end":{"line":23,"column":37}},"23":{"start":{"line":24,"column":0},"end":{"line":24,"column":26}},"24":{"start":{"line":25,"column":0},"end":{"line":25,"column":36}},"25":{"start":{"line":26,"column":0},"end":{"line":26,"column":48}},"26":{"start":{"line":27,"column":0},"end":{"line":27,"column":32}},"27":{"start":{"line":28,"column":0},"end":{"line":28,"column":18}},"29":{"start":{"line":30,"column":0},"end":{"line":30,"column":10}},"30":{"start":{"line":31,"column":0},"end":{"line":31,"column":33}},"31":{"start":{"line":32,"column":0},"end":{"line":32,"column":38}},"32":{"start":{"line":33,"column":0},"end":{"line":33,"column":30}},"33":{"start":{"line":34,"column":0},"end":{"line":34,"column":11}},"34":{"start":{"line":35,"column":0},"end":{"line":35,"column":13}},"35":{"start":{"line":36,"column":0},"end":{"line":36,"column":38}},"36":{"start":{"line":37,"column":0},"end":{"line":37,"column":49}},"37":{"start":{"line":38,"column":0},"end":{"line":38,"column":4}},"38":{"start":{"line":39,"column":0},"end":{"line":39,"column":1}},"40":{"start":{"line":41,"column":0},"end":{"line":41,"column":28}},"41":{"start":{"line":42,"column":0},"end":{"line":42,"column":23}},"42":{"start":{"line":43,"column":0},"end":{"line":43,"column":26}},"43":{"start":{"line":44,"column":0},"end":{"line":44,"column":3}},"45":{"start":{"line":46,"column":0},"end":{"line":46,"column":44}},"47":{"start":{"line":48,"column":0},"end":{"line":48,"column":44}},"48":{"start":{"line":49,"column":0},"end":{"line":49,"column":9}},"49":{"start":{"line":50,"column":0},"end":{"line":50,"column":62}},"51":{"start":{"line":52,"column":0},"end":{"line":52,"column":27}},"52":{"start":{"line":53,"column":0},"end":{"line":53,"column":40}},"53":{"start":{"line":54,"column":0},"end":{"line":54,"column":30}},"54":{"start":{"line":55,"column":0},"end":{"line":55,"column":7}},"55":{"start":{"line":56,"column":0},"end":{"line":56,"column":13}},"57":{"start":{"line":58,"column":0},"end":{"line":58,"column":5}},"58":{"start":{"line":59,"column":0},"end":{"line":59,"column":3}},"60":{"start":{"line":61,"column":0},"end":{"line":61,"column":38}},"61":{"start":{"line":62,"column":0},"end":{"line":62,"column":28}},"63":{"start":{"line":64,"column":0},"end":{"line":64,"column":44}},"64":{"start":{"line":65,"column":0},"end":{"line":65,"column":9}},"65":{"start":{"line":66,"column":0},"end":{"line":66,"column":49}},"66":{"start":{"line":67,"column":0},"end":{"line":67,"column":13}},"68":{"start":{"line":69,"column":0},"end":{"line":69,"column":5}},"69":{"start":{"line":70,"column":0},"end":{"line":70,"column":3}},"71":{"start":{"line":72,"column":0},"end":{"line":72,"column":18}},"72":{"start":{"line":73,"column":0},"end":{"line":73,"column":1}},"74":{"start":{"line":75,"column":0},"end":{"line":75,"column":55}},"75":{"start":{"line":76,"column":0},"end":{"line":76,"column":13}},"76":{"start":{"line":77,"column":0},"end":{"line":77,"column":21}},"77":{"start":{"line":78,"column":0},"end":{"line":78,"column":3}},"79":{"start":{"line":80,"column":0},"end":{"line":80,"column":51}},"86":{"start":{"line":87,"column":0},"end":{"line":87,"column":80}},"87":{"start":{"line":88,"column":0},"end":{"line":88,"column":78}},"89":{"start":{"line":90,"column":0},"end":{"line":90,"column":76}},"90":{"start":{"line":91,"column":0},"end":{"line":91,"column":1}},"92":{"start":{"line":93,"column":0},"end":{"line":93,"column":29}},"93":{"start":{"line":94,"column":0},"end":{"line":94,"column":6}},"94":{"start":{"line":95,"column":0},"end":{"line":95,"column":36}},"95":{"start":{"line":96,"column":0},"end":{"line":96,"column":43}},"96":{"start":{"line":97,"column":0},"end":{"line":97,"column":5}},"97":{"start":{"line":98,"column":0},"end":{"line":98,"column":31}},"98":{"start":{"line":99,"column":0},"end":{"line":99,"column":3}},"100":{"start":{"line":101,"column":0},"end":{"line":101,"column":63}},"101":{"start":{"line":102,"column":0},"end":{"line":102,"column":17}},"102":{"start":{"line":103,"column":0},"end":{"line":103,"column":20}},"103":{"start":{"line":104,"column":0},"end":{"line":104,"column":1}}},"s":{"0":0,"14":0,"16":0,"17":0,"18":0,"19":0,"20":0,"21":0,"22":0,"23":0,"24":0,"25":0,"26":0,"27":0,"29":0,"30":0,"31":0,"32":0,"33":0,"34":0,"35":0,"36":0,"37":0,"38":0,"40":0,"41":0,"42":0,"43":0,"45":0,"47":0,"48":0,"49":0,"51":0,"52":0,"53":0,"54":0,"55":0,"57":0,"58":0,"60":0,"61":0,"63":0,"64":0,"65":0,"66":0,"68":0,"69":0,"71":0,"72":0,"74":0,"75":0,"76":0,"77":0,"79":0,"86":0,"87":0,"89":0,"90":0,"92":0,"93":0,"94":0,"95":0,"96":0,"97":0,"98":0,"100":0,"101":0,"102":0,"103":0},"branchMap":{"0":{"type":"branch","line":1,"loc":{"start":{"line":1,"column":2626},"end":{"line":104,"column":1}},"locations":[{"start":{"line":1,"column":2626},"end":{"line":104,"column":1}}]}},"b":{"0":[0]},"fnMap":{"0":{"name":"(empty-report)","decl":{"start":{"line":1,"column":2626},"end":{"line":104,"column":1}},"loc":{"start":{"line":1,"column":2626},"end":{"line":104,"column":1}},"line":1}},"f":{"0":0}}
,"/Users/yuanye/myWork/voice-room/app/web/src/core/ws/index.ts": {"path":"/Users/yuanye/myWork/voice-room/app/web/src/core/ws/index.ts","all":true,"statementMap":{"0":{"start":{"line":1,"column":0},"end":{"line":1,"column":39}},"3":{"start":{"line":4,"column":0},"end":{"line":4,"column":50}},"4":{"start":{"line":5,"column":0},"end":{"line":5,"column":62}},"5":{"start":{"line":6,"column":0},"end":{"line":6,"column":1}}},"s":{"0":0,"3":0,"4":0,"5":0},"branchMap":{"0":{"type":"branch","line":1,"loc":{"start":{"line":1,"column":207},"end":{"line":6,"column":1}},"locations":[{"start":{"line":1,"column":207},"end":{"line":6,"column":1}}]}},"b":{"0":[0]},"fnMap":{"0":{"name":"(empty-report)","decl":{"start":{"line":1,"column":207},"end":{"line":6,"column":1}},"loc":{"start":{"line":1,"column":207},"end":{"line":6,"column":1}},"line":1}},"f":{"0":0}}
,"/Users/yuanye/myWork/voice-room/app/web/src/features/TelemetryFeature.tsx": {"path":"/Users/yuanye/myWork/voice-room/app/web/src/features/TelemetryFeature.tsx","all":true,"statementMap":{"0":{"start":{"line":1,"column":0},"end":{"line":1,"column":36}},"1":{"start":{"line":2,"column":0},"end":{"line":2,"column":10}},"2":{"start":{"line":3,"column":0},"end":{"line":3,"column":13}},"3":{"start":{"line":4,"column":0},"end":{"line":4,"column":29}},"4":{"start":{"line":5,"column":0},"end":{"line":5,"column":44}},"5":{"start":{"line":6,"column":0},"end":{"line":6,"column":14}},"7":{"start":{"line":8,"column":0},"end":{"line":8,"column":1}}},"s":{"0":0,"1":0,"2":0,"3":0,"4":0,"5":0,"7":0},"branchMap":{"0":{"type":"branch","line":1,"loc":{"start":{"line":1,"column":0},"end":{"line":8,"column":-104}},"locations":[{"start":{"line":1,"column":0},"end":{"line":8,"column":-104}}]}},"b":{"0":[0]},"fnMap":{"0":{"name":"(empty-report)","decl":{"start":{"line":1,"column":0},"end":{"line":8,"column":-104}},"loc":{"start":{"line":1,"column":0},"end":{"line":8,"column":-104}},"line":1}},"f":{"0":0}}
,"/Users/yuanye/myWork/voice-room/app/web/src/features/gift/GiftEditModal.tsx": {"path":"/Users/yuanye/myWork/voice-room/app/web/src/features/gift/GiftEditModal.tsx","all":false,"statementMap":{"0":{"start":{"line":1,"column":0},"end":{"line":1,"column":3}},"56":{"start":{"line":57,"column":0},"end":{"line":57,"column":69}},"57":{"start":{"line":58,"column":0},"end":{"line":58,"column":51}},"59":{"start":{"line":60,"column":0},"end":{"line":60,"column":87}},"60":{"start":{"line":61,"column":0},"end":{"line":61,"column":33}},"61":{"start":{"line":62,"column":0},"end":{"line":62,"column":56}},"63":{"start":{"line":64,"column":0},"end":{"line":64,"column":48}},"64":{"start":{"line":65,"column":0},"end":{"line":65,"column":66}},"65":{"start":{"line":66,"column":0},"end":{"line":66,"column":70}},"66":{"start":{"line":67,"column":0},"end":{"line":67,"column":68}},"67":{"start":{"line":68,"column":0},"end":{"line":68,"column":61}},"70":{"start":{"line":71,"column":0},"end":{"line":71,"column":81}},"71":{"start":{"line":72,"column":0},"end":{"line":72,"column":73}},"74":{"start":{"line":75,"column":0},"end":{"line":75,"column":19}},"75":{"start":{"line":76,"column":0},"end":{"line":76,"column":23}},"76":{"start":{"line":77,"column":0},"end":{"line":77,"column":27}},"77":{"start":{"line":78,"column":0},"end":{"line":78,"column":24}},"78":{"start":{"line":79,"column":0},"end":{"line":79,"column":30}},"79":{"start":{"line":80,"column":0},"end":{"line":80,"column":30}},"80":{"start":{"line":81,"column":0},"end":{"line":81,"column":32}},"81":{"start":{"line":82,"column":0},"end":{"line":82,"column":26}},"82":{"start":{"line":83,"column":0},"end":{"line":83,"column":24}},"83":{"start":{"line":84,"column":0},"end":{"line":84,"column":40}},"84":{"start":{"line":85,"column":0},"end":{"line":85,"column":55}},"85":{"start":{"line":86,"column":0},"end":{"line":86,"column":36}},"86":{"start":{"line":87,"column":0},"end":{"line":87,"column":34}},"87":{"start":{"line":88,"column":0},"end":{"line":88,"column":9}},"88":{"start":{"line":89,"column":0},"end":{"line":89,"column":35}},"89":{"start":{"line":90,"column":0},"end":{"line":90,"column":31}},"90":{"start":{"line":91,"column":0},"end":{"line":91,"column":25}},"91":{"start":{"line":92,"column":0},"end":{"line":92,"column":26}},"92":{"start":{"line":93,"column":0},"end":{"line":93,"column":22}},"93":{"start":{"line":94,"column":0},"end":{"line":94,"column":5}},"94":{"start":{"line":95,"column":0},"end":{"line":95,"column":25}},"97":{"start":{"line":98,"column":0},"end":{"line":98,"column":57}},"98":{"start":{"line":99,"column":0},"end":{"line":99,"column":25}},"100":{"start":{"line":101,"column":0},"end":{"line":101,"column":50}},"101":{"start":{"line":102,"column":0},"end":{"line":102,"column":53}},"102":{"start":{"line":103,"column":0},"end":{"line":103,"column":19}},"103":{"start":{"line":104,"column":0},"end":{"line":104,"column":5}},"104":{"start":{"line":105,"column":0},"end":{"line":105,"column":42}},"105":{"start":{"line":106,"column":0},"end":{"line":106,"column":53}},"106":{"start":{"line":107,"column":0},"end":{"line":107,"column":19}},"107":{"start":{"line":108,"column":0},"end":{"line":108,"column":5}},"110":{"start":{"line":111,"column":0},"end":{"line":111,"column":23}},"111":{"start":{"line":112,"column":0},"end":{"line":112,"column":11}},"112":{"start":{"line":113,"column":0},"end":{"line":113,"column":64}},"113":{"start":{"line":114,"column":0},"end":{"line":114,"column":51}},"114":{"start":{"line":115,"column":0},"end":{"line":115,"column":34}},"115":{"start":{"line":116,"column":0},"end":{"line":116,"column":47}},"116":{"start":{"line":117,"column":0},"end":{"line":117,"column":21}},"117":{"start":{"line":118,"column":0},"end":{"line":118,"column":86}},"118":{"start":{"line":119,"column":0},"end":{"line":119,"column":7}},"119":{"start":{"line":120,"column":0},"end":{"line":120,"column":9}},"122":{"start":{"line":123,"column":0},"end":{"line":123,"column":17}},"123":{"start":{"line":124,"column":0},"end":{"line":124,"column":4}},"126":{"start":{"line":127,"column":0},"end":{"line":127,"column":29}},"127":{"start":{"line":128,"column":0},"end":{"line":128,"column":23}},"128":{"start":{"line":129,"column":0},"end":{"line":129,"column":23}},"129":{"start":{"line":130,"column":0},"end":{"line":130,"column":25}},"130":{"start":{"line":131,"column":0},"end":{"line":131,"column":24}},"131":{"start":{"line":132,"column":0},"end":{"line":132,"column":20}},"132":{"start":{"line":133,"column":0},"end":{"line":133,"column":14}},"133":{"start":{"line":134,"column":0},"end":{"line":134,"column":4}},"136":{"start":{"line":137,"column":0},"end":{"line":137,"column":36}},"137":{"start":{"line":138,"column":0},"end":{"line":138,"column":24}},"138":{"start":{"line":139,"column":0},"end":{"line":139,"column":39}},"139":{"start":{"line":140,"column":0},"end":{"line":140,"column":9}},"140":{"start":{"line":141,"column":0},"end":{"line":141,"column":43}},"141":{"start":{"line":142,"column":0},"end":{"line":142,"column":13}},"142":{"start":{"line":143,"column":0},"end":{"line":143,"column":13}},"143":{"start":{"line":144,"column":0},"end":{"line":144,"column":5}},"145":{"start":{"line":146,"column":0},"end":{"line":146,"column":21}},"146":{"start":{"line":147,"column":0},"end":{"line":147,"column":23}},"147":{"start":{"line":148,"column":0},"end":{"line":148,"column":9}},"148":{"start":{"line":149,"column":0},"end":{"line":149,"column":17}},"149":{"start":{"line":150,"column":0},"end":{"line":150,"column":47}},"150":{"start":{"line":151,"column":0},"end":{"line":151,"column":14}},"151":{"start":{"line":152,"column":0},"end":{"line":152,"column":38}},"152":{"start":{"line":153,"column":0},"end":{"line":153,"column":7}},"153":{"start":{"line":154,"column":0},"end":{"line":154,"column":18}},"154":{"start":{"line":155,"column":0},"end":{"line":155,"column":20}},"155":{"start":{"line":156,"column":0},"end":{"line":156,"column":19}},"156":{"start":{"line":157,"column":0},"end":{"line":157,"column":82}},"157":{"start":{"line":158,"column":0},"end":{"line":158,"column":15}},"158":{"start":{"line":159,"column":0},"end":{"line":159,"column":24}},"159":{"start":{"line":160,"column":0},"end":{"line":160,"column":5}},"160":{"start":{"line":161,"column":0},"end":{"line":161,"column":4}},"162":{"start":{"line":163,"column":0},"end":{"line":163,"column":10}},"163":{"start":{"line":164,"column":0},"end":{"line":164,"column":10}},"164":{"start":{"line":165,"column":0},"end":{"line":165,"column":35}},"165":{"start":{"line":166,"column":0},"end":{"line":166,"column":17}},"166":{"start":{"line":167,"column":0},"end":{"line":167,"column":74}},"167":{"start":{"line":168,"column":0},"end":{"line":168,"column":28}},"168":{"start":{"line":169,"column":0},"end":{"line":169,"column":14}},"169":{"start":{"line":170,"column":0},"end":{"line":170,"column":15}},"170":{"start":{"line":171,"column":0},"end":{"line":171,"column":75}},"171":{"start":{"line":172,"column":0},"end":{"line":172,"column":17}},"172":{"start":{"line":173,"column":0},"end":{"line":173,"column":46}},"173":{"start":{"line":174,"column":0},"end":{"line":174,"column":26}},"174":{"start":{"line":175,"column":0},"end":{"line":175,"column":29}},"175":{"start":{"line":176,"column":0},"end":{"line":176,"column":39}},"176":{"start":{"line":177,"column":0},"end":{"line":177,"column":47}},"178":{"start":{"line":179,"column":0},"end":{"line":179,"column":38}},"179":{"start":{"line":180,"column":0},"end":{"line":180,"column":19}},"180":{"start":{"line":181,"column":0},"end":{"line":181,"column":16}},"182":{"start":{"line":183,"column":0},"end":{"line":183,"column":21}},"183":{"start":{"line":184,"column":0},"end":{"line":184,"column":17}},"186":{"start":{"line":187,"column":0},"end":{"line":187,"column":21}},"187":{"start":{"line":188,"column":0},"end":{"line":188,"column":14}},"188":{"start":{"line":189,"column":0},"end":{"line":189,"column":39}},"189":{"start":{"line":190,"column":0},"end":{"line":190,"column":22}},"190":{"start":{"line":191,"column":0},"end":{"line":191,"column":29}},"191":{"start":{"line":192,"column":0},"end":{"line":192,"column":18}},"192":{"start":{"line":193,"column":0},"end":{"line":193,"column":38}},"193":{"start":{"line":194,"column":0},"end":{"line":194,"column":10}},"196":{"start":{"line":197,"column":0},"end":{"line":197,"column":42}},"198":{"start":{"line":199,"column":0},"end":{"line":199,"column":18}},"199":{"start":{"line":200,"column":0},"end":{"line":200,"column":21}},"200":{"start":{"line":201,"column":0},"end":{"line":201,"column":37}},"201":{"start":{"line":202,"column":0},"end":{"line":202,"column":18}},"202":{"start":{"line":203,"column":0},"end":{"line":203,"column":69}},"203":{"start":{"line":204,"column":0},"end":{"line":204,"column":13}},"204":{"start":{"line":205,"column":0},"end":{"line":205,"column":46}},"205":{"start":{"line":206,"column":0},"end":{"line":206,"column":49}},"206":{"start":{"line":207,"column":0},"end":{"line":207,"column":14}},"207":{"start":{"line":208,"column":0},"end":{"line":208,"column":12}},"209":{"start":{"line":210,"column":0},"end":{"line":210,"column":16}},"210":{"start":{"line":211,"column":0},"end":{"line":211,"column":40}},"211":{"start":{"line":212,"column":0},"end":{"line":212,"column":36}},"212":{"start":{"line":213,"column":0},"end":{"line":213,"column":46}},"213":{"start":{"line":214,"column":0},"end":{"line":214,"column":12}},"214":{"start":{"line":215,"column":0},"end":{"line":215,"column":20}},"217":{"start":{"line":218,"column":0},"end":{"line":218,"column":18}},"218":{"start":{"line":219,"column":0},"end":{"line":219,"column":24}},"219":{"start":{"line":220,"column":0},"end":{"line":220,"column":39}},"220":{"start":{"line":221,"column":0},"end":{"line":221,"column":91}},"222":{"start":{"line":223,"column":0},"end":{"line":223,"column":73}},"223":{"start":{"line":224,"column":0},"end":{"line":224,"column":20}},"226":{"start":{"line":227,"column":0},"end":{"line":227,"column":18}},"227":{"start":{"line":228,"column":0},"end":{"line":228,"column":24}},"228":{"start":{"line":229,"column":0},"end":{"line":229,"column":39}},"229":{"start":{"line":230,"column":0},"end":{"line":230,"column":91}},"231":{"start":{"line":232,"column":0},"end":{"line":232,"column":74}},"232":{"start":{"line":233,"column":0},"end":{"line":233,"column":20}},"235":{"start":{"line":236,"column":0},"end":{"line":236,"column":53}},"236":{"start":{"line":237,"column":0},"end":{"line":237,"column":27}},"237":{"start":{"line":238,"column":0},"end":{"line":238,"column":18}},"238":{"start":{"line":239,"column":0},"end":{"line":239,"column":45}},"239":{"start":{"line":240,"column":0},"end":{"line":240,"column":26}},"240":{"start":{"line":241,"column":0},"end":{"line":241,"column":35}},"241":{"start":{"line":242,"column":0},"end":{"line":242,"column":22}},"242":{"start":{"line":243,"column":0},"end":{"line":243,"column":41}},"243":{"start":{"line":244,"column":0},"end":{"line":244,"column":14}},"245":{"start":{"line":246,"column":0},"end":{"line":246,"column":31}},"246":{"start":{"line":247,"column":0},"end":{"line":247,"column":19}},"247":{"start":{"line":248,"column":0},"end":{"line":248,"column":54}},"248":{"start":{"line":249,"column":0},"end":{"line":249,"column":47}},"249":{"start":{"line":250,"column":0},"end":{"line":250,"column":33}},"250":{"start":{"line":251,"column":0},"end":{"line":251,"column":62}},"251":{"start":{"line":252,"column":0},"end":{"line":252,"column":36}},"253":{"start":{"line":254,"column":0},"end":{"line":254,"column":48}},"254":{"start":{"line":255,"column":0},"end":{"line":255,"column":43}},"255":{"start":{"line":256,"column":0},"end":{"line":256,"column":23}},"256":{"start":{"line":257,"column":0},"end":{"line":257,"column":20}},"257":{"start":{"line":258,"column":0},"end":{"line":258,"column":52}},"258":{"start":{"line":259,"column":0},"end":{"line":259,"column":27}},"259":{"start":{"line":260,"column":0},"end":{"line":260,"column":56}},"260":{"start":{"line":261,"column":0},"end":{"line":261,"column":43}},"261":{"start":{"line":262,"column":0},"end":{"line":262,"column":34}},"262":{"start":{"line":263,"column":0},"end":{"line":263,"column":51}},"263":{"start":{"line":264,"column":0},"end":{"line":264,"column":29}},"264":{"start":{"line":265,"column":0},"end":{"line":265,"column":55}},"265":{"start":{"line":266,"column":0},"end":{"line":266,"column":19}},"266":{"start":{"line":267,"column":0},"end":{"line":267,"column":18}},"267":{"start":{"line":268,"column":0},"end":{"line":268,"column":16}},"268":{"start":{"line":269,"column":0},"end":{"line":269,"column":21}},"269":{"start":{"line":270,"column":0},"end":{"line":270,"column":28}},"270":{"start":{"line":271,"column":0},"end":{"line":271,"column":20}},"271":{"start":{"line":272,"column":0},"end":{"line":272,"column":47}},"272":{"start":{"line":273,"column":0},"end":{"line":273,"column":32}},"273":{"start":{"line":274,"column":0},"end":{"line":274,"column":26}},"274":{"start":{"line":275,"column":0},"end":{"line":275,"column":27}},"275":{"start":{"line":276,"column":0},"end":{"line":276,"column":94}},"276":{"start":{"line":277,"column":0},"end":{"line":277,"column":31}},"277":{"start":{"line":278,"column":0},"end":{"line":278,"column":145}},"278":{"start":{"line":279,"column":0},"end":{"line":279,"column":16}},"280":{"start":{"line":281,"column":0},"end":{"line":281,"column":18}},"281":{"start":{"line":282,"column":0},"end":{"line":282,"column":20}},"284":{"start":{"line":285,"column":0},"end":{"line":285,"column":18}},"285":{"start":{"line":286,"column":0},"end":{"line":286,"column":25}},"286":{"start":{"line":287,"column":0},"end":{"line":287,"column":40}},"287":{"start":{"line":288,"column":0},"end":{"line":288,"column":76}},"289":{"start":{"line":290,"column":0},"end":{"line":290,"column":16}},"290":{"start":{"line":291,"column":0},"end":{"line":291,"column":44}},"291":{"start":{"line":292,"column":0},"end":{"line":292,"column":63}},"292":{"start":{"line":293,"column":0},"end":{"line":293,"column":67}},"293":{"start":{"line":294,"column":0},"end":{"line":294,"column":12}},"294":{"start":{"line":295,"column":0},"end":{"line":295,"column":20}},"297":{"start":{"line":298,"column":0},"end":{"line":298,"column":18}},"298":{"start":{"line":299,"column":0},"end":{"line":299,"column":22}},"299":{"start":{"line":300,"column":0},"end":{"line":300,"column":38}},"300":{"start":{"line":301,"column":0},"end":{"line":301,"column":18}},"301":{"start":{"line":302,"column":0},"end":{"line":302,"column":70}},"302":{"start":{"line":303,"column":0},"end":{"line":303,"column":13}},"303":{"start":{"line":304,"column":0},"end":{"line":304,"column":67}},"304":{"start":{"line":305,"column":0},"end":{"line":305,"column":84}},"305":{"start":{"line":306,"column":0},"end":{"line":306,"column":89}},"306":{"start":{"line":307,"column":0},"end":{"line":307,"column":41}},"307":{"start":{"line":308,"column":0},"end":{"line":308,"column":16}},"308":{"start":{"line":309,"column":0},"end":{"line":309,"column":14}},"309":{"start":{"line":310,"column":0},"end":{"line":310,"column":12}},"311":{"start":{"line":312,"column":0},"end":{"line":312,"column":22}},"312":{"start":{"line":313,"column":0},"end":{"line":313,"column":41}},"313":{"start":{"line":314,"column":0},"end":{"line":314,"column":19}},"314":{"start":{"line":315,"column":0},"end":{"line":315,"column":37}},"315":{"start":{"line":316,"column":0},"end":{"line":316,"column":28}},"316":{"start":{"line":317,"column":0},"end":{"line":317,"column":12}},"317":{"start":{"line":318,"column":0},"end":{"line":318,"column":20}},"320":{"start":{"line":321,"column":0},"end":{"line":321,"column":18}},"321":{"start":{"line":322,"column":0},"end":{"line":322,"column":21}},"322":{"start":{"line":323,"column":0},"end":{"line":323,"column":37}},"323":{"start":{"line":324,"column":0},"end":{"line":324,"column":26}},"324":{"start":{"line":325,"column":0},"end":{"line":325,"column":76}},"326":{"start":{"line":327,"column":0},"end":{"line":327,"column":22}},"327":{"start":{"line":328,"column":0},"end":{"line":328,"column":40}},"328":{"start":{"line":329,"column":0},"end":{"line":329,"column":19}},"329":{"start":{"line":330,"column":0},"end":{"line":330,"column":19}},"330":{"start":{"line":331,"column":0},"end":{"line":331,"column":37}},"331":{"start":{"line":332,"column":0},"end":{"line":332,"column":12}},"332":{"start":{"line":333,"column":0},"end":{"line":333,"column":20}},"335":{"start":{"line":336,"column":0},"end":{"line":336,"column":18}},"336":{"start":{"line":337,"column":0},"end":{"line":337,"column":29}},"337":{"start":{"line":338,"column":0},"end":{"line":338,"column":44}},"338":{"start":{"line":339,"column":0},"end":{"line":339,"column":26}},"339":{"start":{"line":340,"column":0},"end":{"line":340,"column":83}},"341":{"start":{"line":342,"column":0},"end":{"line":342,"column":22}},"342":{"start":{"line":343,"column":0},"end":{"line":343,"column":48}},"343":{"start":{"line":344,"column":0},"end":{"line":344,"column":19}},"344":{"start":{"line":345,"column":0},"end":{"line":345,"column":19}},"345":{"start":{"line":346,"column":0},"end":{"line":346,"column":37}},"346":{"start":{"line":347,"column":0},"end":{"line":347,"column":12}},"347":{"start":{"line":348,"column":0},"end":{"line":348,"column":20}},"350":{"start":{"line":351,"column":0},"end":{"line":351,"column":76}},"351":{"start":{"line":352,"column":0},"end":{"line":352,"column":16}},"352":{"start":{"line":353,"column":0},"end":{"line":353,"column":49}},"353":{"start":{"line":354,"column":0},"end":{"line":354,"column":62}},"354":{"start":{"line":355,"column":0},"end":{"line":355,"column":12}},"355":{"start":{"line":356,"column":0},"end":{"line":356,"column":20}},"358":{"start":{"line":359,"column":0},"end":{"line":359,"column":87}},"359":{"start":{"line":360,"column":0},"end":{"line":360,"column":94}},"360":{"start":{"line":361,"column":0},"end":{"line":361,"column":20}},"363":{"start":{"line":364,"column":0},"end":{"line":364,"column":18}},"364":{"start":{"line":365,"column":0},"end":{"line":365,"column":26}},"365":{"start":{"line":366,"column":0},"end":{"line":366,"column":41}},"366":{"start":{"line":367,"column":0},"end":{"line":367,"column":33}},"367":{"start":{"line":368,"column":0},"end":{"line":368,"column":29}},"369":{"start":{"line":370,"column":0},"end":{"line":370,"column":54}},"370":{"start":{"line":371,"column":0},"end":{"line":371,"column":20}},"371":{"start":{"line":372,"column":0},"end":{"line":372,"column":13}},"372":{"start":{"line":373,"column":0},"end":{"line":373,"column":12}},"374":{"start":{"line":375,"column":0},"end":{"line":375,"column":1}}},"s":{"0":1,"56":1,"57":1,"59":1,"60":73,"61":73,"63":73,"64":73,"65":73,"66":73,"67":73,"70":73,"71":73,"74":73,"75":20,"76":0,"77":0,"78":0,"79":0,"80":0,"81":0,"82":0,"83":0,"84":0,"85":0,"86":0,"87":0,"88":0,"89":20,"90":4,"91":4,"92":4,"93":4,"94":73,"97":73,"98":1,"100":1,"101":1,"102":1,"103":1,"104":0,"105":0,"106":0,"107":0,"110":0,"111":0,"112":0,"113":0,"114":0,"115":0,"116":0,"117":0,"118":0,"119":0,"122":0,"123":1,"126":73,"127":1,"128":1,"129":1,"130":1,"131":1,"132":1,"133":1,"136":73,"137":1,"138":1,"139":1,"140":1,"141":1,"142":0,"143":0,"145":1,"146":1,"147":1,"148":1,"149":0,"150":1,"151":1,"152":1,"153":1,"154":1,"155":1,"156":0,"157":1,"158":1,"159":1,"160":1,"162":73,"163":73,"164":73,"165":73,"166":73,"167":73,"168":73,"169":73,"170":73,"171":73,"172":73,"173":73,"174":73,"175":73,"176":73,"178":73,"179":73,"180":73,"182":73,"183":73,"186":73,"187":0,"188":0,"189":0,"190":0,"191":0,"192":0,"193":0,"196":73,"198":73,"199":73,"200":73,"201":73,"202":73,"203":73,"204":73,"205":73,"206":73,"207":73,"209":73,"210":73,"211":73,"212":73,"213":73,"214":73,"217":73,"218":73,"219":73,"220":73,"222":73,"223":73,"226":73,"227":73,"228":73,"229":73,"231":73,"232":73,"235":73,"236":73,"237":1,"238":1,"239":1,"240":1,"241":1,"242":1,"243":1,"245":73,"246":73,"247":73,"248":73,"249":73,"250":73,"251":73,"253":73,"254":73,"255":73,"256":73,"257":73,"258":73,"259":73,"260":73,"261":73,"262":1,"263":1,"264":1,"265":1,"266":1,"267":73,"268":73,"269":73,"270":7,"271":7,"272":7,"273":7,"274":7,"275":7,"276":7,"277":7,"278":7,"280":73,"281":73,"284":73,"285":73,"286":73,"287":73,"289":73,"290":73,"291":73,"292":73,"293":73,"294":73,"297":73,"298":73,"299":73,"300":73,"301":73,"302":73,"303":73,"304":5,"305":5,"306":5,"307":5,"308":73,"309":73,"311":73,"312":73,"313":73,"314":73,"315":73,"316":73,"317":73,"320":73,"321":73,"322":73,"323":73,"324":73,"326":73,"327":73,"328":73,"329":73,"330":73,"331":73,"332":73,"335":73,"336":73,"337":73,"338":73,"339":73,"341":73,"342":73,"343":73,"344":73,"345":73,"346":73,"347":73,"350":73,"351":73,"352":73,"353":73,"354":73,"355":73,"358":73,"359":73,"360":73,"363":73,"364":73,"365":73,"366":73,"367":73,"369":73,"370":73,"371":73,"372":73,"374":73},"branchMap":{"0":{"type":"branch","line":60,"loc":{"start":{"line":60,"column":7},"end":{"line":375,"column":1}},"locations":[{"start":{"line":60,"column":7},"end":{"line":375,"column":1}}]},"1":{"type":"branch","line":72,"loc":{"start":{"line":72,"column":39},"end":{"line":72,"column":73}},"locations":[{"start":{"line":72,"column":39},"end":{"line":72,"column":73}}]},"2":{"type":"branch","line":167,"loc":{"start":{"line":167,"column":13},"end":{"line":167,"column":47}},"locations":[{"start":{"line":167,"column":13},"end":{"line":167,"column":47}}]},"3":{"type":"branch","line":187,"loc":{"start":{"line":187,"column":7},"end":{"line":194,"column":10}},"locations":[{"start":{"line":187,"column":7},"end":{"line":194,"column":10}}]},"4":{"type":"branch","line":237,"loc":{"start":{"line":237,"column":11},"end":{"line":244,"column":14}},"locations":[{"start":{"line":237,"column":11},"end":{"line":244,"column":14}}]},"5":{"type":"branch","line":270,"loc":{"start":{"line":270,"column":13},"end":{"line":279,"column":16}},"locations":[{"start":{"line":270,"column":13},"end":{"line":279,"column":16}}]},"6":{"type":"branch","line":75,"loc":{"start":{"line":75,"column":12},"end":{"line":95,"column":5}},"locations":[{"start":{"line":75,"column":12},"end":{"line":95,"column":5}}]},"7":{"type":"branch","line":76,"loc":{"start":{"line":76
[...]
,"/Users/yuanye/myWork/voice-room/app/web/src/pages/users/useUserDetail.ts": {"path":"/Users/yuanye/myWork/voice-room/app/web/src/pages/users/useUserDetail.ts","all":true,"statementMap":{"0":{"start":{"line":1,"column":0},"end":{"line":1,"column":3}},"20":{"start":{"line":21,"column":0},"end":{"line":21,"column":30}},"21":{"start":{"line":22,"column":0},"end":{"line":22,"column":24}},"23":{"start":{"line":24,"column":0},"end":{"line":24,"column":17}},"28":{"start":{"line":29,"column":0},"end":{"line":29,"column":3}},"29":{"start":{"line":30,"column":0},"end":{"line":30,"column":77}},"30":{"start":{"line":31,"column":0},"end":{"line":31,"column":48}},"31":{"start":{"line":32,"column":0},"end":{"line":32,"column":57}},"33":{"start":{"line":34,"column":0},"end":{"line":34,"column":19}},"35":{"start":{"line":36,"column":0},"end":{"line":36,"column":26}},"36":{"start":{"line":37,"column":0},"end":{"line":37,"column":22}},"37":{"start":{"line":38,"column":0},"end":{"line":38,"column":21}},"38":{"start":{"line":39,"column":0},"end":{"line":39,"column":24}},"39":{"start":{"line":40,"column":0},"end":{"line":40,"column":13}},"40":{"start":{"line":41,"column":0},"end":{"line":41,"column":5}},"42":{"start":{"line":43,"column":0},"end":{"line":43,"column":45}},"45":{"start":{"line":46,"column":0},"end":{"line":46,"column":21}},"46":{"start":{"line":47,"column":0},"end":{"line":47,"column":20}},"47":{"start":{"line":48,"column":0},"end":{"line":48,"column":19}},"49":{"start":{"line":50,"column":0},"end":{"line":50,"column":29}},"50":{"start":{"line":51,"column":0},"end":{"line":51,"column":11}},"51":{"start":{"line":52,"column":0},"end":{"line":52,"column":73}},"53":{"start":{"line":54,"column":0},"end":{"line":54,"column":41}},"54":{"start":{"line":55,"column":0},"end":{"line":55,"column":26}},"55":{"start":{"line":56,"column":0},"end":{"line":56,"column":28}},"56":{"start":{"line":57,"column":0},"end":{"line":57,"column":9}},"57":{"start":{"line":58,"column":0},"end":{"line":58,"column":21}},"59":{"start":{"line":60,"column":0},"end":{"line":60,"column":56}},"60":{"start":{"line":61,"column":0},"end":{"line":61,"column":39}},"61":{"start":{"line":62,"column":0},"end":{"line":62,"column":17}},"62":{"start":{"line":63,"column":0},"end":{"line":63,"column":9}},"63":{"start":{"line":64,"column":0},"end":{"line":64,"column":41}},"64":{"start":{"line":65,"column":0},"end":{"line":65,"column":72}},"65":{"start":{"line":66,"column":0},"end":{"line":66,"column":26}},"66":{"start":{"line":67,"column":0},"end":{"line":67,"column":28}},"67":{"start":{"line":68,"column":0},"end":{"line":68,"column":9}},"68":{"start":{"line":69,"column":0},"end":{"line":69,"column":7}},"69":{"start":{"line":70,"column":0},"end":{"line":70,"column":6}},"71":{"start":{"line":72,"column":0},"end":{"line":72,"column":15}},"74":{"start":{"line":75,"column":0},"end":{"line":75,"column":18}},"75":{"start":{"line":76,"column":0},"end":{"line":76,"column":25}},"76":{"start":{"line":77,"column":0},"end":{"line":77,"column":6}},"78":{"start":{"line":79,"column":0},"end":{"line":79,"column":27}},"80":{"start":{"line":81,"column":0},"end":{"line":81,"column":36}},"81":{"start":{"line":82,"column":0},"end":{"line":82,"column":1}}},"s":{"0":0,"20":0,"21":0,"23":0,"28":0,"29":0,"30":0,"31":0,"33":0,"35":0,"36":0,"37":0,"38":0,"39":0,"40":0,"42":0,"45":0,"46":0,"47":0,"49":0,"50":0,"51":0,"53":0,"54":0,"55":0,"56":0,"57":0,"59":0,"60":0,"61":0,"62":0,"63":0,"64":0,"65":0,"66":0,"67":0,"68":0,"69":0,"71":0,"74":0,"75":0,"76":0,"78":0,"80":0,"81":0},"branchMap":{"0":{"type":"branch","line":1,"loc":{"start":{"line":1,"column":2106},"end":{"line":82,"column":1}},"locations":[{"start":{"line":1,"column":2106},"end":{"line":82,"column":1}}]}},"b":{"0":[0]},"fnMap":{"0":{"name":"(empty-report)","decl":{"start":{"line":1,"column":2106},"end":{"line":82,"column":1}},"loc":{"start":{"line":1,"column":2106},"end":{"line":82,"column":1}},"line":1}},"f":{"0":0}}
,"/Users/yuanye/myWork/voice-room/app/web/src/pages/users/useUsersPage.ts": {"path":"/Users/yuanye/myWork/voice-room/app/web/src/pages/users/useUsersPage.ts","all":true,"statementMap":{"0":{"start":{"line":1,"column":0},"end":{"line":1,"column":3}},"39":{"start":{"line":40,"column":0},"end":{"line":40,"column":52}},"40":{"start":{"line":41,"column":0},"end":{"line":41,"column":60}},"43":{"start":{"line":44,"column":0},"end":{"line":44,"column":72}},"44":{"start":{"line":45,"column":0},"end":{"line":45,"column":56}},"45":{"start":{"line":46,"column":0},"end":{"line":46,"column":56}},"46":{"start":{"line":47,"column":0},"end":{"line":47,"column":56}},"47":{"start":{"line":48,"column":0},"end":{"line":48,"column":79}},"48":{"start":{"line":49,"column":0},"end":{"line":49,"column":6}},"50":{"start":{"line":51,"column":0},"end":{"line":51,"column":55}},"51":{"start":{"line":52,"column":0},"end":{"line":52,"column":47}},"52":{"start":{"line":53,"column":0},"end":{"line":53,"column":25}},"53":{"start":{"line":54,"column":0},"end":{"line":54,"column":5}},"55":{"start":{"line":56,"column":0},"end":{"line":56,"column":63}},"56":{"start":{"line":57,"column":0},"end":{"line":57,"column":47}},"57":{"start":{"line":58,"column":0},"end":{"line":58,"column":26}},"58":{"start":{"line":59,"column":0},"end":{"line":59,"column":5}},"60":{"start":{"line":61,"column":0},"end":{"line":61,"column":50}},"61":{"start":{"line":62,"column":0},"end":{"line":62,"column":58}},"62":{"start":{"line":63,"column":0},"end":{"line":63,"column":40}},"63":{"start":{"line":64,"column":0},"end":{"line":64,"column":47}},"64":{"start":{"line":65,"column":0},"end":{"line":65,"column":57}},"67":{"start":{"line":68,"column":0},"end":{"line":68,"column":19}},"68":{"start":{"line":69,"column":0},"end":{"line":69,"column":46}},"69":{"start":{"line":70,"column":0},"end":{"line":70,"column":58}},"70":{"start":{"line":71,"column":0},"end":{"line":71,"column":61}},"71":{"start":{"line":72,"column":0},"end":{"line":72,"column":59}},"72":{"start":{"line":73,"column":0},"end":{"line":73,"column":59}},"73":{"start":{"line":74,"column":0},"end":{"line":74,"column":57}},"74":{"start":{"line":75,"column":0},"end":{"line":75,"column":61}},"75":{"start":{"line":76,"column":0},"end":{"line":76,"column":47}},"77":{"start":{"line":78,"column":0},"end":{"line":78,"column":88}},"80":{"start":{"line":81,"column":0},"end":{"line":81,"column":19}},"81":{"start":{"line":82,"column":0},"end":{"line":82,"column":45}},"83":{"start":{"line":84,"column":0},"end":{"line":84,"column":36}},"84":{"start":{"line":85,"column":0},"end":{"line":85,"column":23}},"85":{"start":{"line":86,"column":0},"end":{"line":86,"column":21}},"86":{"start":{"line":87,"column":0},"end":{"line":87,"column":11}},"87":{"start":{"line":88,"column":0},"end":{"line":88,"column":41}},"88":{"start":{"line":89,"column":0},"end":{"line":89,"column":11}},"89":{"start":{"line":90,"column":0},"end":{"line":90,"column":17}},"90":{"start":{"line":91,"column":0},"end":{"line":91,"column":27}},"91":{"start":{"line":92,"column":0},"end":{"line":92,"column":65}},"92":{"start":{"line":93,"column":0},"end":{"line":93,"column":68}},"93":{"start":{"line":94,"column":0},"end":{"line":94,"column":66}},"94":{"start":{"line":95,"column":0},"end":{"line":95,"column":66}},"95":{"start":{"line":96,"column":0},"end":{"line":96,"column":12}},"96":{"start":{"line":97,"column":0},"end":{"line":97,"column":28}},"97":{"start":{"line":98,"column":0},"end":{"line":98,"column":10}},"98":{"start":{"line":99,"column":0},"end":{"line":99,"column":29}},"99":{"start":{"line":100,"column":0},"end":{"line":100,"column":29}},"100":{"start":{"line":101,"column":0},"end":{"line":101,"column":21}},"101":{"start":{"line":102,"column":0},"end":{"line":102,"column":70}},"102":{"start":{"line":103,"column":0},"end":{"line":103,"column":38}},"103":{"start":{"line":104,"column":0},"end":{"line":104,"column":22}},"104":{"start":{"line":105,"column":0},"end":{"line":105,"column":23}},"105":{"start":{"line":106,"column":0},"end":{"line":106,"column":9}},"106":{"start":{"line":107,"column":0},"end":{"line":107,"column":17}},"107":{"start":{"line":108,"column":0},"end":{"line":108,"column":26}},"108":{"start":{"line":109,"column":0},"end":{"line":109,"column":7}},"109":{"start":{"line":110,"column":0},"end":{"line":110,"column":6}},"111":{"start":{"line":112,"column":0},"end":{"line":112,"column":22}},"113":{"start":{"line":114,"column":0},"end":{"line":114,"column":18}},"114":{"start":{"line":115,"column":0},"end":{"line":115,"column":25}},"115":{"start":{"line":116,"column":0},"end":{"line":116,"column":6}},"118":{"start":{"line":119,"column":0},"end":{"line":119,"column":100}},"121":{"start":{"line":122,"column":0},"end":{"line":122,"column":68}},"122":{"start":{"line":123,"column":0},"end":{"line":123,"column":32}},"123":{"start":{"line":124,"column":0},"end":{"line":124,"column":20}},"124":{"start":{"line":125,"column":0},"end":{"line":125,"column":9}},"127":{"start":{"line":128,"column":0},"end":{"line":128,"column":73}},"128":{"start":{"line":129,"column":0},"end":{"line":129,"column":26}},"129":{"start":{"line":130,"column":0},"end":{"line":130,"column":34}},"130":{"start":{"line":131,"column":0},"end":{"line":131,"column":9}},"133":{"start":{"line":134,"column":0},"end":{"line":134,"column":37}},"134":{"start":{"line":135,"column":0},"end":{"line":135,"column":38}},"135":{"start":{"line":136,"column":0},"end":{"line":136,"column":9}},"137":{"start":{"line":138,"column":0},"end":{"line":138,"column":10}},"138":{"start":{"line":139,"column":0},"end":{"line":139,"column":10}},"139":{"start":{"line":140,"column":0},"end":{"line":140,"column":10}},"140":{"start":{"line":141,"column":0},"end":{"line":141,"column":12}},"141":{"start":{"line":142,"column":0},"end":{"line":142,"column":10}},"142":{"start":{"line":143,"column":0},"end":{"line":143,"column":9}},"143":{"start":{"line":144,"column":0},"end":{"line":144,"column":13}},"144":{"start":{"line":145,"column":0},"end":{"line":145,"column":12}},"145":{"start":{"line":146,"column":0},"end":{"line":146,"column":12}},"146":{"start":{"line":147,"column":0},"end":{"line":147,"column":15}},"147":{"start":{"line":148,"column":0},"end":{"line":148,"column":12}},"148":{"start":{"line":149,"column":0},"end":{"line":149,"column":4}},"149":{"start":{"line":150,"column":0},"end":{"line":150,"column":1}}},"s":{"0":0,"39":0,"40":0,"43":0,"44":0,"45":0,"46":0,"47":0,"48":0,"50":0,"51":0,"52":0,"53":0,"55":0,"56":0,"57":0,"58":0,"60":0,"61":0,"62":0,"63":0,"64":0,"67":0,"68":0,"69":0,"70":0,"71":0,"72":0,"73":0,"74":0,"75":0,"77":0,"80":0,"81":0,"83":0,"84":0,"85":0,"86":0,"87":0,"88":0,"89":0,"90":0,"91":0,"92":0,"93":0,"94":0,"95":0,"96":0,"97":0,"98":0,"99":0,"100":0,"101":0,"102":0,"103":0,"104":0,"105":0,"106":0,"107":0,"108":0,"109":0,"111":0,"113":0,"114":0,"115":0,"118":0,"121":0,"122":0,"123":0,"124":0,"127":0,"128":0,"129":0,"130":0,"133":0,"134":0,"135":0,"137":0,"138":0,"139":0,"140":0,"141":0,"142":0,"143":0,"144":0,"145":0,"146":0,"147":0,"148":0,"149":0},"branchMap":{"0":{"type":"branch","line":1,"loc":{"start":{"line":1,"column":4728},"end":{"line":150,"column":1}},"locations":[{"start":{"line":1,"column":4728},"end":{"line":150,"column":1}}]}},"b":{"0":[0]},"fnMap":{"0":{"name":"(empty-report)","decl":{"start":{"line":1,"column":4728},"end":{"line":150,"column":1}},"loc":{"start":{"line":1,"column":4728},"end":{"line":150,"column":1}},"line":1}},"f":{"0":0}}
,"/Users/yuanye/myWork/voice-room/app/web/src/router/index.tsx": {"path":"/Users/yuanye/myWork/voice-room/app/web/src/router/index.tsx","all":true,"statementMap":{"0":{"start":{"line":1,"column":0},"end":{"line":1,"column":3}},"23":{"start":{"line":24,"column":0},"end":{"line":24,"column":29}},"24":{"start":{"line":25,"column":0},"end":{"line":25,"column":10}},"25":{"start":{"line":26,"column":0},"end":{"line":26,"column":12}},"27":{"start":{"line":28,"column":0},"end":{"line":28,"column":71}},"30":{"start":{"line":31,"column":0},"end":{"line":31,"column":53}},"33":{"start":{"line":34,"column":0},"end":{"line":34,"column":37}},"34":{"start":{"line":35,"column":0},"end":{"line":35,"column":39}},"35":{"start":{"line":36,"column":0},"end":{"line":36,"column":65}},"36":{"start":{"line":37,"column":0},"end":{"line":37,"column":57}},"37":{"start":{"line":38,"column":0},"end":{"line":38,"column":57}},"38":{"start":{"line":39,"column":0},"end":{"line":39,"column":55}},"40":{"start":{"line":41,"column":0},"end":{"line":41,"column":66}},"41":{"start":{"line":42,"column":0},"end":{"line":42,"column":16}},"42":{"start":{"line":43,"column":0},"end":{"line":43,"column":14}},"43":{"start":{"line":44,"column":0},"end":{"line":44,"column":13}},"45":{"start":{"line":46,"column":0},"end":{"line":46,"column":1}}},"s":{"0":0,"23":0,"24":0,"25":0,"27":0,"30":0,"33":0,"34":0,"35":0,"36":0,"37":0,"38":0,"40":0,"41":0,"42":0,"43":0,"45":0},"branchMap":{"0":{"type":"branch","line":1,"loc":{"start":{"line":1,"column":0},"end":{"line":46,"column":-659}},"locations":[{"start":{"line":1,"column":0},"end":{"line":46,"column":-659}}]}},"b":{"0":[0]},"fnMap":{"0":{"name":"(empty-report)","decl":{"start":{"line":1,"column":0},"end":{"line":46,"column":-659}},"loc":{"start":{"line":1,"column":0},"end":{"line":46,"column":-659}},"line":1}},"f":{"0":0}}
,"/Users/yuanye/myWork/voice-room/app/web/src/services/index.ts": {"path":"/Users/yuanye/myWork/voice-room/app/web/src/services/index.ts","all":true,"statementMap":{"0":{"start":{"line":1,"column":0},"end":{"line":1,"column":10}}},"s":{"0":0},"branchMap":{"0":{"type":"branch","line":1,"loc":{"start":{"line":1,"column":10},"end":{"line":1,"column":10}},"locations":[{"start":{"line":1,"column":10},"end":{"line":1,"column":10}}]}},"b":{"0":[0]},"fnMap":{"0":{"name":"(empty-report)","decl":{"start":{"line":1,"column":10},"end":{"line":1,"column":10}},"loc":{"start":{"line":1,"column":10},"end":{"line":1,"column":10}},"line":1}},"f":{"0":0}}
,"/Users/yuanye/myWork/voice-room/app/web/src/stores/useAuthStore.ts": {"path":"/Users/yuanye/myWork/voice-room/app/web/src/stores/useAuthStore.ts","all":true,"statementMap":{"0":{"start":{"line":1,"column":0},"end":{"line":1,"column":3}},"23":{"start":{"line":24,"column":0},"end":{"line":24,"column":44}},"38":{"start":{"line":39,"column":0},"end":{"line":39,"column":74}},"39":{"start":{"line":40,"column":0},"end":{"line":40,"column":7}},"40":{"start":{"line":41,"column":0},"end":{"line":41,"column":35}},"41":{"start":{"line":42,"column":0},"end":{"line":42,"column":40}},"43":{"start":{"line":44,"column":0},"end":{"line":44,"column":66}},"44":{"start":{"line":45,"column":0},"end":{"line":45,"column":85}},"45":{"start":{"line":46,"column":0},"end":{"line":46,"column":30}},"46":{"start":{"line":47,"column":0},"end":{"line":47,"column":55}},"47":{"start":{"line":48,"column":0},"end":{"line":48,"column":11}},"48":{"start":{"line":49,"column":0},"end":{"line":49,"column":16}},"49":{"start":{"line":50,"column":0},"end":{"line":50,"column":3}},"50":{"start":{"line":51,"column":0},"end":{"line":51,"column":1}},"55":{"start":{"line":56,"column":0},"end":{"line":56,"column":54}},"56":{"start":{"line":57,"column":0},"end":{"line":57,"column":27}},"57":{"start":{"line":58,"column":0},"end":{"line":58,"column":42}},"58":{"start":{"line":59,"column":0},"end":{"line":59,"column":29}},"59":{"start":{"line":60,"column":0},"end":{"line":60,"column":29}},"60":{"start":{"line":61,"column":0},"end":{"line":61,"column":44}},"61":{"start":{"line":62,"column":0},"end":{"line":62,"column":45}},"62":{"start":{"line":63,"column":0},"end":{"line":63,"column":1}},"65":{"start":{"line":66,"column":0},"end":{"line":66,"column":59}},"67":{"start":{"line":68,"column":0},"end":{"line":68,"column":62}},"68":{"start":{"line":69,"column":0},"end":{"line":69,"column":22}},"69":{"start":{"line":70,"column":0},"end":{"line":70,"column":14}},"70":{"start":{"line":71,"column":0},"end":{"line":71,"column":46}},"72":{"start":{"line":73,"column":0},"end":{"line":73,"column":56}},"73":{"start":{"line":74,"column":0},"end":{"line":74,"column":58}},"74":{"start":{"line":75,"column":0},"end":{"line":75,"column":54}},"75":{"start":{"line":76,"column":0},"end":{"line":76,"column":9}},"76":{"start":{"line":77,"column":0},"end":{"line":77,"column":24}},"77":{"start":{"line":78,"column":0},"end":{"line":78,"column":24}},"78":{"start":{"line":79,"column":0},"end":{"line":79,"column":48}},"79":{"start":{"line":80,"column":0},"end":{"line":80,"column":7}},"80":{"start":{"line":81,"column":0},"end":{"line":81,"column":4}},"82":{"start":{"line":83,"column":0},"end":{"line":83,"column":17}},"83":{"start":{"line":84,"column":0},"end":{"line":84,"column":45}},"84":{"start":{"line":85,"column":0},"end":{"line":85,"column":62}},"85":{"start":{"line":86,"column":0},"end":{"line":86,"column":4}},"87":{"start":{"line":88,"column":0},"end":{"line":88,"column":20}},"88":{"start":{"line":89,"column":0},"end":{"line":89,"column":28}},"89":{"start":{"line":90,"column":0},"end":{"line":90,"column":41}},"91":{"start":{"line":92,"column":0},"end":{"line":92,"column":25}},"92":{"start":{"line":93,"column":0},"end":{"line":93,"column":21}},"93":{"start":{"line":94,"column":0},"end":{"line":94,"column":5}},"94":{"start":{"line":95,"column":0},"end":{"line":95,"column":17}},"95":{"start":{"line":96,"column":0},"end":{"line":96,"column":4}},"96":{"start":{"line":97,"column":0},"end":{"line":97,"column":4}}},"s":{"0":0,"23":0,"38":0,"39":0,"40":0,"41":0,"43":0,"44":0,"45":0,"46":0,"47":0,"48":0,"49":0,"50":0,"55":0,"56":0,"57":0,"58":0,"59":0,"60":0,"61":0,"62":0,"65":0,"67":0,"68":0,"69":0,"70":0,"72":0,"73":0,"74":0,"75":0,"76":0,"77":0,"78":0,"79":0,"80":0,"82":0,"83":0,"84":0,"85":0,"87":0,"88":0,"89":0,"91":0,"92":0,"93":0,"94":0,"95":0,"96":0},"branchMap":{"0":{"type":"branch","line":1,"loc":{"start":{"line":1,"column":2835},"end":{"line":97,"column":4}},"locations":[{"start":{"line":1,"column":2835},"end":{"line":97,"column":4}}]}},"b":{"0":[0]},"fnMap":{"0":{"name":"(empty-report)","decl":{"start":{"line":1,"column":2835},"end":{"line":97,"column":4}},"loc":{"start":{"line":1,"column":2835},"end":{"line":97,"column":4}},"line":1}},"f":{"0":0}}
}
