<?xml version="1.0" encoding="UTF-8"?>
<coverage generated="1777993586712" clover="3.2.0">
  <project timestamp="1777993586712" name="All files">
    <metrics statements="251" coveredstatements="250" conditionals="150" coveredconditionals="122" methods="34" coveredmethods="34" elements="435" coveredelements="406" complexity="0" loc="251" ncloc="251" packages="1" files="1" classes="1"/>
    <file name="protocol-binding-audit.ts" path="/Users/yuanye/myWork/voice-room/scripts/audit/protocol-binding-audit.ts">
      <metrics statements="251" coveredstatements="250" conditionals="150" coveredconditionals="122" methods="34" coveredmethods="34"/>
      <line num="11" count="1" type="stmt"/>
      <line num="12" count="1" type="stmt"/>
      <line num="13" count="1" type="stmt"/>
      <line num="70" count="1" type="stmt"/>
      <line num="78" count="1" type="stmt"/>
      <line num="102" count="1" type="stmt"/>
      <line num="103" count="22" type="cond" truecount="4" falsecount="0"/>
      <line num="104" count="2" type="stmt"/>
      <line num="108" count="20" type="stmt"/>
      <line num="109" count="20" type="cond" truecount="2" falsecount="0"/>
      <line num="110" count="1" type="stmt"/>
      <line num="114" count="19" type="cond" truecount="2" falsecount="0"/>
      <line num="115" count="7" type="stmt"/>
      <line num="119" count="12" type="stmt"/>
      <line num="120" count="12" type="cond" truecount="2" falsecount="0"/>
      <line num="121" count="9" type="stmt"/>
      <line num="125" count="3" type="stmt"/>
      <line num="126" count="3" type="stmt"/>
      <line num="135" count="20" type="stmt"/>
      <line num="138" count="20" type="stmt"/>
      <line num="139" count="20" type="stmt"/>
      <line num="140" count="20" type="stmt"/>
      <line num="142" count="20" type="stmt"/>
      <line num="143" count="197" type="stmt"/>
      <line num="145" count="197" type="stmt"/>
      <line num="146" count="197" type="cond" truecount="2" falsecount="0"/>
      <line num="147" count="17" type="stmt"/>
      <line num="148" count="17" type="stmt"/>
      <line num="149" count="17" type="stmt"/>
      <line num="152" count="180" type="cond" truecount="4" falsecount="0"/>
      <line num="153" count="2" type="stmt"/>
      <line num="154" count="2" type="stmt"/>
      <line num="159" count="20" type="cond" truecount="2" falsecount="0"/>
      <line num="160" count="2" type="stmt"/>
      <line num="161" count="17" type="stmt"/>
      <line num="162" count="17" type="cond" truecount="2" falsecount="0"/>
      <line num="163" count="1" type="stmt"/>
      <line num="164" count="1" type="cond" truecount="1" falsecount="1"/>
      <line num="165" count="1" type="stmt"/>
      <line num="170" count="20" type="cond" truecount="2" falsecount="0"/>
      <line num="171" count="1" type="stmt"/>
      <line num="175" count="19" type="stmt"/>
      <line num="176" count="19" type="cond" truecount="2" falsecount="0"/>
      <line num="177" count="18" type="stmt"/>
      <line num="178" count="249" type="stmt"/>
      <line num="179" count="249" type="cond" truecount="4" falsecount="0"/>
      <line num="180" count="3" type="stmt"/>
      <line num="181" count="3" type="stmt"/>
      <line num="186" count="1" type="stmt"/>
      <line num="189" count="19" type="stmt"/>
      <line num="196" count="64" type="stmt"/>
      <line num="203" count="12" type="stmt"/>
      <line num="204" count="12" type="stmt"/>
      <line num="207" count="12" type="stmt"/>
      <line num="208" count="12" type="stmt"/>
      <line num="209" count="120" type="stmt"/>
      <line num="211" count="120" type="cond" truecount="5" falsecount="0"/>
      <line num="212" count="9" type="stmt"/>
      <line num="213" count="9" type="stmt"/>
      <line num="216" count="111" type="cond" truecount="5" falsecount="1"/>
      <line num="218" count="1" type="cond" truecount="3" falsecount="1"/>
      <line num="219" count="1" type="stmt"/>
      <line num="220" count="1" type="stmt"/>
      <line num="225" count="12" type="cond" truecount="2" falsecount="0"/>
      <line num="226" count="2" type="stmt"/>
      <line num="230" count="10" type="stmt"/>
      <line num="232" count="10" type="cond" truecount="1" falsecount="1"/>
      <line num="236" count="10" type="stmt"/>
      <line num="240" count="10" type="stmt"/>
      <line num="241" count="25" type="stmt"/>
      <line num="242" count="25" type="cond" truecount="2" falsecount="0"/>
      <line num="243" count="15" type="cond" truecount="1" falsecount="1"/>
      <line num="245" count="15" type="stmt"/>
      <line num="246" count="15" type="cond" truecount="1" falsecount="1"/>
      <line num="248" count="15" type="stmt"/>
      <line num="249" count="15" type="cond" truecount="2" falsecount="0"/>
      <line num="250" count="14" type="stmt"/>
      <line num="254" count="10" type="stmt"/>
      <line num="263" count="15" type="stmt"/>
      <line num="265" count="105" type="stmt"/>
      <line num="266" count="15" type="stmt"/>
      <line num="274" count="16" type="cond" truecount="1" falsecount="1"/>
      <line num="277" count="16" type="stmt"/>
      <line num="278" count="16" type="stmt"/>
      <line num="279" count="16" type="cond" truecount="2" falsecount="0"/>
      <line num="282" count="15" type="stmt"/>
      <line num="283" count="15" type="cond" truecount="1" falsecount="1"/>
      <line num="286" count="15" type="stmt"/>
      <line num="287" count="15" type="stmt"/>
      <line num="288" count="15" type="stmt"/>
      <line num="291" count="15" type="stmt"/>
      <line num="292" count="15" type="stmt"/>
      <line num="295" count="15" type="stmt"/>
      <line num="296" count="15" type="stmt"/>
      <line num="298" count="15" type="cond" truecount="2" falsecount="2"/>
      <line num="301" count="15" type="cond" truecount="1" falsecount="3"/>
      <line num="303" count="15" type="stmt"/>
      <line num="325" count="30" type="cond" truecount="2" falsecount="0"/>
      <line num="328" count="25" type="stmt"/>
      <line num="329" count="123" type="cond" truecount="2" falsecount="0"/>
      <line num="330" count="1" type="stmt"/>
      <line num="335" count="24" type="stmt"/>
      <line num="336" count="24" type="cond" truecount="2" falsecount="0"/>
      <line num="337" count="19" type="stmt"/>
      <line num="344" count="5" type="stmt"/>
      <line num="345" count="5" type="cond" truecount="2" falsecount="0"/>
      <line num="346" count="1" type="stmt"/>
      <line num="353" count="4" type="cond" truecount="2" falsecount="0"/>
      <line num="354" count="4" type="cond" truecount="2" falsecount="0"/>
      <line num="355" count="1" type="stmt"/>
      <line num="361" count="3" type="stmt"/>
      <line num="376" count="15" type="stmt"/>
      <line num="383" count="91" type="stmt"/>
      <line num="401" count="3" type="stmt"/>
      <line num="402" count="3" type="stmt"/>
      <line num="403" count="3" type="stmt"/>
      <line num="405" count="3" type="stmt"/>
      <line num="406" count="3" type="stmt"/>
      <line num="407" count="3" type="cond" truecount="2" falsecount="0"/>
      <line num="409" count="1" type="stmt"/>
      <line num="410" count="1" type="stmt"/>
      <line num="411" count="1" type="cond" truecount="3" falsecount="1"/>
      <line num="414" count="1" type="stmt"/>
      <line num="415" count="1" type="stmt"/>
      <line num="416" count="1" type="stmt"/>
      <line num="418" count="1" type="stmt"/>
      <line num="419" count="1" type="stmt"/>
      <line num="420" count="7" type="stmt"/>
      <line num="423" count="1" type="cond" truecount="1" falsecount="1"/>
      <line num="425" count="1" type="stmt"/>
      <line num="426" count="1" type="cond" truecount="1" falsecount="1"/>
      <line num="427" count="1" type="stmt"/>
      <line num="432" count="1" type="stmt"/>
      <line num="439" count="7" type="stmt"/>
      <line num="460" count="1" type="stmt"/>
      <line num="465" count="5" type="stmt"/>
      <line num="467" count="5" type="stmt"/>
      <line num="469" count="4" type="stmt"/>
      <line num="471" count="4" type="cond" truecount="2" falsecount="0"/>
      <line num="472" count="1" type="stmt"/>
      <line num="483" count="4" type="stmt"/>
      <line num="484" count="4" type="cond" truecount="2" falsecount="0"/>
      <line num="485" count="3" type="stmt"/>
      <line num="487" count="3" type="cond" truecount="1" falsecount="1"/>
      <line num="488" count="3" type="stmt"/>
      <line num="497" count="3" type="cond" truecount="2" falsecount="0"/>
      <line num="498" count="2" type="stmt"/>
      <line num="503" count="3" type="stmt"/>
      <line num="508" count="5" type="stmt"/>
      <line num="520" count="7" type="cond" truecount="2" falsecount="2"/>
      <line num="522" count="7" type="stmt"/>
      <line num="523" count="3" type="cond" truecount="2" falsecount="2"/>
      <line num="524" count="3" type="cond" truecount="2" falsecount="3"/>
      <line num="526" count="3" type="cond" truecount="1" falsecount="1"/>
      <line num="537" count="1" type="stmt"/>
      <line num="538" count="6" type="stmt"/>
      <line num="539" count="6" type="stmt"/>
      <line num="540" count="6" type="stmt"/>
      <line num="542" count="5" type="stmt"/>
      <line num="556" count="1" type="stmt"/>
      <line num="557" count="8" type="stmt"/>
      <line num="574" count="8" type="stmt"/>
      <line num="575" count="8" type="stmt"/>
      <line num="576" count="8" type="cond" truecount="2" falsecount="0"/>
      <line num="577" count="6" type="stmt"/>
      <line num="579" count="2" type="stmt"/>
      <line num="580" count="2" type="cond" truecount="1" falsecount="1"/>
      <line num="583" count="2" type="cond" truecount="2" falsecount="0"/>
      <line num="586" count="2" type="stmt"/>
      <line num="589" count="8" type="stmt"/>
      <line num="592" count="8" type="stmt"/>
      <line num="593" count="8" type="stmt"/>
      <line num="594" count="8" type="cond" truecount="2" falsecount="0"/>
      <line num="595" count="7" type="stmt"/>
      <line num="597" count="1" type="stmt"/>
      <line num="598" count="1" type="stmt"/>
      <line num="601" count="8" type="stmt"/>
      <line num="604" count="8" type="stmt"/>
      <line num="605" count="8" type="stmt"/>
      <line num="606" count="8" type="stmt"/>
      <line num="607" count="8" type="stmt"/>
      <line num="608" count="8" type="stmt"/>
      <line num="609" count="3" type="stmt"/>
      <line num="610" count="3" type="cond" truecount="3" falsecount="1"/>
      <line num="613" count="8" type="stmt"/>
      <line num="623" count="1" type="stmt"/>
      <line num="624" count="10" type="stmt"/>
      <line num="625" count="9" type="stmt"/>
      <line num="627" count="9" type="stmt"/>
      <line num="629" count="9" type="stmt"/>
      <line num="630" count="9" type="stmt"/>
      <line num="631" count="9" type="stmt"/>
      <line num="633" count="0" type="stmt"/>
      <line num="641" count="1" type="stmt"/>
      <line num="642" count="13" type="stmt"/>
      <line num="643" count="13" type="stmt"/>
      <line num="644" count="213" type="stmt"/>
      <line num="645" count="213" type="cond" truecount="2" falsecount="0"/>
      <line num="646" count="199" type="stmt"/>
      <line num="653" count="13" type="stmt"/>
      <line num="659" count="1" type="stmt"/>
      <line num="660" count="2" type="stmt"/>
      <line num="662" count="2" type="stmt"/>
      <line num="663" count="2" type="cond" truecount="2" falsecount="0"/>
      <line num="665" count="1" type="stmt"/>
      <line num="668" count="1" type="stmt"/>
      <line num="677" count="1" type="stmt"/>
      <line num="685" count="1" type="stmt"/>
      <line num="691" count="1" type="stmt"/>
      <line num="692" count="2" type="stmt"/>
      <line num="695" count="2" type="stmt"/>
      <line num="696" count="2" type="cond" truecount="2" falsecount="0"/>
      <line num="697" count="1" type="stmt"/>
      <line num="705" count="1" type="stmt"/>
      <line num="715" count="2" type="stmt"/>
      <line num="716" count="2" type="cond" truecount="2" falsecount="0"/>
      <line num="717" count="1" type="stmt"/>
      <line num="726" count="2" type="stmt"/>
      <line num="732" count="1" type="stmt"/>
      <line num="733" count="6" type="stmt"/>
      <line num="734" count="6" type="stmt"/>
      <line num="735" count="126" type="stmt"/>
      <line num="736" count="126" type="cond" truecount="2" falsecount="0"/>
      <line num="737" count="125" type="stmt"/>
      <line num="738" count="125" type="stmt"/>
      <line num="749" count="1" type="stmt"/>
      <line num="750" count="3" type="stmt"/>
      <line num="751" count="3" type="cond" truecount="2" falsecount="0"/>
      <line num="753" count="2" type="stmt"/>
      <line num="754" count="2" type="stmt"/>
      <line num="755" count="288" type="stmt"/>
      <line num="756" count="288" type="cond" truecount="4" falsecount="0"/>
      <line num="757" count="286" type="stmt"/>
      <line num="761" count="2" type="stmt"/>
      <line num="768" count="12" type="stmt"/>
      <line num="769" count="12" type="stmt"/>
      <line num="770" count="298" type="stmt"/>
      <line num="771" count="298" type="cond" truecount="2" falsecount="0"/>
      <line num="772" count="10" type="stmt"/>
      <line num="773" count="288" type="cond" truecount="1" falsecount="1"/>
      <line num="774" count="288" type="stmt"/>
      <line num="786" count="1" type="stmt"/>
      <line num="791" count="2" type="stmt"/>
      <line num="792" count="2" type="stmt"/>
      <line num="795" count="2" type="stmt"/>
      <line num="796" count="2" type="stmt"/>
      <line num="799" count="2" type="stmt"/>
      <line num="800" count="2" type="stmt"/>
      <line num="802" count="2" type="stmt"/>
      <line num="803" count="2" type="stmt"/>
      <line num="823" count="1" type="stmt"/>
    </file>
  </project>
</coverage>
