<?xml version="1.0" encoding="UTF-8"?>
<coverage generated="1778030453296" clover="3.2.0">
  <project timestamp="1778030453296" name="All files">
    <metrics statements="251" coveredstatements="250" conditionals="150" coveredconditionals="122" methods="34" coveredmethods="34" elements="435" coveredelements="406" complexity="0" loc="251" ncloc="251" packages="1" files="1" classes="1"/>
    <file name="protocol-binding-audit.ts" path="/Users/yuanye/myWork/voice-room/scripts/audit/protocol-binding-audit.ts">
      <metrics statements="251" coveredstatements="250" conditionals="150" coveredconditionals="122" methods="34" coveredmethods="34"/>
      <line num="11" count="1" type="stmt"/>
      <line num="12" count="1" type="stmt"/>
      <line num="13" count="1" type="stmt"/>
      <line num="70" count="1" type="stmt"/>
      <line num="80" count="1" type="stmt"/>
      <line num="104" count="1" type="stmt"/>
      <line num="105" count="22" type="cond" truecount="4" falsecount="0"/>
      <line num="106" count="2" type="stmt"/>
      <line num="110" count="20" type="stmt"/>
      <line num="111" count="20" type="cond" truecount="2" falsecount="0"/>
      <line num="112" count="1" type="stmt"/>
      <line num="116" count="19" type="cond" truecount="2" falsecount="0"/>
      <line num="117" count="7" type="stmt"/>
      <line num="121" count="12" type="stmt"/>
      <line num="122" count="12" type="cond" truecount="2" falsecount="0"/>
      <line num="123" count="9" type="stmt"/>
      <line num="127" count="3" type="stmt"/>
      <line num="128" count="3" type="stmt"/>
      <line num="137" count="20" type="stmt"/>
      <line num="140" count="20" type="stmt"/>
      <line num="141" count="20" type="stmt"/>
      <line num="142" count="20" type="stmt"/>
      <line num="144" count="20" type="stmt"/>
      <line num="145" count="197" type="stmt"/>
      <line num="147" count="197" type="stmt"/>
      <line num="148" count="197" type="cond" truecount="2" falsecount="0"/>
      <line num="149" count="17" type="stmt"/>
      <line num="150" count="17" type="stmt"/>
      <line num="151" count="17" type="stmt"/>
      <line num="154" count="180" type="cond" truecount="4" falsecount="0"/>
      <line num="155" count="2" type="stmt"/>
      <line num="156" count="2" type="stmt"/>
      <line num="161" count="20" type="cond" truecount="2" falsecount="0"/>
      <line num="162" count="2" type="stmt"/>
      <line num="163" count="17" type="stmt"/>
      <line num="164" count="17" type="cond" truecount="2" falsecount="0"/>
      <line num="165" count="1" type="stmt"/>
      <line num="166" count="1" type="cond" truecount="1" falsecount="1"/>
      <line num="167" count="1" type="stmt"/>
      <line num="172" count="20" type="cond" truecount="2" falsecount="0"/>
      <line num="173" count="1" type="stmt"/>
      <line num="177" count="19" type="stmt"/>
      <line num="178" count="19" type="cond" truecount="2" falsecount="0"/>
      <line num="179" count="18" type="stmt"/>
      <line num="180" count="249" type="stmt"/>
      <line num="181" count="249" type="cond" truecount="4" falsecount="0"/>
      <line num="182" count="3" type="stmt"/>
      <line num="183" count="3" type="stmt"/>
      <line num="188" count="1" type="stmt"/>
      <line num="191" count="19" type="stmt"/>
      <line num="198" count="88" type="stmt"/>
      <line num="205" count="12" type="stmt"/>
      <line num="206" count="12" type="stmt"/>
      <line num="209" count="12" type="stmt"/>
      <line num="210" count="12" type="stmt"/>
      <line num="211" count="120" type="stmt"/>
      <line num="213" count="120" type="cond" truecount="5" falsecount="0"/>
      <line num="214" count="9" type="stmt"/>
      <line num="215" count="9" type="stmt"/>
      <line num="218" count="111" type="cond" truecount="5" falsecount="1"/>
      <line num="220" count="1" type="cond" truecount="3" falsecount="1"/>
      <line num="221" count="1" type="stmt"/>
      <line num="222" count="1" type="stmt"/>
      <line num="227" count="12" type="cond" truecount="2" falsecount="0"/>
      <line num="228" count="2" type="stmt"/>
      <line num="232" count="10" type="stmt"/>
      <line num="234" count="10" type="cond" truecount="1" falsecount="1"/>
      <line num="238" count="10" type="stmt"/>
      <line num="242" count="10" type="stmt"/>
      <line num="243" count="25" type="stmt"/>
      <line num="244" count="25" type="cond" truecount="2" falsecount="0"/>
      <line num="245" count="15" type="cond" truecount="1" falsecount="1"/>
      <line num="247" count="15" type="stmt"/>
      <line num="248" count="15" type="cond" truecount="1" falsecount="1"/>
      <line num="250" count="15" type="stmt"/>
      <line num="251" count="15" type="cond" truecount="2" falsecount="0"/>
      <line num="252" count="14" type="stmt"/>
      <line num="256" count="10" type="stmt"/>
      <line num="265" count="15" type="stmt"/>
      <line num="267" count="105" type="stmt"/>
      <line num="268" count="15" type="stmt"/>
      <line num="276" count="16" type="cond" truecount="1" falsecount="1"/>
      <line num="279" count="16" type="stmt"/>
      <line num="280" count="16" type="stmt"/>
      <line num="281" count="16" type="cond" truecount="2" falsecount="0"/>
      <line num="284" count="15" type="stmt"/>
      <line num="285" count="15" type="cond" truecount="1" falsecount="1"/>
      <line num="288" count="15" type="stmt"/>
      <line num="289" count="15" type="stmt"/>
      <line num="290" count="15" type="stmt"/>
      <line num="293" count="15" type="stmt"/>
      <line num="294" count="15" type="stmt"/>
      <line num="297" count="15" type="stmt"/>
      <line num="298" count="15" type="stmt"/>
      <line num="300" count="15" type="cond" truecount="2" falsecount="2"/>
      <line num="303" count="15" type="cond" truecount="1" falsecount="3"/>
      <line num="305" count="15" type="stmt"/>
      <line num="327" count="30" type="cond" truecount="2" falsecount="0"/>
      <line num="330" count="25" type="stmt"/>
      <line num="331" count="123" type="cond" truecount="2" falsecount="0"/>
      <line num="332" count="1" type="stmt"/>
      <line num="337" count="24" type="stmt"/>
      <line num="338" count="24" type="cond" truecount="2" falsecount="0"/>
      <line num="339" count="19" type="stmt"/>
      <line num="346" count="5" type="stmt"/>
      <line num="347" count="5" type="cond" truecount="2" falsecount="0"/>
      <line num="348" count="1" type="stmt"/>
      <line num="355" count="4" type="cond" truecount="2" falsecount="0"/>
      <line num="356" count="4" type="cond" truecount="2" falsecount="0"/>
      <line num="357" count="1" type="stmt"/>
      <line num="363" count="3" type="stmt"/>
      <line num="378" count="15" type="stmt"/>
      <line num="385" count="91" type="stmt"/>
      <line num="403" count="3" type="stmt"/>
      <line num="404" count="3" type="stmt"/>
      <line num="405" count="3" type="stmt"/>
      <line num="407" count="3" type="stmt"/>
      <line num="408" count="3" type="stmt"/>
      <line num="409" count="3" type="cond" truecount="2" falsecount="0"/>
      <line num="411" count="1" type="stmt"/>
      <line num="412" count="1" type="stmt"/>
      <line num="413" count="1" type="cond" truecount="3" falsecount="1"/>
      <line num="416" count="1" type="stmt"/>
      <line num="417" count="1" type="stmt"/>
      <line num="418" count="1" type="stmt"/>
      <line num="420" count="1" type="stmt"/>
      <line num="421" count="1" type="stmt"/>
      <line num="422" count="7" type="stmt"/>
      <line num="425" count="1" type="cond" truecount="1" falsecount="1"/>
      <line num="427" count="1" type="stmt"/>
      <line num="428" count="1" type="cond" truecount="1" falsecount="1"/>
      <line num="429" count="1" type="stmt"/>
      <line num="434" count="1" type="stmt"/>
      <line num="441" count="7" type="stmt"/>
      <line num="462" count="1" type="stmt"/>
      <line num="467" count="5" type="stmt"/>
      <line num="469" count="5" type="stmt"/>
      <line num="471" count="4" type="stmt"/>
      <line num="473" count="4" type="cond" truecount="2" falsecount="0"/>
      <line num="474" count="1" type="stmt"/>
      <line num="485" count="4" type="stmt"/>
      <line num="486" count="4" type="cond" truecount="2" falsecount="0"/>
      <line num="487" count="3" type="stmt"/>
      <line num="489" count="3" type="cond" truecount="1" falsecount="1"/>
      <line num="490" count="3" type="stmt"/>
      <line num="499" count="3" type="cond" truecount="2" falsecount="0"/>
      <line num="500" count="2" type="stmt"/>
      <line num="505" count="3" type="stmt"/>
      <line num="510" count="5" type="stmt"/>
      <line num="522" count="7" type="cond" truecount="2" falsecount="2"/>
      <line num="524" count="7" type="stmt"/>
      <line num="525" count="3" type="cond" truecount="2" falsecount="2"/>
      <line num="526" count="3" type="cond" truecount="2" falsecount="3"/>
      <line num="528" count="3" type="cond" truecount="1" falsecount="1"/>
      <line num="539" count="1" type="stmt"/>
      <line num="540" count="6" type="stmt"/>
      <line num="541" count="6" type="stmt"/>
      <line num="542" count="6" type="stmt"/>
      <line num="544" count="5" type="stmt"/>
      <line num="558" count="1" type="stmt"/>
      <line num="559" count="8" type="stmt"/>
      <line num="576" count="8" type="stmt"/>
      <line num="577" count="8" type="stmt"/>
      <line num="578" count="8" type="cond" truecount="2" falsecount="0"/>
      <line num="579" count="6" type="stmt"/>
      <line num="581" count="2" type="stmt"/>
      <line num="582" count="2" type="cond" truecount="1" falsecount="1"/>
      <line num="585" count="2" type="cond" truecount="2" falsecount="0"/>
      <line num="588" count="2" type="stmt"/>
      <line num="591" count="8" type="stmt"/>
      <line num="594" count="8" type="stmt"/>
      <line num="595" count="8" type="stmt"/>
      <line num="596" count="8" type="cond" truecount="2" falsecount="0"/>
      <line num="597" count="7" type="stmt"/>
      <line num="599" count="1" type="stmt"/>
      <line num="600" count="1" type="stmt"/>
      <line num="603" count="8" type="stmt"/>
      <line num="606" count="8" type="stmt"/>
      <line num="607" count="8" type="stmt"/>
      <line num="608" count="8" type="stmt"/>
      <line num="609" count="8" type="stmt"/>
      <line num="610" count="8" type="stmt"/>
      <line num="611" count="3" type="stmt"/>
      <line num="612" count="3" type="cond" truecount="3" falsecount="1"/>
      <line num="615" count="8" type="stmt"/>
      <line num="625" count="1" type="stmt"/>
      <line num="626" count="10" type="stmt"/>
      <line num="627" count="9" type="stmt"/>
      <line num="629" count="9" type="stmt"/>
      <line num="631" count="9" type="stmt"/>
      <line num="632" count="9" type="stmt"/>
      <line num="633" count="9" type="stmt"/>
      <line num="635" count="0" type="stmt"/>
      <line num="643" count="1" type="stmt"/>
      <line num="644" count="13" type="stmt"/>
      <line num="645" count="13" type="stmt"/>
      <line num="646" count="282" type="stmt"/>
      <line num="647" count="282" type="cond" truecount="2" falsecount="0"/>
      <line num="648" count="268" type="stmt"/>
      <line num="655" count="13" type="stmt"/>
      <line num="661" count="1" type="stmt"/>
      <line num="662" count="2" type="stmt"/>
      <line num="664" count="2" type="stmt"/>
      <line num="665" count="2" type="cond" truecount="2" falsecount="0"/>
      <line num="667" count="1" type="stmt"/>
      <line num="670" count="1" type="stmt"/>
      <line num="679" count="1" type="stmt"/>
      <line num="687" count="1" type="stmt"/>
      <line num="693" count="1" type="stmt"/>
      <line num="694" count="2" type="stmt"/>
      <line num="697" count="2" type="stmt"/>
      <line num="698" count="2" type="cond" truecount="2" falsecount="0"/>
      <line num="699" count="1" type="stmt"/>
      <line num="707" count="1" type="stmt"/>
      <line num="717" count="2" type="stmt"/>
      <line num="718" count="2" type="cond" truecount="2" falsecount="0"/>
      <line num="719" count="1" type="stmt"/>
      <line num="728" count="2" type="stmt"/>
      <line num="734" count="1" type="stmt"/>
      <line num="735" count="6" type="stmt"/>
      <line num="736" count="6" type="stmt"/>
      <line num="737" count="155" type="stmt"/>
      <line num="738" count="155" type="cond" truecount="2" falsecount="0"/>
      <line num="739" count="154" type="stmt"/>
      <line num="740" count="154" type="stmt"/>
      <line num="751" count="1" type="stmt"/>
      <line num="752" count="3" type="stmt"/>
      <line num="753" count="3" type="cond" truecount="2" falsecount="0"/>
      <line num="755" count="2" type="stmt"/>
      <line num="756" count="2" type="stmt"/>
      <line num="757" count="310" type="stmt"/>
      <line num="758" count="310" type="cond" truecount="4" falsecount="0"/>
      <line num="759" count="308" type="stmt"/>
      <line num="763" count="2" type="stmt"/>
      <line num="770" count="12" type="stmt"/>
      <line num="771" count="12" type="stmt"/>
      <line num="772" count="320" type="stmt"/>
      <line num="773" count="320" type="cond" truecount="2" falsecount="0"/>
      <line num="774" count="10" type="stmt"/>
      <line num="775" count="310" type="cond" truecount="1" falsecount="1"/>
      <line num="776" count="310" type="stmt"/>
      <line num="788" count="1" type="stmt"/>
      <line num="793" count="2" type="stmt"/>
      <line num="794" count="2" type="stmt"/>
      <line num="797" count="2" type="stmt"/>
      <line num="798" count="2" type="stmt"/>
      <line num="801" count="2" type="stmt"/>
      <line num="802" count="2" type="stmt"/>
      <line num="804" count="2" type="stmt"/>
      <line num="805" count="2" type="stmt"/>
      <line num="825" count="1" type="stmt"/>
    </file>
  </project>
</coverage>
