{"/Users/yuanye/myWork/voice-room/scripts/audit/protocol-binding-audit.ts": {"path":"/Users/yuanye/myWork/voice-room/scripts/audit/protocol-binding-audit.ts","statementMap":{"0":{"start":{"line":104,"column":0},"end":{"line":104,"column":16}},"1":{"start":{"line":462,"column":0},"end":{"line":462,"column":16}},"2":{"start":{"line":539,"column":0},"end":{"line":539,"column":16}},"3":{"start":{"line":558,"column":0},"end":{"line":558,"column":16}},"4":{"start":{"line":625,"column":0},"end":{"line":625,"column":16}},"5":{"start":{"line":643,"column":0},"end":{"line":643,"column":16}},"6":{"start":{"line":661,"column":0},"end":{"line":661,"column":16}},"7":{"start":{"line":693,"column":0},"end":{"line":693,"column":16}},"8":{"start":{"line":734,"column":0},"end":{"line":734,"column":16}},"9":{"start":{"line":751,"column":0},"end":{"line":751,"column":16}},"10":{"start":{"line":788,"column":0},"end":{"line":788,"column":16}},"11":{"start":{"line":825,"column":0},"end":{"line":825,"column":7}},"12":{"start":{"line":11,"column":0},"end":{"line":11,"column":30}},"13":{"start":{"line":12,"column":0},"end":{"line":12,"column":34}},"14":{"start":{"line":13,"column":0},"end":{"line":13,"column":46}},"15":{"start":{"line":70,"column":30},"end":{"line":77,"column":2}},"16":{"start":{"line":80,"column":26},"end":{"line":86,"column":2}},"17":{"start":{"line":105,"column":2},"end":{"line":107,"column":3}},"18":{"start":{"line":106,"column":4},"end":{"line":106,"column":14}},"19":{"start":{"line":110,"column":18},"end":{"line":110,"column":51}},"20":{"start":{"line":111,"column":2},"end":{"line":113,"column":3}},"21":{"start":{"line":112,"column":4},"end":{"line":112,"column":14}},"22":{"start":{"line":116,"column":2},"end":{"line":118,"column":3}},"23":{"start":{"line":117,"column":4},"end":{"line":117,"column":14}},"24":{"start":{"line":121,"column":21},"end":{"line":121,"column":61}},"25":{"start":{"line":122,"column":2},"end":{"line":124,"column":3}},"26":{"start":{"line":123,"column":4},"end":{"line":123,"column":22}},"27":{"start":{"line":127,"column":23},"end":{"line":127,"column":59}},"28":{"start":{"line":128,"column":2},"end":{"line":128,"column":22}},"29":{"start":{"line":137,"column":30},"end":{"line":137,"column":39}},"30":{"start":{"line":140,"column":16},"end":{"line":140,"column":35}},"31":{"start":{"line":141,"column":17},"end":{"line":141,"column":19}},"32":{"start":{"line":142,"column":26},"end":{"line":142,"column":27}},"33":{"start":{"line":144,"column":2},"end":{"line":158,"column":3}},"34":{"start":{"line":144,"column":15},"end":{"line":144,"column":16}},"35":{"start":{"line":145,"column":17},"end":{"line":145,"column":25}},"36":{"start":{"line":147,"column":25},"end":{"line":147,"column":59}},"37":{"start":{"line":148,"column":4},"end":{"line":152,"column":5}},"38":{"start":{"line":149,"column":6},"end":{"line":149,"column":19}},"39":{"start":{"line":150,"column":6},"end":{"line":150,"column":49}},"40":{"start":{"line":151,"column":6},"end":{"line":151,"column":12}},"41":{"start":{"line":154,"column":4},"end":{"line":157,"column":5}},"42":{"start":{"line":155,"column":6},"end":{"line":155,"column":19}},"43":{"start":{"line":156,"column":6},"end":{"line":156,"column":28}},"44":{"start":{"line":161,"column":2},"end":{"line":170,"column":3}},"45":{"start":{"line":162,"column":4},"end":{"line":169,"column":5}},"46":{"start":{"line":162,"column":17},"end":{"line":162,"column":18}},"47":{"start":{"line":163,"column":19},"end":{"line":163,"column":27}},"48":{"start":{"line":164,"column":6},"end":{"line":168,"column":7}},"49":{"start":{"line":165,"column":8},"end":{"line":165,"column":21}},"50":{"start":{"line":166,"column":8},"end":{"line":166,"column":78}},"51":{"start":{"line":167,"column":8},"end":{"line":167,"column":14}},"52":{"start":{"line":172,"column":2},"end":{"line":174,"column":3}},"53":{"start":{"line":173,"column":4},"end":{"line":173,"column":16}},"54":{"start":{"line":177,"column":15},"end":{"line":177,"column":27}},"55":{"start":{"line":178,"column":2},"end":{"line":189,"column":3}},"56":{"start":{"line":179,"column":4},"end":{"line":185,"column":5}},"57":{"start":{"line":179,"column":17},"end":{"line":179,"column":29}},"58":{"start":{"line":180,"column":27},"end":{"line":180,"column":56}},"59":{"start":{"line":181,"column":6},"end":{"line":184,"column":7}},"60":{"start":{"line":182,"column":8},"end":{"line":182,"column":19}},"61":{"start":{"line":183,"column":8},"end":{"line":183,"column":14}},"62":{"start":{"line":188,"column":4},"end":{"line":188,"column":52}},"63":{"start":{"line":191,"column":2},"end":{"line":191,"column":50}},"64":{"start":{"line":198,"column":2},"end":{"line":198,"column":62}},"65":{"start":{"line":198,"column":39},"end":{"line":198,"column":60}},"66":{"start":{"line":205,"column":16},"end":{"line":205,"column":35}},"67":{"start":{"line":206,"column":38},"end":{"line":206,"column":40}},"68":{"start":{"line":209,"column":22},"end":{"line":209,"column":24}},"69":{"start":{"line":210,"column":2},"end":{"line":225,"column":3}},"70":{"start":{"line":210,"column":15},"end":{"line":210,"column":16}},"71":{"start":{"line":211,"column":17},"end":{"line":211,"column":32}},"72":{"start":{"line":213,"column":4},"end":{"line":216,"column":5}},"73":{"start":{"line":214,"column":6},"end":{"line":214,"column":24}},"74":{"start":{"line":215,"column":6},"end":{"line":215,"column":12}},"75":{"start":{"line":218,"column":4},"end":{"line":224,"column":5}},"76":{"start":{"line":220,"column":6},"end":{"line":223,"column":7}},"77":{"start":{"line":221,"column":8},"end":{"line":221,"column":26}},"78":{"start":{"line":222,"column":8},"end":{"line":222,"column":14}},"79":{"start":{"line":227,"column":2},"end":{"line":229,"column":3}},"80":{"start":{"line":228,"column":4},"end":{"line":228,"column":14}},"81":{"start":{"line":232,"column":21},"end":{"line":232,"column":38}},"82":{"start":{"line":234,"column":2},"end":{"line":239,"column":3}},"83":{"start":{"line":238,"column":4},"end":{"line":238,"column":19}},"84":{"start":{"line":242,"column":2},"end":{"line":254,"column":3}},"85":{"start":{"line":242,"column":15},"end":{"line":242,"column":27}},"86":{"start":{"line":243,"column":17},"end":{"line":243,"column":32}},"87":{"start":{"line":244,"column":4},"end":{"line":244,"column":37}},"88":{"start":{"line":244,"column":31},"end":{"line":244,"column":37}},"89":{"start":{"line":245,"column":4},"end":{"line":245,"column":46}},"90":{"start":{"line":245,"column":37},"end":{"line":245,"column":46}},"91":{"start":{"line":247,"column":18},"end":{"line":247,"column":37}},"92":{"start":{"line":248,"column":4},"end":{"line":248,"column":35}},"93":{"start":{"line":248,"column":26},"end":{"line":248,"column":35}},"94":{"start":{"line":250,"column":20},"end":{"line":250,"column":58}},"95":{"start":{"line":251,"column":4},"end":{"line":253,"column":5}},"96":{"start":{"line":252,"column":6},"end":{"line":252,"column":29}},"97":{"start":{"line":256,"column":2},"end":{"line":256,"column":18}},"98":{"start":{"line":265,"column":18},"end":{"line":265,"column":46}},"99":{"start":{"line":267,"column":16},"end":{"line":267,"column":55}},"100":{"start":{"line":267,"column":46},"end":{"line":267,"column":54}},"101":{"start":{"line":268,"column":2},"end":{"line":268,"column":15}},"102":{"start":{"line":276,"column":2},"end":{"line":276,"column":36}},"103":{"start":{"line":276,"column":24},"end":{"line":276,"column":36}},"104":{"start":{"line":279,"column":19},"end":{"line":279,"column":38}},"105":{"start":{"line":280,"column":16},"end":{"line":280,"column":38}},"106":{"start":{"line":281,"column":2},"end":{"line":281,"column":32}},"107":{"start":{"line":281,"column":20},"end":{"line":281,"column":32}},"108":{"start":{"line":284,"column":23},"end":{"line":284,"column":42}},"109":{"start":{"line":285,"column":2},"end":{"line":285,"column":33}},"110":{"start":{"line":285,"column":21},"end":{"line":285,"column":33}},"111":{"start":{"line":288,"column":22},"end":{"line":288,"column":41}},"112":{"start":{"line":289,"column":20},"end":{"line":289,"column":45}},"113":{"start":{"line":290,"column":19},"end":{"line":290,"column":54}},"114":{"start":{"line":293,"column":20},"end":{"line":293,"column":39}},"115":{"start":{"line":294,"column":53},"end":{"line":294,"column":84}},"116":{"start":{"line":297,"column":20},"end":{"line":297,"column":39}},"117":{"start":{"line":298,"column":53},"end":{"line":298,"column":84}},"118":{"start":{"line":300,"column":2},"end":{"line":300,"column":50}},"119":{"start":{"line":300,"column":38},"end":{"line":300,"column":50}},"120":{"start":{"line":303,"column":25},"end":{"line":303,"column":111}},"121":{"start":{"line":305,"column":2},"end":{"line":316,"column":4}},"122":{"start":{"line":327,"column":2},"end":{"line":327,"column":42}},"123":{"start":{"line":327,"column":12},"end":{"line":327,"column":42}},"124":{"start":{"line":330,"column":19},"end":{"line":330,"column":36}},"125":{"start":{"line":331,"column":2},"end":{"line":333,"column":3}},"126":{"start":{"line":331,"column":41},"end":{"line":331,"column":80}},"127":{"start":{"line":332,"column":4},"end":{"line":332,"column":34}},"128":{"start":{"line":337,"column":21},"end":{"line":337,"column":61}},"129":{"start":{"line":338,"column":2},"end":{"line":343,"column":3}},"130":{"start":{"line":339,"column":4},"end":{"line":342,"column":6}},"131":{"start":{"line":346,"column":20},"end":{"line":346,"column":58}},"132":{"start":{"line":347,"column":2},"end":{"line":352,"column":3}},"133":{"start":{"line":348,"column":4},"end":{"line":351,"column":6}},"134":{"start":{"line":355,"column":20},"end":{"line":355,"column":76}},"135":{"start":{"line":356,"column":2},"end":{"line":361,"column":3}},"136":{"start":{"line":357,"column":4},"end":{"line":360,"column":6}},"137":{"start":{"line":363,"column":2},"end":{"line":363,"column":32}},"138":{"start":{"line":378,"column":2},"end":{"line":378,"column":23}},"139":{"start":{"line":385,"column":2},"end":{"line":392,"column":12}},"140":{"start":{"line":403,"column":27},"end":{"line":403,"column":54}},"141":{"start":{"line":404,"column":19},"end":{"line":404,"column":40}},"142":{"start":{"line":405,"column":19},"end":{"line":405,"column":54}},"143":{"start":{"line":407,"column":38},"end":{"line":407,"column":40}},"144":{"start":{"line":408,"column":23},"end":{"line":408,"column":54}},"145":{"start":{"line":409,"column":2},"end":{"line":409,"column":31}},"146":{"start":{"line":409,"column":21},"end":{"line":409,"column":31}},"147":{"start":{"line":411,"column":2},"end":{"line":432,"column":3}},"148":{"start":{"line":412,"column":17},"end":{"line":412,"column":42}},"149":{"start":{"line":413,"column":4},"end":{"line":413,"column":43}},"150":{"start":{"line":413,"column":34},"end":{"line":413,"column":43}},"151":{"start":{"line":416,"column":4},"end":{"line":431,"column":5}},"152":{"start":{"line":416,"column":22},"end":{"line":416,"column":23}},"153":{"start":{"line":417,"column":18},"end":{"line":417,"column":30}},"154":{"start":{"line":418,"column":30},"end":{"line":418,"column":32}},"155":{"start":{"line":420,"column":6},"end":{"line":420,"column":29}},"156":{"start":{"line":421,"column":6},"end":{"line":423,"column":7}},"157":{"start":{"line":422,"column":8},"end":{"line":422,"column":49}},"158":{"start":{"line":425,"column":6},"end":{"line":425,"column":37}},"159":{"start":{"line":425,"column":28},"end":{"line":425,"column":37}},"160":{"start":{"line":427,"column":22},"end":{"line":427,"column":65}},"161":{"start":{"line":428,"column":6},"end":{"line":430,"column":7}},"162":{"start":{"line":429,"column":8},"end":{"line":429,"column":31}},"163":{"start":{"line":434,"column":2},"end":{"line":434,"column":18}},"164":{"start":{"line":441,"column":2},"end":{"line":448,"column":12}},"165":{"start":{"line":467,"column":35},"end":{"line":467,"column":37}},"166":{"start":{"line":469,"column":2},"end":{"line":508,"column":3}},"167":{"start":{"line":471,"column":24},"end":{"line":471,"column":93}},"168":{"start":{"line":473,"column":4},"end":{"line":482,"column":5}},"169":{"start":{"line":474,"column":6},"end":{"line":481,"column":9}},"170":{"start":{"line":485,"column":25},"end":{"line":485,"column":61}},"171":{"start":{"line":486,"column":4},"end":{"line":507,"column":5}},"172":{"start":{"line":487,"column":26},"end":{"line":487,"column":95}},"173":{"start":{"line":489,"column":6},"end":{"line":506,"column":7}},"174":{"start":{"line":490,"column":38},"end":{"line":497,"column":10}},"175":{"start":{"line":499,"column":8},"end":{"line":504,"column":9}},"176":{"start":{"line":500,"column":10},"end":{"line":503,"column":12}},"177":{"start":{"line":505,"column":8},"end":{"line":505,"column":31}},"178":{"start":{"line":510,"column":2},"end":{"line":510,"column":18}},"179":{"start":{"line":522,"column":2},"end":{"line":522,"column":51}},"180":{"start":{"line":522,"column":34},"end":{"line":522,"column":51}},"181":{"start":{"line":524,"column":2},"end":{"line":529,"column":5}},"182":{"start":{"line":525,"column":22},"end":{"line":525,"column":95}},"183":{"start":{"line":526,"column":22},"end":{"line":527,"column":91}},"184":{"start":{"line":528,"column":4},"end":{"line":528,"column":34}},"185":{"start":{"line":540,"column":19},"end":{"line":540,"column":59}},"186":{"start":{"line":540,"column":42},"end":{"line":540,"column":58}},"187":{"start":{"line":541,"column":21},"end":{"line":541,"column":61}},"188":{"start":{"line":541,"column":44},"end":{"line":541,"column":60}},"189":{"start":{"line":542,"column":17},"end":{"line":542,"column":57}},"190":{"start":{"line":542,"column":40},"end":{"line":542,"column":56}},"191":{"start":{"line":544,"column":2},"end":{"line":552,"column":4}},"192":{"start":{"line":559,"column":26},"end":{"line":573,"column":4}},"193":{"start":{"line":576,"column":2},"end":{"line":576,"column":43}},"194":{"start":{"line":577,"column":2},"end":{"line":577,"column":17}},"195":{"start":{"line":578,"column":2},"end":{"line":590,"column":3}},"196":{"start":{"line":579,"column":4},"end":{"line":579,"column":30}},"197":{"start":{"line":581,"column":4},"end":{"line":589,"column":5}},"198":{"start":{"line":582,"column":27},"end":{"line":584,"column":12}},"199":{"start":{"line":585,"column":27},"end":{"line":587,"column":12}},"200":{"start":{"line":588,"column":6},"end":{"line":588,"column":111}},"201":{"start":{"line":591,"column":2},"end":{"line":591,"column":17}},"202":{"start":{"line":594,"column":2},"end":{"line":594,"column":32}},"203":{"start":{"line":595,"column":2},"end":{"line":595,"column":17}},"204":{"start":{"line":596,"column":2},"end":{"line":602,"column":3}},"205":{"start":{"line":597,"column":4},"end":{"line":597,"column":34}},"206":{"start":{"line":599,"column":4},"end":{"line":601,"column":5}},"207":{"start":{"line":600,"column":6},"end":{"line":600,"column":77}},"208":{"start":{"line":603,"column":2},"end":{"line":603,"column":17}},"209":{"start":{"line":606,"column":2},"end":{"line":606,"column":43}},"210":{"start":{"line":607,"column":2},"end":{"line":607,"column":17}},"211":{"start":{"line":608,"column":2},"end":{"line":608,"column":69}},"212":{"start":{"line":609,"column":2},"end":{"line":609,"column":69}},"213":{"start":{"line":610,"column":2},"end":{"line":613,"column":3}},"214":{"start":{"line":611,"column":20},"end":{"line":611,"column":46}},"215":{"start":{"line":612,"column":4},"end":{"line":612,"column":131}},"216":{"start":{"line":615,"column":2},"end":{"line":615,"column":26}},"217":{"start":{"line":626,"column":22},"end":{"line":626,"column":71}},"218":{"start":{"line":626,"column":42},"end":{"line":626,"column":60}},"219":{"start":{"line":627,"column":18},"end":{"line":627,"column":32}},"220":{"start":{"line":629,"column":14},"end":{"line":629,"column":84}},"221":{"start":{"line":631,"column":2},"end":{"line":636,"column":3}},"222":{"start":{"line":632,"column":19},"end":{"line":632,"column":83}},"223":{"start":{"line":633,"column":4},"end":{"line":633,"column":35}},"224":{"start":{"line":635,"column":4},"end":{"line":635,"column":14}},"225":{"start":{"line":644,"column":32},"end":{"line":644,"column":34}},"226":{"start":{"line":645,"column":2},"end":{"line":654,"column":3}},"227":{"start":{"line":646,"column":18},"end":{"line":646,"column":52}},"228":{"start":{"line":647,"column":4},"end":{"line":653,"column":5}},"229":{"start":{"line":648,"column":6},"end":{"line":652,"column":9}},"230":{"start":{"line":655,"column":2},"end":{"line":655,"column":17}},"231":{"start":{"line":662,"column":21},"end":{"line":662,"column":60}},"232":{"start":{"line":664,"column":23},"end":{"line":664,"column":65}},"233":{"start":{"line":664,"column":48},"end":{"line":664,"column":64}},"234":{"start":{"line":665,"column":2},"end":{"line":665,"column":43}},"235":{"start":{"line":665,"column":33},"end":{"line":665,"column":43}},"236":{"start":{"line":667,"column":32},"end":{"line":667,"column":34}},"237":{"start":{"line":670,"column":2},"end":{"line":676,"column":4}},"238":{"start":{"line":679,"column":2},"end":{"line":685,"column":4}},"239":{"start":{"line":687,"column":2},"end":{"line":687,"column":34}},"240":{"start":{"line":694,"column":32},"end":{"line":694,"column":34}},"241":{"start":{"line":697,"column":21},"end":{"line":697,"column":68}},"242":{"start":{"line":698,"column":2},"end":{"line":714,"column":3}},"243":{"start":{"line":699,"column":4},"end":{"line":705,"column":6}},"244":{"start":{"line":707,"column":4},"end":{"line":713,"column":6}},"245":{"start":{"line":717,"column":17},"end":{"line":717,"column":51}},"246":{"start":{"line":718,"column":2},"end":{"line":726,"column":3}},"247":{"start":{"line":719,"column":4},"end":{"line":725,"column":6}},"248":{"start":{"line":728,"column":2},"end":{"line":728,"column":34}},"249":{"start":{"line":735,"column":15},"end":{"line":735,"column":32}},"250":{"start":{"line":736,"column":2},"end":{"line":741,"column":5}},"251":{"start":{"line":737,"column":16},"end":{"line":737,"column":37}},"252":{"start":{"line":738,"column":4},"end":{"line":738,"column":36}},"253":{"start":{"line":738,"column":23},"end":{"line":738,"column":36}},"254":{"start":{"line":739,"column":4},"end":{"line":739,"column":18}},"255":{"start":{"line":740,"column":4},"end":{"line":740,"column":16}},"256":{"start":{"line":752,"column":18},"end":{"line":752,"column":48}},"257":{"start":{"line":753,"column":2},"end":{"line":753,"column":41}},"258":{"start":{"line":753,"column":31},"end":{"line":753,"column":41}},"259":{"start":{"line":755,"column":26},"end":{"line":755,"column":28}},"260":{"start":{"line":756,"column":2},"end":{"line":761,"column":5}},"261":{"start":{"line":757,"column":21},"end":{"line":757,"column":44}},"262":{"start":{"line":758,"column":4},"end":{"line":760,"column":5}},"263":{"start":{"line":759,"column":6},"end":{"line":759,"column":27}},"264":{"start":{"line":763,"column":2},"end":{"line":763,"column":22}},"265":{"start":{"line":770,"column":18},"end":{"line":770,"column":62}},"266":{"start":{"line":771,"column":2},"end":{"line":778,"column":3}},"267":{"start":{"line":772,"column":21},"end":{"line":772,"column":47}},"268":{"start":{"line":773,"column":4},"end":{"line":777,"column":5}},"269":{"start":{"line":774,"column":6},"end":{"line":774,"column":34}},"270":{"start":{"line":775,"column":11},"end":{"line":777,"column":5}},"271":{"start":{"line":776,"column":6},"end":{"line":776,"column":25}},"272":{"start":{"line":793,"column":20},"end":{"line":793,"column":63}},"273":{"start":{"line":794,"column":2},"end":{"line":794,"column":47}},"274":{"start":{"line":797,"column":19},"end":{"line":797,"column":54}},"275":{"start":{"line":798,"column":2},"end":{"line":798,"column":70}},"276":{"start":{"line":801,"column":17},"end":{"line":801,"column":50}},"277":{"start":{"line":802,"column":2},"end":{"line":802,"column":75}},"278":{"start":{"line":804,"column":2},"end":{"line":804,"column":45}},"279":{"start":{"line":805,"column":2},"end":{"line":805,"column":47}}},"fnMap":{"0":{"name":"parseBindingTable","decl":{"start":{"line":104,"column":16},"end":{"line":104,"column":33}},"loc":{"start":{"line":104,"column":73},"end":{"line":129,"column":1}}},"1":{"name":"extractBindingSection","decl":{"start":{"line":135,"column":9},"end":{"line":135,"column":30}},"loc":{"start":{"line":135,"column":46},"end":{"line":192,"column":1}}},"2":{"name":"isNaDeclaration","decl":{"start":{"line":197,"column":9},"end":{"line":197,"column":24}},"loc":{"start":{"line":197,"column":40},"end":{"line":199,"column":1}}},"3":{"name":"(anonymous_9)","decl":{"start":{"line":198,"column":26},"end":{"line":198,"column":27}},"loc":{"start":{"line":198,"column":39},"end":{"line":198,"column":60}}},"4":{"name":"parseMarkdownTable","decl":{"start":{"line":204,"column":9},"end":{"line":204,"column":27}},"loc":{"start":{"line":204,"column":64},"end":{"line":257,"column":1}}},"5":{"name":"splitTableRow","decl":{"start":{"line":263,"column":9},"end":{"line":263,"column":22}},"loc":{"start":{"line":263,"column":35},"end":{"line":269,"column":1}}},"6":{"name":"(anonymous_12)","decl":{"start":{"line":267,"column":39},"end":{"line":267,"column":40}},"loc":{"start":{"line":267,"column":46},"end":{"line":267,"column":54}}},"7":{"name":"parseBindingRow","decl":{"start":{"line":275,"column":9},"end":{"line":275,"column":24}},"loc":{"start":{"line":275,"column":78},"end":{"line":317,"column":1}}},"8":{"name":"parseFileAndFunction","decl":{"start":{"line":326,"column":9},"end":{"line":326,"column":29}},"loc":{"start":{"line":326,"column":41},"end":{"line":364,"column":1}}},"9":{"name":"(anonymous_15)","decl":{"start":{"line":331,"column":29},"end":{"line":331,"column":30}},"loc":{"start":{"line":331,"column":41},"end":{"line":331,"column":80}}},"10":{"name":"extractAnchorText","decl":{"start":{"line":370,"column":9},"end":{"line":370,"column":26}},"loc":{"start":{"line":370,"column":41},"end":{"line":379,"column":1}}},"11":{"name":"cleanText","decl":{"start":{"line":384,"column":9},"end":{"line":384,"column":18}},"loc":{"start":{"line":384,"column":30},"end":{"line":393,"column":1}}},"12":{"name":"parseHtmlTable","decl":{"start":{"line":402,"column":9},"end":{"line":402,"column":23}},"loc":{"start":{"line":402,"column":60},"end":{"line":435,"column":1}}},"13":{"name":"stripHtml","decl":{"start":{"line":440,"column":9},"end":{"line":440,"column":18}},"loc":{"start":{"line":440,"column":31},"end":{"line":449,"column":1}}},"14":{"name":"auditBindings","decl":{"start":{"line":462,"column":16},"end":{"line":462,"column":29}},"loc":{"start":{"line":465,"column":26},"end":{"line":511,"column":1}}},"15":{"name":"findGrepMatch","decl":{"start":{"line":517,"column":9},"end":{"line":517,"column":22}},"loc":{"start":{"line":520,"column":18},"end":{"line":530,"column":1}}},"16":{"name":"(anonymous_22)","decl":{"start":{"line":524,"column":26},"end":{"line":524,"column":27}},"loc":{"start":{"line":524,"column":32},"end":{"line":529,"column":3}}},"17":{"name":"generateReport","decl":{"start":{"line":539,"column":16},"end":{"line":539,"column":30}},"loc":{"start":{"line":539,"column":73},"end":{"line":553,"column":1}}},"18":{"name":"(anonymous_24)","decl":{"start":{"line":540,"column":35},"end":{"line":540,"column":36}},"loc":{"start":{"line":540,"column":42},"end":{"line":540,"column":58}}},"19":{"name":"(anonymous_25)","decl":{"start":{"line":541,"column":37},"end":{"line":541,"column":38}},"loc":{"start":{"line":541,"column":44},"end":{"line":541,"column":60}}},"20":{"name":"(anonymous_26)","decl":{"start":{"line":542,"column":33},"end":{"line":542,"column":34}},"loc":{"start":{"line":542,"column":40},"end":{"line":542,"column":56}}},"21":{"name":"renderMarkdownReport","decl":{"start":{"line":558,"column":16},"end":{"line":558,"column":36}},"loc":{"start":{"line":558,"column":85},"end":{"line":616,"column":1}}},"22":{"name":"runGrep","decl":{"start":{"line":625,"column":16},"end":{"line":625,"column":23}},"loc":{"start":{"line":625,"column":75},"end":{"line":637,"column":1}}},"23":{"name":"(anonymous_29)","decl":{"start":{"line":626,"column":35},"end":{"line":626,"column":36}},"loc":{"start":{"line":626,"column":42},"end":{"line":626,"column":60}}},"24":{"name":"parseGrepOutput","decl":{"start":{"line":643,"column":16},"end":{"line":643,"column":31}},"loc":{"start":{"line":643,"column":46},"end":{"line":656,"column":1}}},"25":{"name":"grepServerImpl","decl":{"start":{"line":661,"column":16},"end":{"line":661,"column":30}},"loc":{"start":{"line":661,"column":47},"end":{"line":688,"column":1}}},"26":{"name":"(anonymous_32)","decl":{"start":{"line":664,"column":41},"end":{"line":664,"column":42}},"loc":{"start":{"line":664,"column":48},"end":{"line":664,"column":64}}},"27":{"name":"grepClientCalls","decl":{"start":{"line":693,"column":16},"end":{"line":693,"column":31}},"loc":{"start":{"line":693,"column":48},"end":{"line":729,"column":1}}},"28":{"name":"deduplicateGrep","decl":{"start":{"line":734,"column":16},"end":{"line":734,"column":31}},"loc":{"start":{"line":734,"column":53},"end":{"line":742,"column":1}}},"29":{"name":"(anonymous_35)","decl":{"start":{"line":736,"column":24},"end":{"line":736,"column":25}},"loc":{"start":{"line":736,"column":30},"end":{"line":741,"column":3}}},"30":{"name":"discoverTdsFiles","decl":{"start":{"line":751,"column":16},"end":{"line":751,"column":32}},"loc":{"start":{"line":751,"column":49},"end":{"line":764,"column":1}}},"31":{"name":"(anonymous_37)","decl":{"start":{"line":756,"column":19},"end":{"line":756,"column":20}},"loc":{"start":{"line":756,"column":32},"end":{"line":761,"column":3}}},"32":{"name":"walkDir","decl":{"start":{"line":769,"column":9},"end":{"line":769,"column":16}},"loc":{"start":{"line":769,"column":66},"end":{"line":779,"column":1}}},"33":{"name":"writeReports","decl":{"start":{"line":788,"column":16},"end":{"line":788,"column":28}},"loc":{"start":{"line":791,"column":18},"end":{"line":806,"column":1}}}},"branchMap":{"0":{"loc":{"start":{"line":105,"column":2},"end":{"line":107,"column":3}},"type":"if","locations":[{"start":{"line":105,"column":2},"end":{"line":107,"column":3}},{"start":{},"end":{}}]},"1":{"loc":{"start":{"line":105,"column":6},"end":{"line":105,"column":51}},"type":"binary-expr","locations":[{"start":{"line":105,"column":6},"end":{"line":105,"column":17}},{"start":{"line":105,"column":21},"end":{"line":105,"column":51}}]},"2":{"loc":{"start":{"line":111,"column":2},"end":{"line":113,"column":3}},"type":"if","locations":[{"start":{"line":111,"column":2},"end":{"line":113,"column":3}},{"start":{},"end":{}}]},"3":{"loc":{"start":{"line":116,"column":2},"end":{"line":118,"column":3}},"type":"if","locations":[{"start":{"line":116,"column":2},"end":{"line":118,"column":3}},{"start":{},"end":{}}]},"4":{"loc":{"start":{"line":122,"column":2},"end":{"line":124,"column":3}},"type":"if","locations":[{"start":{"line":122,"column":2},"end":{"line":124,"column":3}},{"start":{},"end":{}}]},"5":{"loc":{"start":{"line":148,"column":4},"end":{"line":152,"column":5}},"type":"if","locations":[{"start":{"line":148,"column":4},"end":{"line":152,"column":5}},{"start":{},"end":{}}]},"6":{"loc":{"start":{"line":154,"column":4},"end":{"line":157,"column":5}},"type":"if","locations":[{"start":{"line":154,"column":4},"end":{"line":157,"column":5}},{"start":{},"end":{}}]},"7":{"loc":{"start":{"line":154,"column":8},"end":{"line":154,"column":57}},"type":"binary-expr","locations":[{"start":{"line":154,"column":8},"end":{"line":154,"column":38}},{"start":{"line":154,"column":42},"end":{"line":154,"column":57}}]},"8":{"loc":{"start":{"line":161,"column":2},"end":{"line":170,"column":3}},"type":"if","locations":[{"start":{"line":161,"column":2},"end":{"line":170,"column":3}},{"start":{},"end":{}}]},"9":{"loc":{"start":{"line":164,"column":6},"end":{"line":168,"column":7}},"type":"if","locations":[{"start":{"line":164,"column":6},"end":{"line":168,"column":7}},{"start":{},"end":{}}]},"10":{"loc":{"start":{"line":166,"column":29},"end":{"line":166,"column":66}},"type":"binary-expr","locations":[{"start":{"line":166,"column":29},"end":{"line":166,"column":52}},{"start":{"line":166,"column":56},"end":{"line":166,"column":66}}]},"11":{"loc":{"start":{"line":172,"column":2},"end":{"line":174,"column":3}},"type":"if","locations":[{"start":{"line":172,"column":2},"end":{"line":174,"column":3}},{"start":{},"end":{}}]},"12":{"loc":{"start":{"line":178,"column":2},"end":{"line":189,"column":3}},"type":"if","locations":[{"start":{"line":178,"column":2},"end":{"line":189,"column":3}},{"start":{"line":186,"column":9},"end":{"line":189,"column":3}}]},"13":{"loc":{"start":{"line":181,"column":6},"end":{"line":184,"column":7}},"type":"if","locations":[{"start":{"line":181,"column":6},"end":{"line":184,"column":7}},{"start":{},"end":{}}]},"14":{"loc":{"start":{"line":181,"column":10},"end":{"line":181,"column":69}},"type":"binary-expr","locations":[{"start":{"line":181,"column":10},"end":{"line":181,"column":22}},{"start":{"line":181,"column":26},"end":{"line":181,"column":69}}]},"15":{"loc":{"start":{"line":213,"column":4},"end":{"line":216,"column":5}},"type":"if","locations":[{"start":{"line":213,"column":4},"end":{"line":216,"column":5}},{"start":{},"end":{}}]},"16":{"loc":{"start":{"line":213,"column":8},"end":{"line":213,"column":68}},"type":"binary-expr","locations":[{"start":{"line":213,"column":8},"end":{"line":213,"column":28}},{"start":{"line":213,"column":32},"end":{"line":213,"column":49}},{"start":{"line":213,"column":53},"end":{"line":213,"column":68}}]},"17":{"loc":{"start":{"line":218,"column":4},"end":{"line":224,"column":5}},"type":"if","locations":[{"start":{"line":218,"column":4},"end":{"line":224,"column":5}},{"start":{},"end":{}}]},"18":{"loc":{"start":{"line":218,"column":8},"end":{"line":218,"column":69}},"type":"binary-expr","locations":[{"start":{"line":218,"column":8},"end":{"line":218,"column":28}},{"start":{"line":218,"column":32},"end":{"line":218,"column":69}}]},"19":{"loc":{"start":{"line":218,"column":33},"end":{"line":218,"column":56}},"type":"binary-expr","locations":[{"start":{"line":218,"column":33},"end":{"line":218,"column":50}},{"start":{"line":218,"column":54},"end":{"line":218,"column":56}}]},"20":{"loc":{"start":{"line":220,"column":6},"end":{"line":223,"column":7}},"type":"if","locations":[{"start":{"line":220,"column":6},"end":{"line":223,"column":7}},{"start":{},"end":{}}]},"21":{"loc":{"start":{"line":220,"column":10},"end":{"line":220,"column":76}},"type":"binary-expr","locations":[{"start":{"line":220,"column":10},"end":{"line":220,"column":30}},{"start":{"line":220,"column":34},"end":{"line":220,"column":76}}]},"22":{"loc":{"start":{"line":227,"column":2},"end":{"line":229,"column":3}},"type":"if","locations":[{"start":{"line":227,"column":2},"end":{"line":229,"column":3}},{"start":{},"end":{}}]},"23":{"loc":{"start":{"line":234,"column":2},"end":{"line":239,"column":3}},"type":"if","locations":[{"start":{"line":234,"column":2},"end":{"line":239,"column":3}},{"start":{},"end":{}}]},"24":{"loc":{"start":{"line":235,"column":4},"end":{"line":236,"column":53}},"type":"binary-expr","locations":[{"start":{"line":235,"column":4},"end":{"line":235,"column":31}},{"start":{"line":236,"column":4},"end":{"line":236,"column":53}}]},"25":{"loc":{"start":{"line":244,"column":4},"end":{"line":244,"column":37}},"type":"if","locations":[{"start":{"line":244,"column":4},"end":{"line":244,"column":37}},{"start":{},"end":{}}]},"26":{"loc":{"start":{"line":245,"column":4},"end":{"line":245,"column":46}},"type":"if","locations":[{"start":{"line":245,"column":4},"end":{"line":245,"column":46}},{"start":{},"end":{}}]},"27":{"loc":{"start":{"line":248,"column":4},"end":{"line":248,"column":35}},"type":"if","locations":[{"start":{"line":248,"column":4},"end":{"line":248,"column":35}},{"start":{},"end":{}}]},"28":{"loc":{"start":{"line":251,"column":4},"end":{"line":253,"column":5}},"type":"if","locations":[{"start":{"line":251,"column":4},"end":{"line":253,"column":5}},{"start":{},"end":{}}]},"29":{"loc":{"start":{"line":276,"column":2},"end":{"line":276,"column":36}},"type":"if","locations":[{"start":{"line":276,"column":2},"end":{"line":276,"column":36}},{"start":{},"end":{}}]},"30":{"loc":{"start":{"line":281,"column":2},"end":{"line":281,"column":32}},"type":"if","locations":[{"start":{"line":281,"column":2},"end":{"line":281,"column":32}},{"start":{},"end":{}}]},"31":{"loc":{"start":{"line":285,"column":2},"end":{"line":285,"column":33}},"type":"if","locations":[{"start":{"line":285,"column":2},"end":{"line":285,"column":33}},{"start":{},"end":{}}]},"32":{"loc":{"start":{"line":300,"column":2},"end":{"line":300,"column":50}},"type":"if","locations":[{"start":{"line":300,"column":2},"end":{"line":300,"column":50}},{"start":{},"end":{}}]},"33":{"loc":{"start":{"line":300,"column":6},"end":{"line":300,"column":36}},"type":"binary-expr","locations":[{"start":{"line":300,"column":6},"end":{"line":300,"column":17}},{"start":{"line":300,"column":21},"end":{"line":300,"column":36}}]},"34":{"loc":{"start":{"line":303,"column":25},"end":{"line":303,"column":111}},"type":"cond-expr","locations":[{"start":{"line":303,"column":44},"end":{"line":303,"column":63}},{"start":{"line":303,"column":67},"end":{"line":303,"column":110}}]},"35":{"loc":{"start":{"line":303,"column":67},"end":{"line":303,"column":110}},"type":"cond-expr","locations":[{"start":{"line":303,"column":86},"end":{"line":303,"column":105}},{"start":{"line":303,"column":108},"end":{"line":303,"column":110}}]},"36":{"loc":{"start":{"line":327,"column":2},"end":{"line":327,"column":42}},"type":"if","locations":[{"start":{"line":327,"column":2},"end":{"line":327,"column":42}},{"start":{},"end":{}}]},"37":{"loc":{"start":{"line":331,"column":2},"end":{"line":333,"column":3}},"type":"if","locations":[{"start":{"line":331,"column":2},"end":{"line":333,"column":3}},{"start":{},"end":{}}]},"38":{"loc":{"start":{"line":338,"column":2},"end":{"line":343,"column":3}},"type":"if","locations":[{"start":{"line":338,"column":2},"end":{"line":343,"column":3}},{"start":{},"end":{}}]},"39":{"loc":{"start":{"line":347,"column":2},"end":{"line":352,"column":3}},"type":"if","locations":[{"start":{"line":347,"column":2},"end":{"line":352,"column":3}},{"start":{},"end":{}}]},"40":{"loc":{"start":{"line":355,"column":20},"end":{"line":355,"column":76}},"type":"binary-expr","locations":[{"start":{"line":355,"column":20},"end":{"line":355,"column":52}},{"start":{"line":355,"column":56},"end":{"line":355,"column":76}}]},"41":{"loc":{"start":{"line":356,"column":2},"end":{"line":361,"column":3}},"type":"if","locations":[{"start":{"line":356,"column":2},"end":{"line":361,"column":3}},{"start":{},"end":{}}]},"42":{"loc":{"start":{"line":409,"column":2},"end":{"line":409,"column":31}},"type":"if","locations":[{"start":{"line":409,"column":2},"end":{"line":409,"column":31}},{"start":{},"end":{}}]},"43":{"loc":{"start":{"line":413,"column":4},"end":{"line":413,"column":43}},"type":"if","locations":[{"start":{"line":413,"column":4},"end":{"line":413,"column":43}},{"start":{},"end":{}}]},"44":{"loc":{"start":{"line":413,"column":8},"end":{"line":413,"column":32}},"type":"binary-expr","locations":[{"start":{"line":413,"column":8},"end":{"line":413,"column":13}},{"start":{"line":413,"column":17},"end":{"line":413,"column":32}}]},"45":{"loc":{"start":{"line":425,"column":6},"end":{"line":425,"column":37}},"type":"if","locations":[{"start":{"line":425,"column":6},"end":{"line":425,"column":37}},{"start":{},"end":{}}]},"46":{"loc":{"start":{"line":428,"column":6},"end":{"line":430,"column":7}},"type":"if","locations":[{"start":{"line":428,"column":6},"end":{"line":430,"column":7}},{"start":{},"end":{}}]},"47":{"loc":{"start":{"line":473,"column":4},"end":{"line":482,"column":5}},"type":"if","locations":[{"start":{"line":473,"column":4},"end":{"line":482,"column":5}},{"start":{},"end":{}}]},"48":{"loc":{"start":{"line":486,"column":4},"end":{"line":507,"column":5}},"type":"if","locations":[{"start":{"line":486,"column":4},"end":{"line":507,"column":5}},{"start":{},"end":{}}]},"49":{"loc":{"start":{"line":489,"column":6},"end":{"line":506,"column":7}},"type":"if","locations":[{"start":{"line":489,"column":6},"end":{"line":506,"column":7}},{"start":{},"end":{}}]},"50":{"loc":{"start":{"line":499,"column":8},"end":{"line":504,"column":9}},"type":"if","locations":[{"start":{"line":499,"column":8},"end":{"line":504,"column":9}},{"start":{},"end":{}}]},"51":{"loc":{"start":{"line":522,"column":2},"end":{"line":522,"column":51}},"type":"if","locations":[{"start":{"line":522,"column":2},"end":{"line":522,"column":51}},{"start":{},"end":{}}]},"52":{"loc":{"start":{"line":522,"column":6},"end":{"line":522,"column":32}},"type":"binary-expr","locations":[{"start":{"line":522,"column":6},"end":{"line":522,"column":19}},{"start":{"line":522,"column":23},"end":{"line":522,"column":32}}]},"53":{"loc":{"start":{"line":525,"column":22},"end":{"line":525,"column":95}},"type":"cond-expr","locations":[{"start":{"line":525,"column":33},"end":{"line":525,"column":87}},{"start":{"line":525,"column":90},"end":{"line":525,"column":95}}]},"54":{"loc":{"start":{"line":525,"column":33},"end":{"line":525,"column":87}},"type":"binary-expr","locations":[{"start":{"line":525,"column":33},"end":{"line":525,"column":58}},{"start":{"line":525,"column":62},"end":{"line":525,"column":87}}]},"55":{"loc":{"start":{"line":526,"column":22},"end":{"line":527,"column":91}},"type":"cond-expr","locations":[{"start":{"line":526,"column":37},"end":{"line":527,"column":83}},{"start":{"line":527,"column":86},"end":{"line":527,"column":91}}]},"56":{"loc":{"start":{"line":526,"column":37},"end":{"line":527,"column":83}},"type":"binary-expr","locations":[{"start":{"line":526,"column":37},"end":{"line":526,"column":69}},{"start":{"line":527,"column":7},"end":{"line":527,"column":38}},{"start":{"line":527,"column":42},"end":{"line":527,"column":82}}]},"57":{"loc":{"start":{"line":528,"column":11},"end":{"line":528,"column":33}},"type":"binary-expr","locations":[{"start":{"line":528,"column":11},"end":{"line":528,"column":20}},{"start":{"line":528,"column":24},"end":{"line":528,"column":33}}]},"58":{"loc":{"start":{"line":578,"column":2},"end":{"line":590,"column":3}},"type":"if","locations":[{"start":{"line":578,"column":2},"end":{"line":590,"column":3}},{"start":{"line":580,"column":9},"end":{"line":590,"column":3}}]},"59":{"loc":{"start":{"line":582,"column":27},"end":{"line":584,"column":12}},"type":"cond-expr","locations":[{"start":{"line":583,"column":10},"end":{"line":583,"column":74}},{"start":{"line":584,"column":10},"end":{"line":584,"column":12}}]},"60":{"loc":{"start":{"line":585,"column":27},"end":{"line":587,"column":12}},"type":"cond-expr","locations":[{"start":{"line":586,"column":10},"end":{"line":586,"column":74}},{"start":{"line":587,"column":10},"end":{"line":587,"column":12}}]},"61":{"loc":{"start":{"line":596,"column":2},"end":{"line":602,"column":3}},"type":"if","locations":[{"start":{"line":596,"column":2},"end":{"line":602,"column":3}},{"start":{"line":598,"column":9},"end":{"line":602,"column":3}}]},"62":{"loc":{"start":{"line":612,"column":69},"end":{"line":612,"column":93}},"type":"cond-expr","locations":[{"start":{"line":612,"column":84},"end":{"line":612,"column":87}},{"start":{"line":612,"column":90},"end":{"line":612,"column":93}}]},"63":{"loc":{"start":{"line":612,"column":99},"end":{"line":612,"column":125}},"type":"cond-expr","locations":[{"start":{"line":612,"column":114},"end":{"line":612,"column":117}},{"start":{"line":612,"column":120},"end":{"line":612,"column":125}}]},"64":{"loc":{"start":{"line":647,"column":4},"end":{"line":653,"column":5}},"type":"if","locations":[{"start":{"line":647,"column":4},"end":{"line":653,"column":5}},{"start":{},"end":{}}]},"65":{"loc":{"start":{"line":665,"column":2},"end":{"line":665,"column":43}},"type":"if","locations":[{"start":{"line":665,"column":2},"end":{"line":665,"column":43}},{"start":{},"end":{}}]},"66":{"loc":{"start":{"line":698,"column":2},"end":{"line":714,"column":3}},"type":"if","locations":[{"start":{"line":698,"column":2},"end":{"line":714,"column":3}},{"start":{},"end":{}}]},"67":{"loc":{"start":{"line":718,"column":2},"end":{"line":726,"column":3}},"type":"if","locations":[{"start":{"line":718,"column":2},"end":{"line":726,"column":3}},{"start":{},"end":{}}]},"68":{"loc":{"start":{"line":738,"column":4},"end":{"line":738,"column":36}},"type":"if","locations":[{"start":{"line":738,"column":4},"end":{"line":738,"column":36}},{"start":{},"end":{}}]},"69":{"loc":{"start":{"line":753,"column":2},"end":{"line":753,"column":41}},"type":"if","locations":[{"start":{"line":753,"column":2},"end":{"line":753,"column":41}},{"start":{},"end":{}}]},"70":{"loc":{"start":{"line":758,"column":4},"end":{"line":760,"column":5}},"type":"if","locations":[{"start":{"line":758,"column":4},"end":{"line":760,"column":5}},{"start":{},"end":{}}]},"71":{"loc":{"start":{"line":758,"column":8},"end":{"line":758,"column":68}},"type":"binary-expr","locations":[{"start":{"line":758,"column":8},"end":{"line":758,"column":39}},{"start":{"line":758,"column":43},"end":{"line":758,"column":68}}]},"72":{"loc":{"start":{"line":773,"column":4},"end":{"line":777,"column":5}},"type":"if","locations":[{"start":{"line":773,"column":4},"end":{"line":777,"column":5}},{"start":{"line":775,"column":11},"end":{"line":777,"column":5}}]},"73":{"loc":{"start":{"line":775,"column":11},"end":{"line":777,"column":5}},"type":"if","locations":[{"start":{"line":775,"column":11},"end":{"line":777,"column":5}},{"start":{},"end":{}}]}},"s":{"0":1,"1":1,"2":1,"3":1,"4":1,"5":1,"6":1,"7":1,"8":1,"9":1,"10":1,"11":1,"12":1,"13":1,"14":1,"15":1,"16":1,"17":22,"18":2,"19":20,"20":20,"21":1,"22":19,"23":7,"24":12,"25":12,"26":9,"27":3,"28":3,"29":20,"30":20,"31":20,"32":20,"33":20,"34":20,"35":197,"36":197,"37":197,"38":17,"39":17,"40":17,"41":180,"42":2,"43":2,"44":20,"45":2,"46":2,"47":17,"48":17,"49":1,"50":1,"51":1,"52":20,"53":1,"54":19,"55":19,"56":18,"57":18,"58":249,"59":249,"60":3,"61":3,"62":1,"63":19,"64":19,"65":88,"66":12,"67":12,"68":12,"69":12,"70":12,"71":120,"72":120,"73":9,"74":9,"75":111,"76":1,"77":1,"78":1,"79":12,"80":2,"81":10,"82":10,"83":10,"84":10,"85":10,"86":25,"87":25,"88":10,"89":15,"90":0,"91":15,"92":15,"93":0,"94":15,"95":15,"96":14,"97":10,"98":15,"99":15,"100":105,"101":15,"102":16,"103":0,"104":16,"105":16,"106":16,"107":1,"108":15,"109":15,"110":0,"111":15,"112":15,"113":15,"114":15,"115":15,"116":15,"117":15,"118":15,"119":0,"120":15,"121":15,"122":30,"123":5,"124":25,"125":25,"126":123,"127":1,"128":24,"129":24,"130":19,"131":5,"132":5,"133":1,"134":4,"135":4,"136":1,"137":3,"138":15,"139":91,"140":3,"141":3,"142":3,"143":3,"144":3,"145":3,"146":2,"147":1,"148":1,"149":1,"150":0,"151":1,"152":1,"153":1,"154":1,"155":1,"156":1,"157":7,"158":1,"159":0,"160":1,"161":1,"162":1,"163":1,"164":7,"165":5,"166":5,"167":4,"168":4,"169":1,"170":4,"171":4,"172":3,"173":3,"174":3,"175":3,"176":2,"177":3,"178":5,"179":7,"180":0,"181":7,"182":3,"183":3,"184":3,"185":5,"186":6,"187":5,"188":6,"189":5,"190":6,"191":5,"192":8,"193":8,"194":8,"195":8,"196":6,"197":2,"198":2,"199":2,"200":2,"201":8,"202":8,"203":8,"204":8,"205":7,"206":1,"207":1,"208":8,"209":8,"210":8,"211":8,"212":8,"213":8,"214":3,"215":3,"216":8,"217":9,"218":10,"219":9,"220":9,"221":9,"222":9,"223":9,"224":0,"225":13,"226":13,"227":282,"228":282,"229":268,"230":13,"231":2,"232":2,"233":2,"234":2,"235":1,"236":1,"237":1,"238":1,"239":1,"240":2,"241":2,"242":2,"243":1,"244":1,"245":2,"246":2,"247":1,"248":2,"249":6,"250":6,"251":155,"252":155,"253":1,"254":154,"255":154,"256":3,"257":3,"258":1,"259":2,"260":2,"261":310,"262":310,"263":308,"264":2,"265":12,"266":12,"267":320,"268":320,"269":10,"270":310,"271":310,"272":2,"273":2,"274":2,"275":2,"276":2,"277":2,"278":2,"279":2},"f":{"0":22,"1":20,"2":19,"3":88,"4":12,"5":15,"6":105,"7":16,"8":30,"9":123,"10":15,"11":91,"12":3,"13":7,"14":5,"15":7,"16":3,"17":5,"18":6,"19":6,"20":6,"21":8,"22":9,"23":10,"24":13,"25":2,"26":2,"27":2,"28":6,"29":155,"30":3,"31":310,"32":12,"33":2},"b":{"0":[2,20],"1":[22,20],"2":[1,19],"3":[7,12],"4":[9,3],"5":[17,180],"6":[2,178],"7":[180,4],"8":[2,18],"9":[1,16],"10":[1,0],"11":[1,19],"12":[18,1],"13":[3,246],"14":[249,19],"15":[9,111],"16":[120,18,9],"17":[1,110],"18":[111,9],"19":[9,0],"20":[1,0],"21":[1,1],"22":[2,10],"23":[10,0],"24":[10,10],"25":[10,15],"26":[0,15],"27":[0,15],"28":[14,1],"29":[0,16],"30":[1,15],"31":[0,15],"32":[0,15],"33":[15,0],"34":[15,0],"35":[0,0],"36":[5,25],"37":[1,24],"38":[19,5],"39":[1,4],"40":[4,4],"41":[1,3],"42":[2,1],"43":[0,1],"44":[1,1],"45":[0,1],"46":[1,0],"47":[1,3],"48":[3,1],"49":[3,0],"50":[2,1],"51":[0,7],"52":[7,0],"53":[3,0],"54":[3,0],"55":[3,0],"56":[3,0,0],"57":[3,0],"58":[6,2],"59":[2,0],"60":[1,1],"61":[7,1],"62":[3,0],"63":[2,1],"64":[268,14],"65":[1,1],"66":[1,1],"67":[1,1],"68":[1,154],"69":[1,2],"70":[308,2],"71":[310,308],"72":[10,310],"73":[310,0]}}
}
