TN:
SF:scripts/audit/protocol-binding-audit.ts
FN:104,parseBindingTable
FN:135,extractBindingSection
FN:197,isNaDeclaration
FN:198,(anonymous_9)
FN:204,parseMarkdownTable
FN:263,splitTableRow
FN:267,(anonymous_12)
FN:275,parseBindingRow
FN:326,parseFileAndFunction
FN:331,(anonymous_15)
FN:370,extractAnchorText
FN:384,cleanText
FN:402,parseHtmlTable
FN:440,stripHtml
FN:462,auditBindings
FN:517,findGrepMatch
FN:524,(anonymous_22)
FN:539,generateReport
FN:540,(anonymous_24)
FN:541,(anonymous_25)
FN:542,(anonymous_26)
FN:558,renderMarkdownReport
FN:625,runGrep
FN:626,(anonymous_29)
FN:643,parseGrepOutput
FN:661,grepServerImpl
FN:664,(anonymous_32)
FN:693,grepClientCalls
FN:734,deduplicateGrep
FN:736,(anonymous_35)
FN:751,discoverTdsFiles
FN:756,(anonymous_37)
FN:769,walkDir
FN:788,writeReports
FNF:34
FNH:34
FNDA:22,parseBindingTable
FNDA:20,extractBindingSection
FNDA:19,isNaDeclaration
FNDA:88,(anonymous_9)
FNDA:12,parseMarkdownTable
FNDA:15,splitTableRow
FNDA:105,(anonymous_12)
FNDA:16,parseBindingRow
FNDA:30,parseFileAndFunction
FNDA:123,(anonymous_15)
FNDA:15,extractAnchorText
FNDA:91,cleanText
FNDA:3,parseHtmlTable
FNDA:7,stripHtml
FNDA:5,auditBindings
FNDA:7,findGrepMatch
FNDA:3,(anonymous_22)
FNDA:5,generateReport
FNDA:6,(anonymous_24)
FNDA:6,(anonymous_25)
FNDA:6,(anonymous_26)
FNDA:8,renderMarkdownReport
FNDA:9,runGrep
FNDA:10,(anonymous_29)
FNDA:13,parseGrepOutput
FNDA:2,grepServerImpl
FNDA:2,(anonymous_32)
FNDA:2,grepClientCalls
FNDA:6,deduplicateGrep
FNDA:155,(anonymous_35)
FNDA:3,discoverTdsFiles
FNDA:310,(anonymous_37)
FNDA:12,walkDir
FNDA:2,writeReports
DA:11,1
DA:12,1
DA:13,1
DA:70,1
DA:80,1
DA:104,1
DA:105,22
DA:106,2
DA:110,20
DA:111,20
DA:112,1
DA:116,19
DA:117,7
DA:121,12
DA:122,12
DA:123,9
DA:127,3
DA:128,3
DA:137,20
DA:140,20
DA:141,20
DA:142,20
DA:144,20
DA:145,197
DA:147,197
DA:148,197
DA:149,17
DA:150,17
DA:151,17
DA:154,180
DA:155,2
DA:156,2
DA:161,20
DA:162,2
DA:163,17
DA:164,17
DA:165,1
DA:166,1
DA:167,1
DA:172,20
DA:173,1
DA:177,19
DA:178,19
DA:179,18
DA:180,249
DA:181,249
DA:182,3
DA:183,3
DA:188,1
DA:191,19
DA:198,88
DA:205,12
DA:206,12
DA:209,12
DA:210,12
DA:211,120
DA:213,120
DA:214,9
DA:215,9
DA:218,111
DA:220,1
DA:221,1
DA:222,1
DA:227,12
DA:228,2
DA:232,10
DA:234,10
DA:238,10
DA:242,10
DA:243,25
DA:244,25
DA:245,15
DA:247,15
DA:248,15
DA:250,15
DA:251,15
DA:252,14
DA:256,10
DA:265,15
DA:267,105
DA:268,15
DA:276,16
DA:279,16
DA:280,16
DA:281,16
DA:284,15
DA:285,15
DA:288,15
DA:289,15
DA:290,15
DA:293,15
DA:294,15
DA:297,15
DA:298,15
DA:300,15
DA:303,15
DA:305,15
DA:327,30
DA:330,25
DA:331,123
DA:332,1
DA:337,24
DA:338,24
DA:339,19
DA:346,5
DA:347,5
DA:348,1
DA:355,4
DA:356,4
DA:357,1
DA:363,3
DA:378,15
DA:385,91
DA:403,3
DA:404,3
DA:405,3
DA:407,3
DA:408,3
DA:409,3
DA:411,1
DA:412,1
DA:413,1
DA:416,1
DA:417,1
DA:418,1
DA:420,1
DA:421,1
DA:422,7
DA:425,1
DA:427,1
DA:428,1
DA:429,1
DA:434,1
DA:441,7
DA:462,1
DA:467,5
DA:469,5
DA:471,4
DA:473,4
DA:474,1
DA:485,4
DA:486,4
DA:487,3
DA:489,3
DA:490,3
DA:499,3
DA:500,2
DA:505,3
DA:510,5
DA:522,7
DA:524,7
DA:525,3
DA:526,3
DA:528,3
DA:539,1
DA:540,6
DA:541,6
DA:542,6
DA:544,5
DA:558,1
DA:559,8
DA:576,8
DA:577,8
DA:578,8
DA:579,6
DA:581,2
DA:582,2
DA:585,2
DA:588,2
DA:591,8
DA:594,8
DA:595,8
DA:596,8
DA:597,7
DA:599,1
DA:600,1
DA:603,8
DA:606,8
DA:607,8
DA:608,8
DA:609,8
DA:610,8
DA:611,3
DA:612,3
DA:615,8
DA:625,1
DA:626,10
DA:627,9
DA:629,9
DA:631,9
DA:632,9
DA:633,9
DA:635,0
DA:643,1
DA:644,13
DA:645,13
DA:646,282
DA:647,282
DA:648,268
DA:655,13
DA:661,1
DA:662,2
DA:664,2
DA:665,2
DA:667,1
DA:670,1
DA:679,1
DA:687,1
DA:693,1
DA:694,2
DA:697,2
DA:698,2
DA:699,1
DA:707,1
DA:717,2
DA:718,2
DA:719,1
DA:728,2
DA:734,1
DA:735,6
DA:736,6
DA:737,155
DA:738,155
DA:739,154
DA:740,154
DA:751,1
DA:752,3
DA:753,3
DA:755,2
DA:756,2
DA:757,310
DA:758,310
DA:759,308
DA:763,2
DA:770,12
DA:771,12
DA:772,320
DA:773,320
DA:774,10
DA:775,310
DA:776,310
DA:788,1
DA:793,2
DA:794,2
DA:797,2
DA:798,2
DA:801,2
DA:802,2
DA:804,2
DA:805,2
DA:825,1
LF:251
LH:250
BRDA:105,0,0,2
BRDA:105,0,1,20
BRDA:105,1,0,22
BRDA:105,1,1,20
BRDA:111,2,0,1
BRDA:111,2,1,19
BRDA:116,3,0,7
BRDA:116,3,1,12
BRDA:122,4,0,9
BRDA:122,4,1,3
BRDA:148,5,0,17
BRDA:148,5,1,180
BRDA:154,6,0,2
BRDA:154,6,1,178
BRDA:154,7,0,180
BRDA:154,7,1,4
BRDA:161,8,0,2
BRDA:161,8,1,18
BRDA:164,9,0,1
BRDA:164,9,1,16
BRDA:166,10,0,1
BRDA:166,10,1,0
BRDA:172,11,0,1
BRDA:172,11,1,19
BRDA:178,12,0,18
BRDA:178,12,1,1
BRDA:181,13,0,3
BRDA:181,13,1,246
BRDA:181,14,0,249
BRDA:181,14,1,19
BRDA:213,15,0,9
BRDA:213,15,1,111
BRDA:213,16,0,120
BRDA:213,16,1,18
BRDA:213,16,2,9
BRDA:218,17,0,1
BRDA:218,17,1,110
BRDA:218,18,0,111
BRDA:218,18,1,9
BRDA:218,19,0,9
BRDA:218,19,1,0
BRDA:220,20,0,1
BRDA:220,20,1,0
BRDA:220,21,0,1
BRDA:220,21,1,1
BRDA:227,22,0,2
BRDA:227,22,1,10
BRDA:234,23,0,10
BRDA:234,23,1,0
BRDA:235,24,0,10
BRDA:235,24,1,10
BRDA:244,25,0,10
BRDA:244,25,1,15
BRDA:245,26,0,0
BRDA:245,26,1,15
BRDA:248,27,0,0
BRDA:248,27,1,15
BRDA:251,28,0,14
BRDA:251,28,1,1
BRDA:276,29,0,0
BRDA:276,29,1,16
BRDA:281,30,0,1
BRDA:281,30,1,15
BRDA:285,31,0,0
BRDA:285,31,1,15
BRDA:300,32,0,0
BRDA:300,32,1,15
BRDA:300,33,0,15
BRDA:300,33,1,0
BRDA:303,34,0,15
BRDA:303,34,1,0
BRDA:303,35,0,0
BRDA:303,35,1,0
BRDA:327,36,0,5
BRDA:327,36,1,25
BRDA:331,37,0,1
BRDA:331,37,1,24
BRDA:338,38,0,19
BRDA:338,38,1,5
BRDA:347,39,0,1
BRDA:347,39,1,4
BRDA:355,40,0,4
BRDA:355,40,1,4
BRDA:356,41,0,1
BRDA:356,41,1,3
BRDA:409,42,0,2
BRDA:409,42,1,1
BRDA:413,43,0,0
BRDA:413,43,1,1
BRDA:413,44,0,1
BRDA:413,44,1,1
BRDA:425,45,0,0
BRDA:425,45,1,1
BRDA:428,46,0,1
BRDA:428,46,1,0
BRDA:473,47,0,1
BRDA:473,47,1,3
BRDA:486,48,0,3
BRDA:486,48,1,1
BRDA:489,49,0,3
BRDA:489,49,1,0
BRDA:499,50,0,2
BRDA:499,50,1,1
BRDA:522,51,0,0
BRDA:522,51,1,7
BRDA:522,52,0,7
BRDA:522,52,1,0
BRDA:525,53,0,3
BRDA:525,53,1,0
BRDA:525,54,0,3
BRDA:525,54,1,0
BRDA:526,55,0,3
BRDA:526,55,1,0
BRDA:526,56,0,3
BRDA:526,56,1,0
BRDA:526,56,2,0
BRDA:528,57,0,3
BRDA:528,57,1,0
BRDA:578,58,0,6
BRDA:578,58,1,2
BRDA:582,59,0,2
BRDA:582,59,1,0
BRDA:585,60,0,1
BRDA:585,60,1,1
BRDA:596,61,0,7
BRDA:596,61,1,1
BRDA:612,62,0,3
BRDA:612,62,1,0
BRDA:612,63,0,2
BRDA:612,63,1,1
BRDA:647,64,0,268
BRDA:647,64,1,14
BRDA:665,65,0,1
BRDA:665,65,1,1
BRDA:698,66,0,1
BRDA:698,66,1,1
BRDA:718,67,0,1
BRDA:718,67,1,1
BRDA:738,68,0,1
BRDA:738,68,1,154
BRDA:753,69,0,1
BRDA:753,69,1,2
BRDA:758,70,0,308
BRDA:758,70,1,2
BRDA:758,71,0,310
BRDA:758,71,1,308
BRDA:773,72,0,10
BRDA:773,72,1,310
BRDA:775,73,0,310
BRDA:775,73,1,0
BRF:150
BRH:122
end_of_record
