TN:
SF:scripts/audit/protocol-binding-audit.ts
FN:102,parseBindingTable
FN:133,extractBindingSection
FN:195,isNaDeclaration
FN:196,(anonymous_9)
FN:202,parseMarkdownTable
FN:261,splitTableRow
FN:265,(anonymous_12)
FN:273,parseBindingRow
FN:324,parseFileAndFunction
FN:329,(anonymous_15)
FN:368,extractAnchorText
FN:382,cleanText
FN:400,parseHtmlTable
FN:438,stripHtml
FN:460,auditBindings
FN:515,findGrepMatch
FN:522,(anonymous_22)
FN:537,generateReport
FN:538,(anonymous_24)
FN:539,(anonymous_25)
FN:540,(anonymous_26)
FN:556,renderMarkdownReport
FN:623,runGrep
FN:624,(anonymous_29)
FN:641,parseGrepOutput
FN:659,grepServerImpl
FN:662,(anonymous_32)
FN:691,grepClientCalls
FN:732,deduplicateGrep
FN:734,(anonymous_35)
FN:749,discoverTdsFiles
FN:754,(anonymous_37)
FN:767,walkDir
FN:786,writeReports
FNF:34
FNH:34
FNDA:22,parseBindingTable
FNDA:20,extractBindingSection
FNDA:19,isNaDeclaration
FNDA:64,(anonymous_9)
FNDA:12,parseMarkdownTable
FNDA:15,splitTableRow
FNDA:105,(anonymous_12)
FNDA:16,parseBindingRow
FNDA:30,parseFileAndFunction
FNDA:123,(anonymous_15)
FNDA:15,extractAnchorText
FNDA:91,cleanText
FNDA:3,parseHtmlTable
FNDA:7,stripHtml
FNDA:5,auditBindings
FNDA:7,findGrepMatch
FNDA:3,(anonymous_22)
FNDA:5,generateReport
FNDA:6,(anonymous_24)
FNDA:6,(anonymous_25)
FNDA:6,(anonymous_26)
FNDA:8,renderMarkdownReport
FNDA:9,runGrep
FNDA:10,(anonymous_29)
FNDA:13,parseGrepOutput
FNDA:2,grepServerImpl
FNDA:2,(anonymous_32)
FNDA:2,grepClientCalls
FNDA:6,deduplicateGrep
FNDA:126,(anonymous_35)
FNDA:3,discoverTdsFiles
FNDA:288,(anonymous_37)
FNDA:12,walkDir
FNDA:2,writeReports
DA:11,1
DA:12,1
DA:13,1
DA:70,1
DA:78,1
DA:102,1
DA:103,22
DA:104,2
DA:108,20
DA:109,20
DA:110,1
DA:114,19
DA:115,7
DA:119,12
DA:120,12
DA:121,9
DA:125,3
DA:126,3
DA:135,20
DA:138,20
DA:139,20
DA:140,20
DA:142,20
DA:143,197
DA:145,197
DA:146,197
DA:147,17
DA:148,17
DA:149,17
DA:152,180
DA:153,2
DA:154,2
DA:159,20
DA:160,2
DA:161,17
DA:162,17
DA:163,1
DA:164,1
DA:165,1
DA:170,20
DA:171,1
DA:175,19
DA:176,19
DA:177,18
DA:178,249
DA:179,249
DA:180,3
DA:181,3
DA:186,1
DA:189,19
DA:196,64
DA:203,12
DA:204,12
DA:207,12
DA:208,12
DA:209,120
DA:211,120
DA:212,9
DA:213,9
DA:216,111
DA:218,1
DA:219,1
DA:220,1
DA:225,12
DA:226,2
DA:230,10
DA:232,10
DA:236,10
DA:240,10
DA:241,25
DA:242,25
DA:243,15
DA:245,15
DA:246,15
DA:248,15
DA:249,15
DA:250,14
DA:254,10
DA:263,15
DA:265,105
DA:266,15
DA:274,16
DA:277,16
DA:278,16
DA:279,16
DA:282,15
DA:283,15
DA:286,15
DA:287,15
DA:288,15
DA:291,15
DA:292,15
DA:295,15
DA:296,15
DA:298,15
DA:301,15
DA:303,15
DA:325,30
DA:328,25
DA:329,123
DA:330,1
DA:335,24
DA:336,24
DA:337,19
DA:344,5
DA:345,5
DA:346,1
DA:353,4
DA:354,4
DA:355,1
DA:361,3
DA:376,15
DA:383,91
DA:401,3
DA:402,3
DA:403,3
DA:405,3
DA:406,3
DA:407,3
DA:409,1
DA:410,1
DA:411,1
DA:414,1
DA:415,1
DA:416,1
DA:418,1
DA:419,1
DA:420,7
DA:423,1
DA:425,1
DA:426,1
DA:427,1
DA:432,1
DA:439,7
DA:460,1
DA:465,5
DA:467,5
DA:469,4
DA:471,4
DA:472,1
DA:483,4
DA:484,4
DA:485,3
DA:487,3
DA:488,3
DA:497,3
DA:498,2
DA:503,3
DA:508,5
DA:520,7
DA:522,7
DA:523,3
DA:524,3
DA:526,3
DA:537,1
DA:538,6
DA:539,6
DA:540,6
DA:542,5
DA:556,1
DA:557,8
DA:574,8
DA:575,8
DA:576,8
DA:577,6
DA:579,2
DA:580,2
DA:583,2
DA:586,2
DA:589,8
DA:592,8
DA:593,8
DA:594,8
DA:595,7
DA:597,1
DA:598,1
DA:601,8
DA:604,8
DA:605,8
DA:606,8
DA:607,8
DA:608,8
DA:609,3
DA:610,3
DA:613,8
DA:623,1
DA:624,10
DA:625,9
DA:627,9
DA:629,9
DA:630,9
DA:631,9
DA:633,0
DA:641,1
DA:642,13
DA:643,13
DA:644,213
DA:645,213
DA:646,199
DA:653,13
DA:659,1
DA:660,2
DA:662,2
DA:663,2
DA:665,1
DA:668,1
DA:677,1
DA:685,1
DA:691,1
DA:692,2
DA:695,2
DA:696,2
DA:697,1
DA:705,1
DA:715,2
DA:716,2
DA:717,1
DA:726,2
DA:732,1
DA:733,6
DA:734,6
DA:735,126
DA:736,126
DA:737,125
DA:738,125
DA:749,1
DA:750,3
DA:751,3
DA:753,2
DA:754,2
DA:755,288
DA:756,288
DA:757,286
DA:761,2
DA:768,12
DA:769,12
DA:770,298
DA:771,298
DA:772,10
DA:773,288
DA:774,288
DA:786,1
DA:791,2
DA:792,2
DA:795,2
DA:796,2
DA:799,2
DA:800,2
DA:802,2
DA:803,2
DA:823,1
LF:251
LH:250
BRDA:103,0,0,2
BRDA:103,0,1,20
BRDA:103,1,0,22
BRDA:103,1,1,20
BRDA:109,2,0,1
BRDA:109,2,1,19
BRDA:114,3,0,7
BRDA:114,3,1,12
BRDA:120,4,0,9
BRDA:120,4,1,3
BRDA:146,5,0,17
BRDA:146,5,1,180
BRDA:152,6,0,2
BRDA:152,6,1,178
BRDA:152,7,0,180
BRDA:152,7,1,4
BRDA:159,8,0,2
BRDA:159,8,1,18
BRDA:162,9,0,1
BRDA:162,9,1,16
BRDA:164,10,0,1
BRDA:164,10,1,0
BRDA:170,11,0,1
BRDA:170,11,1,19
BRDA:176,12,0,18
BRDA:176,12,1,1
BRDA:179,13,0,3
BRDA:179,13,1,246
BRDA:179,14,0,249
BRDA:179,14,1,19
BRDA:211,15,0,9
BRDA:211,15,1,111
BRDA:211,16,0,120
BRDA:211,16,1,18
BRDA:211,16,2,9
BRDA:216,17,0,1
BRDA:216,17,1,110
BRDA:216,18,0,111
BRDA:216,18,1,9
BRDA:216,19,0,9
BRDA:216,19,1,0
BRDA:218,20,0,1
BRDA:218,20,1,0
BRDA:218,21,0,1
BRDA:218,21,1,1
BRDA:225,22,0,2
BRDA:225,22,1,10
BRDA:232,23,0,10
BRDA:232,23,1,0
BRDA:233,24,0,10
BRDA:233,24,1,10
BRDA:242,25,0,10
BRDA:242,25,1,15
BRDA:243,26,0,0
BRDA:243,26,1,15
BRDA:246,27,0,0
BRDA:246,27,1,15
BRDA:249,28,0,14
BRDA:249,28,1,1
BRDA:274,29,0,0
BRDA:274,29,1,16
BRDA:279,30,0,1
BRDA:279,30,1,15
BRDA:283,31,0,0
BRDA:283,31,1,15
BRDA:298,32,0,0
BRDA:298,32,1,15
BRDA:298,33,0,15
BRDA:298,33,1,0
BRDA:301,34,0,15
BRDA:301,34,1,0
BRDA:301,35,0,0
BRDA:301,35,1,0
BRDA:325,36,0,5
BRDA:325,36,1,25
BRDA:329,37,0,1
BRDA:329,37,1,24
BRDA:336,38,0,19
BRDA:336,38,1,5
BRDA:345,39,0,1
BRDA:345,39,1,4
BRDA:353,40,0,4
BRDA:353,40,1,4
BRDA:354,41,0,1
BRDA:354,41,1,3
BRDA:407,42,0,2
BRDA:407,42,1,1
BRDA:411,43,0,0
BRDA:411,43,1,1
BRDA:411,44,0,1
BRDA:411,44,1,1
BRDA:423,45,0,0
BRDA:423,45,1,1
BRDA:426,46,0,1
BRDA:426,46,1,0
BRDA:471,47,0,1
BRDA:471,47,1,3
BRDA:484,48,0,3
BRDA:484,48,1,1
BRDA:487,49,0,3
BRDA:487,49,1,0
BRDA:497,50,0,2
BRDA:497,50,1,1
BRDA:520,51,0,0
BRDA:520,51,1,7
BRDA:520,52,0,7
BRDA:520,52,1,0
BRDA:523,53,0,3
BRDA:523,53,1,0
BRDA:523,54,0,3
BRDA:523,54,1,0
BRDA:524,55,0,3
BRDA:524,55,1,0
BRDA:524,56,0,3
BRDA:524,56,1,0
BRDA:524,56,2,0
BRDA:526,57,0,3
BRDA:526,57,1,0
BRDA:576,58,0,6
BRDA:576,58,1,2
BRDA:580,59,0,2
BRDA:580,59,1,0
BRDA:583,60,0,1
BRDA:583,60,1,1
BRDA:594,61,0,7
BRDA:594,61,1,1
BRDA:610,62,0,3
BRDA:610,62,1,0
BRDA:610,63,0,2
BRDA:610,63,1,1
BRDA:645,64,0,199
BRDA:645,64,1,14
BRDA:663,65,0,1
BRDA:663,65,1,1
BRDA:696,66,0,1
BRDA:696,66,1,1
BRDA:716,67,0,1
BRDA:716,67,1,1
BRDA:736,68,0,1
BRDA:736,68,1,125
BRDA:751,69,0,1
BRDA:751,69,1,2
BRDA:756,70,0,286
BRDA:756,70,1,2
BRDA:756,71,0,288
BRDA:756,71,1,286
BRDA:771,72,0,10
BRDA:771,72,1,288
BRDA:773,73,0,288
BRDA:773,73,1,0
BRF:150
BRH:122
end_of_record
